55
8 41 30 31 63 124 32
19 107 37 261 262 7 40
70 10 4 140 27 167 162 227
71 11 235 189 198
76 12 1 2 3 49
77 25 26 236
83 33 165 166 226 153
84 42 43 60 101 176
87 59 192 96
102 89 90 91 95
106 20 21 22 217 6 28 29
108 46 34 57 75
118 88 225 250
119 110 122 115
125 68 117
131 103 111 193
138 81 82 269
143 85 5 17 50 51 148
144 54 55 56 13 24 53
145 116 222
154 112 114 47 69 58
158 109 78 79 80 137
159 135 141 142
172 126 72 73 23 170 92
173 150 151 263
187 259 199 156 164 240
194 62 146 157 104 201
195 196 197 268
203 93 94 136
204 160 271 249 14 48
207 9 238 239
208 205 184 185 134 233
209 168 255 133 186
213 127 128 129 74 270
214 163 86 147
218 200
223 155 123 248 272 183
228 97 35 36 149
229 120 121 257
230 178 179 251
234 64 65 66 67 175
237 206 247
242 45 219 220 221
243 177 174
252 98 99 100 152 171
253 181 182 273
254 15 16 18 52
256 215 216 161 190
258 188 132 244 245 246
260 224 169 210 211 212
264 241
266 191 38 39 202
267 231 232 265 44 61
274 139 113 105 130 180
275 276
