50
13 204 205 181
23 24 25 26 27 28 100 195
29 9 18 138 118 180
33 14 15 16 78
34 17 229 233 206
45 36 37 38 39 59
46 43 71 147 164
56 57 242 243
73 30 31 128 129 156
82 47 48 50 96 194
83 66 67 133 91
92 68 69 72 4 5 141
103 137 212 213 214
115 51 187 188 173
119 64 65 87 183
121 85 86 55
122 60 61 62 182
127 109 80 81 90 203
134 35 19 20 106 227
135 1 2 171 172 217
136 104 105 160
144 88 89 58 97
149 245 146 162
150 114 84 130 166
151 63 49 155 139 140
152 153 154 163
157 143 225 52 53 99
167 74 75 76 77 98
168 93 94 95 235
169 170 189 218
176 161 221 222
190 111 112 142
191 192 10 11 12
196 22 44 132
198 116 117 70 202
199 200 201 131
207 226
208 110 185 186 193
210 120 123 228 126
211 184 174 175
215 216 219
220 158 239 21 79
224 197 159 40 107
232 209 108 6 7 8
236 101 102 178 179
237 124 125 41 42 223
238 145 165 113
240 3 32 54 148
241 230 231
244 177 234
