54
9 6 15 27
10 11 12 13 125 14 26
20 21 16 17 18 19 28
46 3 4 5 39 185 192
61 1 2 241 242
66 67 43 44 45 83
73 74 96 146
78 34 35 71 253
87 42 172 173 174 256
90 22 23 24 25 41
97 55 56 57 205
105 106 183 166 167 148
123 68 69 115 72
126 223 217
131 132 133 134 135 33
139 84 85 218
149 111 112 215
150 92 104 60
154 91 51 52 53 143
155 93 94 95 160 161
162 50 124 255
163 102 109 110
165 260 145 252
169 107 108 89 159
170 79 59 86
171 118 80 81 216
176 38 228 229 261
177 119 246
178 202 175
182 152 153 136 243
189 201 179 180 209 8 187
194 62 63 64 236
195 157 158 147
197 128 129 181
198 196 232 130
199 47 48 141 224 40 193
200 144 142
211 54 49 206 259 65
212 98 99 100 186
213 214 235
220 127 210
221 29 30 31 32 82 257
222 120 70 116
225 117 76 75 103 188
226 88 203 184 77 168
227 164 234 204 137
230 231 121 101 254
233 190 191 207
238 156 244 245
239 208 7 138
247 140 113 114 122
248 151 240 237
249 250 251
258 36 37 58 219
