41
1 2 3 286 4 12 61
14 15 16 17 18 253 233
23 5 226 183 203 125 244
35 175 79 37 261 93 119 82 165 248
72 204 146 194 223 136 271
78 24 251 50 103 104 11 39 144
101 112 62 46 6 141 32 65 218
111 53 56 97 44 59 99
117 66 135 150 228
131 73 20 74 105 217
156 106 115 143 260
160 55 257 241 242 243
161 90 21 128 129 187 142 272
168 151 84 231 232 265
174 36 7 225 176 186 227
177 133 134 216 126
180 102 54 57 58 94 273
181 8 9 10 236 41 42 98
188 118 80 147 70 121 220
189 279 280 269 270 246
193 113 109 110 179 254
199 132 114 202 48 60 222
200 138 149 172 22 43
201 158 184 277
210 123 91 63 64 89 192
211 145 96 178 195 196 221
212 162 275 276 85 86 130
214 170 281 282 77 88 287 13 34 83
224 169 124 163 164 237 137 28 76
230 264 245 259 27 69
234 190 219
239 45 25 26 81 207 75 208
240 52 29 30 31 120 173 40 255
249 95 49 182 153 154 155 148 238
250 152 139 140 159 213
256 171 51 47 71 197
263 206 258 67 68 116 247
266 122 205 235 87 92 107 167
267 268 252 38 166 262 198 19 33 100
274 127 215 185 209 229
278 157 108 283 284 191 285
