47
11 172 271 94 95 190 25 97
19 15 224 225
26 5 6 7 117 198 199 110
31 20 16 278 284 285 42 145
32 21 22 40 73 287
36 1 2 215 163 164 8 272 279 270
74 140 112 113 43 44 102
80 46 47 48 101 78
98 12 13 263 255 118 201
104 134 273 274 14 155 132 170
114 54 223 204 181 182 166 302
128 58 59 60 89 229 144 219
133 82 65 69 70 56 211
146 75 76 66 167 240 63
147 61 87 88 176
156 92 298 282 276 86 120
160 99 100 150 258
161 106 49 197 232 238 9 57
171 105 83 79 77 119
184 53 267 242 243
185 64 299 169 283 30 52
186 129 130 149 257
187 177 178 221
202 107 17 18 194 248
203 122 123 124 153 300 301
206 141 142 234 10 85 151
213 27 281 250 207 183 109 180 280
214 157 290 148 72 84 126
222 168 189 253
226 111 108 55 4 35 91
230 227 261 237 174 209 210 96
235 135 136 137 138 139 233
241 3 152 165 175 71 254
244 173 251 62 196
249 33 28 29 200 247
259 116 262 264
260 115 93 216 208 45 67 212
265 121 68 23 24 179 252
266 131 188 218
288 154 268 269 256 51 195
289 158 159 277
291 81 236 217 239
292 231 245 246
294 143 293
295 127 37 228 34 275 286
296 162 38 39 50 41 103
297 191 192 193 90 205 125 220
