70
1 2 3 4 164
5 6 11 12 13
20 160 182 64
28 29 30 137
31 32 52 165
40 41 216 217 36
44 45 46 47 48
55 53 54
75 49 50 51
78 16 17 18 19 240
79 56 57 58
82 98 99 221 60 232
91 84 85 86
92 147 120 121
96 74 158
97 93 94
105 87 88 89 177
112 77 65 66
123 83 14 179 100
124 116 117
129 130 110 180
140 106 101 134
141 155
142 37 38 39 146
151 111 200
152 209
156 157 242
159 239
161 128
166 81 201
168 114 115 143 223
172 21 174 175 176 149
173 62 63 59 233
178 148 42 43 181
185 80 72 145
186 22 23 24 25 26 67
187 153 154 241
188 189 190 191
192 162 163 184
193 109 144 73
195 76 251 252 135 136
196 167
205 107 108 203
207 194 122 125 126 127
208 197 15 95
211 212 198 199
214 118 119 70 71
215 169 170 171 7 8 9
218 219
222
224 210
225 131 132 133 150
226 227
228 229 230 231
234 10 27 33
235 236
237 238
243 102 103 104
244 34 35 61
245 68 69 220
246 247
248
249 113 90 183
250 204
254 138 139
255 206
256 257 258
259 202
260 213 253
261 262
