48
20 21 4 5 6 26 69
28 173 175 184 182
37 7 8 122 102
38 23 24 25 41
42 30 27 68
49 40 167 3 11 70
64 14 12 13 125
75 44 244 34 35 46 61 134
76 71 73 127
80 166 256 170 240 183 18 57
88 52 191 78 96 105
107 58 59 224 109 176
110 43 253 254 255
116 39 243 232 121 169
129 86 92 142
130 94 220 208 215
135 81 84 233
136 91 90 144 198 99
147 66 67 72 93 207
152 103 100 101
157 22 229 259
158 108 239 245 241
171 137 112 123 124
172 131 132 141 242
179 143 257 258 188 33 156
189 111 104 133
190 180 181
194 118 119 120 177 178
195 77 31 32 9 154 201
196 153 139 79 54
202 159 146 145 260
203 214 211 98 165
212 65 29 1 2 235 97 85 128
213 210 199 247
216 162 15 16 17 36
217 250 227 228 200 48 261
219 140 160 161 168 206
222 138 113 114 126
223 187 163 164 47 74
230 174 209 53 55 56
231 226 225
234 204 205
237 117 238 218 192 193 186 63
248 106 50 51 197 45 60 62 115 155
249 221 236 246
251 89 82 83 87 95 151
252 148 149 150 185
262 263 10 19
