54
1 2 7 26
3 4 5 6 216 223 73
13 14 206 207 110 164
22 97 172 195 237
30 31 32 52 145
36 156 157 167 111 200
43 9 10 11 104 189
44 45 28 29 41
58 17 18 19 47 92
69 27 40 42
78 79 128
80 81 82 83 84
95 53 67 230
96 63 68 12
99 72 197
105 71 70 89
106 75 184 185 231 232
107 108 163 225
112 113 114 115 229
119 118 196
120 121 122 135 160
129 59 60 61 62 116
132 133 134 56 65 66
136 98 205 239
137 138 199
146 54 55 64 123 188
147 148 149 240
151 100 101 102 103 158
152 34 140 171
155 37 38 39 74
161 162 8 57
169 142 130 159
170 93 94
176 194 228
181 109 209 217
182 183 218
187 213 139
191 23 24 25 131 198 238
192 179 180 214
193 177 178 150
202 85 86 186 144
203 143 15 16 190
204 20 21 33
208 165 166 48 174
210 76 77 124
219 35 211 212 91 175
220 117 90 127 201
221 125 126 168
227 88 215
233 222 153
234 235 236
241 49 50 51 141 224
242 154 173
243 244 46 87 226
