61
55 19 248
57 38 39 40 35 36
62 63 64 144 145
65 47 48 49 113
73 74 75 110 213
79 80 81 83 223
89 51 54 202
90 46 162
91 92 93 286 294
100 101 6 163 195 276
102 103 104 131 199
106 15 16 214 215 72 99 125 126
107 41 42 222 7 8 263
108 109 76 203
114 56 190 191 192 94 27
115 256 179 141 142 143 156
120 117 77 147 216 105
127 98 268 269 28 29
133 116 95 96
139 69 5 22 23
146 253 282
150 140 121 285 240 241
151 152 153 154
160 10 11 12 13 14
164 165 166 138 296
170 280 281 293
173 97 66 67 132 183
174 84 85 86 87 88
175 161 148 149
184 236 237 270
188 185 267 180 118 168
204 52 53 82 136 200
209 176 177 182
210 211 212
221 43 44 71
224 158 159 78 137 169
225 197 198
229 193 194 249
230 261 262
235 189 186 187 275
242 167 234
245 50 9 217 218 228
246 273 238
250 2 3 4 119 264
252 122 181
255 45 58 59 60 61 220
259 128 129 130 123 196
260 247 226 227 24 25 26 201
265 30 31 32 33 34 111 112
266 258 20 21 124
271 243 244
272 251 231
277 205 206 207 208
278 37 68
279 171 172 219
283 257 1 274 70 239
288
289 157 134 135 17 18 254
290 284 232 233
291 292 287
295 155 178
