66
39 50 51 155
44 41 42 43 66
52 53 15 10
54 153 146 194
70 7 8 9 30
77 266 267
79 62 63 292 293 258 250
87 300 294 295 249
96 61 197 212 302
107 24 25 26 242
108 45 46 137
113 85 71 72 73 228
114 115 116 64 65 84 161
122 164 248 198
129 130 86 106 152
132 49 22 23 203
139 140 141
149 150 259
156 55 56 57 165
157 158 159 160 186
166 20 190 301
167 168 263 253 254
176 60 14 273 274 275
177 163 154 12 13 47
178 175
182 183 184 6 18
188 80 21 11 19
189 81 82 83 128
191 97 98 99 100 101 223
192 34 35 36 37
196 185 227
207 205 206
210 124 125 195
211 234 94 95
213 126 147 222 27
214 215 216
217 48 1 2 3 123 187
218 219 204 208 209
224 109 110 111 112 74
229 262 31 193 244 245
235 220 221 289
238 40 307 38 68 121
239 179 180 181
251 104 105 58 59 28 29
252 230 231 131
255 134 135 136 280
256 143 144 172
257 169 170 171 199
260 133 88 89 90 151
261 142 91 92 93 118 119 69
264 145 200 201 202
265 303 304 127 246
270 138 78 75 4 5
271 232 233
272 247 243
276 240 241
277 16 17 76
281 282 283 284 285
287 288 67 120
290 173 174 269
291 286
296 278 279
298 162 102 103 268
299 225 226 117 148
305 32 33 236 237
306 297
