45
1 2 3 237 253 254 230 142 243
7 8 9 10 11 41 49 135
18 19 20 25 26 28 61 62
23 24 208 121 48 92 186
36 37 38 76 123
51 192 183 211 122 149
55 163 164 133 143 256
70 30 31 32 42 43 44 112 95
72 40 106 107 232
77 157 99 34 45
82 57 58 59 60 150
88 29 13 14 15 16 17
89 63 64 103 177
96 73 194 187 102 35 87 180
104 27 140 141 12 184 260
114 137 138 196
119 56 207 155 153 212
125 98 91 134
144 120 47 116 117 118 233
145 139 113 202 219 220
151 127 128 154
152 52 53 54 132
161 90 79 94 100 204
162 126 50 21 22 101
167 74 261 250 80 124
172 39 168 169 170 171 251
173 174 175 176 108 159 203
189 83 71 129 130 229
190 105 115 111 46 93 241
191 252 158 156 228 200
201 195 248
205 97 146 147 148 199 179
206 84 85 4 33 81
213 214 215 240
217 136 86 160
218 209 225
221 181 110 257 258 242
222 223 224 210 165 231
227 75 109 166 131
234 182 178 188 239 185
235 197 198 226
236 259
244 78 65 66 67 68
245 246 247 5 6 69
249 193 238 255 216
