54
1 2 3 38
10 11 233 200 141 241
15 16 228 27 20 29 177
25 26 93 94
39 17 18 43 44
47 48 49 50
51 171 172 173 174
55 56 135 136 180
60 34 81
63 215 216 217 222
66 148 149 199
72 41 42 33 229 230
73 8 9 32
82 65 167 168
88 89 90 91 169
97 98 99 100 143
102 103 104 105 76 221
107 12 13 45
111 23 64 185
112 83 226
113 114 115 116 117
118 119 120 121 122 259
123 124 125 132
126 127 129 142
133 46 19 256 257 258
134 74 71 77 101
137 70 30 181
138 139 140 37 209 214
144 61 62 84 85 86 131
145 146 175 176
150 151 152 153
154 21 22 207 208 147 69 187
155 92 75 95 96
156 128 239 240
160 161 178 179 87
188 189 190 198
192 193 194 195
203 78 79 80
204 40 249 14 28 59
219 67 57 58 184
220 182 183 202
223 4 5 6 7 36
224 225 106
227 205 206 234 31 170
231 162 212 213 218
232 108 109 110
235 157 158 159 191
236 196 197
238 211 52 53 54 201 210
244 242 243 237
245 246 247 253
248 163 164 165 166 24 35
250 251 252 130 260
254 255 68 186
