52
9 131 217 219 220 236
48 90 73 61 134 210
52 212 269 281
70 43 146 147 178 179 242
97 1 154 95 101 67 175
99 60 79 80 161
108 92 256 241
119 24 172 167 104
122 113 114 115 282
130 64 65 66 173 28 255
136 59 54 55 107
137 142 228 229 271
153 77 44 45 36 56
162 72 185 143 144 145
163 138 117 106 103 272
164 232 233 160
168 71 53 50 270 221
169 109 110 111 14
170 194 120 140 141 35 235
176 78 198 257
180 32 29 191 187
181 100 118 188
193 85 86 87 243
195 81 21 25 250 13 105
196 139 124 125 184
199 211 197 183 37 57
206 5 182 202 204
207 132 133 121 149
208 186 280
213 2 3 4 7
218 190 155 156 23 222
223 171 128 46 148 262
226 40 10 11 12 135 216
227 200 201 192
237 58 15 16 17 22 93 20 63 273
238 158 159 240 174 62 230
244 27 75 102
246 51 26 69 96 129 205
247 91 88 89
248 249 18 19 231
251 94 82 83 127 203
252 177 42 84 152
253 33 34 38
258 76 41 224 225 68
259 123 116 214 215
260 239 209 157 6 112
265 39 8 150 151 234
266 98 49 263 261 274
267 165 278 276 126
268 245 30 279 166 31 47 283
275 264
277 254 74 189
