43
1 2 97 98 118 188 9 17 14
4 5 6 229 134
33 19 20 21 157 239
34 18 165 122 244 248 85 169
35 28 29 74 159
56 26 10 11 240 265
66 36 37 236 249 53 50 78 218
68 40 268 258 79 102 146 147
71 52 267 54 104 266
86 57 215 70 221 15 16 25 45
89 27 22 237 216 259 132 180
105 58 67 225 211 196
110 51 48 264 77 109 252
115 69 228 201 202 256
126 130 114 205 222 206
129 72 208 190 49 55 153
139 106 88 151 92 103 96
142 63 64 73 42 44
143 100 101 195 12 13 204
144 107 108 119 30 135
148 75 76 269 123 152
164 82 62 241 8 124 212
170 87 83 84 113 257
171 111 173 163 197 217
172 150 131 65 138
181 81 61 59 60 238 99 137 223
182 116 117 23 24 31 32
184 90 220 38 39 43 120
185 156 250 175
189 232 233 245
191 149 128 125 168
199 155 136 133 158
207 166 255 167 187 230
213 140 141 174 251
214 261 41 112 234
219 127 94 270 186 194 93 80 231
224 183 193 242
227 160 263 145 154 226
235 200 179 198
243 192 247 262 46 47
246 210 91 95 121 203
253 3 7 209 271
260 178 254 161 162 176 177
