64
1 2 3 4 5
9 6 7 8 24 28
15 16 17
21 22 23 27 29
32 33 34 35 36
43 242 243
56 57 13 14 221
69 40 41 42 66
70 71 72 73
74 75 76 77 205
91 59 60
98 44 45 231
99 87 88 89 26 120
105 106 107 108 181 20 104
109 219 171
116 92 93 84
117 118 137
125 50
130 53 80
141 94 95 96 165
145 10 11 12 86 215
146 82 64 65
147 148 204 51 85
151 61 62 133 238
152 126 46 47 48
153 202 197 198 90
156 18 19 103
158 225 226 227 228
159 123 132 139
161 111 157
166 187 244
169 164
170 218
172 124 236 237
175 176 115 168
178 100 101 30 31
179 180
184 160 245
188 127 128 129 177
189 122 185 186 119
190 39 97
193 58 162 163
196 131 138
200 49
201 154 142 143 144
203 54 55
207 52
208 136 183
209 210
211 149 121
212 155 199 206
213 214
216 113 114 67 68
222 223 194 195 37 38
224
229 191 192 81 182
230 217 134 135
232 63 110 102
233 173 174 220 112
234 235
239 167
240 241
246 150 78 25
247 83 79 140
