72
1 2 3 4 5 42 198
13 14 43 266
15 16 17 62 185
21 22 23 24 25 26
27 28 29 30 80
31 10 11 12
34 6 7 8 9 45
38 35 36 37 197
46 47 48 108 95 246
53 54 277
56 57 55
68 64 65 66 148
69 70 71 147
74 75 76 77 78 156
81 82 83 84 85 241
90 91 124 273
99 100 101 44
102 86 87 235
111 58 59 60 61 72
112 113 120 188
117 93 94
119 146
125 134 135 136
129 243 244 265
137 143 144 145 191
138 139 140
141 51 52 63
149 103 104 201
151 88 106
152 153 154 155
157 158 150 128
159 160
163 107 280 281
164 126 127 109 110
166 118 96 97 212
167 168 217
169 161 162
170 171 190
175 176 177 218
178 32 33 165
182 183 184 272
192 89 116
193 194
199 200
203 249 250
205 39 40 41 49 50
206 142 130 131 172
213 121 122 123 247
214 208 209 210
219 220 221 222
223 224 225
231 67 92
232 233 234
236 132 133 79
237 238 239 240
242 204 245
248 226 180 181 196
251 18 19 20 73
252 207 186 187
254 179 114 115 202
255 227 189
256 253
257 258 259
260 173 174 195
261 228 229
264 263 230
267 215 216 98 211
268 269 270 105
274 262 271
275
276 279
278
