29
1 2 3 214 198 216 249 42 96
47 24 6 235 203 160 171 204
57 32 13 223 20 229 140 226
68 54 38 23 232 4 72 118 147
83 59 44 71 166 181 224 28 37
112 64 213 149 133 145 190 225
113 69 157 131 100 95 127 187
142 74 61 241 11 15 31
153 58 43 22 17 236 7 34 35 67 137
154 84 65 25 19 177 186 206 240 5 10 103
155 91 49 33 76 78 123 161 250
156 104 222 189 194 212 9 16 40 129
158 90 70 246 211 39 36 77 141
168 114 85 248 218 8 12 21
174 97 75 66 56 247 87 124
175 231 192 170 132 151 208 136
179 115 98 86 60 50 51 102 182
183 63 48 185 210 178 164 173 217 128
184 121 243 207 93 94 119 172
188 169 18 26 228 53 111 227
191 143 122 134 167 233
197 159 109 144 99 106 126 152 219
201 148 92 80 89 82 107 130 209
202 238 193 195 110 135 205
220 163 138 52 116 117 14 27 41
221 180 165 81 146 101 29 30 73
230 108 79 239 215 244 62 120 234
237 162 105 55 45 245 196
242 176 150 139 125 199 46 88 200
