53
16 8 9 10 11 38
24 17 12 13 14 99
29 23 156 157 158 172
44 39 40 41 42 128
57 30 31 32 33 34 36 143
58 59 60 61 71 163 223
65 50 103 197 275
66 186 187 229 153
69 70 77 78 110
72 67 68 75 115 267
76 191 192 207 199
87 88 262 245 274
90 91 179 188 246
106 27 18 19 20 117
111 22 5 6 208
118 82 73 121 136
122 84 85 142
129 107 108 109 256
132 83 278 114 204
133 96 97 100
138 49 26 150 151 28 104 95
144 258 243
154 54 55 56 165 166 203 2 3 268
155 130 92 93 98 149
161 253 254 51 52 221
164 123 140 141 271
168 53 45 46 47 48 125 137
169 170 167 81
173 174 171 181
177 119 120 239 240 249
189 145 216 217
194 113 219 62 105 209
195 126 127 159
200 21 112 89 124 193
205 175 176 212
210 211 242
215 139 80 230 266
218 206 225 35 37 182
224 248 252 64 79 15
227 146 147 148 4
236 183 134 135 180 233 43 198
237 228 255
238 160 185 234
247 231 184 263
250 251 270
257 178 162 265 131 276
259 25 7 201 202 116
260 101 102 63 235 241 94 214
261 244 220
264 196 226
269 190 74 152 222
272 273 1 86 213
277 232 279
