67
1 2 3 168
11 54 36 96 264
17 18 19 20 182
29 237 238 207 211
45 46 47 48 49 50 97
53 9 10 22 23 24
70 37 38 39 87
76 42 43 44 131
77 51 14 16 226
78 69 73
84 85 86 120
99 187 180
103 88 4 196
104 34 35
116 105 106 107 108
121 55 56 57 58 119
122 71 72 130 172
127 40 5 15 74
128 95 109
132 89 90 91
133 92 93 162
134 135 83 110
137 138 136 158 159
139 140 141 142 170 171
143 144 145 146
147 41 8 21
148 149 150 181
151 152 258
153 61 59 60 115
154 62 63 98
155 64 65 200
163 111 112 125 230
164 129 190
165 166 167 66 169
173 174 175
176 177 178 81 94
183 184 185 215
186 100 101 102
188 189 225
192 67 68 191
193 194 195 201
197 156 157 257
198 199 221
202 203 204
208 117 250 251 252
209 210
212 25 26 27 28
213 205 206 239
216 217
219 220 227
222 123 124 6 7 75
223 160 161
224 218 234
228 229
231 232 233 243
235 82 79 80
236 12 13 118
240 30 31 32 33
241 242
244 249 245
246 179 113 114
247 248 52
253 254 255 256
259 260 126
261 214
262 263
265 266
