56
1 2 3 4 5
14 15 16 56 178
17 18 80 114 213
22 6 7 8 27 146
30 19 20 21 29
37 38 39 40 85
41 42 216 217 218
43 23 24 25 26 92 122
51 52 53 54 55 65
57 47 31 32 255 90 91
62 60 167 59 197
63 64 112 198
69 252 253 254 33 108
71 48 49 28
75 76 77 78 238
81 70 68 154
93 88 89 229 61 145
94 95 96 34 35 36
100 101 97 98 99 183 259
104 66 67
113 180 181 182 246
115 116 83 261 262 50 243
124 143 84 225
127 105 106 107
135 136 177
137 138 139 141 142 120 121 133 184
155 148 9 10 123
163 128 129 130 132 161 162
164 165 210
168 156 157 158 159 211
173 206 171 247
179 44 45 46 86 185
186 82 117 131 160 212
187 188 11 12 13
190 191 192
193 150 151 152 153 224
194 195 196
199 125 126 102 103 172
202 58 149 166
214 200 201
215 109 110 111 87
220 189 74 147
221 219
226 222 140 79
227 207 208 209 256 257
228 230 231
232 244 245 144
233 234 118 119
235 203 204 205
236 237
239 72 73 134
240 241 264
248 249 250
251 174 175 176 258
260 169 170 223
263 242
