63
1 2 206 222
12 13 14 15 16 144 111 61 209
23 28
32 19 30
33 34 35 79
55 43 44 45 108
65 31 74
66 62 63 112
70 71 51 52 80
81 56 57 58
82 83 73 90 210
97 46 38 172
98 84 85 107 109
99 100 101
102 21 22 54 64
103 20 195 165 3 4 5 6
104 105 138 190
117 116 146
120 67 68 69 167
121 158 236
125 126 142 143 153 178
127 128 130 141 230
129 122 123
132 133 213
134 135 7 8 9 87
136 137 173 175
147 39 40 41 42 139
148 140
156 174
162 91 53 60
163 113 106 217
164 149 183
179 115 88 89 59 159
180 118 119 150 152
181 182 27 29
185 96 78 124
186 26 17 75
187 188 189
192
194 72 184
196 197 204
198
199 200 201
202 176 177
205
207 208
211 235
212 191 193
214 168 170
215 216
219 47 48 49 218
220 221
225 145 24 25 86 161
226 10 11 110
227 76 77 151 169
228 157 114
229
231 232 233 234 166 160
237 223 224
238 154 155 171
239 95 92 93 94
240 36 37 18 50
241 203 131
