56
18 10 204
26 3 4 131 132 134 269
35 20 21 22 23 40 120
36 12 8 9 63
41 27 142 126 70 71 206
43 44 45 195
72 58 59 255
84 28 29 30 31 78
94 95 223
102 51 25 64 136
103 47 48 49 173
106 54 193 65 60 61
111 101 97 98 99
116 157 158 159 267
124 117 118 155 245
128 80 86 66 67 68
129 69 217 262
130 100 82 83 119 268
137 138 139 113 114 115
140 19 13 14 15 16 24 121
141 73 74 75 79 188
144 42 37 38 39 122
145 146 147 189
152 216 211 196 218
161 50 163 164 165 160
162 125 123 133 240
167 153 154 199 110 246
174 11
175 87 5 6 76 185 186 221
176 92 249 228 229 166
177 178
179 1 2 230 239 52 207
180 93 109 200 7 62
181 259 260 135 17 53
190 191 192
202 203 194
208 172 171
212 112 148 55 56 57 237
214 169 170 149
215 168 219 220 247
224 225
231 184 32 33 34 96
232 234
241 88 89 90 91 226
242 143 209 233
243 244
248 107 108 238 266
250 150 151 222
251 197 104 105 205
252 235 236
253 81 201
254 210 127 227 156
256 85 198 77 46
257 182 183 187
258 213 261
263 264 265
