39
1 2 259 218 219 45
7 68 34 170 144 16 122 123 110
33 100 75 66 199 183 184 239 18 32
46 175 202 207 72 193
58 35 23 24 221 246 22 31 174
99 59 43 85 81 102 120 226
104 8 9 10 269 279 117 211
105 65 220 206 36 210 278 42 250
124 74 227 19 90 79 95 73
128 62 266 224 29 11 54 83 158
135 84 228 229 153
142 236 230 231 146 241
151 152 130 181 94 121 257
159 47 40 245 27 172 280
164 276 131 132 190 191
167 252 253 232 240 57 109 173
176 38 160 137 270 91 154
177 87 69 63 61 67 96
178 106 48 88 277 133 216
186 136 101 20 238 138 247
187 165 107 108 25 51
189 53 155 166 192 147 134
194 76 89 116 208
195 39 198 171 70 119 209
196 125 129 114 254 93 162 111 141
197 148 115 200 256
201 267 237 188 180 49 182 264
203 12 13 14 44 41 261 80 112
204 205 5 15 21 30 50
222 179 161 145 17 26 56
223 169 268 217 225 82 157
233 234 52 3 4 28 55
242 213 214 215 244 37 92
251 86 60 64 77 248 163
258 235 140 150 212
265 113 78 118 98 149 156 249
271 143 97 273 274 262 263 185
272 168 139 126 127 260 6 71 103
275 243 255
