56
16 15
25 11 12 228
32 14 10 40 42 83
33 34 248 249 250
43 17 18 234 64 120 121
48 35 216 217 213
50 51 52 159 84 96
58 59 70 86
65 100 101 102 73
74 72 36 37 99
75 76 77 198
79 27 28 29 30 240
88 89 128
93 113 114 19 23 39
108 56 41 85 124 31
110 103 104 186
112 90 200 188
116 117 220 230 231
122 123 162 71 107
129 44 45 245 161 203
130 125 126 127 218
134 135 136 137 9 20 21
141 60 22 164 165 244
146 147 148 149 105
150 49 6 7 8 97
151 142 111 160 166
152 153 251
154 155 227
156 91 92 239
157 80 81 82 38 187
158 174 175
167 26 13 233
168 66 67 78
169 170 171 185
173 109 94 95 118 145
180 181 182 192
183 184 219
189 68 69 53 115 210
190 191
193 46 47 222 236
194 176 223
195 196 197 246
199 226
204 205 206
211 177 178 179
212 252
214 57 54 55 106
215 143 144 208 229
221 131 132 133
224 1 2 3 4 5
225 61 62 63 119 232
235 172
237 207 209 139 140
238 138 98
241 242 243 24 87
247 201 202 163
