51
12 13 8 9 126
26 27 195 196 217 91
28 1 2 106
29 3 113 114 115 116 137
40 16 14 15 36 161
48 49 50 55 141
59 22 23 24 25 38
72 20 178 179 181
73 74 75 76 37 211
77 78 79 82 88 131
86 87
93 61 4 5 6 7
100 60 45 80 230
101 83 155 71 58
108 62 63 180
109 33 34 56 46 107
112 41 42 43 84
118 104 168
119 120 221 39 52
124 96 97 98 99
127 67 68 69 85
128 102 147
132 203 204
142 30 31 32 159 222
143 173 174
149 70 188 121 170
156 66 53 57 160
157 129 130 146
162 89 90 21 122
163 64 198 199 35 54 220
164 152 153 154 184 169
175 136 92
176 65 105
182 183 186 187
189 94 227 228 123
190 44 95 10 11
191 192 193 218 219
194 103 231
197 138 139 171
200 125 117 167
201 133 134 135 140
202 148
205 165 166 185
206 150 151 51 81
207 208 209 210
212 158 177
213 214 215 47
216 17 18 19
223 172 144 145
224 225 229
226 110 111
