60
1 2 3 4 5 6
15 206 178 165 186
25 118 229
26 27 28 43
37 201 202 245 156
51 42 153 154
64 45 46 47
68 30 84
69 48 49 50 114
74 41 211 212 213
75 167 108 36 78 111 112
85 86 76 40 56
87 210 189 32
92 93 142
101 67 115
102 59 227 228 259
106 52 53 54 73 132
107 70 71 79 155
120 121 122 171
134 135 136 166 29 83
137 10 11 12 13 23
138 139 140 191
150 44 174 175
163 125 123
168 129 130 131
169 145 146 147
172 7 8 9 60 124 35
176 103 104 105 224
177 126 127 141
180 16 17 207 208
181 39 77 185 34 91
182 152 250
192 95 96 97 98
195 18 19 20 21 22
196 117 100 128
197 148 149 187
199 193 194
200 164 219 235
205 162
209 143 160
215 65 198 72 119
216 188 80 81 66 159
217 218 24 94 113
220 38 179 252 253 14 57
221 222 55 116
225 61 62 63 109 133
226 161 110 203 204
230 99 183 184 31
231 170 223
232 233 234 58 214
236 151 144 251
237 173 88 89 90 190
238 239
240 241 246
242 33 82
244 254
247 243
248 249
255 157 158
256 257 258
