61
19 20 52 135
24 8 9 10 11 27 80
37 25 26 76 219
38 39 56 136
42 35 217 218 72
43 73 21 137 71 171
54 22 23 47 48
58 33 34 86 81 74 116
59 60 94 32 115
78 79 83 141
84 51 53 240
85 44 45 46 220
98 99 207
103 104 69 162
107 49 50 12 13 96
110 30 31 28 29 176
111 112 113 156
119 40 255 256 257 134
120 121 125 161
126 55 66 102
138 67 100 101
139 140 232
142 143 82 154 155
144 145
149 62 63 64 3 4 5 6
150 75 77
151 188 189 190 234
159 157 192
164 165 166 167
178 130 131 184
179 117 118
180 246 247 248 249
187 152 153 106
194 195 196 197
198 108 109
199
201 185 172 173 174 175 177
202 127 128
204 226 261
205 36 147
208 91 92 93 114 239
209 186 225 233
211 203 14 15
212 213 214 210 57
215 216 95 200
221 222 146
223 89 90 170
224 243 244
229 16 17 18 252
230 7 87 88 41 65 97
235 236 123 193
237 238
241 124 182 61 168
242 228
245 181 160 206 68
250 132 133 183
251 158 129 191
253 231 1 2 163
254 169
258 122 105 70 148
259 260 227
