65
6 7 8 9 25
19 59 60 61 62 133
26 20 10
27 28 29
30 31 32 38
33 34 35 51 227
39 40 41 42 142
43 44 45 90
64 52 12 11
65 106 126 190
69 70 117 118 119 120 247
83 84 88
86 47
94 81 82 103 179
105 99 134
111 112 49 36 37
115 101 102 140
116 100 87
127 57 56 50 75 172
128 129 110 123 125
130 122 124
137 2 3 1 15
143 95 96 98 185
144 113 91
150 151 153
155 242 243
160 161
162 114
163 138 139 141
164 165 166 215 259
167 168 145 146 147 148
173 71 72 73 89
174 79 225 4 5 24
175 169 170 171
176 177
181 92 93 152
182 183 184 135
187 21 22 23 205
191 192 193
194 107 108 209
195 196 197
200 78 80 257 17 178
201 202 203 204 230
206 207 208
210 156 159
216 188 189 46 104
217 218 219
220 234
223
224 180 199
228 229 248
231 198 212
232 233 13 14
236 237 58 149
238
239 250 74 97 132 235
240 66 67 68 121
241 211
244 136 186 213
245 63 246 109 226
249 258 131 154
251 157 158 222
252 253 254 85 77 76
255 48 16 18
256 214 221 53 54 55
