64
15 16 26 30
23 24 5 6 7 201
46 8 9 10 11 130
47 45 81 205
52 53 36 37 38 60 242
54 115 148 200
57 40 41 42 43 44 158
58 59 176
62 210 211 2 3 4
66 25 206 207 229
69 70 71 72 111 261
79 80 55 83
84 1 122 123 191
90 91 92 241 98
93 94 192 193
95 96 97 112
104 105 106
113 67 68 88 235
114 102 27 177
125 12 13 14 77
126 85 86 87 165
127 34 35
131 132 187
136 137 219
141 142 143 51 188
144 99 100 101 124 269
145 146 103
150 151
152 63 257 32 33
153 28 254 255 31 61
154 155 156 157
160 138 139 140
161 162 163 76 194
166 167 238 252
169 128 129 168 212 239
172 170 171 236
178 179 180
181 17 18 19 39 159
195 48 49 50 108
196 82 118
202 203 204 147 262
208 20 21 22 78
209 173 174 175
213 109 64 107
214 197 198 199
215 216 29 74
223 217
224 75 164
225 251
226 227 228 234
231 110
232 233
237 182 183 184 230
243
244 119 120 121 65 73 218
245 185 186 258
246 189 190 240
247 133 134 135 149
248 220 221 268
249 250 259
253 116 117 222
260
263 256 267
264 265 266 56 89
