62
8 9 10 11
12 13 167 175 186 212
27 253 57 95
33 14 114 179 254 256 158
46 83 23 24 166
53 19 222 223 236
61 58 181
64 28 6 41
69 20 21 22 51
77 78 79 224
104 81 82 124
107 84 271 234 235
112 15 272 67 165
116 117 118 247
121 105 266 214 215
122 5 1 267
130 131 120 168
136 137 47 48 49 92 268
138 108 115 230
140 141
142 71 72 73
146 147
149 216 209 250
151 152 16 31 135 18 111
160 161 162 163 164
170 87 88 198
171 70 143 144 25 26
172 173 174 180
178 93 94 128 177
182 65 55 56 109 201
183 101 102 227 228
184 155 156 103 148
185 206 145
187 188 189 229
190 196
191 139 39 40
192 97 98 99
193 194 195 17 68 125
203 132 123 255 263
204 150 133 134
207 62 63 262
220 32 42 74
221 217 218 219
225 119 106
226 85 52 2 3 4 169
231 208 197 199
232 29 30 80
233 239 211
237 7 75 76
238 157 159
240 113 89 90 91 210
241 242 243 86 202
245 246
248 249
251 100 54 59 60 200
252 244 110
258 259
260 34 35 36 37 38 96
261 213 66 257
265 205 176
269 43 44 45 50 129
270 153 154 126 127 264
