47
17 65 48 44 206 244
45 9 10 11 12 252 30 41
63 64 32 85 86 87 88 140
68 18 19 20 61 62 16 237
71 70 104 170 222
83 250 251 33 210 211 27 185
93 214 215 216
96 97 56 23 24 123 139
98 99 247 225 226 227 258
112 152 54 55 28
125 126 89 90 160 40 31
132 42 268
134 69 219 220 221
135 259 260 102 264
141 52 53 60 58 59 119
142 100 72 73 74 79
145 248 217 228 229
146 94 179 169 34 35
147 148 149 13 14 103
151 113 114 115
161 3 4 46 47 76
162 1 2 7 8 92
163 164 165 262 177
168 155 240 243 245
172 133 109 110 111
173 230 263
178 108 57 82 106 107 154
192 194 180 181 202 203
196 182 188 166
197 198 199 156 105
209 5 6 186 187 212
213 136 137 138 191
218 171 201 49 50 51
223 127 157 158 159 265
224 254 95 153 183 184 189 91
231 131 80 81 175 176 195 200 37 38 208
232 116 117 118 190
233 234 204 205 174
235 128 129 130 167
238 143 144 21 22 78 75
239 121 122 124
241 242 101 150 269
249 84 120 43 267 39 77
253 193 15 236
255 256 257 246
261 66 67
266 25 26 29 36 207
