66
1 2 3 4 5
14 8 9 10 11 12
33 249 246
40 41 78
43 225 197 198 199
48 49 50 51
58 45 46 47
64 15 16 17 18 95
65 138 59 60 286
70 116 117 118 119 136
89 90 268 35 53
91 92 173 232
96 235 236 237
102 103 104 168
105 54 24 39
106 55 56 57
107 42 29 30 31
111 112 215 101
121 180 181
132 87 190 191 242
137 66 122 123 124 125
148 149 214 280
152 44 129 139 52
156 108 109 110 229
157 79 80 169
163 221 231 174
166 167 183 184 277
170 171 239 230 61
182 164 165
185 81 82 83
186 187 188 281
189 62 32 88
192 34 135
193 176 177 178
201 130 131 179
202 203 204 37 38 233
205 20 21 22 23 216 257
206 113 145 147
210 144 141 142 196
211 212 213 247
217 126 127 128
220 158 159 160 77 200
222 146
223 133 134 151
224 153 154 155
234 97 98 99 228
238 172 114 115 140
240 241 13 19
243 218 219 269 270
244 161 162
248 194 195
250 251
254 175 25 94
258 259 93 271
261 84 26 27 28 36
262 207 208 209 120
263 260 143
264
265 71 72 73 74
266 245 226 227 150 252 253
267 255 256 63 69 272
273 75 76 67 68 100
274 275 276
278 279 6 7
282 85 86
283 284 285
