61
1 2 3 119 136
4 5 6 7 8 9
10 11 12 13 14 18
19 20 21 101
22 23 116 216
33 34 35 198
36 37 155 98 99 128
40 24 181 30 118
43 44 51
45 46 47 48 72 169
63 27 28 29 42 117 217
64 65 66 251
68 69 70 71 76
73 41 188 232
80 81 82 87 106
84 85 62 143
91 52 39 61
92 123 102 103 121
107 74 75 233
111 53 54 55 56
112 113 151
114 115 15 16 100
122 93 78 79
124 94 234
137 130
138 139 86 104
147 126 242
152 125 38 31 32
157 132 133 134 144
160 131 83 174
161 135
170 95 96 97 154
179 171 192
180 156
183 108 77 236 247
184 185 141 142 168
187 166 167 202
189 158 159 252
194 140 109 110 203
195 162 163
196 25 26 50
199 148 145 197 172 224
200 149 164 150 193
204 205 206 127 165
208 201
209 175 177
213 57 58 59 60 129
214 215
219 235 67 182
221 222 49 105
225 226 227
228 248 249 250
229 190 223
230 231
237 153 176 186
238 239
240 210 211 212 146 178
241 120
243 218 17 88 173
244 220 191
245 246 89 90 207
