46
1 2 3 144 226 110 151
10 11 12 13 204 208 168 37 136 261
22 15 258 251 246 130 216
29 6 21 172 145 235
49 31 39 40 184 245 212
58 23 24 25 46 116 227
70 20 256 51 97
78 19 195 171 32 36 77
87 30 28 34 100
92 59 54 55 263
118 71 60 207 222 252
123 5 4 8 27 113
126 114 68 109 218
131 93 231 232 107 179
138 35 157 158 159 94 174
139 63 64 237 238 259 125 264
153 43 224 7 69 106 137 234
154 132 141 167 240
156 120 90 91 108 122 193
161 72 47 149 150 267
162 155 160 182
165 244 257 178 266
170 166 262 83 192
175 66 67 16 17 205 129 186
176 177 265
187 79 73 18 52 143
188 133 128 65 75 169
189 163 164 185 26 95
201 88 44 45 48 62 152
202 221 233
209 101 271 135 248
210 181 200
213 199 250
219 89 74 105 180
220 127 121 98 115 183
223 33 225 42 84 194
229 103 214 215 247
230 190 249 56 111
236 140 134 104 14 112
241 211 272
253 53 50 242 243 41 57 198
254 102 80 81 82 99 142 260
255 206 146 147 173 76
268 119 85 86 196 9 38 228
269 148 124 117 61 96 217
270 203 191 239 197
