40
24 109 78 50 263 264 141 169
33 11 12 13 30 63 155
79 44 45 252 4 15
95 53 166 178 3 16
102 5 163 1 64 54 22 23 47 118
103 180 181 153 129 148 205
108 8 216 199 195 233
110 198 160 204
119 42 26 20 258 253 149 265
132 84 85 58 239 214
137 59 257 128 201 39 17 130
138 60 61 259 260 122 241
150 34 194 143 226 65 91 250
151 69 75 82 168
162 96 97 98 126 179 106
165 104 93 140 51 190 90 249
171 107 105 238 142
172 115 116 247 40 52 242
176 111 112 125 147 223
187 114 101 2 232 86 175
193 124 134 88 154 94 211
196 73 35 36 189 222
197 139 182 164 117 144 185
206 76 38 251 267 7 18 170
207 133 121 131 161 87 228
215 120 67 123 221 21 262 19 41 240
218 80 55 136 159 212
219 152 74 57 135 167 202
224 6 236 217 255 184
229 77 43 27 28 29 14 32
230 157 158 183 174 248
234 100 208 246 225 62 89 145
243 25 9 188 173 192 227
244 127 56 48 49 46 72 191
245 200 210 254
256 235 220 81 70 71 92 31
261 231 203 68 99
266 209 10 213 37 66
268 177 146 186
269 270 237 113 156 83
