41
55 5 2 197 147 54 86 181
67 17 9 44 49 73
114 16 8 6 201 209 11 32 173
122 34 18 19 27 66
123 52 203 238
128 38 175 183 26 31 48 87
129 93 69 70 74 172
132 43 39 228 224 136
133 108 72 85 100 232
140 24 13 14 53 81 177
141 62 58 204 150 231
145 68 57 63 61 151
155 84 30 40 60 107
156 36 80 95 160
161 98 89 76 152
164 148 139 1 4 28
174 46 142 143 176 50 106
178 78 162 163 194
186 102 237 236 154 127
187 157 158 159
191 88 116 208 216 65 167
192 165 166 182
196 170 180
200 112 94 96 121
202 146 137 135 171
206 113 99 90 131
210 51 25 21 22 37 75
211 168 119 120 190
214 124 126 213
217 101 35 64 169 184 225
218 179 185 45 77
221 110 29 212 82 83 97 195
222 111 207 117 118 144
223 188 79 92 109
226 56 12 7 10 20 41
227 153 103 104 199
229 115 71 215 219 59 91
230 3 189 205
233 125 105 47 138 220
234 193 198 15 33
235 134 130 149 23 42
