55
1 2 3 4 5 6 107
16 233
21 22 23 73 81
38 92 119 229 230
47 19 20 191 192 193
48 142 232 246 225
51 29 30 71 86 87 178
58 59 202 249
60 61 11 12 13 14 82
76 77 78 213
84 190 181 182
91 39 40 8 9 10
96 97 175 176 203
100 206 224 247
110 147 148 15 129 130
113 114 115 116 112 242
122 101 143 144 253
124 46 72
125 126 127 128 145
134 154 155 156 27 146
141 49 50 70 221
152 45 241 79 163 68 208
153 135 53 54 120 121
164 52 43 95
165 56 57 35 36 37 231
166 137 138 140
167 186
168 136 7 220
173 85 66 98 99 103 159
174 88 89 90
180 108 41 42 151
183 24 25 69 158
184 131 250
188 169 162 207
195 62 63 64 80 74
200 201 189 239
205 123 139 187
209 31 65
210 211 212 172
214 185 157 199
215 216 133
217 32 33 34 93 94 179
218 219 170 171 204
222 105 106 228
223 236 28 150
226 161 149 177
237 196 197 198
238 227
240 132 234 26 44
243 75 55 160
244 235 83 117
245 67 118 194
248
251 111 102 109
252 17 18 104
