46
29 123 111 175 76 272
44 195 131 174 217
51 15 269 71 86
52 30 26 16 232 242 147
64 206 207 208 178 257
66 55 23 17 69 132 60 80
67 128 201 138 167
72 200 152 62 97 238
90 84 265 266 182 196 197 256
91 185 166 173 79
113 85 81 41 42 83
120 22 56 57 58 63 102
121 61 78 117 118
127 68 240 134 259
143 254 40 24 32 33 34 35
153 9 10 31 27 101 142
154 109 74 75 255 136 150
155 268 258 263 37 108
159 116 5 202 125 237
160 139 140 146 203
171 77 49 47 48 218
176 156 216 25 39
184 92 93 94 135 4 13
186 110 95 96 158 112
187 145 149
190 151 260 221 219
191 59 229 253
193 45 46 177 224 179
194 65 262 11 12 14
199 73 250 246 36 18 38 119
204 133 129 223 248
205 165 144 148 157
211 212 213 6 99
214 161 162 163 164 183 236 271
215 87 88 89 106 20
220 181 261 270 28 43
222 54 130
225 122 104 192 267 209 210
226 53 241 82 141
233 114 115 245 8 124 247 107
234 137 227 228 230 198
239 168 169 170 231
243 21 2 3 1 7 103
244 235 251 252 105 19 98
249 172 100 50 70 180
264 188 189 126
