67
5 6 7 8 9 10 15 30
11 12 13 14 26
32 33 28 29
41 42 152 153 24 25 123
48 34 35 36 37
59 18 19 23
60 20 21 277 295
64 38 39 16 156 194
65 66 222 223 224 188
67 49 50 51
85 52 53 276
86 87 88 114 199
95 96 99 117
97 93 94 132
98 103 104 171
101 56 57 58 278
107 108 109 110
111 79 80
124 102 272 273 54
140 141 142
143 119 120 121 122
144 133 134 135
147 136 137 138 160 172
148 149 230 63 118
151 27 201 231 105 168
169 3 4
173 154 155 248
177 191 192 193
180 145 146 163 205 206
183 158 159 232
184 269 270
189 178 179 22 91
195 92 81 82 83 84
196 129 130 139
197 181 182
202 150 167
209 210 1 2
214 61 62 185 186 187
215 68 69 70 71 106
216 174 175 291
218 217 266 240
225 125 126 127 128 282
226 211 212
229 164 203 288
237 161 162 73 17 76
241 227 228 235
245 253 131
249 176 221
251 242 234 239 75 200
252 243 207 198 100 74
254 219 220 31
255 256 287
257 280 281
258 165 166 213
260 261 274
263 264 265
267 157 112 113 208
268 246 247
275 238 233 262
279 250 40 55
283 77 115 116 89 90 271
284 285 286
289 290
292 78 43 44 45 46 47
293 190 244 204 72
294 170 236
296 259
