56
1 2 3 4 5 6
11 12 183 89 209
26 27 28 29 227 45
30 22 23 56
31 21 7 8 9 10
51 46 179 213
60 76 70 101 102
64 47 71 103
74 42 43 44 228
75 48 49 50 83 229
81 82 88
84 143 73 80
94 24 25 35 41
95 52 53 78 79 136
96 77 85 86 124 125
100 113 99 237
104 20 32 33 160
105 106 18 19 39
115 233 206 218
121 57 58 59
122 123 127 128 197
129 108 226 34 36 68
137 97 98 114
138 118
142 111 112 135
144 116 107 126
147 148 149 150 151 187 188
152 153 161 200
154 155 217 40 69
157 158 159 162
167 242 243
170 171 172 173
174 175 224 110
176 13 14 166
178 130 92 93
180 15 16 17 55 91
181 182 238
184 168 169 210
190 61 62 63 140 156 239
191 192 193 194
201 132 133 134 198
202 163 117 234 235
203 65 66 67
204 186 185 195
207 208 131 189
211 164 165
215 216 223 177 225
219 220 54 141
222 139 214
232 145 146 199
240 196
241 230 231
244 212 37 38 90 236
247 72 245 246 109 119
248 205 221
249 87 120
