55
27 108 144 196 213
50 34 266 2 3 4 5
71 40 41 42
83 17 235 236 155 103 249
87 37 1 178 203
101 63 64 45 57 110
105 46 259 231 11 12 25
118 48 49 80
130 78 79 123
135 47 44 30 31 32 33
136 85 81 222
137 112 113 114 212
141 28 146 128 132
142 115 232 125
151 62 205 210 211 145
156 153 16 39
157 51 230 269
158 75 260 182 183 70 198
160 29 102 221 268 21 74 86
161 92 54 55 56 98 100
162 129 6 254 148 171
167 59 52 53 89 172
168 119 72 67 69 127
174 43 23 247
175 88 93 94 95 267 13 26
176 253 227 189
185 147 139 140 149
186 177 226
188 228
191 106 107 126 14 90
192 152 116 184
193 164 38 68 173
199 217 18 19 20 150
204 233 241 219
206 66 60 61 76 104
207 124 131 245
208 138 73 82 166
209 159 240
216 187 195 242
220 154 7 8 15
223 190 77 250
224 194 24 91
234 143 117 97 99
237 180 181 165
238 256
243 214 215 239
246 109 197
248 22
251 84 35 36 133
252 200 201 202
257 169 170 218 134 179 229
258 225 9 10 255
263 65 111 244 58 96
264 163 120 121 122
265 261 262
