70
3 4 78 58 59 106
8 35
10 11 12 13 133
14 15 1 156
19 20 21 22 227
23 24 25 26 27 169
29 30 31 177
43 16 82
50 46 47 48 42 68
52 53 54 55 56 71
60 61 62 81
63 9 57
65 66 67
72 73 143
74 5 6 237
85 7 180
86 17 18 49
89 90 91 198
92 93 95
96 97 226
101 160
102 103 127 225
104 40 41 163 164
107 34 158
108 194
109 110 111
115 113 114
116 204 205
118 119 124
128 80 211
135 64
139 79 77 184
149 69 70
150 137 138 171
153 154 232
161 98 99 100 84
166 36 37 38 39
167 105 148
178 44 45 94
181 51 32 33 28
182 155
185 157 117 121
186 187 175 176
188 179 83 212
189 147 243
192 126 172
195 196 197
199 170
200 217
202
203 134 191
206 75 76 193 146
207 183 201
208 209
215 140 87 88 112
216
218 168 224
219 220
221 144 129 130 131 132
222 190 238
223
228 122 123 125
229 151 152 120 165
230 231
233 136 173 174
234 145 210
235 141 142
236 213 214
239 162 2 159
240 241 242 244
