53
7 8 3 4 5 6 100
16 164 21 23 126
19 9 10 11 35
38 20 104 102 207
46 12 13 14 125
47 26 242 43 212
51 17 18 22 221 133 36 86
60 2 1 34
79 39 25 44 73
87 57 53 54 32 197
88 64 65 120 226
95 62 63 93
106 49 41 55 85 78
111 98 224 136 124
116 27 28 29 30 121
117 80 68 15 66
127 219 190
140 48 31 196 206
141 52 240 241 147 211
142 109 110 183 208
148 101 81 82 129
149 112 213 231
153 128 135 214 245
163 138 139 204
170 108 99 167
171 107 75 76 158
172 118 119 205
173 83 84 215
174 175 176
177 61 58 59 92 248
178 151 152 210 243
185 155 184
188 69 50 33 56 134
189 179 180 105 144
191 67 40 246 247 115 24 216
192 94 169
193 194 244 237
195 89 70 71 157 161
201 186 187
217 131 132 166
218 154 143 159
222 96 97 220 198 199
223 202 203
227 150 145 146 156 72 45 74
228 229 230
232 130 122 123 137
233 165 249 250
234 181 182 90 91 160
235 236 225
238 103 42 37 162
239 209 113 114 200
251 252 77 168
253 254
