57
5 104 65 262 247 42 43 97
11 12 13 14 15 36
24 127 72 241 242 280 215
64 204 200 282
66 17 18 19 235 236 102 244
71 16 7 251
74 52 53 77 186
94 268 130
99 1 225 243 70
103 21 22 23 128 95 96 211
110 39 267 220 221 231
111 51 47 48 49 44 45 10
115 62 118 119 120 216
122 123 184
125 106 107 108
132 75 91 92
138 275 30 35
142 150 219 37
153 67 68 69 93 148
160 161 143 144 185 89
163 159 202
167 56 57 78 88 206
168 139 90 170 237
172 61 283 284 27 28 271
173 105 76 109
176 25 26 196 197 252
177 55 278 263 274
178 164 165 273 152 270
182 126 193 194 33 80
187 59 29 285
188 254 279 58 79
191 100 101 121
192 189 229 230 289
207 149 290 291
212 266 218 46 63 205
217 175 201 199
223 146 181
224 174 166 198 137
227 50 112 113 114
228 145 141 20 34 203
232 154 155 156 157
238 116 83 84 124
239 240 171
245 117 233 269
246 260 256 276
248 82 60 255
249 85 86 87 81 158
250 190 179 180 257
253 265 213 214 222
258 54 6 2 3 38
259 133 134 135 147 226
261 169 129 136 195
264 208 183 210
272 209 8 31 131
277 162 4 9 32
286 140 40 41 73 98 281
287 288 151 234
