65
34 35 36 240
38 39 40 138
44 9 10 11 12 152
45 8 5 6 7
46 33 67
58 1 2 3 4
59 25 26 27 28 141
72 31 79 73 74 75
78 32 13 14 103
81 82 83 119
84 20 21 51 164
85 52 117 249
86 55 37 71
87 149 150
92 64 89 201
96 47 66 15 16
101 102 246
107 108 229
113 155 94 95
120 60 56 65 109
121 122 123 124
125 17 18 136 137 144
126 62 63 22 53 216
127 88 91
131 132 133 134
135 19 30 169
145 129 130 163 210
153 114 115 116 252
154 93 192 187 69 106
156 181
159 104 105
160 110 111 112 173
165 166 211
170 68 143
171 248 162 232
175 177 178
179 48 49 50 90
180 139 174
183 128 140 223
184 185 186
188 189 190 191 118
195 97 76 77
196 197 198 215
199 200
206 146 147 182
207 208 209
212 54 23 24 151
213 202 203 204
214 228
218 219 231
220 233 234
224 225
227 245
230 61 226
235 148 98 157 158
236 193 194 222
237
238 221 217
239 29 99 168
241 41 42 43 205
242
243 244
247 172 176 57 80
250 70
251 161 142 167 100
