54
1 2 3 4 10
11 12 13 165 171
16 17 7 252
20 21 22 74 95
29 25 26 27 28 158
32 5 6 233 208
38 39 40 67
53 181 134 205 213 231
60 226 220 238 138
68 18 19 37 57
69 49 45 93
70 71 262 263
79 80 94 48 77
88 54 55 56 63 203
89 61 62 9 24 163
96 97 199 200 201 195
98 99 192 248 170 198
103 64 65 81 147
113 84 85 86 191
119 90 91 92 162
120 109 72 73 141 178
139 140 130 131 174 253
148 100 106 107
149 135 142 249
150 126 127 128 153 243
164 145 197
179 155 173 196 15 202
185 144 121 122 123 169
186 30 31 44 76
187 151 152 168
204 250 216 125 209
210 172 58 59 66 108
214 41 42 43 47
215 237 102 87 167
217 133 52 50 82
218 258
219 175 176 177 154
222 117 118 124
223 189 160 161 264
224 193 194 230 166
228 180 105 129
229 239
232 104 225 143
236 182 183
240 234 8 101 156
245 188 159 241 242
246 190 14 51 83
247 211 212
251 235 206 132 184
254 78 33 34 35 36 46
255 114 115 116 157
256 257 75 146 207
259 136 137 227 23 244
260 261 110 111 112 221
