57
1 2 3 174 173 194
7 30
14 212 189 17 35
42 15 16 120 121
55 12 13 153 258
59 111 112 113 203 48
68 11 8 155 156
74 182 183
76 20 117 118 225
77 234 222 223 245
84 85 131 132
92 93 94 114
95 56 31 32 33 34
96 123 124 49 175 217
101 102 103 104 105 119
109 66 67
110 62 44 45 46 108
115 4 5 6 25 26 27 28
116 172 239 185
122 97 63 64 65 204
128 129 130 9 86
134 39 192 193 82 83
135 136 137 138
139 125 126 127
142 143 144 201
145 70 71 72 154
146 147 148 149
150 78 79 80 253
158 73 40 41 89 10 187
159 160 161 171 179 244 246
162 151 152 254
169 206 140 190 191
176 60 251 240 241
177 167 168 18 19
184 133 210
188 260 261 262
195 69 57 58 51 100 186
196 90 91
197 266 267 268 269 270
198 199 200 202
205 166 81 21 22 23 47
208 209
211 43 98 99 207
218 221 257
219 220 224 106
229 178 52 141 24 157
230 170 36 37
231 227 228 255 256
235 232 233
236 237 238
242 243 249 250
247 248 180 263
259 213 214 215 216 252
264 87 61 107
265 88 53 54 165
271 181 75 38 50
272 163 164 29 226
