65
17 80 81 136 137 168
42 43 44 114 121
59 98 99 100 101 191
68 52 5 6 16
74 40 127 190
75 19 20 21 22 46
79 8 9 10 104
97 60 51 41 54
110 111 112 169
122 4 28 29 145 147
123 84 85 120
128 23 24 165 166 167 26 27
129 56 109
130 57 58
131 33 34 64
135 108 103 246
141 88 89 90 146 71
142 143
156 86 87 149 150
157 158 270 177 178
160 73 63 96
161 76 77 78 94 274
162 226 107 67 140
174 175 231 192
186 159 164
193 152 153 154 155 45
194 183 184 189
199 163 204 205
208 1 2 25 223 278
209 187 188 203
210 211 82 83 207
212 55 69 70 102
213 92 93 95
214 176 195 196 251
216 217 218 91 151
220 39 31 32 72
224 221 170 171 219
225 172 173
229 105 3 7
230 180 181 185
232 233 234
235 66 53 182
237 138 245
238 277 215
240 124 113 115
241 126 125 144
242 228
243 244 271
247 248 249 250
252 18 12 13 139 264
253 65 236 132 133 134 148
254 117 118 119 106
257 239 269
258
259 116 35 36 37 50
260 200 198
261 262 263 14 15 206
265 266 282
267 255 256 11
268 272 273
275 276 201 202 30 38
279 61 62 47 48 49
280 281 227
283 222 179 197
284 285
