63
1 2 3 4 202
21 17 18 19 20 33 34
22 31 276 277
28 29 30 32 84
37 38 181 182 244
44 35 36 184
46 47 48 80 219
49 50 51 52 82 252
59 8 9 10 11
85 86 87 88 150
97 98 99 237
104 96 179
109 67 68 69 83
110 92 236 249
111 112 251
115 100 53 54 55 73
116 163 138 283 121
118 108 89 90 91
126 40 15 16 178
131 132 282 39 246
140 141 159
142 143 144 146 278
152 71 72 224 222
153 154 155 156
157 158 166 168
160 101 102 197 218
161 211 212 66 250
164 165 223
169 56 57 58 167
170 106 107
171 122 123 151
172 173 93 94
174 23 24 25 26 27
175 119 145
189 60 61 62 63 95
190 127 128 129 185
196 45 74
198 199 200 201 203
204 205 266 267
207 183
210 162 103 139 231
215 275
225 70 41 42 43 64 65
226 148 149 186 187
227 206
228 229 230 272
234 188 233
235 192 177 113 180
238 220 221 243
239 240 241 242
247 248 130
255 191 176 133 134 135 136 76
256 253 258 259 260
257 254
261 117 105 120 232
262 263 264 265 75 245
268 77 5 6 7
269 193 81 213 214
270 271 124 125
273 274 12 13 14 147
279 78 79 114 137
280 194 195
281 208 209 216 217
