48
32 1 2 284 267 172 263
39 33 17 254 129 87 133 248
55 8 9 3 236 278
56 57 58 59 92 140 214
78 52 244 109 147 148 201 266
90 25 227 228 122 239
106 74 298 100 176
113 16 6 211 212 240
117 40 41 42 75 277 188
118 276 69 70 116 143 300
123 65 54 18 82 83 84 111 205
130 192 193 19 105 230
136 91 235 237 4 11 77
152 67 68 297 291 292 268
153 126 127 165 85
157 170 124 125 229 262 289
161 50 29 294 60 135
162 98 99 21 22 134
168 79 196 197 160 209
169 137 138 174 217 95 280
180 53 48 61 62 13 189
181 96 245 246 204 256
186 119 120 121 218 219
191 63 64 26 271 272 255 265
194 145 146 139 156 93 144 24
195 234 299 128 264
210 257 258 259 279
215 102 97 166 190
220 155 149 198 72
223 163 27 28 150 23 206
226 224 225 14 15
231 173 20 7 290
232 158 159 164 12
233 178 179 208 260
241 107 103 104 43 44 112
242 177 141 142 175 252
253 187 207 171 49 71 94
261 47 45 88
269 270 216 66 30 31 46 151
274 114 108 243 250 273
275 221 249 76 167
281 131 115 203 222 5 38 89
282 283 10 80 81 101 202
285 51 182 154 132 183 184 213 247
286 287 288
293 251 238
295 73 34 35 36 37 86
296 199 200 110 185
