50
6 3 213 251
13 144 92 82 83 105 221
22 253 254 1 62
28 29 30 31 188
48 9 10 67
57 32 255 11 12
70 71 108 113 141
72 7 8 2 52 53 54 55 124
80 36 37 93 126 19 224
85 49 50 51 119
90 59 60 250 24 46 139
102 162 157 216
110 111 112 65
127 128 25 26 27 106
143 14 15 16 17 18 165
153 41 42 135
154 68 63 64 4 5
161 81 78 79 233
166 103 104 149
167 146 147 168 183
169 35 171 94 192
170 194 195 196
172 91 69 76 114
176 43 44 45 98
177 226 140 175 180
184 77 234
185 159 210 138 203
186 187 238
189 115 174 33 56 125
190 173 156 150 211
193 58 155 200 201 202 47 212
206 73 74 75 97 109
207 116 89 239 214 84 142
208 204 191 228
209 240
217 132 151 152 197
219 182 137 148 38 66
225 178 179 198
229 230 231 232
235 218 205 164
236 237 122 222
242 86 87 88 118
243 220 227 99 100 39 40
244 20 21 23 117 134
245 129 107 121 215
246 130 131 160
247 120 101 95 123 181
248 145 133 163 34 199
249 241 223
252 158 136 96 61
