47
26 3 104 83 195
27 8 207 107 164
28 217 167 50 92 216
55 17 224 197 16 214
70 21 58 262 284 159
71 45 46 47 120
93 39 22 23 24 212 31 128 213
100 82 242 233 25 44 150
111 90 156 157 175 246
122 51 29 171 228 158 11 181
123 52 252 274 118 160
136 94 78 79 41 61
142 48 49 43 64 80 215
143 62 63 74 176
144 95 86 87 148
153 102 138 191 99 257
155 72 278 269 280 198
161 112 113 127 110 254
165 117 114 163 256
166 201 211 91 139 234
170 101 53 54 119 282
182 4 5 6 10 20 76
183 81 59 60 68 173
187 116 243 194 190 218 179 221 222 200
188 244 168 147
193 231 206 219 131 192
202 88 57 40 121 172 180
203 124 96 97 98 115 223
204 205 241 220 270
209 33 235 236 84 129 283
210 145 130 162 169 281
229 125 12 7 103 277
230 189 13 126 279
240 250 67 77 177
249 185 146 141 248
258 89 66 42 73 18 19 15 32 174
259 137 152 199 38
260 227 225 226 253 208 69 140
261 232 245
263 264 30 251
265 132 105 106 275
266 151 9 276
267 186 238 255
268 239 247 65 85
271 56 34 154 108 109 1 2 75 178
272 184 133 134 135 196
273 237 14 35 36 37 149
