53
7 8 9 130
42 31 34 147
48 84 85 86 175
52 53 54 55 89 194
58 103 96 97 174
61 19 20 21 80
62 33 76
65 158 121 198
81 50 51 88 187
90 43 44 72
91 26 28
98 36 95 118 87
99 100 101 17
108 177 170 116 146
111 112 113 114 70
119 45 30 27 32
120 60 2 11 12
122 117 131
123 124 125 206
139 39 6 204 205
140 109 3 4 5
143 59 75 225
148 92 93 41 83 188
155 38 22 13 14 15 16 214
156 157 56 57 102
167 1 202 169
168 191 192 77 129
172 153 154
180 63 64 176
181 161 126 127 128
182 49 201 173 218 219
183 133 134 213
184 151 152
185 24 25
189 66 67 68 135
190 94 71 69 226
195 165 166
199 144 137 138
200 82 221
207 162 145 110 171
210 29 23 208 209 215
211 106 46 104 107
216 74 178 37 47 132
217 203 212
220 141 142
222 149 193
223 224 10 115
228 35 18 196 197
229 164 186 79 105
230 231 179
232 73 40 78 136
233 159 160 163
234 235 227 150
