60
1 2 3 4 79 127
18 74 211 141 131 132 146 210
29 27
35 6 7 8 174
48 34 56 170
52 99 60 61
62 13 156 89 90 133
63 25 26
73 19 77 53 58 176
82 200 182 244
93 57 59
94 80 41 42 43
98 49 15 209 147
101 9 10 11 12 109
106 14 108
113 45 46 47 69 245
120 71 30 31 33 39
121 100 201 32
129 64 65 66 67
130 88 54 55 97
139 103 96
140 110 111 183
150 95 117 112
154 119 125 175
158 36 37 38 189
159 157 135 219
160 229 230
162 163 155 171 172 173
166 149 78 168 153 242
167 152 142 143 144
177 81 92
184 116 250 206
185 186 187 231
190 136 188
191 137 138 198
192 86 87
193 102 145 179 180 213
194 178 164 165 17 28
195 196 214
199 115 20 21 22 40
202 72 68 126
203 240 241
207 105 124
208 151 224
215 122 123
220 118 84 181 5
221 222
225 218
227 114 83 50 51
228 23 24 205
232 249 251 70
233 234 226 161
235 134 104 107
236 216 204 16 128
237 212 223
239 169
243
246 148 75 76 91 197
247 217 44 85
248 238
