33
5 1 212 48 49 79 95 213
24 7 242 215 140 141 158 171
63 26 134 96 252 219 227 231 58 92
75 37 222 209 102 98 148
87 6 117 77 204 198 185 170 187 232
99 52 27 28 257 4 120 138 22 34 139
104 65 101 216 255 62 35
105 68 260 228 226 229 127
112 73 66 94 199 230
123 64 203 184 157 23 13 18 181 115 254
129 89 71 69 150 165 177
145 167 110 16 107 108 121 236
155 25 11 12 2 147 142 159 41 15
161 76 47 208 152 248 249 220 10 30 160
162 106 218 201 202 253 43 86
178 153 154 67 60 196
183 113 223 78 72 84 128 33 93
189 130 97 82 238 244 19 32 85
190 131 132 143 14 31
192 146 180 17 21 3 217
197 174 175 224 258
200 42 119 114 126 166 182
207 88 53 36 8 9 91 235 46 149
211 151 256 237 50 111 195 225
214 163 118 233 234 243 262 133
221 191 90 45 39 29 80 116
239 100 54 38 261 263 109 172
240 124 81 55 20 59 61 74 40 44 122
241 179 168 176 188
246 164 169 70 51 83 206
247 193 194 186 210
251 173 135 136 137 144 103 245
259 156 125 56 57 205 250
