57
2 3 4 5 10 150
6 7 1 13 113
29 16 17 19
39 211 212 213
48 30 255
52 53 82 105 159
61 15 250 251 127 37 38 272
62 24 25 26 125
67 68 69 180 181
76 11 12 124 18 20
77 78 79 80
81 83 177
91 92 135
93 34 8 9 153 189
99 100 101 54 96 66 166
106 103 104 222
109 45 46 47 249 118
121 102 44 97
122 123 35 36
130 63 64 65
131 110 108
136 72 73 57 58 86
137 126 169
138 234 228 111 112 271
140 141 142 261
144 194 205 230 28 87
154 155 203 149
160 178 179 257 258 55 56
170 94 88 89 90 134
171 132 119 120 70 71
172 148 256 270
173 174 252
182 139 133 165
183 184 107 43 158
191 192 241 98 117 196
193 41 264 265 266 267
198 190 185 186 206
201 74 75 197 240
202 187 27 85
210 40 21 22 23 60
215 49 50 51 188 214
216 218 219 220 242
221 195 33 84
223 114 115 175 260 143
224 161 162 163 164
225 226 227 229 248 116 246
231 238 259 59
232 217 199 200 157
233 208 209 14 128 129
236 237 239
244 167 168
253 151 152 31 32
254 95 235 243
262 207 145 146 147 247 276 277
263 245 275 176
268 42 269 156 204
273 274
