58
5 6 7 44
8 9 3 4 74
16 1 2 159 131
39 18 19 13 15
45 46 72
47 23 115 116 201 37 227
48 29 31 100
69 70 71 83
79 64 152 164 245
84 24 25 26 240
85 75 108 109
87 40 41 192 202 113
88 89 91 260
93 94 95 261
101 60 61 62 42 43 92
114 86 96 207
123 171 132 27 28 98
137 138 161 182
140 17 10 11 12 14
141 68 90 166
145 146 174
148 34 118 221
149 211 243 244
153 81 128 177
162 205 179
168 32 33 233 234
169 80 219 212 213 214 82 122
172 155 206
183 184 142 129 110 144
191 125 126 127
194 147 176
195 196 193
197 203
198 49 50 51 52 53 228
199 265 259
208 105 242 236 63 180
209 216
217 151 117 76 77 78
218 204 97 111 175
222 150 119 120 121
223 173 167 99 226
229 67 35 36 139
230 160 130 156 157 158 66
235 220 106 107
237 185 186 178 215
238 239 262
241 231 232 20 21 22
246 143 165
247 187 181
248 54 55 30 38
249 58 59 73
250 56 57 210
253 102 103 104 112
254 170 124 65 135
255 256 257
258 224 225 133 134 136
263 154 163 251 252
264 200 188 189 190
