42
8 9 38 32 16 17 18 34
26 19 89 2 220 79 159 158 231
27 23 212 185 169 53
29 30 140 132 133 222
54 28 127 136 141 5 85
61 39 188 163 190 45 122
66 46 203 204 205 209 1 73
70 216 24 25 232
76 15 162 172 107 108 6 118
77 52 33 221 123
88 20 207 200 94
90 67 68 72 43 65
95 57 58 93 197
96 103 187
109 98 99 100 121 217
130 55 164 165 80 166
131 71 75 126 177 49 191
135 124 125 13 14 44
138 78 181 182 128 196
139 119 120 186
146 10 11 12 101 206
147 110 111 137
150 74 152 153 230
151 142 143 201
155 156 113 114 115 218
161 82 3 37 50
167 21 22 233
170 35 228 51 145
171 92 208 226
173 116 117 7
175 168 189 183 229
179 91 4 31 193
180 104 62 63 86 144
198 148 149 41 42 134
199 176 194 195 210
202 157 56 83 112
211 184 174 192 69 81 227
213 214 215
219 102 106 59 60 84 178
223 105 47 48 64 154
224 160 36 97 129
225 40 87
