55
2 3 1 25 70
8 9 10 97 98 237
20 12 13 14 100
21 22 72 59
26 27 4 5 6 35
31 32 33 167
60 23 24 118 88 171
61 161 141 34 209
71 172 173 187 131
73 28 29 30 52
74 42 41 138
75 235 220 221
79 80 91 201 127
86 36 37 38 39 40
89 44 45 46 99 238
93 94 178 179 181
101 87 92
102 112 113 130 197
105 62 90 142
106 43 56 147
111 103 104 174
115 95 206 207 208
122 83 63 150 185
123 124 125 126 202
129 120
132 58 137
139 152 153
143 17 18 19 76 77 78 7
144 190
154 57 54 148
155 96 216 217
156 157 158 159 214
162 107 108 109 110
164 133 134 225
175 163 169 170
176 177 195 229 81
182 183 191 192
186 15 85
193 165 166 11 16
198 47 48 49 50 51 119
199 200 128
203 136 149 184
204 205 230
210 145 146
211 212 213
215 53 121
219 194 196 188 189
222 65 66 67
223 135 180 233 84
224 218 236
226 151 140 117 114
227 228 55 68
231
232 69 168
234 116 82 64 160
