62
8 9 1 237
13 14 15 16 17
21 22 11 183 184
26 27 115 10 102 153
42 43 218
66 57 58 59
72 45 37 38 154
73 47 48 93
77 78 79 80 81
82 143 223
94 23 44 54
95 60 61 62 63
99 86 87 88 236
100 91 92 165 188
103 104 56 18 19 20
105 64 117
114 28 29 30 31 137
138 139 181 12
142 136 49
144 46 39
148 33 34 35 36 113
149 40 41 55
150 151 120 121 180
159 2 3 4 5 6 7
161 252 253
166 116 135
167 67 68 70
168 169
170 106 109 110
171 172 185
175 176 152 249
189 190 162 163 230
192 127 128 129
193 224
194 50 51 52 53 257 69
195 90 118 187
196 197 198
203 111 112 174
204 74 75 76 254
205 130 119 101
207 122 123 124 179
208 157 158
211 131 133 134 182
212 191 71 89
215 186 164 65
219 160 32
220 200
225 213 209 202
227 96 97 98
228 177 178 24 242
229 201 210
231 145 146 147 155 199
232 216 217 107 108 156
233 234 235
238 239 240 241
243 84 85 132 206
244 125 126 83
245 246 247 248 256
250 140 141
251 221 222 25
255 226 214
258 259 260 173
