60
39 47 225 173 236
44 10 147 148 185
45 46 170 171 172 267
59 130 125 126 198
70 71 62 64 280
72 73 74 166 167 182 183
78 79 66 67 68 193
80 288 232 164 165 186
90 92 120
94 20 21 22 128
95 40 41 42 43 127
100 101 93 250
115 61 56 57
123 87 88 75 76
129 124 98 99
132 36 37 38
133 233 278
139 105 283 177 178
145 5 230 192
146 55 271 272 273 1 211
155 13 14 34 35
156 282 106 107 91 160
161 162 163 119
168 9 223 257 206 54 114
169 31 32 33 221 260
179 180 276 277
194 134 218 219
199 149 150
202 210 49 77
208 51 52 53 58 89
209 131 136 137 279
216 213 214
222 60 15 16 6 17 63 65
226 102 103 239
227 195 196 197 245
228 229
231 152 153 181 249
237 238 11 12 69
240 151 85 86 109 154
241 242 7 8
243 244
246 224
247 248
251 96 97 48 50
252 220 217 143 144 234 235
253 138
254 140 116 117 118 135 176
255 141 142 122 18 19 29
256 187 188 189 190 191 23
261 200 201 113 215
262 174 175 184
263 264 265 266
269 110 111 112 207
270 212 83 84 121
274 104 24 25 26 27 28 30
275 258 259
281 157 158 159
284 285 286 2 3 4
287 203 204 205
289 81 82 108 268
