63
1 230 231
15 16 17 2 46
18 19
24 25 108
26 27 8 60 118
33 34 35 175 14 250 179
37 9 10 11 72
44 20 21 22
47 48 49 50 66
54 160 161 192
58 89 90
68 69 70 71 141
73 62 63 197
74 75 76 153 91 140
78 79 64 94
85 120
87 88 98 59 65 51
95 80 81 119
96 182 57 168
102 45 122
103 55 56 225 226
109 106 107 178
110 111 112 113 132 133
128 129
135 136 28 29 30 31
142 143 144 145
147 222 170 137 38 146
154 155 201
171 104 105
172 195 196 92
173 97 124 86
174 115 116 117 220
176 177
180 181 99 100 101 165
183 159 134
184 40 41 42 43 237
185 150 151 152 254
186 189
187 188 138 139 114
190 191
193 194 93 121 253
202 217 218 219
205 206 207 208 209
212 213 214
215 162 163 164
216 203 204
221 148 149 251
223 224
227 52 53 77
228
229 255 7 23
233 200
234 235 236 130 131
238 32 39
239 244 245
240 123 211 156 157 158
241 125 126 127
242 166 167 232
243 252
246 3 4 5 6 169
247 61 12 13 67
248 199 198
249 36 82 83 84 210
