48
53 8 204 212 181
54 20 18 19 24 128
55 26 102 127
76 17 12 10 23 83
77 37 38 39 40 41 15 84
85 207 208
95 7 115 116 122 159
96 49 5 6 111 118
108 99 27 245 246 64 73 137
113 51 52 58 65
114 166 199 237 29 33
124 56 232 233 143
125 50 44 174 158 244
130 86 126 236 224
133 78 45 28 30 198
134 66 243 42 43 104
138 101 178 205 82 35 36
149 100 80 81 89 247
150 195 196 105 160
154 142 156 93 201
162 152 94
163 164 148 234
165 68 46 47 59
173 140 141 146 172
177 21 22 31 239
182 79 69 123 147 238
183 176 155 175
184 171 107 213
185 63 217 187 248
191 16 120 235 67 106
192 70 57 60 61
193 218 219
194 144 145 170
203 90 87 88 103 129 222
206 131 112 119 14 32 34
209 151 167
210 211 3 4
214 169 9 91 92 153
215 139 121 132 157
216 186 161 197
225 48 168 110 223 1 25
226 97 71 72 75 202
227 189 190 229
228 242 117
230 179 180 221
231 220
240 109 98 135 74 2 11 62
241 13 136 188 200
