65
1 2 3 4 92 96
9 10 11 12 28
16 17 18 46
37 230 214 257 269
39 40 41 42 43 44 219
64 65 66
67 35 178 179 180 181
68 69 70 85
71 14 15 45 186
76 59 48 113 262
87 88 89 90 91
93 94 95 134
97 47 62
114 233 234 235
124 125 176
126 83 84 202 203 215
127 128 129 130 29 119
136 137 138 139 140
141 104 105
142 102 98 99
147 38 32 86
151 152
157 63 55 56 57 273
158 72 221 222 73 74 75
159 160 161 162 201
163 19 20 21 53 146
164 116 52 80 81
165 166 120
174 167 168 169
175 177
187 121 108 223 224 225
188 107 122 123
189 131 132 135
190 191 200
194 106 143 144 145
195 148 149
196 197 239
198 199
204 77 78 79 82
205 8 270 271
206 182 183 184 238
207 60 61 13
212 213 210 211
216 217 218
220 58 115 103 100 101
226 49 51
227 25 22 23 24
228 153 154 155 156 133
229 231 241
232 110 111 112 185
236 237
240 248 250 33 34
242 109 36 117 118
243 244
245 192 193 5 6 7 274
246 247 264
249 170 172
251 252 253
254 208 209 150 171 173
255 256 272
258 54 26 27 50
259 260 261
263 265
266 267
268 30 31
