49
19 17 18 59
20 21 46 76 77 173
27 150 124 97 135
39 14 151 106 107 181
40 29 215 193 51 88
45 6 7 226 227 11 37
47 165 138 243
52 28 166 22 23 62
73 16 231 170
78 1 2 3 4 5 179 241
79 54 24 36 12
89 41 30 223
90 42 43 217
91 80 205 206 143 144
102 65 55 56 113 158
110 221 187 188 112 117
123 75 70 114
126 64 60 61
140 33 213 214 182 183 232
141 49 50 250 147 207 247
148 53 192 105 100 101 163
149 93 94 115
153 103 104 116
184 15 160 26 68
185 111 244 234 235 83 10
186 127 128 129 130
195 48 38 25 67
196 122 98 118
197 145 146 13 63
199 74 154 120 108 109 208
200 132 133 134 174 228
201 161 162 34 194
203 137 249 237 35 58
204 152 175 176
209 159 212
210 211 44
219 121 240 216 69
220 172 191
222 198 136
224 142 125 66 139 9 87 96
225 189 71
229 119 99 81 82 57 86 218
230 168 169 190 95 131
236 202 233 245
238 92 84 85 8 164 180
239 171 155 156 157 178
242 31 251
246 32 72
248 167 177
