43
21 1 2 3 4 5 6 136 34 35
40 32 18 103 231
41 42 128 101 189
48 210 203 264 249 144 244
51 37 246 247 248 199
84 17 224 225 226 227
90 28 216 80 81 131 222
98 55 92 126 13 14
108 68 69 70 27 89
113 22 8 9 93 94 139
114 85 65 100 71 130 78
127 229 230 39 185 197
141 117 10 233
145 96 86 87 88 223
146 147 134 182 232
152 54 261 116 104 200
153 59 60 61 53 204
159 102 26 137 168 73
160 124 220 217 30 138 218
164 245 240 256 56 57 263
186 167 195 19 20 121
190 106 75 118 119 120
191 36 180 181 213 132 83
192 111 112 241
198 175 176 177 214
202 166 155 156 15
205 109 183 255 44 66 123
206 58 154 142 143 178 31 64
207 38 107 76 77 157
209 33 251 262
215 29 46 47 72 158
228 172 173 257
234 67 52 49 50 63 140
235 184 208 82 135
237 16 74 23 24 25 45 95 169
238 133 129 179
239 187 188 62 105 201
252 170 149 150 151 171 11 79
253 91 174 161 162 7 221
254 236 125 148 250
258 110 99 43 242 243 97 122 12
259 115 193 194 196 163
260 165 211 212 219
