58
5 6 186 187 188 223
11 12 1 70 71 96
13 14 269 270 248
36 21 22 101 148
54 7 2 17
72 18 19 224 47 48 137
78 37 34 62
85 24 25 26 27 61 216
102 103 104 126 192
108 66 110 94 95
112 91 52 74 75 33
118 59 60 199
138 44 45 46 136
142 109 82 231 58 198
143 140 141 41 77
156 23 8 9 10 173
163 131 114 115 116 89
164 230 227 67 68 106
170 30 181 178
180 166 146 179 271
182 87 273 84 147
183 184 219
185 153 154 191 278
189 111 135
200 43 31 32 42
201 202 203 204 205
206 80 65 35 98 99 100 145
207 97 237 228
208 165 172
209 157 151 152
210 171 88 40 76
211 174 158 155 239
212 127 128 129 130
221 222 238
225 119 120 121 249
226 160 161 279
229 113 92 117
232 86 51 38 39 144 28 29 69 107
233 194 195 196 197
234 159
235 73 49 50 90
236 175 176 215
240 20 139 132 133 57 149
241 55 56 15 16 64
244 79 81 242 243 258
245 190 150 63 122
246 247 53 93 251
252 253 277 3 4
254 213 214 83 105
255 265
257 262
259 193 167 168 169
263 264 256
266 123 124 125 220
267 217 218 276
268 177 134 162
272 260 261 250
274 275
