56
6 7 8 9 10 192
11 12 13 196 140 272
16 17 18 19 20 21
34 221 222 191
38 39 40 41 206
42 27 28 29
48 49 50 247 248 249
51 31 97 126 137
52 53 54 55 238
57 44 45 253 258 124 125
58 43 35 36 37 102
59 60 61 153
62 63 64 46 47 223 224
67 68 69 70 71 147
75 76 77 78 79 110
83 84 85 86 172 173
106 169 135 218
113 90 144 145 146
118 119 120 65 66 164
121 122 166 25 72 239
130 105 123 156
131 114 104
132 115 108 109 234
138 231 199 200 99
148 149 150 151 152
159 107 98 204
165 154 155
174 103 100 101
177 1 2 3 202 203 170 171 205
178 157 195
180 160 264 175 33
181 182 183 167
186 22 23 24 30 32 220
187 136 228 91 129
198 260 261 262 263
208 92 127 141
209 188 4 5
210 211 112 185
212 133 134 193 194
213 214 215 216 217
225 161 142 143 246
227 226 189 190 207 87 158
229 179 82 163 271
230 232 233
235 139 197
236 237 243 244
241 184 117
242 259 245
251 88 80 81 268 269 270
252 168 111 14 15 26
254 89 73 74 116 176
255 93 94 95 96 128 219
256 201 162 56
257 250
266 240
267 265
