57
1 2 85 86
11 165
17 91 15 16 65 181
26 20 48 36
27 28 29 30 67 128
43 44 45 46 117
56 98 63 113 114
69 70 138 140 122
74 3 4 5 127
75 76 89
77 78 62 52 68
84 157 158 49
92 81 180
93 133 60 220
100 101
107 38 39 59 188 6 7
108 109 182
111 145 146 174
118 119 184 53 106
124 125 126 151 152 22 115
130 94 95 96 137
131 132 139 141 142
134 23 24 25 73
143 135 136 97 248
144 103 104 105 153
147 12 13 14 8 37
148 79
149 234 90 154
150 61 167
160 155 156 177
162 40 216 233 80 31 123
163 164 171
172 173 202 116 239 240
175 176 185 222
178 179 212
183 120 121 42 66
189 247
190 57 58 217 35 168
191 32 33 34 21 110
192 193 194 235 9 10
195 196 71 72
200 201 218 219
203 54 55
206 87 246 51 83
207 208 209 210 211
213 99 161 205
214 159 237 41 102
215 197 198
223 18 19 238 47
224 112 88 204 50 199
225 226 227
228 187 82
229 221 244
230 231 232
236 64 169 170
241 242 243 186
245 129 166
