62
8 80 99
9 269
11 12 13 258 78
18 19 20 21 51 153
25 26 131
33 27 28 126
37 38 39 40 231
42 163
53 54 89 90 91 92
62 63 64 205 192 58
68 5 6 71 182 50
87 15 16 52 251
88 157 61 201
103 77 147
104 59 60 10 233
105 100 101 102 265 23 17 250
109 29 30 31 32 76
110 111 124 202
114 43 44 45 72
115 116 117 81
119 191 210 212
134 79 208 24
135 127 143
149 122 123 194 220
150 47 73 74 108 185
154 1 2 3 4
155 148 125
168 169 95 22 159 160 167
173 46 41 57 266
174 175 176 195 239
178 83 84 85 86
179 69 70 65 66 67 209
180 181 211
187 170 171 172
189 264 96 132 133
193 55 56 93
197 136 137 138 139
198 164 106 107 161
199 184 130
203 140 141 243
204 144 145 146
216 206 207
217 34 35 75
218 219 213 215
221 165 268
222 82 7 14 112 113 118
223 188 214
226 227 228
229 230 48 49 183
234 94 224 225 241 242 142
235 152 196
244 151 236 237 238
245 156 158
246 247 248 36 162
252 166 249
253 97 98
254 186 270
255 240 128 129 232
256 257
259 260 261 262 177
263 190 120 121
267 200
