58
6 7 8 254 79 193
9 10 11
18 196 164 80 235
24 13 229
25 21 22 23 111
43 152 153 154 176 137
46 38 12
52 48 49 50 106 225
53 54 55 56
62 63 64 65 119
67 26 27 66
70 68 69 123
71 37 197 236
107 112 101 102 30
124 125 47 1 2 215 216
131 87 88 89 211
133 72 73 74 161
138 16 17 85 83
143 213 214 159 217
148 104 90 160
150 75 76 77 179
151 28 29 238
156 81 82 192
162 139 115 96 114
163 221 222 198 250
165 108 109 210
166 149
168 220 187 234
172 130 105 121 103
173 174 175 188
180 57 58 59 60 61 189
181 44 45 97
182 128 117 118
185 134 232 91
186 157 86 209
190 191 239
194 132 146 199
195 144 135 136 177
200 201 140 120 155
204 99 39 40 41 32 33
205 183 178 78 223
206 207 208 93 94 95
212 126 19 20
218 202 203 34 35 36
219 14 15
226 147 171
227 228 145 244
230 231
233 113 158
237 249 51 84
240 169 170 98 92 224
241 100 167 141 142
242 243 42
245 127 116 110
246 129 3 4 5 31
247 248 184 122
251 252 253
255 256
