60
1 2 33 34 67
3 4 36 37 135
21 22 31 231 232 247 93 228
23 24 25 26 27 179
51 52 53 54 140 187
55 56 57 19 20
61 15 40 249
72 6 7 14 109 173
73 74 8 87
75 58 59 60 141
88 77 78 79 142
95 38 10 11 229 226 227
96 97 98 119 35
100 62 63 64 65 66 120
102 103 104
110 111 112 113 114
124 76 183 184 185 186
125 154 193 194
136 126 230 281
145 146 5 29
147 262 263 280
158 128 18 115 116 117
164 30 163 122 123 172
165 89 90 91 92 168 169
166 167 155 99
174 82 39 148 149 150
175 81 47 48 32 241 85 121
176 177 178 250
181 182 106 107 108 289
188 189 190 191 192 28
196 41 42 43 44 45 46
197 159 160 161 162 68
198 199 200 201 12 80
203 94 233 266
204 105 138
205 206 207 208
209 210 282 297
212 213 214 49 50 9
215 216 238 239 202 242
219 220 221 291
222 83 84 133 134
223 224 225 259 260
237 217 240
243 244 245 292
248 195 218 13 157
251 143 144 180
254 234 235 236 273 283
255 153 137 139
261 246 264
268 101 69 70 71
269 295 265 267
272 151 152
274 129 17 211 171 290
275 256 257 258 86
276 277
278 252 253
279 296 118 156
284 285 286 287 288
293 130 131 132 16 127 170
294 270 271
