70
9 10 11 12 13 14 43
31 32 33 34 35 36 47 198
38 39 40 260 261 262
44 46 122
57 48 51
61 62 52 53 237
69 285
72 54 55 56 123
73 30 87 128 130
74 63 65
79 80 67 68
84 85 86 138 279
88 49 50 27 28
89 90 91 92 129
93 23 24 207
94 95 96
99 100 101 102 251
104 29 45 64 66
108 83 103 280
118 119 120 121 288
131 179 180 181 284
142 105 106 107 219
143 144 182
147 114 115 116
151 109 110 111 169 170 171
156 152 153 154 155
157 158
159 58 59 60 271 275
160 161 162 163 218
165 166
167 25 1 2 3 4 189
168 265 272 37
172 173 174 175
176 177 273
183 184 185 186 206
190 191 196
193 204
199 75 76 77 78 209
200 97 81 82 113
201 202 203 222
210 5 6 7 8 112 164
211 212 213 214 249
220 139 256
221 217 286
224 132 133 134 274
225 250
227 148 197
230 178
233 18 19 20 21 22 117
234 235 241
238 15 16 17 140
239 216 215 236
243 124 125 126 127 150
244 229 194 276
246 26 98 149
247 248 287
252 223
253 228 245 187 188
254 232 283
255 41 141
257 205
258 259 42
263 135 136 137 70 71
264 231 192 268
266 267
269 240 208
270 242
277 278
281 195 226
282 145 146
