66
5 6 7 8 9 45
16 17 18 19 20 21 148
29 30 40
67 68 69 260 26 48
73 85 31 32 129
84 38 39 165 254
86 61 62 63 64 207
87 88 261
91 46 47 49
92 228 229
95 96 97 180 168 102
100 101 188
109 70 83 141
114 103 181 211
115 116 117 144 212
133 251 252 253
137 37 12 13 14 15 28
138 139 140 206
142 143 176
149 130
153 284 274 43 104 119
157 57 50 51 52 53 54
158 121 122 166
159 160 161
177 75 76 77 195
178 131 132 44
184 106 107 108 189
185 169 218
191 78 79 80
197 82 192 193 194
198 262 267
208 1 2 3 10 99
209 89 90
213 33 34 35 56
214 202 94 220
215 135 136 233
216 217
222 164 186 187
223 41 42 205
224 146 147 278
225 110 171 172 259 60 145
226 71 72 273
234 134 111 167
235 170 276 277 55 113
238 93 258 36
239 173 11 120
240 210 285 275
241 219
244 247 227 27 4 81
246 154 155 156
248 162 163 196 279
249 179 150 152
250 175 190 125 126
255 74 58 59 242 243
256 203 204
257 123 124 183
263 182
264 22 23 24 25
265 230 231 232
266 105 221
268 269 270 271
272 65 66 112
280 199 200 201
281 236 237 118
282 127 128 174
283 245 98 151
