54
1 2 3 4 5 6 7
14 8 89 103
15 16 17 18 19 20 21
43 140 33 34
52 27 28 29 63
57 114 115 41 50 203
73 31 162 163
86 36 196 197 198
91 40 187 131 174
104 44 13 23 161
126 47 37 38 42
127 69 53 54 55 56
128 90 48 136
129 122 123 124
138 64 65 80 189
139 71 157 188
145 132 32 51
146 181 111 212
148 100 101 30 35
149 102 95 99
153 39 225 246 247 97 186
154 93 94 107 158
155 109 256 24 62
159 117 118 112 25
164 134 116 133 66 113
167 143 144 191
168 147 231
170 75 76 77 78 79 185 232
176 130 60 61 46 67
179 82 70 96 253
180 195 190 237 238
204 205 68 152
206 74 59 250 216 193 194 199
207 105 106 137
208 165 166
209 210 211 108
214 58 171 45 72 120
219 220
221 169 150 151
222 175 213
223 224 182
227 183 177 178 252
228 229 230 49
233 192 172 173
234 160 141 142
235 236 98 218
239 240 241 110
242 81 22 184 251
243 87 88 200 201 10 11 12
244 156 135 202
245 226 119 125
248 92 83 84 85 121
249 215 217
254 255 9 26
