58
9 10 11 12 13 14 174 231
32 25 19 87
36 173 101 219 81 89
42 43 44 178
45 22 23 24 109
46 47 128 239
51 8 20 216
52 53 54 159 163 240
56 57 58 55 102
61 141 142 243 179
65 26 27 4 50
68 69 70 71 72 134
91 92 29 30 35 155
122 62 63 5 6 7
123 84 90 144 257
127 249 250 77 209
129 31 59 148
131 132 187 188
136 105 106 15 16
137 138 139 140
149 110 98 99
150 114 115 116 117 203
151 152 153 64
156 100 88 82
158 85 86 235
160 161 180
165 37 229 230 175 176
167 111 3 80 119 120
168 157 145 194
172 38 39 107 177
181 130 154
182 83 118 121
183 184 185
186 33 34 49 104
191 192 193 1 2
195 79 133 108
196 112 189
205 206 207 208
211 124 236 48 96 97
217 218 143 190
221 93 94 95 266
222 223 234
224 170 171
227 66 232 233 103
228 113 78
237 204 220 202
244 125 17 18 40 41
245 126 67 242
246 73 74 75 76 135
247 212 213 214 162 258
248 199 200 201 164
251 252 253 267
254 169 225 226
255 256 28 210
259 146 147 263 264 265
260 166 238 241 60 21
261 197 198 215
262
