57
13 124 62 63 206
21 22 23 24 266 267 268
29 278 279
34 35 36 37 38 150
40 41 99 100 67 265
42 43 270 271
50 51 52 53 54 27 164
55 56 57
61 125 201 156 157 158 159 114
68 69 64 97
70 14 171 212
74 46 47 48 105 106
75 239 240 272 273
80 81 82 83 255 256 78 176
90 59 60
101 88 230 231 232
107 217 218 15 25 221
115 116 117 136 137 138
130 131 132 133 154
139 76 77 65 66
141 142 184 274
146 276 277 207 113 28
151 103 182 170 227
152 120 121 242
155 111 112 118 85 86 269
165 6 7 8 9 119
166 71 72 89 264
167 168 169 219
177 93 209 210 222
178 92 213 214 20 149 87
179 180 84 245
186 187 102 94 95 143 39
188 189 252 195 211 172
190 173 174 202 250 251
191 192 193 194
199 91 79 73
200 126 127 44 45 220
203 18 19 1 12
208 196 197
215 16 17 2 3 4 5
216 108 109 183 104 228
223 110 30 31 32 33 198
224 225 226 58
229 147 148 185
233 134 135 96
234 235 26 49
238 140 144 145
243 244 10 11
246 247 241
248 181 98 129 161
249 257 258
259 204 205
260 261 262 263
275 162 163 122 123
280 153 175
281 236 237
282 128 160 253 254
