64
3 4 5 6 7 77
11 1 8 116
12 136 120 121 43
18 19 20 159 168
23 15 16 21 155
24 25 26 2 17 117
32 163 153 154 194
44 83 10 27 37
47 48 49 204 205
63 70 262 263 265
69 55 56
88 89 213 225
92 93 42 72 73
94 156 91
106 100 95 134
111 39 97 98 101
112 113 114 188 259
118 75 76
128 13 14 28
129 130 131 269
135 57 58 40 90 186
140 64 65 66 67 68
141 84 85 86 87
146 33 34 240
147 80 81 82
148 149 220 277
150 143 107 50 192 193
151 103 104 105 52
152 144 127
158 31 122
161 53 54 35 41 96
162 137 138 139 231
164 199
165 166 167 60 109
169 157
170 74 46 59 99
176 142 102 145
177 178 179 180 22 123
182 175 181
183 184 185 258
189 243 244
195 196 197 198
200
209 71 61 62
210 124 125 126 160
211 212 132 133 226
215 214
218 206 207 208
221 201 202 203
222 223 224 239 108 29 30 241
227 228 229 230 278
232 219
233 234 78 79 115
235 171 172 173 174 9 187
236 246 247 248
242 190 191 36 38
245 45 271 272
249 250 251 252
253 237 238 119 266
254 255 256 257
260 261 51 110
267 273 274
270 216 217 264 268
275 276
