54
18 157 58 59 60 109
51 22 73 74 75 172 71
66 46 42 95 223 292
84 27 28 43 61 140 247
89 76 208 209
96 33 34 35 156 253
99 26 237 219 287
104 63 64 29 44
116 19 13 276 69 200
120 294 239 293 80 211
132 113 138 148 221
136 112 204 119 193 246
141 142 121 101 23 24 25 78 256
144 31 167 295 114 139 222
145 146 147 163 255
154 122 134 182 232
160 90 68 82 57 81 212
161 9 10 11 12 267
168 131 129 273
169 143 218 272
178 105 189 270 271 110 240
179 106 92 93 130
180 155 125 126 176
188 181 171 79 83 177
194 97 65 251 262
201 8 1 2 3 4 5 6
202 117 98 118 152
203 190 231 38 70 173
206 162 14 15
207 196 197 198 250
213 100 53 54 55 175 227 50 103
214 124 20 220
215 205 245 62 153
217 216 158 183 185 199
228 149 150 164 108 111
229 170 242 7 174
233 234 224 225
235 32 21 17 16 41 94
236 165 133 91 264 286
241 283 284
248 249 77 128
258 85 263 37 254
259 195 159 115 210
260 261 135 266
268 52 39 40 151 252
269 226 86 87 88 257
274 275 296
278 72 47 48 49 107 30 45
279 137 238 285
280 281 166 186 187
282 67 56 102 127 192
288 191 243
289 123 36 291 184 265
290 230 244 277
