50
21 101 85 170 171
24 25 4 173 174 175
29 15 16 145
43 38 155 258
54 31 32 80 81 110
68 39 40 257
69 59 33 138 225
77 22 219 233
83 30 23 45 46 74 96
89 37 26 27 28 36
90 223 203 220 71 182
99 44 210 232 118
100 58 161 157 211
107 10 195 18 19 20
111 234 76 214
122 123 124 159 244
131 132 133 140 252
134 112 113 213
141 79 1 144 60 162 126
150 102 251 148 199
152 153 215
160 70 50 95
168 78 187 188 41 227
172 75 254 255 12 13
178 154 239 63 64 73 260
183 143 5 6 7 8
184 177
185 84 55 97 94 129
186 164 136 137 181
189 190 208 47 259
191 116 117 256
196 120 105 51 52 53 146
200 103 104 261
201 156 147 86 56 57 65 114
204 14 176 158 35 130
205 221 2 3 9
216 108 109 125 212
217 135 121 127 11 48
222 151 139 194
228 91 92 93 149
229 166 167 240 128 34 49
235 206
237 165 243 72 115
238 224 246 247 87 226
241 169 106 98 245
242 209 197 198
248 202 179 180 231 17 42
249 218 192 193 62 207
250 230 236 61 119 163
253 142 88 66 67 82
