63
1 2 3 4 5 188
11 89 83 84 85 109
16 17 18 172 231
19 20 21 132 238
24 25 26 192
33 34 180 181 246
41 42 50 111
59 162 163 54 48
75 216 217 218
81 44 198 199 209 229
82 78 86
93 107 108 128 204
104 87 88 156
105 67 68 97
106 219 101 102 155
112 29 30 31 174
113 94 95 96
114 76 77 205
116 49 110
120 90 91 92
121 146 201
122 69 61 241
129 51 52 235
135 39 40 71
136 137 64 65
139 140 187
143 45 46 47 55
144 117 74 177
145 161 236
147 125 230
151 12 13 14 15
152 72 6 7 8 38
158 100 60 56 157
164 200
165 148 127
167 168 70 35 36 57
170 203
175 208 212
178 22 222
179 142 43 133
182 160 247 248 249
183 184 173 234
185 9 10
189 98 99 206
190 194
195 66 53 103
196 123 124 225
197 242
207 169 213
210 134 176 256
211 232 32
223 193 191 62 63 126
224
226 159 130 131 27 138 79
227 228 28 80
239 153 154 214 215
240 23 58
243 166 118 119 202
244 245 73 233
250 141 237
252 149 150
253 171 251 220 221
254 255 115 186 37
