57
15 244 245 246 247 185
31 83 170 115 116 131 119
36 6 7 8 9 10
44 169 122 123 124 213 127 52
53 54 45 46 267
57 37 275 290 248
58 1 2 38 161 221
59 33 34 35 23 24 256
65 21 22 153 154 237
74 75 134 135 146
88 89 90 91 129 254 255
92 67 94 95 96 101
102 49 16 11 12 26
113 55 56 205
114 196 197 236
121 147 194 195 82 282
138 93 284 285 191 234 263
142 97 179 180
143 130 76 100 269
158 139 140 141 186
162 77 78 79 80 264
163 110 111 112 228
166 167 155 156
168 84 85 151 152
178 258 259 262
181 69 70 71 72 73
182 231 289 120 132
193 172 189 177
202 165 81 51 268
203 242 281 192
206 60 61 63 64 283
207 103 104 105 106 184 201
208 144 145 227
209 210 235 40 41 42
211 32 28 29 30 118 136
212 253 47 48
214 171 148 149 150
217 20 17 18 19 157
218 159 175 68 87
222 66 288 261 276 239
223 133 291 292 39 173
224 188 3 4 5
225 226 286
229 174 160 294 176 199
230 183 86 107
240 187 164 128 232 125 126
241 220 98 99 117
243 50 108 109 198
252 190 204 216 260
257 249
265 266 13 14 200
270 271 137
272 233 238 277
273 274
278 279 280 62 251
287 219 215 25 27
293 250 43
