55
15 167 46 47 48
32 27 28 41 62
49 38 39 40 42
50 230 237 210 181 170
65 22 23 24 25 266 267 146 171
78 75 169 249
82 8 5 6 7 253 236 202 21 129
83 34 35 36 37 105
84 263 264 91 225
86 69 234 89 203
87 88 109 182
98 11 12 13 3 4 119
99 16 17 18 19 20 74
106 227 200 178 187 165
110 115 116 122 212
130 33 218 219 220 259
140 141 161 162 163 164 224
151 111 112 128
156 101 96 120 121 124
160 138 211
168 135 133 147 255
173 1 2 270 226 257
177 136 148
179 222 104 189
184 55 56 26 154 188
185 186 272
194 70 71 228 229
195 196 243 144 193
197 102 103 139 265
198 66 247 61 183
199 152 275 137 192
204 145 72 10 64
205 157 123 118
208 57 51 256 191
209 153 59 60 95 250
214 190 213
217 158 81 134
221 238 239
231 58 52 53 54 125
232 132 97 223 30 45
233 180 235 117 172
240 131 92 93 94 248
241 142 143 90 126 127
242 67 68 166
244 79 80 14 63
245 149 150 29 31
246 76 77 114
252 215 73 155
260 107 108 43 44 113 251
261 206 207
262 85 201 254
268 100 9 159
269 174 175 176 216
273 258
274 271
