52
5 6 228 229
10 11 12 13 93 130 140
22 105 106 223
33 25 26 27 103
39 53 221
48 7 2 3 4 45
49 20 21 43 123
52 31 196
61 40 41 88
62 54 23 24 36 104
65 66 142 193
75 127 128 129 180
84 227 200 202
96 91 86 87 160
97 35 51 167 168
100 76 63 44 90 107
110 67 60 42 94 95
118 58 59 162 143
125 126 101 102 122 198
133 30 17 18 37 181
134 216 217 1 28
136 137 15 38
149 34 8 79 70 139
150 85 71 55 83 197
152 111 112 159
155 156 120 121 163
165 135 131 138 231
169 119 98 99
170 141 116
172 173 46 47 132
176 145 108 109
177 151 222
178 179 64 164
182 161 56 115 148
184 185 186 187
189 50 69 80 81
190 147 230
191 192 201 212
194 89 77 78 124
195 174 175 16
199 146 144 188
203 157 158
204 92 9 14 19 117
205 206 207
209 113 114 29 72 208
210 211 32 82
213 171 224
214 68
215 166 73 74
218 219
220 183 225
226 153 154 57
