67
5 12 13 14 25
22 23 24 58
28 29 30 69
32 246 221
35 178 131 132 229
40 41 42 43
52 53 104 74
54 46 47 11 44
61 62 63 68
66 67 71 77 173
75 50 51 86 144
76 218 212
78 79 80 203 204
81 59 60 1 2 88 89
82 34 72
83 3 26 105
90 184
92 36 85 125
97 73 196
98 6 7 8 216 120 121 185
99 19 39 94
100 101 133
103 106
107 91
114 115 116 117 118 119
122 123 124 126
129 93 109 110
136 9 190 234
137 242 243
140 135
141 142
145 128
152 38 20 21
154 10 37 113
158 127 27
159 160
164 84 102 134
165 161 183 219
169 150 151 222
177 130 108 230
179 138 139 168
180 157 191
186 31 15 16 17 18
187 166
188 170 217
189 33 95
192 148 149 171
193 194 228
199 45 55 56 57 143
200 201 209
205 239 163
206
207 146 244
208 210
213 155 156 111 220
214 162 195
215 227 240
224 147
225 64 174 49 167 198
226 181 182 48 96
231 65 112 172
232 202 4
235 153 70 175 176 223
236 197
237 238 87 211
241 233 245
247 248
