68
5 6 7 8 23
12 13 9 10 11 38 157
18 19 20 21 22 128
29 24 25 254
30 31
34 154 36 42 64 171
40 41 220
50 51 52 111
65
66 35 1 2 3 4
70 61 194 195
71 72 73 74 143
86 58 84
87 88 89 90 91 174
92 93 94 95 96 235
107 26 27 39
108 201
113 83
114 115 116
119 47 48 76
120 46 222 223
122 62 63 145
129 124 134 97
130 104 105 106 224
135 131 132 226 219
136 137 177
140 59 239 44 45
141 233
146 123 37 53
159 14 15 16 17 28 81 153
160 150 152 170
162 163 173
167 121 75 241
168 169
181 172 240
182 99 100
187 32 126 127
188
190 191 192 193 43 117
196 67 68 69 125
197 109 110
199 200 33
202 203 204
205 133 144
206 215
207 85
208 112 212 231
210 155 156
211 175 176 216
213 54 55 56 57
214 178 179 60 82
221 158 189
225 147 148 149
229 101 102 103 49
230 164
232 234
236 79 80 138
237 165 180
238 218 217
242 77 78 98
243 198 183 184 185
244 245 227 228 118 186
246 209
247 248
249 161
250 139
251 142 151 166
252 253
