62
1 2 244 226
14 3 4 31
15 214 190
22 6 7 70
28 147 148 149
53 54 55 134
63 33 34 35 36 220
64 92 131 62
65 43 194 195
75 10 11 12 13
76 58 211
77 78 56 152
80 16 17 18 52
83 42 29 188
89 90 116 180
97 23 197 198 199 91 150
98 47 44 187 30 221
104 46 37 38 240
105 82 60 241 242 243
108 48 49 50 51 151
109 24 21 59
117 183 141 138 127 128
122 215 216 93 136
124 125 126 72 73 144
129 123
132 66 202 203
133 71 245
139 130 158
145 85 86 87 88
146 84 67 68 192
155 156 137
159 99 19 100 8 9
160 153
163 164 165
168 157 69 193
169 20 94
174 178 179
177 161
181 119 218 175 176
182 118 112 113 114
184 185 32 74
189 186 191
196 111 107 170
201 200
208 207
212 39 40 41 61 115
213 106 95 162
217 140 120 135
222 154 101 102 103
223 209 210
224 225
227 110 57 25 45 5
228 81 26 27 96
229 166 167
230 204 205 121 79
231 232
233 171 172 173
234 219
235 236
237 238
239 142 143 206
246 247
