65
3 4 5 6 60
18 226 227 269
22 23 118 53 66 13 14
39 40 41 58
46 36 37 38 241
47 42 43 44 45 85
77 19 34 54
78 1 2 55
86 173 246 247
88 7 8 159 208
89 103 146
93 94 95 91 205
99 100 136
105 30 31 32
111 48 49
112 67 68 69 62 206
113 90 168 207 233
117 24 25 26 27 28 29 74
120 121 122 123 275
137 33 184 266
147 124 125 96 104
150 97 98
153 56 20 21 127
154 119 115 116 249
160 272 169 258
161 87 271 281
163 201 248
171 52 50 191
172 158 64 65 80
174 106 107 234 282
175 61 73
181 133 134 135 193
182 255 256 126 83 11
194 81 186 240 165 166
195 128 129 130 131 132
196 16 203
197 79 75 76 273
198 225
199 200 139 140 141 212 209
210 211 257
213 70 71 72 167
214 215 17 59
216 82 101 250
217 218 219 235
221 114 145
222 63 110 177
223 224 192 170
228 142 143 144 185
229 148 149 179 204
230 231 35 277
232
236 187 188 189 190
237 155 156 157
242 238 239 108 109
245 164 12 9 10 84
252 162 138 278 92
253 243 183 51 57 102 251
259 151
260 261 262 263
264 176 280
265 15 276
267 268 178 180
270 254 244
274
279 152 202 220
