33
26 1 2 3 248 7 238 159 17 41 95
34 23 262 243 244 4 13 40 94
47 8 110 82 69 61 241 86 135 239
48 27 9 10 151 131 123 134 158 268
96 50 29 250 217 206 225 254
119 68 208 178 182 32 53 102 198
149 108 91 105 144 242
160 111 272 14 18 54 184
165 114 103 263 127 154 220 38 73 171
172 67 43 227 195 152 153 202 62 113
173 132 118 104 109 155 233
175 49 28 19 15 256 253 52 56 74 130
176 117 90 252 240 164 211 267
179 66 35 166 122 51 55 83 138 194
180 140 121 20 21 25 33 75
185 76 57 235 201 216 232 271
186 150 124 24 228 266
187 192 157 45 88 92 136
189 77 5 65 125 148 214
190 156 137 79 245 42 85 265
199 162 142 168 80 93 145
204 89 63 36 251 230 231 237 258
205 161 141 30 31 16 112 223 106 203
226 177 147 133 143 197 222
229 181 174 219 264
234 188 270 236 196 210 259
246 81 64 44 11 12 58 71 100 146
247 209 218 99 129 183
249 200 163 167 207 257
255 224 6 37 39 46 59 101 170
260 120 97 78 70 84 126 213
261 139 98 87 115 128 169 22 60 107
269 215 191 193 221 72 116 212
