59
15 16 1 2 3 4 74
21 22 73
54 55 56 57 52
61 7 8 9 10 11 215
66 44 236 25 26 78
69 30 31 32 180
70 13 14 76
79 67 17 18 33
80 81 82 197
87 34 23 24 166 254
88 89 135 164
96 97 71 72 91 92 40
98 99 112 161 245
103 41 191 210 211 212
108 109 84 85 86 244
110 111 220
113 42 100 137
118 45 19 20 51 165
119 107 139
130 58 59 60 162
131 35 5 6 12 138
133 120 185 186 187 188
134 144
140 46 47 48 49 50 123
145 126 127 128 129
146 147 136
148 68 90 198 232
149 150 208
154 83 75 199
155 156 157
167 94 95 169 203
170
171 125 64 27 28 29
172 142 143 153 225
173 261 228
190 104 63 259 260 243
194 195 239
200 151 152 202
201 176
204 114 115 116
205 163 53 189
207 206 227
209 158 159 178 179
213 174 175 121 122
216 43 241 242
217 218 38 77 233
221 105 106 219
226 222 223 237 238 184
229 181 182 183 196
230 231 39 93
234 235 214 124
240 192 193 224
246 62 36 37 65
247 248 249
250 141 132 101 102 117
251 168 160 177
252 253
255 256 257 258
262 263 264
