49
2 260 255 256 49 193
21 95 78 58 53 64 247
32 101 42 43 227 15 28
41 8 9 10 11 12 13
76 23 24 25 26 29
77 57 59 50 1 188
84 52 269 273
87 150 218 180 182 199
105 71 72 279 146 147 27
106 70 254 61 62 63 139 274
111 56 48 167 175 166
117 185 152 153
122 123 124 135 99
127 3 97 98 280
136 5 6 200
137 138 4 234
143 235 213 214 44 130
148 85 60 68
149 88 67 244 245 246
154 73 206 249 257
158 92 261 79 94
159 144 145 192 263
169 102 93 142
170 171 16 17 262
176 34 232 233 40 54 194
177 107 108 109 125 75
178 155 89 90 91 271
179 173 174 187 205 31 131
183 113 114 128 129 18 19 20
184 118 103 104 162 228
189 272 266
196 80 81 82 83 116 210
201 156 157 165 195 30 100
216 51 202 190 191 270 243 46 47
217 151 140 181
222 276 65 66 264
225 268 265 248 120 121 215
229 186 86 110 163
230 197 198 277 164
231 207 208 115 74 126
237 112 96 119 7 212
238 226 211 221 141 250
251 69 35 36 37 38 39
252 172 132 133 134 168
253 219 220 209
258 33 22 160 161 236
259 224 14 45 55
267 239 240 241 242
275 223 203 204 278
