58
15 222 157 190
21 11 65 28 140 234
29 8 9 10 37
40 117 118 119 179
43 192 193 194
45 46 41 42 82
56 35 258 223 240
59 23 12 3 4 5 6 83
60 116 102 121 246
66 30 31 7 120
76 17 87 239
85 18 19 2 25 75
86 238 137 115 241
92 93 79 80 81 188
97 38 131 126 128 159
98 265 168 271
101 106 107 108 109
113 72 189 197
124 67 58 153
125 122 123 224
129 24 33 174
138 27 94 95 96
148 210 211 232 178
154 52 53 47 48 49 84 216
155 132 133 130 247
167 173
171 68 69 70 147
180 111 20 51
181 149 103 175
184 134 135 136 158 266
191 139 151 245
195 196 227
198 99 54 74 170
202 203 50 169
204 78 39 89 90 165 259
209 172 215
212 161 13 250 251 32 144
213 214 256
217 73 100 166 260
218 219 36 63
220 71 61 62 207 143 34
221 145 182 26 110
225 185 186 187
228 114 112 146 160
229 199 164 261 91 105
230 231 1
236 22 14 150
237 205 206 162 55 141
242 156 142 262
243 176 177 233
248 77 16 268 254 255
249 226 235
252 127 64 57 152
253 200 201
257 244 183
263 264
267 163 44 88 208
269 270 104
