54
2 3 4 5 30 31 32 56
9 10 11 12 13 14 233 8 197
19 20 21 168 191
36 27 28 33 34 35 198
47 216 239 240
57 26 252 95
59 60 258
61 62 63 195 209
71 65 66 153
98 42 43 44 160
99 255 256 257
115 72 73 74
116 87 85 214
124 86 16 17 18 75
128 90 88 222
134 135 136
137 37 158 159
140 100 6 78 84 246
141 102 92 93 97 110
147 237 238 76 79
149 107 152
155 38 39 40 41 53 187
156 51 52 54 219
161 130 127 190 7 55
162 104 108 94
166 138 254 220 221
167 189 143 144 175
169 125 126 111 91 218
170 148 118 146 165
172 132 133 245
178 179 229
182 81 215 77 89
188 211 212 22 23 24
192 129 48 49 117 101 122
193 139 163
194 120 112 234
199 58 25 1 183 184
200 231 249 15 29 154
204 150 121 196 45 46
205 206 207 208
210 80 68 69 70 105 181
223 131 113 123
224 225 228 180
226 201 202 145
227 82 109
235 157 151 177
236 171 164 176 244
241 173 174 213
242 203 217
243 64 83 114
247 185 186 230
248 50 96
250 106 232 253
251 142 103 119 67
