58
6 7 8 9 10 11
13 14 15 16 17 18 19 20 25
41 21 263 264
52 26 27 28
57 43 201 200 48 49
64 237 187 214
69 45 46 44 163
75 136 137 151
87 53 12 35 63
96 97 132 156
99 65 66 67 86
100 33 34 68 85
101 102 103 104
117 205 206 207 262
126 127 77 78 261
128 129 185
130 71 72 22 79 265
131 42 225 243 244
138 139 140 182 135 169
146 30 56 62 116
149 133 134 155 208 209
150 257 248 39 74
153 106 157
158 76 37 32 80
159 54 55 98 168
160 161 162 73
164 82 83 84 105
165 253 31 47 92
170 125 90 110 229
171 143 142 167
173 118 113 114
175 1 2 3 4 5 81
176 144 145 202
180 88 89 29 40
189 58 59 60 61 215
190 70 50 51 112 221
191 120 121 240
192 193 188
196 36 177 178 230
197 172 220
198 199 91
204 123 93 94 95 107 223
210 154 166
216 211 212 213 111 122
224 147 148 183
226 181 260 259
232 108 109 179 231
233 234 236
238 227 194 195 228
245 222
246 217 218 249
247 239
250 124 258 219
251 141 119 186
252 235 115 152
254 174 184
255 241
256 242 38 23 24 203
