62
18 55 56 81
24 194 195 196 197 198
30 31 32 57 58 174
34 6 7 8 9 10
37 38 39 40
44 14 98 130
51 52 85 207
53 49 50 15 16
54 20 173 156
69 62 208
70 71 17 227
74 75 12 13
76 11 28
77 65 66 67 68
78 79 90
83 22 33 205
91 29 72 99
92 93 94 103 104
105 106
107 19 157 155 100 101
108 220 221 48
111 112 166
113 46 47 73
116 218 219 89
121 117 131
123 63 64 206
126 127 122 170
133 163 110
139 114 115
140 42 43
141 125
145 84 96 97
148 128 143 59
152 21 23 36 167
153 180 181 182
162 134 135 136 137 138
164 165 4 5
168 190 124 60 61
171 45 26 27
175 176 142 144
177 178 179 184 1 2 3
183 239
187 160 161
189 226
191 192 202 87 88
193 172 132 201
199 200
203 204
209 232
211 212 213 215
216 41 35 80 82
217 188
222 223 109 210
224 95 118 119 120
225 169 86 102 186
228 229 230 231 129
233
234
235 154 146 147 214
236 149 150 151
237 158 159
238 25 185
