43
15 207 208 218 105 186
18 230 156 157 206 245
22 6 193 279 259 260 54 185 166
30 31 32 33 34 35 48
39 121 283 249 250 195 238
43 7 182 161 239 144 221 96 252
51 49 50 16 17 42 97
61 23 24 164 75 129 165 133
66 52 53 58 162 251
77 44 45 276 116 132 256
91 19 20 84 85 139
92 67 62 59 60 197 258
110 87 8 9 10 86
118 78 55 56 57 100 47 134
126 203 194 125 257
135 136 137 138 178 255
167 72 69 46 286
198 98 93 80 94 171 117
210 73 68 63 64 65 226
211 143 141 217 244 36 102
212 163 160 149 196 1 2
222 83 40 41 21 70
223 224 173 174 209 241
227 120 27 28 29 38
228 229 188 189 190 219
231 74 112 113 114 179 37 180
232 168 169 170 261
236 124 103 151 200 201 282
237 181 128 142 158
242 225 152 153 263
246 106 99 107 108 109 147 148
247 192 269 270 271 272
248 253 243 146 150 240 202
264 25 11 280 76
265 26 191 111 122 233 81 130
266 172 204 205 214 287
267 187 213 176 177 254 115 262
268 3 140 183 184 281 145
273 119 154 284 285 234 235
274 175 199 155 104 131 5 71
275 220 12 13 14 95
277 82 79 90 88 89 159
278 127 216 4 123 215 101
