68
13 14 4 5 6 2 3 180
32 195 139 140 141
41 42 38 39 70
49 50 18 19 58
54 27 28 76
55 26 20 21 40
56 35 36 37
60 71
61 43 44 45 46
65 66 1 242
80 81 82 113
91 92 93 94 95 96 190
99 100 101 9 97 111
102 103 104 165
105 106 62 63 64 128
116 117 78 75 7 59
122 123 208
125 126 127 224
137 138 89 98 200
146 90 154 210
147 74 245 246 248 249
150 268
157 158 159 160 161 162
166 143 207 223 281
170 132 29 114
176 177 178 199
181 148 149 234
182 183 184 185 186
191 15 16 17 31 230
192 8 151 134
194 33 34 72
201 73 67 68 69 142
202 10 11
203 204 239
205 85 86 87 290
206 189
211 212 22 23 24
214 167 168
215 216 12 30 156
219 220 221 222 118 119 179
225 112
226 187 218
227 228 198
231 232 233 274
235 129 130 131
236 217 237 257
238 213
240 241 120 121 188
243 244
250 77 51 52 53 124
251 252 253 254 255
258 259 260
262 25 171 172 169
263 107 108 109 110 175
264 196 197 229
265 256
266 267 144 145 209
269 79 47 48 57 163
270 287 164 115
275 173 174
276 277
278 279 280
282 193 133 261
283 247
284 271 272 273
285 152 135 136 155
286 153 83 84
288 289 88
