50
9 10 11 107 125 102 103 126 234
15 16 17 18 99 4
25 26 27 28 29
39 40 2 266 215
44 45 46 47 84
50 51 52 53 54
55 56 191
57 231 232 268
60 5 217 218 98
61 62 63 64 65 109 165
67 12 140 208 202 203
72 73 74 75 209 210 149 269
78 116 59 153 187 89 33 143
85 71 141 145 192
106 204 104 100 101
115 36 37 38 83
127 168 169 260
131 22 255 256 233
152 1 93 108 214 257
157 189 128 129 113 82 148
161 132 112 223
174 41 42 43 77 199
175 190 162 185
177 134 166 167
183 184 137 6 7 8 20 66
186 164 24 34
193 195 163 229
200 79 68 222 58 196 96
201 19 35
206 194 122 123 97 3 49
207 220 253 254 267 188
211 178 179 180 146 114
212 144 13 14 21
219 139 142 224
221 158 205 172 119 120 156
230 248 249 105
235 80 81 138 216
236 226 227 228
241 242 243
244 136 92 32 181 182
245 159 160 76 130
246 171 176 90 147
247 225 197 150 151
250 31 117 118 23 48
251 252 237 238 239 240
258 213 133 173 124 261
259 30 69 70 110
262 86 87 88 135 91 170
263 111 94 95 121
264 265 154 155 198
