53
9 4 5 6 7 8
18 19 20 21 22 23 24
31 32 26 262 264
45 46 35 253 226 239 106
51 47 33 56 163 153 159
54 1 231 232
60 10 11 12 13 141
61 28 29 30 39 40 70
86 87 88 2 14 15 16 166
89 62 63 208 227
117 118 112 105 116 127
119 120 34 234
137 108 109 207
143 75 76 74 78 223 49 69 184
148 149 115 98 128
154 94 95 64 85
155 150 122 216 3 25
156 132 126 100 121
161 157 259 151 211
177 55 224 189 256
178 67 125 142 217
180 191 135 17 83 215
185 139 190
188 187 221 50 203
196 171 167 255
199 181 158 201
204 205 241
209
212 107 103 104 266
213 197 198 57 58 37 38
218 124 250 84 173
219 175 210
225 93 200 146 147 165
228 268 265 113 133 194 240
230 214 27 65 66
236 162 152 99 182
237 179 193 110 111
245 41 42 43 44 129 130
246 138 136 170 202
247 90 91 92 101 168
248 229 160 206
251 114 96 97 176
252 131 174 53 68 140 59
257 134 52 220 244
258 222 77 79 80
260 144 145 71 72 73 123
261 186 172 233
267 242 243 36 102 272
273 195 81 82 48 269 183 235
274 192 169 164 271
275 249 270
276 254 278
277 238 263
