64
1 2 3 21 100
4 5 6 7 8 9
10 11 12 13 14 30 118
19 20 101
22 23 15 16 216
33 34 35 198
36 37 38 145 31 32
40 41 188
43 208 242
45 46 47 67 182
63 64 65 66 251
68 69 39 169
73 74 72
80 81 82 103 104 121
84 59 60 61
91 52 53 24 181
92 93 94 234
102 215 87 105 106 174
107 78 79
111 112 110 203
114 115 206 217
122 123 27 28 29 42 117 207
124 125 126 120
137 130
138 139 86 164 150 193
147 148 149 165
152 153 176 177
155 98 89 90
157 70 54 55 56
160 58 250
161 113 191 192
163
170 95 96 97 154
179 108 71 77 116 236 247
183 140 109 75 76 129
184 85 62 151
185 141 142 143
186
187 131 132 119 136
189 83
194 171 222 133 134 144
195 162 135
196 226
199 180 44 51
200 201 202
204 205 227
209 175 233
213 57 25 26 50
214 239
219 210 211 212 146 178
221
223
225 197 172 224
228 166 167 168
229 158 159 252
230 231 232
235 48 49 88 173
237 238
240 190
241
243 220
244 218 17 18
245 246 99 127 128
248 249 156
