65
15 16 17 187
18 19 20 164 165
21 28 29 30
23 1 2 3 4 5 32
24 25 26 27 75 135
38 39 40 41 6 7 8 9
47 48 49 138 139
50 51 52 53 54 55 133 134
58 59 34 35 36 37
62 22 237
65 66 67 76 77 78 108
73 94 204 205
79 80 90 175
88 89 140 141 173
91 92 93 95
96 10 11 12 13 14 109
103 33 273
104 61 151 162 163
110 111 60 42 233
112 113 84
114 81 82
115 116 117
124 125 120
130 43 44 45 46
137 198 199
146 136 68 69 70 231 232
147 148 149 150
154 144 145
157 56 57 271
158 63 64 83
159 142 143 166
167 105 106 107 152 153
168 169 170 217
178 179 194 31
180 181 190
182 85 171 200
185 86 87
186 132 274
191 126 127 128 172
192 193
196 197 216
206 131 118 119
215 207 208 228
218 219 220
221 213 214
222 155 156
225 248 249 183 184
234 160 161 246
238 239 121 97 98 99 100 101 102 229
240 241 74 174
242 209 210 211 212
243 244 245
247 226 227 257 258
250 251 235 236
253 254 252
259 201 188 189
260 122 123 129
261 202 203
262
263 264 265
266 176 177 195
267 268 223 224 71 72
269 256
270
272 255 230
