59
2 3 4 200 225 154 146 275 276
16 17 23 24 25 233
26 27 28 29 30 31 127
49 45 7 8 9 10 11
81 37 38 39 199 284
84 50 1 18 19 20 21 22
88 61 62 63 64 265
102 95 96 97 98 170
103 104 105 66 148 213
107 82 53 54 55 126 142
109 110 111 235
117 118 119 308 298
131 100 293
136 83 35 36 251
143 41 42 67 135
144 69 70 252
153 87 32 33
156 138 139 121 241 56 176 224
164 52 46 255 226 227 134 283
165 108 57 58 5 6 191
166 167 168 286 43 161
171 94 12 13 232
172 173 133 289 290 207
178 210 211 196
179 99 86 34 14 40 60 230
180 112 113 115 141
186 85 68 51 169 264
187 114 92 302 288 282
193 149 150 151 297
194 195 159 160 305
201 128 129 90 91 78 79
202 182 183 184 277
203 137 80 74 75 77 285
204 205 206 228
208 209 132 71 147 177
214 89 216 217 218 198
215 130 123 124 304 44
219 220 248 249
234
238 239 262 263 270
246 231 125 247 242 243 244
253 254 47 48 72 73
257 258 93 122 192
260 181 157 101 229
261 240
266 158 155
267 268 269 106 185
271 256 163 140 250 259
287 188 189 190 281
291 237
294 295 174 175
296
299 152 145 116 59 197 76
300 236 120 223 245
301 278 279 212
303 15 65 162
306 272 273 274
307 292 280 311
309 310 221 222
