45
45 14 1 197 170
46 10 9 6 29 137
72 52 43 99
76 40 41 103 109 174
80 26 23 211 8 35 110
81 28 24 25 88
94 15 106 48 232 249
95 47 36 243
111 37 38 3 13 142
114 65 22 4 5 17 20
127 96 31 69 91
132 193 143 151 161
147 105 73 56 53 54 55 75 124
152 115 66 67 185 217 42 126
153 247 138 242 194 34 7 30
156 32 33 187 199 206
163 100 98 101 68 167
164 134 141 140 196
179 180 82 77 70 71 79 175
181 129 84 85 62
191 21 11 12 19 226
192 120 89 125
200 157 158 155 205
207 112 93 78 74 104 44
208 119 222 215 216 2 60 61 87
209 210 165 176
212 128 201 202 172 188
213 169 195
214 168 145 166
219 220 250 102
227 51 27 18 57 58
228 144 117 118 183
229 149 150 173 186 231
230 49 50 190
233 198 218
234 16 182 221
235 133 107 108 123 146 39 92
236 204 203
237 116 59 139 113 159 90 131
238 154 121 122 130 225
240 171 160 136 178
241 246 184 162
244 148 97 86 189
245 239 177 223 224 251
248 83 63 64 135
