62
1 2 3 4 5 6
11 12 13 14 166
22 23 109 119 120
26 27 28 18 19 80
30 31 32 33 193 160
51 46 47 71 103
60 121 76 77 67
64 43 44 228
74 42 29 227
75 48 49 40 68
81 188 189
84 78 79 136
94 24 25 82 83 229
95 52 53 50 125 126
96 97 98 99 237
100
104 20 21 7 8 9 10
105 106 246
115 70 90 91
122 123 92 93
129 108 173
137 138 130 131 209
142 111 87 88 39
143 73 113 114
144 116 107 200
147 148 149 150 151 146 199
152 153 161 162
154 155 217 218
157 158 159 238
167 168 169
170 171 172 185 198
174 175 224
176 177 225
180 15 16 17 55 56
181 182 101 102 236
184 183 89 110
190 61 62 63 140 195
191 192 127 128 214
194 156 239
196
201 139 221
202 163 117 112
203 85 86 124 45 69
204 65 66 54 197 141
205
206
207 208
211 132 133 134 210
215 57 58 59
216 231
219 220
222 178 145 118
226 34 35 36 41
230
232 179 213
233 223
234 235
240 241 242 243
244 212 37 38 135
247 72 245 164 165
248 186 187
249
