49
35 25 7 8 19 61
51 6 148 92 107 108 136 188
64 24 17 18 34 40 41 182
76 77 52 53 47 48 112 144
90 78 56 57 58 59 60 138
105 106 243 244 263
109 79 80 81
120 102 223 208 192 9 10 11
121 20 246 247 228
125 126 117 118 164 230
130 36 4 261 262
131 65 66 67 68 74 161
133 91 69 70 71 86 181
134 22 12 21 30 101
152 31 16 200 163 156 187
153 43 44 27 28 49 75
154 252 253 220 232
169 93 94 95 114 198
170 157 249
174 145 87 88 100 141
190 110 111 29 50
195 132 127 128 173
203 139 135 178
204 171 99 116 177 137 217
207 206 272
209 37 33 104 97 151
210 103 113 119 83
219 214 215 212
226 158 149 143 1 2 3 42
235 55 32 26 271
236 172 254
237 238 140 221
240 211 202 186 96 194
241 155 123 124 98 129 233
242 205 166 159 160 213
245 224 73 63 89 199
248 239 183 184 179 267
250 142 62 5 13 14 15
255 162 122 84 85 115
256 251 231 167 150 197 273
257 147 180 216
259 225 218
260 191 168 193 165 222
264 46 38 39 45 54 82
265 227 146 229
266 23 72
269 175 176 234
270 196 189 258
274 201 185 268
