60
7 8 9 10 11 129 179
14 15 16 17 41 144
34 35 36 33 145
44 26 244
45 20 21 175
68 69 4 5 58 117
74 63 57 133
75 59 12 13 25 88
76 77 53 54 55 56
79 60 61 62 125
84 30 31 32 67
91 134 126 118 119 249
96 97 98 167
101 37 49 116
106 107 205 206
111 112 113 114 141
131 132 210
142 143 170
146 29 2 40 140 235
147 148 245 246
150 151
152 153 233 217 223 165
156 137 138 99 100 73
157 22 18 19 27 28
162 6 1 52
163 38 39 229 81 82 83
164 46 47 48 193 218
171 172
173 174 23 24 87 201
180 120 121 122 176
182 42 43
184 177 109 127 155 194
185 92 93 94
186 123 128 66 183
191 78 124
195 108 168 85 86 104 202
196 110 95 220
197 198 192
199 200 50 51 189
203 80 64 65 178
204
207 181 169 188
211 89 90 226
212 105 135 136
214 213 149 219
215 187
216 159 160 161 115
221 166
224 240 209
228 70 71 72
230 231 3 130
232 158 139 227
234
236 208 190
237
238 102 103
239 225
241 222
242 243 154
247 248
