59
1 2 3 4 5 111
27 11 20 229
29 30 31 227 245
35 36 236 237 238 239
42 43 175 176 230 231 65 122 266
48 49 50 51 52 103
61 62 56 193
67 68 69 167
71 72 75 76 77 186
80 184 191 265
90 91 46 47 84 194
93 58 53 117
97 98 14 15 89
104 105 78 37 38 39 40 41
106 100 121
112 113 114 115 144 192 202
118 119 85 86 87
125 126 120 207
130 131 215 216 217 205 206
133 57 66 124
142 143 81 82 83 276
146 147 94 95 108 197
149 150 127 128 129 185 196 254
154 155 166
157 158 139 161 162
168 28 17 18 19 92
170 171 134 156
174 44 45 263 264
178 179 180
181 182 183
187 21 22 23 24 25 26 34
188 169 151 59 54
189 152 153 228
190 55 116 60 110
198 199 200 201
203 204 88
208 135 136 137 212
209 210 211 272
213 214 160 163 164
220 221 165 253
224 63 64 73 74 109
225 226 218 32 33 70
235 234
240
243 244 79
247 172 173
248 249 250
251 252 275
255 256
257 6 7 8 9 10
258 159 132 138 140 141
259 99 101 102 123 232
260 177
262 107 148 96 145 219
267 268
269 270 195 241 242
271 12 13 16 246
273 233 222 223
274 261
