54
1 2 3 219 18 28
39 16 5 47
55 56 263 41 70 176
66 43 25 20 21 51 274
67 44 103 89 126
77 61 37 45 155
96 78 80 4 15
101 40 35 209 268
105 106 254 264
116 72 73 59 60 76 175
117 10 11 12 13
118 58 64 7 8
127 33 34 31 32 30
133 42 36 19 173 147 186
134 128 221 153 88 113 245
135 129 142 143 236
148 22 23 154 174 246
159 119 74 75 69 112 210
165 91 92 93 131
166 90 81 57 38 29 17
177 94 84 85 141
188 97 48 49 50 158
189 178 222 183 267
194 9 14 123
196 110 111 217
203 115 130 151 214
204 140 180
205 120 121 122 108 244
208 218 216 272 275
211 163 179 193 27 132
215 206 207 252
220 212 192 107 202
225 86 52 53 54 273
226 227 167 168 169 185 276
228
230 231 24 109
232 197 198 199 200
234 235
238 161 139 136 125 138
239 162 137 156 201
240 259 278
247 160 68 62 63 71 144
248 213
249 237 255 65 181
250 251 100 187
253 182 98 99 157
256 102 87 79 241 242
257 190 191 104 145 172
258 149 82 83 124 171 146
260 233 195 229 223 224
261 262 164
265 152 150 95 170 243
266 6 46 114 277
269 270 271 26 184
