61
10 11 212 190
17 18 19 20 21 22 23 47 264
30 12 26 28 252
36 37 38 278
48 49 33 34 35 73 84 261
55 2 270 202 165 209 210
56 16 88 104 263
61 62 63 67 93 94 95
65 40 41 42 103 154 101
69 64 188
90 66 44 45 68 281
116 96 81 82 83 211
128 92 114 115
129 87 89 178
132 70 71 72 146 206
133 86 27 60 167
134 85 74 75 159
142 124 125 126 256
148 109 76 205
151 152 119 214
155 138 139 166
156 113 131
162 215 193 275 272 13 231
168 135 136 105 106 187
174 149 144 160 248
175 117 118 242
179 97 141 150 173
183 157 158 1 147
184 137 145
189 194 247
191 31 32 241 246
192 122 123 232
196 3 4 14 15
201 180 181 182 102 229 53 54 207
203
219 108 107 200
220 164 153 177
221 185 186
223 77 195
225 199
227 198 169 170 171
233 5 6 7 8 9 80
234 130 204
235 172 255
237
239 143 110 111 29 120
240 222
243 163 50 51 254
245 78 79 161
249 140 99 100 224
250 98 244 176
251 226 228 208 197 238 52 230
260
265 43 39 46 127 253
266 121 57 58 59 112
267 262
269 91 271 259 236 24 25
274 257 258 273
276 216 217 218
277 268 213
279 280
