57
43 14 15 16 17 34 98
44 33 61 57
52 4 5 6 7 3 28 156
58 49 135 136 116 239
63 10 11 12 227
68 69 70 95 84 192
72 45 22 23 83 229 155
75 50 51 97 42 154 162
76 60 65 111 175
87 88 73 74 241
92 89 78 71 231
130 105 106 246
131 38 66 67
139 77 41 221 222
142 93 91 115 120 201
143 90 99 100
149 102 103
151 1 2 262
152 153 236
157 59 40 35 101
158 64 110 123 124
159 160 161 205
163 121 122 194
167 168 243 244
171 118 119 179
176 36 29 30 31 117
177 137 94 165 216
181 172 104 183 240
184 185 203
186 187 144 145 199
188 189 190 191 230
196 113 46 47 48 195
197 114 170
198 147 148 258
202 237 32 146
208 13 129
212 178 211
218 53 54 55 56 109
219 220 214 62 107 108 245
224 225
226 164 138 96 112
232 81 82 126 127
233 234
235
238 213 210
242 174 79 125
247 132 150 182 228
248 206 207 215 259
249 80 37 18 19 20 21 217
250 133 134 166 261
251 193 209 223
252
253 39 24 25 26 27 200
254 180 140 141 204 8 9 128
255 173 169
256 257 85 86
260
