55
8 1 2 3 4 17 76
9 10 11 215 214 244
29 30 31 86 135 197
67 5 6 7 45 208
71 46 47 66 131
79 62 222
82 18 14 15 40 51 126
83 70 81 136 246
87 88 22 23 24 44 169
90 91 92 242 243
96 36 74 121
97 73 101 207
104 68 59 43 48 217
113 89 93 225
117 55 53 25 26 27 102
118 119 120 125
127 128 124 130 149
139 123 107 122
143 105 106 77 111 247
150 254 231
155 151 147 146 248
158 84 56 50 78 182
162 49 166 200 256
163 164 112 183
170 114 234
175 176 134 196 13 198
180 33 12 41 63 236
184 133 34 35 37 38 52 137 138
189 171 251 252
190 157 152 153 206
199 240
202 98 99 100 167 168 241
203 178
209 108 80 142 21 39 103
210 64 65 75
211 159 160 161 181
212 173 154 179 201
219 258 191 174 269
224 145 57 94 95 223
226 156 109 110 115 116 42 132
229 195 235
232 140 141 148
233 185 129 172 245
237 144 72 60 61 218
238 85 165 186
239 54 228
249 58 266 261 262 16 28
250 230 192 193 221
253 69 267 268
255 259 260
257 220 216
264 32 19 20 213
265 227 177 194
270 187 188
271 204 205 263
