59
1 2 3 4 5 6 23
7 8 9 10 11 51 52
12 13 14 15 16 31 37 157
40 20 181 207
67 49 87 69 164 179
72 73 33 34 35 36 39
80 81 41 42 184 185
82 64 65 66 208
96 97 46 47 48 70 165
98 68 63 107
114 115 254 255
123 58 59 54 55 21 22
129 130 124 125 161
132 117 24 71
133 134 135 187
136 118 146 259
143 53 43 44 45
144 60 77 78 209
149 90 142
150 103 104 95 76 91
151 190 191 192 237
154 188 189
158 137 88 126 127
166 17 119 120 105 110 116
171 111 112 177
172 102 74 38 86 79
175 174 156
180 159 160 202
194 195 200
196 197 198 162 145 152 227
204 99 100 101 193
205 109 182
206 214 215 25 26
210 131 121
211 232 18 19 32 108
216 93 94
217 122 155 128 212
218 219
220 138 139 140 141
221 163 226
223 75 56 57
224 199 248
228 229 168 169 170
231 92 85 106 203
241 27 28 29 30 176
242 201
245 235 236
246 247
249 173 147 148 186
250 178 256
251
252 225 233 234
253 230
257 167 239 240
258
260 261 89 83 84 113 153
262 243 50 61 62 183
263 222
264 213 238 244
