57
33 28 52 53 54 106
68 69 77
97 61 76 80 168
98 30 31 32 37 38 201
99 2 3 4 60
107 64 19 9 10 11 158
109 83 119 180
112 108 56 16 17 18
113 46 47 48 49
114 115
117 118 129 219 220
121 122 78 59 200
132 73 95 96 120 139
140 57 153 148 164
141 133 104 105 241
146 142 223
149 232 233
154 135 195 184 79 125
159 65 66 67
160 111 156 178
161 166 123 124 225
165 103 50 51 93 238
169 170 163 188
171 162
172 240
173 174 101 134
181 34 35 1 62 63 102
182 55 8 7 5 91 217
183 88 89 127 191 192
185 186 167 58 94
190
193 71 84 110 198
194 128 143 6 45
204 81 20 21 22 23 224
205 82 145 136 137 230
206 207 208
209
210 211
212 25 26 27 70 44 239
213 187
214 215
216 235 236
218 179 152 157
221 147 90 144
222 234 15 24
226 116 12 13 14 196 197
227 39 40 41 42 43 199
228 202
229
231 150 100 36 74 131
237
242 243 244 151 126 138
245 248
246 247 29 72 92 130 203
249 75 155 85 86 87
250 189 175 176 177
251
