66
6 7 8 9 25
19 20 21 22 17 18
26 27 28 29
30 31 32 38
33 34 35 62 133 134 154
39 40 41 42 142
43 44 45 90
59 60 204
64 52 12 13 11
65 66 63 213
69 70 71 72 73 4 159
83 237 58 149
86 47
94 95 96 97
105 106 99 51 227
111 112 49 36 123 124 125
115 84 98 185
116 100 118 87 88
127 119 120 247 248
128 67 68 109 209
129 110 178
130 131 132 14 15
136 23 205
137 2 3 1 37
143 144 113 207 208
150 151 197
155 156
163 138 139 153
164 165 166 215 259
167 168 145 146 147 148
173 117 101 102 140 89
174 107 108 121
175 169 193
176 177
181 92 93 152 5 24
182 183 126 190
187 188 186 46 104 179
191 192 170 171 141
194 162 226
195 196
200 78 79 80 81 82 103
201 202 203 74 75 76 172
206 53 54 55
210 211 212
216 217 218 219
220
223
224 180 221
225
228 229
231 184 135
232 233 234 235
236 198 199
238
239 10
240 160 161
241 242 243
244 57 56 50 122
245 246
249 189
251 252 157 158 222
253 254 85 77
255 48 16 114 91
256 214
257 250 61 230
258
