67
10 208
25 26 27 28
33 34 35 36
45 19 20 21 22 23
55 56 57 58 75 101
59 60 61 62 182
69 13 14 15 16 17 18
70 46 47 41 198 187
76 49 29 190
84 85 148 149 212
86 247
88 2 1 31 32
89 65 66 11 133
91 92 24 134 135
95 96 48 103
97 98 99 100 147 12 191
104 37 255
105 165 166
106 107 252 234
111 112 113 114 115 116
119 52 53 54
120 121 122
126 127 128 129 38 39 40
130 77 78 79 50 51
136 117 118
137 138 139 181 63 64
141 90
144 71 72 73 74
145 132 216
151 131 80 81
152 153 102 125
159 82 83 123 124
164 160 161
168 30 42 43 44
171
172 173 174 175
176 177 108 109 110 202
183 184 248
185 186 197
192 146 167
203 179
204 6 7 8 9
205 178 162 163
209 210 211
213 156 157 158
217 206 154
218 67 68
219 189 250
222 93 94
223 195 207 245
224 3 4 5 231
225 226
227 228 256 230
232 193 155 142 150 200
233 180 235
236
237 238 229 257
239 194 87 140 251
240 214 215
241 221 188 143
242 169 170 196
243 199
244
246 201
249
253
254 220
