67
9 10 11 12 60 61 87
22 15 27 234
23 289 215 217 240 51 226
46 47 136 91 92 93 86 62
53 54 36 37 211
64 70 71 72 236 237
80 17 18 5 6 159
89 44 189 124 125 8 235
102 30 31 32 33 34
105 16 13 270
106 83 84 140 169
107 108 109 110 111 187
117 148 149
119 120 104 207 208 38 150
137 204
138 139 188
143 129 130 131
144 145 146 202 203
154 172 173 218
160 81 82 28 29
161 162 122 112 77 78 79
163 164 241
166 75 76 74 68 153
167 14 48 233
178 276
179 73 63 49 50
184 121 147
192 39 40 41 42
193 165 271
194 103 90 43 1 2 3 4
195 196 197 232
198 151 287
205 171 182 183
206
209 210 175
212 65 58 45 52
213 214 262
219 220 221 21 135
222 97 98 99 100 101
223 224
228 229 113 114 115
230 24 25 26 35
242 155 156
244 170 133 134 176
245 123 141
246 55 56 57 116
248 225
249 66 59 85 94
250 251 69 177
252 253 254 126
255 174 168 157 152 238
256 199 239 158
260 261 290 288
263 142 95 96 259
264 227 258
265 266 267
268 180 181 186
269 185 200 201
272 190 191
273 257
274 275
277 127 128 67 118
278 279 280 281
282 132 7 231
283 19 20 247 88
284 243 216
285 286
