64
5 1 2 3 4 172 158
6 7 8 9 10 11
14 15 49 86 120
22 23 24 25 115
27 238
43 26 73 74 75 240 241
51 52 53 147
54 28 29 30 31 32 186
55 56 57 104
58 59 135 136 169
66 67
68 69 70 71 72 109 179
89 12 13 130
90 88 184
91 92 140 204
95 41 42 85
99 100 101 50 114
103 44 45 155
110 64 96 97
111 112 113
116 117 118 171
122 123 124 125 126
141 16 17 18 19 33 34
148 149 150 76 77 78
156 20 65 87
165 129
166 131
168 161 162
174 175 46 47 48 119
176 167
177 163 247 248
180 249
187 145 224 21 98
188 106 107 108
193 127 128 84 132
194 185
195
196 35 36 37 38 39 40 121
197 79 80 81 170
199 142 143 144
200 201 219
205 138 139 203
206 93 94 82 83
207 164 137
209 210 211
212 208
213
214 215 202
216 191 192
217 218
220 189 190 159
223 160 153 154 146
225 221 222
226 152 239
228 102 178
229 230 231 232 233
234 227 105
235 173
236 181 182 183
237 198 157 151
242 133 134 60 61 62 63
243 244
245 246
250 251
