60
14 15 16 4 209 210 235 236
22 23 24 25 12 13 91
31 32 227 228
37 38 39 33 146 147 223
53 54 55 90
64 65 21 48
69 8 9 10 11 46
73 74 1 2 3 140
80 72 165
86 87 78 79 136
96 57 58 36
98 99 63
103 104 105
106 107 108
109 110 111 112 113 5 6 7 218
114 115 100 101
116 17 215 216 207
117 97 176 177 178
118 61
124 125 126 149
127 128 49 50 51 81
129 40 41 42
130 131 221 226 120
132 133 66 170
134 135
137 204 205 206 158
143 62 59 60
144 43 44 45 52
145 76 47 56
150 28 29 30
155 157 34 35 102
156 18 19 20
162 154 75 82 83 88
163 164 68 194
166 167 121 174 119 142
172 70 71 122 123 193 222
173 138 139
179 26 27 92
180 95 171
181 182
183 184 185 186
187 141 229
188 175 214
189 159 160
192 67 93
195 196 77 84 85 211
197 190 191 94 148
201 89 200
202 161 238 199
208 168 169 151 152 153
212 198 239
213
217
219 203
220
224 225
231 230
232 233
234
237
