32
9 10 172 156 150 139 216 254 175
14 15 7 191 194 256 35 171
41 3 4 164 149 33 248 90 103 136 86 246
42 182 130 63 11 98 21 22 39 68 101 197
78 16 224 126 232 188 189 239
93 185 141 127 162 170 281 125 87 146
106 30 178 213 180 181 174 245
110 49 278 253 261 269
116 54 32 37 38 1 123 158 163 238
128 43 31 26 27 131 99 145 212
129 108 109 96 133 196
147 83 55 5 285
177 94 58 59 60 76 114 6 40 228
184 111 79 25 24 28 56 74 104 272
202 155 107 69 72 73 61 70 124 143
220 117 36 277 222 183 165 201 211 85 176 270 271
221 173 284 265 8 115 159
230 121 84 20 18 50 67 91 279
231 187 138 118 273 62 142 207
235 200 166 168 226 2 53 88
240 186 17 264 283 260 268 274 71 97 244 52
241 242 247 223 286 77 152 229
249 179 137 92 95 29 46 47 82 105
250 193 210 219 243 144 227
251 192 161 81 89 267 153 169 198 257
258 214 252 209 217 218 280
259 204 190 205 206 167 282
262 203 148 80 64 12 13 57 75 102
263 233 208 157 195 255
266 225 215 236 234 19 135 199
275 120 154 112 48 44 45 65 34 132 237 23 160
276 140 122 113 119 151 51 66 100 134
