59
19 20 57 6 7 8 236
26 27 28 192 209
38 29 15 31 99 237
47 9 10 4 5 183 184
52 53 54 25 1 2 3 113
73 39 12 13 14 76 151 152
87 88 77 71 266
89 90 97 129 137
100 101 63 30 72 264
116 117 118
120 121 148
130 62 126 127 105 106 219
131 145 267 68 250
134 232 258
139 96 61 43 44
140 64 37 86 144
141 142 143
154 82 66 67 193
155 156 161
157 104 51 216
162 32 11 56 111
163 164 165 201 215
166 167 168 170
172 173 146 23 24 212
176 75 78 91 136 194
177 124 228 210
188 189 147 211
190 21 22 229
195 16 17 18 36
196 171 94 55 79 92 225
197 128
198 169 262
204 242 248 249
205 114 69 70 93
206 178 179
207 208 84
213 119
221 48 49 50 34 35
222 125 102 83 112
223 217 243 109 110
224 234 103 153 263
226 158 95 108 175
227 159 160 235
230 122 45 46 59 60 80 81
231 191 185 186 187 220
238 115 259
239 107 138 200
240 74 40 41 42 33 85
241 149 65 199
244 214 182 252
246
247
251
253 233
254 132 133 135 261 203
255 123 58 174
256 257 245
260 202 150 218
265 98 180 181
