45
41 12 13 14 15 77 172
45 34 47 60 35 142 143
56 38 39 31 22 198
62 17 10 7 21 107 219
100 42 29 30 81 137 196 225
109 28 23 249 177 160 161 220
111 118 129 133 243
114 11 1 207 234
115 58 59 2 213
116 57 48 245 179 263 264
121 210 154 132 136 241
123 86 70 140 141 167
126 72 175 127 184 169 280 185 186
149 275 270
152 84 73 51 40 37 209
156 95 74 236 79 90 25 26 27
157 110 18 19 20 44 54 91 221
174 122 33 4 5 6 16 228
183 78 89 93 87 214
187 117 92 250 251 119 171
188 147 227
191 178 170
193 85 52 258 266
200 128 102 208
201 134 66 67 68 80 190
205 192 204 61 131 222
211 194 195 278 164 268
215 50 46 49 36 32 55 168
216 166 255
231 65 43 53 69 163
232 202 135 96 180 105 106 218 162
238 206 155 265 97 125 230
244 158 101 165 267
248 176 124 82 83 146 99 173
253 233 269 130 242
254 112 3 8 9 144
256 212 217 235 148 197
261 138 139 181 182 271
262 203 64 24 145 237
272 94 88 189 71 76 108
273 153 113 104 75 98 199
274 239 229 252
276 103 63 223 224 240
277 257 246 247 259 260
279 159 150 151 120 226
