54
18 19 20 9 27 28 74 16 247
33 29 2 3 4 17
34 1 7 8 173
35 36 21 22 23 61 62
41 42 43 64
68 69 264 268 240
70 12 13 148 210
88 89 54 55 63
90 91 92 93 167
94 241 183 184 185 233
104 105 201 202 14 15 220
108 109 106 107 204 205
112 5 126 76 77 117
113 103 10 11
121 58 39 66 67 78
122 47 37 85 179
125 192 193 194 38 46 253
129 168 53 143 144 127 60 158
138 139 100 79 256
141 30 31 263 248 269
142 24 25 26 153 136 137 211
145 146 265 266
149 150 147 132 124 157 255
159 59 225
160 110 97 128 101 274
169 99 87 98
174 130 131 118 119 56 57
175 242 72 73 84 164
181 182 176 177
187 111
188 189 246 86 75
190 71 102 96 44 45 154 252
191 178 114 115 116
195 123 48 49 50 232
196 161 162 203
206 207 208 200
212 6 228 83 163
217 218 219 213 32 40
223 155 151 152
224 267 245 81 82 250
226 214 215 209
227 165 166
229 133 134 135 180
230 231 216
234 235
236 249
237 238 65 120
243 170 171 172
257 95 80 156 186
258 259 244
261 262 272 260
270 221 222 140 198 199
271 197 254 239 251
273 51 52
