68
6 7 5 68 211
19 20 21 22 157
30 31 32 33 49
39 40 41 42 43 241
44 45 46 47
50 51 52 25 26 168
60 61 216 217 74 147
69 10 11 12 13 14 15 37 38 65
70 71 72 166
78 79 276 277
83 84 85 86 87 88 89 167
90 91 92
94 95 93 97
106 107 108 109 110
114 115 116 214
117 57 53 36 48
119 120 121 122
126 127 187
130 131 132 112 123 124
135 8 9 23 24
138 35 16 17 18 100
139 27 28 29
148 62 184 185 196
150 96 244
151 58 59
159 229 282
161 162 278 287 225 195
172 66 67 160
173 101 73 186
174 175 125 281
177 178 179 133 134 257
190 180 181 188
191 192 193 194
198 199 152 164
200 176
202 203 208 209 210
204 205 140 141 142
206 113 182
212 111 128 129
215 149 1 2 34
218 219 220 221 263
222 223 224 3 4 163 269
230 231
232
233 234 235 201
236 76 77
237 238 239
242 169 170 171
243 63 64 75
245 144 145 146
247 207 80 81 82 256
248 249 261
251 240
252 253 189 264
254 255
258 246 250
259 260 165
265 136 137 98 99 158
266 153 154 155 156 197
267 262 279
268
270 271 213
272 273
274 275 183 143 104 105
280
283 54 55 56 226 227 228
284 118 102 103
285 286
