71
5 6 7 8 23
12 13 14 9 10 11 38 157
29 24 25 254
30 31
34 35 1 2 3 4
40 41 105 106 224
50 37 171
51 52 53
65
66 67 68 69 143 144
70 61 62 63 76
71 72 73 74
80 138
86 87 88 89 90 91 174
92 93 94 95 96 97 235
107 26 27 39
108 58 33
113 114 115 116
119 120 46 47 48 64
122 123 124 125 241
129 130 104 148 149
135 131 132 133 134
136 83
139
140 59 239 44 45
141 233
142 151 152 153
146 147 220
159 18 19 20 21 22 128
160 15 16 17 28 81 82
162 163 164
167 121 176 216
168 169
180
187 32 217
188
190 191 84
192 223 98
196 154 36 42 43 117
197 198 99 100
199 172 173
202 203 204
205 165 166
206 215
207 85
208 112 212 231 240
209
210 211 175
213 54 55 56 57
214 178 179 170
218 219
221 158 189
222 75 145
225 194 195
226 227 126 127
228 118
229 101 102 103 49
230
232 155 156
234
236 79 60 186
237 181 182 183 184 185
238 200 201
242 77 78 193
243 244 109 110 111
245
246 247 248
249 161
250 150
251 137 177
252 253
