50
11 1 121 232
16 17 18 19 258
45 4 5 2 41 76
55 234
69 209 171 218
80 33 141 103 61 129 196
94 13 212 150 151 166 167
108 63 49 50 106
111 12 117 48 194 206
112 46 165 118 110 105 168 130
113 66 47 34 35 54 62
136 82 83 96 84 85 135
145 97 88 132 220 178 219
149 131 193 148 152
163 229 197 20 21 29
170 7 8 36 72
176 122 109 92 75
179 180
185 81 216 164 104 93 37
191 40 58
200 51 192 126 158 3 42
201 87 70 71 120 172
202 133 134 195 125
203 188 237
208 147 115 116
222
223 77 52 59 60 221
224 146 98 210 244
226 190 14 15 9 10 162
228 186 123 124 30 38 39
231 257 182
233 213 53 43 86 183
236 153 67 68 207
238 189 114 91 90 127 25
239 95 100 128 119 181
241 107 64 79 73 169
242 154 235 28 44 161
243
245 225 89 26 27 214
246 137 78 155 177 175 215
247 102 56 57 101 144
248 99 199
249 217
250 187 173 174 143
251 159 211 240
252 227 204 6 198 31 32
253 65 23 24 22 184
254 230 138 139 160
255 156 157 205 74
256 142 140
