65
19 20 52 53
24 25 26 76 233 234
37 38 39 56 57
42 43 35 61
54 22 23 47 48
58 33 34 86 81 82 175
59 60 94 95 200
78 79 83 141
84 51 77
85 44 67 68
87 88 155
98 99 100 177
103 104 69 244
107 49 21 137 206 207
110 30 31 3 4 5 6
111 112 113 114 239
119 40 41 28 228
120 121 125 161
124 157 192
126 55 66 193
132 133 134 135
138 73 74 116
139 140 232
142 143 89 32 115
149 62 63 64 65 106 70 148
150 50 12 13 96 97
151 152 153
159 160
164 165 166 167 170
169
178 130 131 136
179 180 75 162
181 182 183
185 186 225
187 188 189 190 191
194 195 196 154
197
198 108 109 220
201 173 174 29 176
202 127 128
204 226 227
205 36 147
208 91 92 93 156
209 210 184
211 203 14 15
212 213 214
215 45 46 240
216 217 218 219
221 222 146
223 144 145
224 172 90 101 102
229 16 17 18 252
230 7 8 9 10 11 27 171
235 236 237 238
241 199
242 243
245 117 118 80
246 247 248 249
250 105
251 158 129 71 72
253 231 1 2 163 168
254
255 256 257
258 122 123
259 260 261
