67
2 3 4 5 1 27 178
21 22 8 9 10 11
33 39
34 35 71 211
40 38 205
48 49 50 161
51 52 45 46 47 250
60 53 54 256
61 62 57 19 20 106
64 65 66 67 68 69
77 78 43 44 156 203
79 23 24 137 232
80 13 14 15 162
85 63 74
95 41 42 12 6 7 56 167
96 97 72 124 125 160
102 103 93 55 152
109 104 105 120
113 118
116 117 126 181
121 122 123
127 128 129 36 73 237
133 86 87 88 89
135 136 199
148 149 150 151 204
153 16 17 18 91 92 147
154 222 254
168 81 82 58 59
170
171 119 141 212
174 94 115 187
175 176 177
180 229
182 134 165 166
183 169 130 131
184 185 193
186
188
189 70 217
190
191 192 198
196 197 213
200 144 145 90 108
201 110 111 112
202
206 194 138 139 140
207 28 29 30 31
208 209 210 255
214 163 164 179
216 230
218 195 107
221 98 99 143
225 172 173
226 25 26 37 249
228 75 76 231
233 234 215 146
235 236
238 132 100 101 114 142
239 223 224 155
240 241 242 227
243 32 83 84
244
245 157 158 159
246 219 220
247 248
251 252 253
257
