42
11 161 240 251
31 12 3 15 64 79 189
53 18 19 20 75 184 258
66 39 218 156 128 177
81 6 7 203 204 261 61 140
82 23 24 13 14 168 211
96 38 132 159 236 220 254
100 91 69 70 93 252
104 155 65 68 73 103 234
110 259 223 213 253
117 47 48 35 45 89 182
120 32 5 114 123 169
131 57 58 85 208
148 63 55 190 221
154 173 137 56 152 145 188
162 54 33 105 112 165 206 266
163 247 248 264 78 124 181
171 2 239 194 118 111 222 10 22 90
172 151 122 138 157 216 36 46
178 153 160 205 238
185 67 34 187 202 4 175
186 87 257 1 271 231 139 242
191 37 9 21 44 88 270
192 86 42 119 133 179 102 129 232
193 143 107 43 72 16 29 130
197 127 80 84 27 60 94 135
198 167 176 214 241
200 8 150 174 183 25 41 109 272
217 97 51 52 40 50 76 142
226 144 274 225 26 59 170
227 230 269 265
229 215 195 196 115 146 17
235 199 228 237 245
243 83 95 106 113 158
246 164 116 147
250 101 98 125 166
255 121 77 74 99 141
256 224 49 71 207 273
260 201 233 180
263 209 210 249 262
267 149 92 108 28 62 136 30
268 244 212 219 134 126
