69
8 1 2 3 4 5 6 7
9 10 194 205 242
20 21 22 23 24 25 26
33 34 35 118 280
51 52 53 27 28
60 61 62 58 59 86
69 70 56 54 55
71 275
73 74 183 184 174 277
78 79 80 81 82 83
95 146 147 148 152
109 110 31 32 260
113 114 115 99 100 149 285
116
124 125 126 127 128 206 207
129 29 239 254 255 256 279
130 47 48 46 98
132 133 169 204 234
134 135 136
139 18 19 103 182
140 67 68
144 87 88 117 178
145 177
153 154 102 187
157 104 93 94
158 159 111 112
160 142 143
161 141 49 50 101
166 131 151 193
173 163 164 165
176 180 181
179 238
185 44 45
186
188 65 66 274 72 12 13 175
189 190 191 171
195 196 211
203 214 172
208 209 210 170
212 213 36 37 38
219 162 57 42
221 240 241
223
224 43 216 217 218
225 192 276 284
226 227
228 229
231 167 168 30 11 123 155 156
232 267
243 96 97 137
245 220 150 233
247
248 249 250 244 138
251
252 253 278
257 258 259 271 272
261 230
262 263 63 64
264 197 198 199 200
265 266
268 235 236 237 75 76 77
269 270
273 246 105 106 107 108
281 119 120 121 122
282 283 39 40 41
286
287 14 15 16 17 222 215
288 89 90 91 92 84 85 201 202
289 290
