58
7 8 172 118 135 156 162
16 17 18 22 23 24 216
19 3 4 5 6 100 168
38 20 104 102 207
46 41 55 36 93
47 39 40 25 44 45
51 31 43 115 161
79 48 49 50 33 34 35
87 57 58 37 204
88 89 9 10 11 86
106 101 83 133 226
111 112 113 114 211
116 27 28 32 74
117 80 81 169 166
127 64 146 225
140 60 2 1 121
141 107 76 120
148 131 132 215
149 52 26 65 92 248
153 163 150 105 144
170 154 145 176
171 142 109 99 167
173 250
174 175 206
177 61 62 59 72 73
179 180
181 182 90 82 237
185 155 184
188 69 70 71 77 78 134
190
191 67 68 15 129 66
192 95 12 128 165 143 159
193 94 91 157
194 244
195 186 187 208
201 196 197
214 245
217 189 152 212
218 219 213 236
221 84 85
222 96 97 98 119 210 243
223 209 122 123 124
227 164 21 29 30 158
228 138 139 205
229 230
231
232 178 108 75 63 126
233 151 110 183 56 160 200
234 130 220 198 199
235
238 103 42 53 54 241 147
239 224 136 137
240 202 203
242 13 14 125
246 247
249
251 252
253 254
