68
1 2 3 4 5 188
11 12 13 14 15
16 17 18 235
19 20 21 80
24 25 169
33 34 180 181
41 42 50 111
75 26 27 203 242
81 44 23 109 110
82 83 84 54 55
89 90 78 79
93 68 97
94 95 96
98 99 43 133 205
104 87 88 212
105 118 119 213
106 137 85 215
107 108 128 177
112 29 6 7 8 38
113 74 9 10
114 76 92
116 117 191 231
120 121 247 248
122 69 61 62 63 126
125 230
127
129 130 131 64 65
134 176 256
135 39 40 71
136 138
139 140 246
143 59 162 91
144 145 161 251 220 221
147 45 30 31 174
151 152 72 46 47 48
158 227 228
163 132 206
164 200
165 148 149 150
166 194
170
173 32
178 22 67 53 103
179 175 100 101 102 204
182 183 184 185
189 168 216 70 209 229 28 156 58
193
195 66 77 218 225
196 123 124 86
197
198 146 201 187
207 190
208
210 211 232
217 249
222
223 49 214
224 238
226 159 160 199 35 36 37
237
239 153 154 155
240 241
243 219 60 56 57 157
244 245 73 233 234
250 141 142
252 167 51 52 172 192
253 171 236
254 255 115 186 202
