73
1 2 3 4 126 127
5 6 11 12 13
20 21 22 23 24 25 26 67 137
28 29 7 8 9
31 32 52 165
40 41 42 43 95
44 45 46 47 48
55 56 53 54 51
68 69 220
75 49 50 39 146
78 16 17 18 19 240 241
79 59 233
82 83 14 179 117 200
91 57 58
92 93 94 181
96 97 98 99 221 198 199
105 85 86
112 113 90
123 124 116 72 100
129 109 144 73
130 131 132 133 150
141 155 158
142 37 38 30
147 148 101 134
151 152 135 136
156 157 183 242
159 160 122 125 236
161 110 180
166
168 114 115 143 223
169 84 60 61
172 173 62 63 64
174 175 176 149
178 145
185 87 88 89 177
186 162 128
187 188 189 190 191
192 167
193 194 182
195 76 77 65 66
196 153 154
197 15 33
202
205 118 119 70 71
206
207 208 184
209
211 212 170 171
214 80 81
215 120 121
216 217
218 219
222
224 232 210
225 226 227
228 229 103 104 201
234 10 27
235 238
237
239
243 102 230 231
244 111
245 34 35 36
246 247
248
249 140 74
250 251 252 253
254 138 139
255 106 107 108 203
256 257 258
259 204
260 261 213 163 164
262
