50
15 207 208 209 241
18 19 3 4 123 215
22 6 172 90 108 109 115 262
30 31 32 33 34 35 36 102
39 211 189 190 195 196 1 2
43 23 20 84 144 158
51 7 8 9 10 95
61 223 194 225 226
66 67 68 69 70 86
77 78 55 56 57 100 101
91 44 45 46 71
92 93 129 165 256
106 111 112 113 146 147 148
110 62 63 64 65 5 133 159
118 119 120 125 131 235
126 127 24 54 76
135 136 137 138 234
167 74 16 17 42 97
182 163 164 75 81 240
193 187 128 145
199 155 116 132 186
203 204 205 197 258
210 73 72 27 28 29 37 38 180
212 52 53 142 178 255
213 176 177 254 287
216 243 221
222 124 242 270 271 218 219 117
227 192 188 174 104 105 166
229 230 239 85 96 252
231 224 79 80 160 149 150 130
232 168 161 185
236 198 98 99 107 233 286
237 181 59 60 94 171 263
246 121 122 152 153
247 248 184 281 282
253 183 280
257 179 202
264 25 11 12 13 14
265 26 191 279 259 260 114 139
266 49 50 140 169 200 201
267 268 87 88 89 245
269
273 154 103 151 156 157 206
274 175 173 143 141 217 272
275 238
276 170 261
277 82 83 40 41 21 48
278 228 220 214 58 162 251
283 249 250 244
284 285 47 134
