36
19 2 3 245 262 286 138 218 24 135 205
30 20 212 186 230 48 40 41 55 56
58 14 15 16 7 53 54 274
72 42 52 98 70 82 80 285
84 179 145 149 112 92 93 157 248
102 192 129 85 75 43 4 5 1 25 26
107 59 31 39 283 159 253 263 143 226 197
122 65 66 61 62 217
144 114 280 271 18 13 69 152
146 108 73 60 239 240 201 202 199 258
164 115 96 101 219
168 117 99 110 91 88 204
193 139 97 87 83 151
206 123 51 270 224 246 264
211 194 140 141 116 158 269
220 37 38 255 175 142 111 132 173
221 181 176 177 215 247
228 165 131 172 273
229 216 171 174 150 155 223 77 163
234 136 207 180 126 27 28 29 57 95 227
235 124 103 90 76 106
236 125 86 78 187 182 183 243
237 147 89 74 261 10 11 12 9 45 190
238 148 137 225 195 17 67 71 94 162 121 161
244 200 154 118 105 120 189
249 169 170 133 113 156 203 290
250 208 209 188 160 233
251 266 267 272
254 153 109 130 104 100 127 119 134 268
259 213 214 210 68 128 184
260 241 252 287 288 81 79 178
265 282 276 289 44 63 64 47
277 185 166 167 222 242 8 6 46 191
278 32 33 34 35 36 198
279 256 257 284 23 49 50
281 21 22 275 196 231 232
