73
1 2 3 4 5
14 43 44 45 46 47
33 249 246
40 41 78
48 49 50 51
64 15 16 17 18 95
65 66 67 68 179
70 71 72 73 37 38 39
85 86
89 90 180 181
91 92 93 271
96 97 98 99 228
102 103 104 135 136
105 58 59 60 61 233
106 54 55 56 52
107 108 109 110 229
111 112 113 145 146 147
121 122 123 124 125
132 87 208 190 191 242
137 138 184
148 149 128
152 153 154 155
156 157 158 79 80 169
159 150 252 253
161 162
163 164 165
166 42 29 30 31
182
185 81 204 83
186 167 183
189 114 115 57
192 116 117 118 119 120
201 175 25 94
202 203 82 74
205 20 21 8 9 10 11 12
206 207
209
210 144 141 142 143
211 168
212 187 160
213 214 280
217 218 129 139 140
219 269 270
220 221 231 232
222 247
223 170 171 172 62 32 88
224 225 197 196
230
234 235 195
236 237
238 239 240 241 13 19
243 244 126 127 101
245 226 227 188 281
248 194 173 174
250 251
254 255 176 177 178
256
258 259 198 199
261 84 24 53
262 215
263 260
264
265 193 34 35 277
266 133 134 151
267 268
273 22 23 216 257 63 100
274 75 76 77 200
275 276
278 279 6 7
282 26 27 28 36
283 284 130 131 69 272
285
286
