55
1 2 252 200 265
8 146 158 154 120 53 216
23 9 10 11 12 42 192
24 25 207 234
29 26 27 28 187
32 30 31 51 65 105
33 13 59 104
34 35 22 7 40 41
77 72 3 6 121
82 71 57 63 102 88 18 19 233
92 86 58 74 194
95 93 160 175
100 37 38 39 54 191
110 49 50 64 237 238
117 128 235
125 126 45 52 114 115
127 133
129 106 83 78 68 259 116 232
134 119 75 87 242
145 131 109 136 173 150
152 213 214 215
156 56 47 48
157 153 113 118
168 66 67 248 254 255
176 177 149 99
179 180 222 196
181 182 209
184 185
198 84 36 245 246
199 142 151 204
201 111 112 96 97 197
203
205 130 107 108 231
206 69 70 73 90 91
210 20 21 15 61
211 124 43 44 16 140
212 163 135 208 241
217 141 132 147 148 103 55 190
218 159
223 195 89 143 144 250
227 60 81
228 161 98 193
230 264
239 240 253 14 17 62
243 170 183 76 226
244 224 221
251 101 4 5 236 225
256 138 94
257 202 139 46 123
258 188 178 174
261 164 165 166 167 249
262 169 85 79 80 122
263 247 219 186 260
266 229 162 155 171 172
267 220 189 137
