66
1 2 3 4 208
10 11 12 59
13 125 109 110 165 166 84 212
31 22 36 37
38 39 136
40 25 245 246
41 42 43 44 151
45 46 47 48 49 50 77
51 52 53 221
55 56 57 142
73 68 69 70 71 105
79 61 62 63 78
87 88 98
95 96 85 23 24 94
97 197 198 199
111 14 171 154
117 6 7 8 66 67
126 155 156
127 128 64 65 72
129
138 139 140 141 5
143 20 21 194 239
144 33 34 35 181
145 146 147 148 149
157 130 131 86
163 164
169 161
172
174 170
175 240
176 177 178
179 180
183 137 122 27 28 29
184 118 119 238
185
186 123 124 54 134
187 188 189 112 93 200 92 150
190 191 182
196 15 16 17 18
202 203
205 206 207 217
209 82 83 204
213 74 75 76 91 107 108
214 120 121 58 89 90
215 216 226 227
218 153 19 26 135 60
219 220 193
222 158 159 113 133
223 104 106 195
224 225
228 229 9 173
230 32 30 201
231 210
232
233
234 235 236 192
237
241 99 100
242 167 168 132
243 80 81 101 211
244
247 152 114
248 115 116 102 103
249 250 251 252
253 162 160
254 255
