53
8 218 219
15 16 17 18 177 184
20 21 22 23 24 37 38 151
39 31 160 133 120 129
53 54 55 56 224
64 138 108 51 60 74 75
70 65 66 80 81 112 225
107 13 14 30
111 189
115 88 58 59 52 76
118 110 29 82
123 5 6 7 63 95 164
131 83 193 157 158
132 104 103
134 135 27 36 57
136 237 19 163 12
137 71 69 171
139 140 162 195
141 101 194 204
153 154 155 67 226
166 40 32 33 34 227
172 43 44 235 174 175 247
173 105 106
178 156 198 201 202 248
185 99 78 41 42 113 130
190 45 186 167 90 229
191 98 46 152 1 2 209 169 182 183
192 119 97 114
196
197 168 73 102
199 187 176 243 244 245
205 206 215 216 217
207 124 47 48 62 125 126
208 142 143 144
212 72 79 93 9 10 11 96
213 100 222 210 3 4
214 146 147 148
220 49 50 25 26 170
221 149 241 28 87
223 203 211
230 145 121 122 128 159
231 92 228
232 233 234
236
238 200 179 180 181
239 109 84 85 86 150
240 188
242 127 165
246
249 116 117 89 68 61 77
250 161 35 91
251
252 94
