55
1 2 3 4 226 276
14 15 16 17 18 19 38 104
31 32 33 208
45 25 21 22 6 168
46 23 11 12 13 27 40 51 39 173
77 26 164 143 199
83 56 57 259 282
86 140 264 270
107 108 109 144 28 105
111 41 29 236 249
112 62 73 103
121 122 156
125 201 180 181
135 87 88 110 129 250
139 206 141 76 90 189
153 68 69 70 149 159
160 117 147 148 152 241
161 35 237 93 58 54 55 106
162 163 178
169 170 133 134 209 210
174 126 157 150 151 171 187
179 101 24 61 248
190 53 256 265 183
191 184 231 246
194 115 118 142 204 130
213 92 78 79 80 119 120 200
214 113 114 85 89 123 217
219 81 82 64 167
222 8 9 10 5 284
223 131 132 95 96 52 75
224 196 239
227 238
229 94 43 44 232
230 202 240
234 235 66 74 218
242 102 127 128 188
243 116 136 258 186 192 71 72 251
244 176 177
253 154 155 247 34 97
257 146 220 207 60 124
260 47 48 49 50 65 100
261 182 197 198
263 221 286
266 84 36 37 67 98 205
267 215 228 59 172
268 269 275
271 145 137 138 216 277
272 225 211
273 254 285
274 63 42 233
278 175 165 166 158 7
279 195 185 203 20
280 281 30 99 212
283 245 252 255 91 193
287 262
