69
1 2 3 4 143
18 141 155
33 34 35 79
36 9 10 11 12 13
40 41 42 118
45 46 47 48 242
50 31 32
51 52 53 86 93 153
59 60 61 62 63
66 67 68 22 23 49 171
70 71 117 175
77
83 84 64 65 140 170
87 126
88 89 156
90 43 204 205 241
95 37 38 94
96 28 29 30
97 98
100 101 102 103 179
110 111 112
113 105 106 132
114 122 146 225
119 56 57 78 104
120 121 82
123 124 142 162 163 164
127 128 129 130 16 17
133 134 135 125 197
136 108 109
148 149 150 151
154 158
157
160 161 191
165 166 167 168
176 85
177 159
180 21 244 245
181 182 219 246
184 185
186 144 145 226
187
188 189 190
193 74 75 206
194 195 169
198 92 183
199 200 201
202 172 131 139
207 91 24 25 26 27 147
208 137 138 152
211 209 210
212 5 6 7 8
213 214
215 196
220 221
222 173 174
223 252 69 107
224
228 54 55
229 230 178
231 227 236
232 203 44 39 247
233 76 58 99 192
234 235 14 15
237 19 20 72 73 80 81
238 239 240
243 115 116
248 216 217 218
249 250
251
