54
12 13 8 9 51 52
26 27 16 14 15 36 37
28 1 2 106
29 3 4 5 6 7
40 41 42 43 147
48 49 50 10 11
59 60 61 62 63 180 181
73 74 75 76 220
77 78 79 80 230
86 87
93 72 20 178 179
94 95 65 105
101 83 155 91
109 33 34 154 184 185
112 113 114 82 88 131
118 119 120 17 18 19
124 125 96 97 98 99
127 110 111
128 102 160
132 115 116 137
136 146
138 56 39 84 85
142 30 31 32 57 58
143 144 145
149 150 151 126
153 139 171
156 66 67 68 69 169
157 129 54 161
162 100 22 23 24 25 38 211
163 64 53 196 217
175 176 123
182 148
183 188 121 170
187
189 108 70 71
190 44 45 46 107
191 192 159
194 89 55 141
195 193 218 219
197 103 104 168
198 199 35 47
200 164 152 135 177
201 172 173 174
203 204
205 165 166 167
206 207 208 209 210
212 158 186 140
213 214 90 81
215 130 92
216 221
223 202 133 134 117 222
224 225 21 122
226 227 228 229
231
