35
4 5 113 246 205 172 102 134
51 20 6 7 8 9 10 19
104 52 22 220 169 28 42 46 131 212
110 35 15 16 232 63 78 99 121
116 71 50 57 74 158 219
118 101 123 124 225
127 75 47 231 194 178 13 125 196
128 25 26 34 58 68
137 89 72 73 86 91 192 109
145 60 33 183 141 217
151 96 84 76 3 1 2 45
155 32 14 152 176 247 242 224
156 100 236 193 11 12 243
160 65 36 48 95 120 167
174 93 53 29 237 210
175 153 129 149 59 195
182 117 97 85 108 150
184 122 37 17 18 31 69 140
188 112 94 80 248 238
189 79 54 67 154 186 64 211
190 162 203 249
197 88 49 24 214 226 191 115 56 159 228
198 168 147 114 130 187
206 111 66 40 41 55 98 166 43
207 146 136 119 144 216
213 177 215 142 202
221 105 61 62 77 107 126 179
223 185 239 82 181 164
229 222 161 143 173 201
230 171 148 200 170 233
234 199 209 180 218 27 44 103
240 87 132 165 227
241 208 157 138 163 133 250
244 70 39 21 23 30 38 81 92
245 135 106 235 90 83 139 204
