57
14 15 16 17 85 86
26 27 28 29 30 89 35
31 1 200
32 11 64 76
55 2 3 4 36
60 8 9 73 78
61 62 63 251
67 234 235 54 24 186
70 71 12 13 132 189
79 94 205 206 159
82 83 84 108
87 88 98
101 47 25
102 103 48 49 50 51 52
104 105 106
112 56 53 182 183
123 152 146
136 137 125 147 148 149
140 134 219
142 143 120 217 250 208
150 10 77 96
151 113 43 59
154 227
162 109 110 111
166 5 6 124 97 95
167 168 128 18 114 214 215
169 153
173 72 138 19 20 21 22 23
174 175 99 115
179 180 181 246
190 191 93 33 34 90
193 117 57 58 212
194 192
195 91 92 45 37 38 74 75
196 233 116 130 131
198 145 121 122 65 66
199 163 164
201 141 211
202 230 176 7 39 165
204 184 80 81
210 218 139 247
216 68 69 126 127
220 144 107 177
224 225
226 187 157 158
228 42 46 172 236
229 203 129 135 209
231
232 197 44 100 185
237 238 170 171
239 161 155 156 133
240 241 252
242 221 222 213
243 244 207
245 188 178
248 223 118 119 160
249 40 41
