42
1 2 3 238 239 240 241
27 6 7 231 254
35 21 22 4 26 261 285 53 54 122 237
49 15 133 95 119 120 159 213
61 50 51 52 99 82 90 154 265
71 36 170 162 163 69 83 204 34
91 62 16 17 18 19 9 107 108 182 304
103 92 280 234 235 306
113 55 28 188 281 282 283
116 43 44 45 46 47 59 301
139 100 101 74 142 148 309 24 202
143 72 64 65 37 38 39 40 80 112
149 94 267 249 293
150 294 246 275 48 60 201
155 114 98 291 223 253 256
161 141 134 147 153 181 284
169 104 105 102 126 192 203
177 73 288 245 262
194 84 260 187 215 216 277
195 127 29 30 31 8 193
205 132 77 78 109 106 136 272 303
206 128 292 271 268 308
207 184 166 167 211 263
217 172 176 79 75 183
221 165 145 146 152 180 186
222 191 198 199 232
225 144 115 93 68 110 131 278
229 117 118 274 252 302 123 264
248 226 269 23 164 242
251 151 171 168 190 220
259 173 157 158 5 11 32 97
266 197 227 228 10 33 81
273 230 129 135 212 247
279 196 178 179 185 219 299 96
286 209 140 124 125 130 138
287 210 218 189 244 250 41 42 307
289 63 56 57 58 175 224 236 14 25
290 233 174 85 86 87 67 121 137 200
295 298 12 13 70 243
296 214 156 276 305 20 89 258
297 255 208 257 88 270
300 66 76 111 160
