68
1 2 13
14 15 16 17 18 61
22 23 6 7 70
28 147 209 210
42 43 44 170
53 124 195
63 33 34 35 36 220
64 92
65 66 37 38 153
75 10 11 12 59
76 29 188
77 25 45
80 54 55 56 152
83 40 41 103
89 26 27 115
97 81 82 60 131 8 9
104 46 47 48 49 3 4 5
105 106 90 91 150 151
110 57 20 96 136
114
117 19 100
122 125 116 134 180
133 71 72 73 144
137
139 218 175 123
145 108 109 24 30 31
146 84 67 62
155 156 126 127
159 132 129 130 241 242
160 78
163 164 165
168 85 86 87 88
169 203
174 112 113 95 162
177 161 221
178 179
181 182 118 119 120 121
186
189 190
194 199 32 74
196 111 58 79 211
197 157
198 68 69 192
200
201 202 107 187 191
204 50 51 52
205
208 247
212 39 21 128
213 171 172 173
217 140 141 142 143 206
222 154 101 102 158
223 224 225
226
227 183 184 185 135 193
228 98 99 148 149
229 230 166 167
231 232
233 214 215 216 93 94
234 235 219
236
237 207
238
239 138 243
240
244 176
245
246
