60
11 53 54 55 151
17 18 19 20 12 117 118 146 238
25 1 2 3 4 5 180
26 22 21 45 60
42 43 48 49 89
47 91 108
50 51 52 44 133 119
62 63 64 65 72 140
68 69 70 130
75 76 221 169 183 142 143
84 6 7 31
85 86 67 95 36
90 136
92 27 23 258 259
96 8 9 10 82
101 93 94 100 152
102 103 79 80 124 125
109 99 120 202 244
111 112 113
114 115 137 138 139
144 145
147 132 178 81
153 32 33 34 141 247 248
154 127 106 107 195 196
155 121 71 255 224
159 38 39 40 41 29 30 105
160 161 123 179
165 116 61 83 237
171 126 134
176 177 205 206
184 56 57 58 66
186 131 77 78 150 242
187 98 190 191
188 189
193 194
197 128 129 158
198 157 225
200 148 149
207 246 203 204 232
210 211 199 24 257
212 213
214 164 170
215 162 163 87 88 46
216
220 181 156 110
222 168 174 236
223 192
226 166 167 218
228 219 243
233 185 122 37
234 135 28 229 230
235 182 227 35 175
239 201 104 231
240 208 209
245 97 13 14 73 74
249 172 173 59 15 16
250 251 252 217
253
254 241
256
