66
1 2 130 131 48
8 9 10 167
12 13 14 15
23 24 121 69 70 166
25 26 27 28 29 47
30 31 81
39 40 41 22
42 43 44 45 46 128
55 11 117 118
56 57 58 59 77 96
72 73 175
74 49 71 16
88 89 90 91 92 169
97 98 99
103 104 105 127
114 62 63
115 38 36 37
123 178
124 125 75 60 138
129 173 165 225 226
139 140 141
146 66 133
149 119
150 151
153 120 110 111 112 134
154 136 7 54
160 161 76 180
162 155 50 100 101
163 164 158 159
170 171 172
174
176 95
177
181
182 53 224 229
183 78 79 80
184 109 215
185
186 126 3 4 5 195
187 61 32 33 34 35
188 189 190 157 156 168
191 142 93 94
196 116 137 223
197 217
199 200 179
201
202 82 83 106 107 108
203 144 135 102
204 113
205 206 207 239
208 192 193 194
209 132
212
213 84 85 86 87
214 52 64 65
216 198
219 143 6 210 211
220 145 152
227 228
230
231 17 18 19 20 21
232 122 51
233 234 67 68
235 147 148 218
236 221 222
237 238
