61
20 21 22 23 24 61
32 33 34 12 13
36 15 16 17 18
42 43 44 118
45 46 8 9 10 57 255
51 52 53 39 40 41
72 73 67 68 69 89 19
83 84 25 218 219
94 29 30 86 87 179
102 81 151 227
120 105 153
121 78 79 80 206
124 125 65 58 35 202
126 114
130 47 48 167
132 96 85 158 159
137 62 253 254
140 141 142 182 194 195 196 207
143 144 210 256
154 54 55 56 60
163 115 98 99 59 11 90 197
164 165 166 258
168 37 38 155 136 93 119
169 88 116 117
170 5 6 7 70 111
171 107 103 161 178 250
172 173 211 212
175 104 162
176 97 63 82 92
177 235 236
184 95 26 27 64 71
185 186 204
187 188 156 157 205
191 192 189 138 237
198 199 131 146 147 148
200 108 232
203
213 209 145 180 181
214 215 216 217 183
220 14 1 2 3 4
221
222 223 109 110 225
228 66 74 75 76 77
229 112 113 249
230 190
233 149 150
234 226
238 201 91 106
239 240
241 160 31 49 139 257
242 193
243 127 128 129
244 152 28
245 50
246 247
248
251 252 208
259 133 134 135 224
260 122 123 174
261 231
262 100 101
