46
1 2 3 7 8 9 17 204
4 5 6 267 29 30 135
33 22 23 24 32
34 18 19 20 21 25 45
35 36 37 236 166 195 269
56 26 10 11 60 146
66 52 53 54 78 218
68 40 220 38 39 85 153
71 72 270 238 234
86 62 73 221 222 15 16 31
89 27 28 91 202 226
105 58 200 201 65 159
110 51 97 268 241 245
115 82 61 59 208 205 217
126 114 113
129 116 98 92 188 230
139 243 192 161 196
142 67 225 248 124 47
143 100 101 255 157 239
144 127 94 112 99 212 257
148 69 136 162 176 265
149 107 151 174 251
164 75 48 264 95 121 134 231
165 122 141 168
170 87 57 215 70 133 158
171 182 145 154 74
178 179 198 203
181 81 130 117 118 167 187 137 152
183 258 259 132 180 223
184 63 64 77 109 252
191 111 173 190 163 197 206
199 155 156 79 96
207 189 128 125 50 55 120
213 140 83 84 119
214 261 41 42 43 44
219 160 263 250
224 185 228 229 256
227 172 106 88 108 123 147
232 233 209 271
235 150 131 193 242
237 262 46 103 80 138
246 210 216 49 104 266
249 240 102 175
253 244 211 177
254 247 186 194 93 169
260 90 76 12 13 14
