56
7 1 194 11 18 19
20 21 22 23 112 234 235
27 24 25 162 159
28 191 192 170 253
43 8 9 10 193
44 45 46 47 48
49 50 51 55 56 140
57 32 33 34 85 161
58 29 97 105 157 138 139
62 52 53 54 251 198
72 73
74 39 40 41 42 121
82 75 76 77 81 220
88 89 90 168 169
94 95 119 120 26 93
98 99 171
103 104 205 151 246
109 110 4 5 102 126
118 114 115 116 35 137
129 130 63 64 65 128 113
131 132
133 123 189 218 219
134 135 86 87 172
154 152 153
158 184 248 249
163 164 231
176 83 84 111 150
177 59 60 61 92 122
180 155 147 148 190
186 187 188 2 3
195 79 80 91 165
202 67 68 69 149 78 143
203 156 175
204 38 207 199 100
209 210 211 256
213 107 125 257
214 215 216 217
221 208 229 6
223
224 166 212
225 226 245
227 173 174 200
230
232 222
233 178 179 141 142
238 239
240 144 145 146 117 167
241 96 36 37 30 31 66 101 127 201
242 243 244 206
250 237 70 71
254 196 197 106 124
255 160 247 185
258 12 13 14 15 16 17 108
259 181 182 183 136
260 228 236
261 252
