68
3 4 1 29 96
8 9 10 37 143
13 5 6 7 113
22 23 55 140
38 39 40 28 45 147
47 48 49 94
62 46 42 138 95 102 195
68 14 15 16 54 105 263
73 31 32 33
75 74 182
89 90 17 18 25
103 104 224
108 76 177 173 204 205
114 43 41 249
115 116 97 242 243
120 196 170 171 172
122 86 66
127 81 82 83 159
132 100 101 166
133 69 135 136 137
134 70 71 72
144 85 2 21
148 79 80 87 112
152 153 77 225 226
160 154 165 179 244
167 34 35 36 155 227 228
168 149 150 151 267
169 44 251
174 30 24 126
175 158 78
181
187 188 162 139 180
189 190 111
197 214 50 51
206 176
207 110 183
208 11 129 130 99 156
212 52 53 58 59
213 198 199 269
215 163 157
217
218 219 209 141 142
220 92 93
221 185 186
222 223
229 230 131 88 107
231 232 211 191
233 56 57
234 216 210
235 164
236 237
238 161 123 19 20
240 241
245 121 26 27 98
246 239 91 266
247 145 146 184
252 12 67 61
253 193 194 106
254
255 63 64 65 203 124 125 250
256 128 118 119 200
257 258
259
260 248 201 202
261 262 117
264 109 60 84
265 192 178
268
