57
1 2 3 4 57 24 163
11 12 13 165 198
16 17 18 19 37 63
20 8 101 102 87 167
29 25 26 27 28 158
32 5 6 7 36 46
38 39 40 67 77
53 21 22 74 161 264
60 180 85 86 191
68 69 70 71 176 263
79 49 50 51 82
88 89 54 55 56 146 207
96 80 94 95
97 117 122 123 169
98 99 118 157
100 166
103 104 133 134 127 128 129
113 84 48 76 83
114 115 116 209
119 90 91 92 154
139 135 183 178
140 110 111 112 221
148 64 65 81
149 193 194 195 45 93 162
150 126 52 142 249
164 151 152 125 243
179 121 160 171
181 182 213 66 108
185 144 145 206
186 30 31 44 47
187 188 247 159 177 153
204 199 200 201
210 189 251 220 230
214 41 42 43 59 147
215 216 168
217 105 106 107
218 231
219 175 174 253
222 223 211 137 227 23 244
225 196
226 155 156
228 224 205
232 192 248 170 239
236 233 208
237 173 143
240 234 212
245 246 229 238 138
250 190 14 15 202 203
252
254 78 33 34 35 235
255 120 61 62 124
256 172 58 75
257 258
259 109 72 73 141 197
260 136 132 184
261 130 131 9 10
262 241 242
