68
8 30 80 99
9 269
11 12 13 74 75
18 19 20 21 51 52 266
25 26
33 34 35 36 50
37 38 39 40 81 131
42 162
53 54 55 31 32
62 63 64 56 130
68 5 6 23 76
79 71 182
88 157 158 61 201
89 90 91 92 93
103 104 105 59 60 10 58
109 69 70 65 66 67
114 43 44 153
119 120 121
134 87 15 16 17 250
135 41 57
140 141 142 143
149 122 123 147
150 115 27 28 146
151 152 233
154 100 101 102 265
164 106 107 108 185
165 207
166 167
173 46 47 48 49 183
174 175 132 133
180 181 211
187 170 171 172
189 190 191 127 176 195
193 194 220
197 198 83 159 160 161
199 116 117 262 177
203 111 124 251
204 144 145 239
205 192
206
208 24
216 219 213
217 155 1 2 3 4
218
221 178 179 82 7 14 112 113 118
222 110 29 84 85 86 209
223 188
224 148 125 126
225 258
226 227 228
229 230 184 202
234 94 95 22 45 72 163
235 136 137 128 129 232
236 210 212
237 238
240 241 242 243
244 168 169 138 139
245 156 214 215
246 247 73 196
248 270
252 77 78
253
254 200
255 186 249
256 257
259 260 261 231
263 264 96 97 98
267 268
