47
4 5 6 7 37 108
8 9 10 1 2 3 113
13 14 15 16 17 11 12 23 172
19 20 21 225 197 213 61 155
31 18 154 151 141 239
47 48 209
49 50 51 52 40 41 54 86 185
63 193 159 167 227
68 69 60 55 107
73 27 28 29 44
74 65 236 42 36
87 32 33 34 35
92 64 46 188 158 244 240
97 70 71 85 133 215
118 79 202 191 72 129 223
119 99 89 105 106 221
130 114 93 83 243
135 136 84 247 177 192 238 206
142 125 126 94 95 162 211
143 88 58 59 91 148
152 80 39 25 26 30 43 140
156 157 78
165 96 111
169 98 115 75 53 77 147
180 176 127 128 178
181 101 102 117
183 198 66 139
186 153 132 138 184
199 104 123 189
200 131 120 121 122 226 76
201 187 168 203 160
204
207 149 164 214
208 194 171 237 62 56 163
212 219 248
216 45 109 217 166 116 174
218 231 232
222
224 179 146 210
229 170 22 24 67
230 110 205 124 228
233 144 145 100 195
234 245
235 182 161 57 112
241 38 175 137 150 220
242 190 173 103 134
246 81 82 90 196
