65
1 2 3 4 69 272
5 6 7 8 9 130 131
28 29 30
36 37 242
42 43 44 235 239 240
50 51 225 249
54 55 184 147 194 61 62
64 65 66 41
76 77 33 34
78 79 208 209 210 211
104 96 97 156
116 119 266 270
117 98 99 82 83 87 115
121 122 20 21 22 14 15 19
123 247 71 72 73 74 145
128 109 16 17 18 24 25 26 27
129 160 161 45 46 47 48 49
142 67 68 103 134 188
148 180 181 182
150 138 39 40 195
158 140 198
159 260
163 164 241
166 143 144 261
167 135 136 137
168 58 23 38
170 90 94
171 10 11 12 63
172 173 174
176 100 89
177 53 88
179 149 31 32 251
185 59 60 70
191 141 52 91 92
192 151 152 153 154
193
199 81 84 85 139 231 95
200 201 202
205 80 224 238
206 233 234
212 213 132 133 243
214 215 271
218 105 106 107 157
219 178 236 187 273
220 162
221
222 196 197 86
223 13
226 227 165
229 230
232 56 57 108
237
244 110 111 112 113 114
245 246 124 125 126 127
248
252 250 155 175
253 254 255 228 169 217
256 189 190 102 146
257
258 207
259 118 183 203 204
262 263 216
264 265
267 186 101 93 35
268 269 75 120
