53
22 23 253 43 103 208
37 38 1 2 13 55
40 29 227
44 41 19 20 46 119 143
56 27 221 69 120
57 28 4 5 6 17 34
62 63 216
65 8 9 10 30 31 228
72 73 177 178 219 141 142 187
77 70 64 91 54 159
84 85 35 240
95 96 51 32 18 104 105
114 66 215 172 81 173 158
115 58 59 52 90 157
125 47 250 199 200
126 117 118 122
128 129
130 7 113 195 25 53 21 109 218
131 165 42 3 80
133 134 248
138 50 239 213 234
139 86 206 207 204
148 132 89 26 83 186 169
153 88 14 15 16 162
164 67 68 166 176 174
171 99 100 101 167 255
179 180
182 183 184 185
190 191 188 152
194 48 39 36 163
197 24 110 102 147 225 226
198 149 150 155 136 235
201 106 82 87 79
205 127 112 107 254
210 123 124
211 98 175 71 121
212 135 137 145 92
214 220 154 192 193
222 160 146 168 203
223 196 33 61
229 230
231 49 45 242 60 108
232 156
233 237
236 243
238 97 93 94 181
241 74 75 144 161
244 116 78 76
245 246 140 111 151 217
247 224
249 209 202 11 12 170
251 189
252
