55
1 2 3 4 5
11 12 13 14 79
23 15 237 225
26 6 7 8 9 10
54 41 42 43
57 46 47 48 131
58 59 60 61 189
68 116 117 166 190 235
86 87 88 93 111
98 45 31 32 127
100 51 52 53 78
105 84 85 89 196
108 70 50 65 83 221
113 99 55 157 213
119 123 102 198 95
136 114 96 130 240
139 206 194
144 145 146 147 218
148 124
151 138 106 120 142 168
155 238 118 104
159 69 62 63 74 150
160 152 149
170 28 29 30 33 135
171 158 173 217
174 92 245 205
178 80 81 82 193
179 115 109 126 167 143
180 181 134 163 164
184 137 40 24 25 34 35
185 101 72 73
191
199 200
201 128 129 187 97 110 195
202 231 188 91 177
203 156 176
208 36 37 38 39 44
209 175 182 183
210 219 153 154
212 227 207
214 172 239 49
220
222 133 66 67 112
223 121 140 141 226
224 186 211 197
228
229
230
232 132 122 90 94 107
233 204 125 16 17 56 64 169
234 215 103 77
236 165 161 162 216
241 242
243 27 18 19 20 21 22
244 75 76 71 192
