67
4 5 6 7 179
24 1 40 289
38 142 58 59 56 73 209
43 44 45 46 47 48
49 50 51 52 76 77
78 79 17 18 19 225
81 82 83 127
86 87 63
113 32 33 106 268
117 114 115 283 284 136
123 196 227
129 103 104 105 218 150 180 188
130 131 132 149
141 25 26 65 66 67 240
146 147 100 139 140 187
151 128
154 34 35 57 224
156 185 186 228
157 158 121 122
162 163
164 252 273 256 288
165 118 119 120 68 69 70
166 167 152 153 250
175 116
176 126
177 12 13 71 72 208
178 206 203
182 14 259 260 261
183 184 220 248
189 190 124 125 195
197 108 109 110 111
198 199 200 277 287 97 101 133
204 92 93 94 95 96
205 238 239
207
210 144 60 61
212 137 138
213 232 134 135 62
214 215
221 219
226 244 266 267 107
229
230 216 217
233 37 249
234 80 148
235 31 20 21 10 11
236 237 2 3 64 74
241 242 191 192 193 22 23
243
245 39 8 9 75
247
251 172 173
253 201 202 194
254 168 145 174
255 155 84 102
257 112 88 89 90 91 170 181
258 98 99 171
262 211 169
263 143 36 274
264 231 27 28 29 30
265 15 16
269 270 222
271 272 223
275 276 246 53 54 55 41 42 85
279 159 160 161
280 278
285 286 281 282
