61
22 23 24 25 31 32 33
26 27 28 29 30 146
45 46 47 48 49 88 119
53 86 39 40 41
58 59 60 6 7 231
69 15 16 17 195
73 74 36 34 35
75 76 61 56 57
81 82 83 84 85 166 215
109 87 37 132
113 117 118
114 115 92 93
120 121 107 108 244
125 18 90 91
134 126 127 128 129 130 102 103
137 110 77 268
143 266 267
147 135 154 141 44
153 105 106
157 158
161 64 42 43 51 52
165 139 140
167 168 71 72 80
169
171 172 173 174 159 160
176 177 178 155 156
180 112 54 55 14
181 65 66 67 203
182 183 184 230
186 187 188 189 190
191 164 136 62 185
192 193 194 63 133
199 70 13 19 20 204
200 201 196 197 198
205 163 255
206 111 89
208 253
212 213 214 1 2 3
216 179 209 210 123
218 149 150 151 256
219 220
221
222 162 122 78 79
223 95 96 101
224 225 243
227 148 98 99 100 104 142 152
228 229
235 8 9 10 11 38 239
236 217 12 21
240 97 68 202
241 237 238 207
245 232 233 234 252
249 248 4 5
254
257 138 246 247 175
258 259 242 94 124
260 116 170 211
261 226 131
262 263
264 250
265 144 145 251 50
