60
29 92 93 97 98
35 36 37 38 210
42 32 33 116
54 55 56 57
64 43 44 45
76 39 40 30 127
77 78 94
81 7 8 9 59 60 71
82 48 154
84 46 47 34 79 80
85 61 113 114
99 100 68 126 141 220
101 16 17 27 110 111 112 211
102 65 69 70
106 10 11 204 140
107 23 1 2 3 4 90 91
108 83 125
117 118 119 120
122 67 5 62 219
124 142
129 130 131
137 24 195 178 223
144
145 103 95 96 222
147 115
150 66 157 109 172
163 164
165 25 31 6 212
170 86 87 88 89
174 159 187
176 146 104 105 153 207 190
177 132 156
179 14 28 41
180 49 50 51 12 13 73 121
181 18 19 169
182 123 20 173
183 72 133 134
184 189
185 186 229 215
188 200 171 218
192 193
194 166 167 161
196 160 128 191
198 139 53 155 63
201
205
208 209
213 206
214 199 234 197 22 162
216 168 202 203
221 158
224 15 58 26
225 138 151 152 235
226 148 149
227 217
228
230 135 136 143
231 175 52 21 74 75
232 233
236
