57
26 3 4 5 6 24 25 68 173
27 28 231 206 169 281 282
70 55 12 13 126 279
71 48 137
93 81 50 119 257
104 103 277
111 268 220 284 74 246
117 114 163 256 120
122 56 34 35 36 37 128 213
136 124 96 152 208
142 100 101 171 198
143 89 66 42 43 64 69
153 145 146 141 200
155 62 63 138 139 148 216
161 112 113 127 180 215
165 72 73 7 44 149 178
166 151
170 57 58 53 54 160
182 33 17 224 197 77
183 132 52 49 14 236
185 130 131 192
186 157 158 234
187 116 21 22 1 2 75 76 150
193 217 162 195
201 211 18 19 20 176 283
202 88 82 45 46 47
203 240 238
205 105 106 107 164
209 102 196
210 154 95 67 84 85
219 223
225 212 199 32 174
227 108 109 110 140
228 61
229 184 39 40 23 30 191
235 226 251
237 232 245
239 247
241 59 97 98 115 177
242 233 254
243 194 262 270
244 168 147
249 79 41 65 80
250 218 179 221
258 144 167 118 222 31 38
259 156 121 172 248
260 83 99
261 252 253 129
263 264
265 204 51 29 60 175
266 188 133 134 135 255 10 11 181
267 125 90 91 92
271 123 94 78 8 9 207 159
272 230 189 190 86 87 15 16 214
273 274 275
276
278 269 280
