63
4 5 6 1 125
15 7 190 143 115
19 27 182
21 22 23 24 34 206 237
28 29 233 167 192
43 44 45 46
47 31 32 13 14 83 141
62 63 248 196 197 221
64 65 58 59 60 61
69 70 42 99
74 75 76 77
85 86 87 67 68 104
91 92 88 89 90
100 93 94 116
105 106 227 228
107 33
112 48 218 219 220 132
133 134 135 25 117
136 118 119 120 121 35 36 37
146 113 114
147 151
148 108 109 110 123 124
149 98 200 201
155 95 39 40 41
156 2 246
157 158 178 97
159 81 82 103 249
160 16 17 18 78 79
161 162 163 164
170 165 169
176 129 130 131 8 207
180 55 26
183 71 72 261
184 185 186
187 10 11 12 20 256
188 152 122 139 140 230 263
189 49 38
198 181 126 127 128
199 211 73
202 203 101 102 111 191
204 205 212
208 66 171 30 84 262
209 210 3 9
213 96 80
216 217 56 145
222 214 174 175
223 168 144
224 225
231 142 57 50 51 52 53 54
232 177 138 154
234 153 172
235
240
241 179
242 243 236
244
245 193 229
250 251 194 195 226 238
252
253 137 247 215
254 150 239
255 173 166
257 258 259 260
