71
13 14 4 5 6 2 3 180
32 195 196 197 198 199
41 42 43 44 45 38 39 70
49 50 18 19 208
54 55 56 57 163
60 186
61 62 63 64 210
65 66 67 1 242
80 81 82 113 114
90 154
91 92 93 94 95 96 190
99 100 101 155 156
102 103 104 119 179
105 106 107 108 109 110 175
112
116 117 78 115
122 123 223 234
125 183 184 185
135 136
137 138 27 12 30 31 230
146 147 215
150 151 134
153 83 84
157 68 69 142
158 159 160 161 249
166 143 144 162
171 172 133 71
176 177 237
181 148 149 224
182 126 127 128
189
191 15 16 17 124 58
192 193 216 273 281
194 33 34 72
201 73 74 75 7 59
202 10 11
203 204 213 188
205 85 86 87 88
206 207
211 212 239
214 167 168
217 178 257
219 220 51 52 53 261
221 218
225 226 187 169
227 228 229
231 232 233 274
235 129 130 131
236 132 29 145 209
238
240 241 120 121 22 23 24
243 244
250 77 8 9 97 111
251 252 253 254 255
256
262 25 26 20 21 40
263 170 47 48 35 36 37
264 258 259 260
265 222 118
266 267 268
269 79 46
270 139 140 141
271 272 28 76
275 173 174
276 277
278 279 280
282 283 284 247
285 245 246 248
286 152 89 98 200
287 164 165
288 289 290
