71
5 6 7 8 9 49
16 17 18 19 20 21 148
29 30 28
67 34 35 118
68 31 32 129 189
69 60 145
73 41 42 205
84 74 58 59 258
86 61 62 63 64 207
87 88 261
91 46 47 48
93 276
95 96 97 98 151 152
100 101 188
111
114 103 104 119
115 107 108 221
133 281 282 170 171 172
137 37 38 39 165 212
138 139 71 72 273
142 143 144 166 167
149 150
153 269 270 271
157 57 50 51 52 53 54
159 160 161
162 163 196 211
175 285
177 116 117 176
178 131 132 40
184 185 181 182
191 83 141
192 193 194
197 135 136 94 220
201
208 1 2 3 10 99
209 89 90
210 190
213 92 75 76 77 195
214 179 180 169 218 233
215 216 217
219
222 155 156
223 85 274 43 44 45
224 199 200 187
225 33 266 173 25
228 277 55 56
234 202
235 164 130
238 158 121 122 174 254
239 78 79 80
240 226 227 27 4 81
241 110 125 126
244 186 168
246 154 127 128 275
248 198 82 12 13 14 15 229
249 123 124 183
250 251 146 147 259 278 36
252 253
255 109 70 65 66 112 113
256 203 204
257 242 243
260 106 26 102
262 267
263 279
264 22 23 24 11 120
265 230 231 232
268 245
272 140 206
280 134 105
283 247
284 236 237
