72
6 7 8 9 10 11 12 13 199
26 27 39 40 41 42
45 46 65 66 67
50 51 52 19 20 21 33
53 31 201 202
62 63 64 5 18
68 69 70 71 141 142 235
75 76 49 2 3 4
80 81 82 200
86 87 103 104 118
88 23 24 73
89 58 72 213
97 253
99 77 79
101 14 15 32 44 84
105 34 35 36 37 198
106 107 100
109 112 113 114
110 111 144 265
121 122 272 94 258
128 127
130 131
135 90 91 183 184
136 137 95 96 22 189
148
149 43 78 169
157 190 108 237
164 165 227
170 38 59 60 161
171 146 147 185 225 266
172 173 195 177
178 145 218 254
180 126 28 83 143
181 182
187 188
193 194 61 85
196 197 219
204 205
206 29 30 54 55 56 57 74
207 102 132 133 134
208 209 210 211
214 123 124 125 160 275
216 162 163
217
220 152 153 154 155
221 232
222 223 117 1 156
226
228 229 230
233
234 252
238 239 240
241 129 16 17
242 167 168
243 179
244 245 224 247
246
248 249 250
251 257
255 191 212
256 264
259 260 98 92 93 236
261 231 158 159 192 186
262
263 25 119
267
268 174 175 176 120
269 150 151 138 139 140 166
270 47 48 203
271 215 115 116
273 274
276 277
