64
1 2 3 4 5 6 58 59
8 9 10 11 12 70
20 21 22 23 7 16 81
27 14 15
39 40 41 42 61 134
43 44 45 107
46 47 48 198 207
49 50 138 68
63 64 65 80 101
73 74 75 35 36 37 38
77 78 79 84 224
89 90 54 212 213 206 112 113
94 129 130 185
96 115 116 223
102 103 82 83 93
105 97 98 72 127 195
117 118 106 258
120
121 176 177 146 216
135 136 137 211
140 124 104 66 85
141 108 109 156
143 132 133
147 230 203 204 196
152 153 171
167 168 250
172 91 92 111
173 174
175 95 60
179 180 122 87 88
181 251
182 151 139
186 149 169 170 257
187 161 155
188
189 123 225 226 227
190 28 29 24 25
191 71 100 57 67 99
192 163 217
193 220
197
200 142 125 126
202 178 194
208 201 183
209 110
218 219 233
221 222 214 215
229 148 55 56 13 51 52 53
231 232 158
234 210
236 62 30 31 114
237 205
238 17 18 199
239
240 150 144
241 242 243 244
246 159 160 228
247 32 33 34 26
248 162 145 154 165 166
249 19 76 131
252 245 235 119 164
253 86 69 157
254 255 256
259 128 184
