66
2 3 26 45 131
4 5 6 102
7 8 9 10 11 12 13
16 146 106 84
27 178 179 35
28 29 30 138 139 202 203
38 39 40 41 25 31 32 46 192
63 108 141 198
74 75 225 226 227 228
89 79 213 101
90 18 19 20 21 22 23 24
94 95 57 58 59 60
99 100 72 73 67 68
103 42 43 44 159
104 105 161 162 163
107 65 1 62
113 114 115 116
120 164
122 123 191
124 52 140 109
125 126 127 128 129
132 133 134 135 243
136 137 142
149 150 151 76 181 182
154 69 70 224
156 257
160 205 78 53 54 55 56
165 152 153
169 170
171
172 49 71 143
176 173 17 199 85 86 87
177 157 158
183 66 117 50 51
184 185 200
186 180
189
193 194 195 196 197 201
204 77 144 145 214 244
206 48 36 37 61
208 209
210 166 167
212 155 174 175
215 91 92 93 82 83
216 217
218 34 80 81
219 14 15 130
220 207 147 190
221 47 98 118 119
229 188
230
231 222 223
233 234
235 33
236 111 112 249
237 238 64 148
239 121 88 168
240 110 96 97
241 242
245 232 211
250 246 247 248
251 252
253
254 187
255
256
