62
18 19 20 227 228 92
38 30 84 183
47 48 49 77 42 43 212
52 53 54 55
58 59 60 211 35 36
68 21 22 149 145 146
69 70 71 12 56
74 75 39 23 24 25 189
79 80 157 150 249
88 86 214
97 87
98 99 100 101
106 107 103 123 124
108 109 110 111
117 89 29
119 120 128
129 102 93 94 95
130 31 32 33 142
138 121 83
153 132 133 137
154 118 85 63 64 65
155 156 162 163 209
164 165 66 37 50 78
171 151 205
174 168 169 159
178 76 104
179 180 181
188
194 139 140 46 34 67 134 135
195 9 10 11 196 152 182
197 126 127
199 7 8 173 62 158 96
200 131 114 115 116
201 175 176
202 203 204
215
216 217 218
219 161 136 177
220 167 160
221 206 207 208
222 223
224 166 112 113 61 190
225 125 44 45 72 73 147
226 210
229 144 141 187
230 231
232 198 172
233 186 6 82
234 235
236
237 26 14 15 16 17
238 239 240
241 27 28 213 105
242 243 40 57 184
244 122 148 170 81 193
245 90 91 41 143
246 247
250 1 2 3 4 5
251 191 192 248 51
252 13
253 185
254
