52
11 297 266 111 108 55 56 57
19 20 16 14 224 182 166 219
26 36 1 2 191 60 61 87 150 257
31 32 15 251 155 139 233 78
74 58 59 18 42 63
80 81 21 22 40 41 103
98 12 13 263 152 165 109 300
104 105 83 246 201
114 265 214 141 142 234 10 196
128 75 49 197 232 238 239
133 115 116 290 164 177 169 205
146 129 130 149
154 268 272 90 144 270 176
156 92 93 223 217 218
160 107 17 208 45 67 212
161 99 100 180 301
171 162 94 95 96 287
184 53 34 66 167 286
185 64 299 178 280
186 147 148 277
192 193 279
202 140 157 123 124 153 88 258
203 261 262 269
206 187 204 8 9 85 220
213 121 122 117 198
215 143 293
222 163 228 79 256 151
226 27 5 6 7 72 181 84 199 110
230 227 68 23 24 52
235 82 65 69 70 62 25 97
236 237 179 252
241 3 4 35 91 211
244 135 136 137 138 194 248
245 225
249 33 28 29 30 51 254
255 77 102
259 54 216 112 113 43 44 195
260 134 46 47 48 101 119 120
264
267 242 183 209 221
271 168 275 200 247
273 173 174 175 71
274 278 284 229 210
281 250 207 243 190
285 240
288 131 188 189 253
289 158 159 86
291 292 231 89 132 170 302
294 276
295 127 37 38 39 50 73 145
296 172 106 76 118 125 126
298 282 283
