66
1 2 3 4 128 249
14 15 97
16 17 18 160
28 29 30
36 37 96
40 34 35 78
46 47 48 49 50
51 52 98 155 194
56 57 58 59 60 61 256
62 63 64 159
69 65 231
70 71 72 73 74
79 80 81 177
84 109 110 205 206 207
91 230
92 93 145 146 147 148 149
107 108 55 154
113 114 104
118 119 120
123 124 125
127 200
129 102 252
132 111 86 87 88
135 66 203 204
136 67 68 232
142 133 134 170 193
143 103 215 237
144 53 54 239
150 94 95 182 238
151 41 31 183
152 153 250
156 157 255 186 187 171
158
161 126 101 131
164 165 122 216
166 191 141
168 169 226
172 173 174 175 248
178 179 225 236
184 185 138
188 167 90 82 83
189 190 246
192
195 130 139 176
196 106 227
197 198 32 33
201 181 5 38 39
202 137 112 140
208 105 6 7 8 9 10 89
212 99 100 11 12 13
213 162 163 217
220 214 42 43 44 45
221 222
223 224 115 116 117
228
229
233
234 85 75 76 77
235 199 247
240 251
241 218
242 19 20 21 121
243 22 23 24 25 26 27 254
244 209 210 211 180 219
245
253
