61
3 4 5 6 7 8 50
20 183 184
27 14 15 16 17 263
30 31 124 42 43 49 90
44 45 46 47 48 167
56 57 58 59 60 74 129
65 9 10 11 12 13 215
70 71 72 73 78
79 80 81 82 174
93 94 61 171 172 173
100 97 98 99 274
103 104 105 106 234
112 113 52 53 54 55 185 235
114 115 116 117 242
130 131 132 245
138 139 218 163 164
140 141 142 84 85 207
145 146 147 213 241
148 101 225
150 108 109 76
151 152 38 107 178
160 62 63 64 258
161 162 232
169 170 157 75 36 128
179 180 158 159
191 28 29 186 187 188
192 83 154 155 156
193 66 51 143 177
194 86 206 253
197
198 144 96 203 189
199 21 22 23 77 254
200 247 181 182
205 32 33 34
208 95 24 25 26 190
209 210 211 240 246 39 40 41
216 217 264 233
219
220 221 222 1 2 168
224 202 87 88 89
226 252
229 67 68 69 236
230 231 214 175 176
237 125 126 127 166
238 133 134 135 136
243 212 265
244
248
249
250 118 119 120 121 122 123 137
255 196 165 227 228
256 204
259 260
261 153
262 257
266 149 251 201 102 223
267 195 110 111 91 92
268 269
270 271 35
272 239
273 18 19 37
