41
55 34 100 58 41 37 38 54 108
63 40 15 16 17 22 113
72 52 176 177 237
92 13 14 215 36 241
93 65 50 69 95 150
104 5 6 7 3 252 87 132
109 26 206 82 83 94 121 205
123 73 159 240 210 48 62
128 45 28 236 249
129 56 35 202 86 101 19 31 12
134 84 106 148 154 227
162 96 57 8 10 76 184
165 20 18 24 25 173
167 115 119 191
174 70 51 43 21 200 204 32 33
179 39 27 9 11 99 192
180 71 219 117 178
181 140 141 209
185 130 81 85 120
187 182 42 49 133
193 139 90 221 66 102 172
198 186 77 78 68 88 147
207 222 171
213 89 46 44 195 91 116 161
214 158 226 61 114
217 97 125 189 208
218 199 170 47 118 156
220 188 196 223
224 105 251 152 160 238 122 197
228 169 135 212 253
229 163 164
232 1 2 234 244 98 136 149
233 151 60 168 190
235 175 74 107 137
239 166 124 153 146 4 67 127
242 225 203 216 144 245
243 23 230 29 30 103
246 138 64 59 80 79 155 201 183
247 110 111 131 145 211 231
248 112 157
250 194 142 143 53 75 126
