50
6 7 8 9 10 96 147
27 28 11 12 13 14 15 16 80 148
32 33 34 35 36 18 19 20 21 98
57 58 49 264
86 131 218 210 291
102 75 193 180 160 161 238
135 74 242 110 189 114
136 122 270 228 83 84 252
140 1 2 3 212 196
141 29 30 31 54 156
142 137 124 125 69 70 191
165 47 40 41 177 183 184 259
166 37 38 39 42 46 106 251
167 117 118 265
172 127 94 95 250 221
173 76 100 101 112
174 169 170 108 163
179 143 144 187 188 258 51
181 59 60 157 245
199 126 48 67 43 44 17 55 56 239
201 151 138 133 104 105 146 162
202 158 159 185 224 50 186
206 153 109 107 113 79 97
207 208 4 5 71 92
215 216 272 273 130 197
219 182 217 249
222 87 65 45 52 190
225 149 150 281
226 175 128 129 286 78 85
227 237 266
229 232 121 134 236
230 231 82 63 64 91
234 168 152 139 248 283
235 176 154 155
246 247 88 89 66 81
253 73 68 53 61 72
254 192 99 111
255 256 220
260 198 205 233
261 262 263 209 194 195
267 200 116 279 280 211
268 115 22 23 24 25 26 119 240
269 132 120 290
271
274 123 103 289
275 241 213 282
278 203 204 214 145 90 171
284 223 164 243 244
287 178 93 285 62 77 257
288 276 277
