62
30 2 3 276
33 34 287 288
50 31 16 17 120
61 10 4 214
68 204 205 200 243
71 35 74 201
75 269 181 182 92 93 242
81 24 25 131
84 127 128 286
91 55 56
96 46 32 54
106 102 72 73 116
124 51 52 53 57
133 134 135 129 130 223
142 152 206
148 5 6 7 8 9
149 66 209 277 278
150 160
154 155 123 27 85 259
158 159 188
163 164 1 44
166 122 109 187 266
172 107 108 78 79 117
179 97 98 195 216 262 175
183 89 90 157
185 168 67 87 153
193 36 37 22 18 29 41 65
194 167 147 45 94 95
196 197 42 190
198 143 151 263 264 176 211
203 202
207 140 141 86 100 101 132
208 76 77 38 39 28 43 118
212 180 199 191 210 281
213 272 273
219 47 48 49 285
220 136 189
225 138
226 161 162 14 15 60 80 88 260
227 173 174 177 218
228 224 184 230 233
231 99 284
234
235 58 59 255 289
236 186 192
239 237 69 115 178
247 221 258
248
250 19 20 21 11 12 13
251 62 63 26 23 64 121
252 103 104 105 256
253 254 240 241
257 119 144 222
261 217 245
267 139 145 146 125 126 70 171
268 110 111 112 113 114 137 265
270 215 229 244 249
271
274 82 83 40 170
275 156 232 246
279 280 169
282 283 165 238
