56
9 10 11 12 13 14
48 8 279
52 263 261 274
70 43 44 45 280
90 85 86 87 243
97 1 41 224 233
99 100 101 215 234
119 24 25 61 134 126
122 111 255
123 29 173
130 71 64 65 66 67 104 231
132 133 121 203
136 72 73 89
142 228 229 221
146 147 178 179 242
153 77 78 106 110 103 189
158 159 187
162 94 82 30 74 175
163 138 128 22 46 148 262
164 33 34 35 235
168 76 253 116 182 202
169 109 75 102
170 139 5 225 62 230
176 154 95 88 118 188
180 32 232 250 210
185 143 144 160
193 108 83 84 152
195 81 21 172 167
196 190 155 150 151 216
199 186 201 192
206 197 183 129 205
207 181 214 166 31 68 47 283
211 53 54 55 107
213 2 3 4 145
217 219 220 198 257
218 212 254
226 40 223 171 117 141
227 200 241
237 58 15 16 17 18 19 105
238 208 50 93 20 63 273
244 245 236
246 51 26 27 28 112
247 91 69 96 127 149
248 249
251 98 49 194 120 140 156 23 222
252 177 42 56
256 270 271
258 131 92 124 125 184
259 113 114 115 272
260 239 209 157 6 7
265 39 36 37 38 57
266 137 59 60 79 80 161
267 165 278 276 135 204
268 269 281
275 264
277 191 240 174 282
