64
18 19 20 21 62 63 230
25 157 158 115
31 32 33 244
36 37 38 74 75 76
44 45 46 47 208 209
49 50 11 70 64
55 56 57 58 261
65 66 108 109
67 59 237
77 78 79 98 151
82 83 17 215
84 85 12 13 14 168
93 73
100 60 61
101 102 103 186
104 99 51 52 53 137
110 111 40 165 229
116 117 94 95 96
120 121 118
133 134 135 126
138 6 7 8 259 260
139 97 107
144 238
153 3 4 5 29 30
155 22 23
156 114 86 48 176
159 160
161 42 43 222 232
164 136 2 143
171 172 173
174 130 131 132
177 170 122 262
181 182 163 179 180
187 105 207 184 125
188 189 190 191 39 255
193 26 27 28
194 90 91 92 212
195 196 147 206 24 72
199
202 221 1 88 89
204 205
210 211
213
214 197 247
218 227 175 192 123 124
223 224 225 254
228 243
233 154 127 128 152
234 162 106 129
235 183 141 185 198 71
236 200 201 231
239 169 178 252 253
240 140 87 166
241 242
245 146 145 54 248
246
249 81 15 41 226
250 148 149 150
251 265 34 35 142
256 112 113
257 119 216 217
258 9 10 16
263 219 220 203 68 69 80 167
264
