51
4 5 6 7 207 246
11 12 13 14 265
20 17 77 68 242
27 18 19 3 16 97 169
46 28 29 30 231
55 51 24 25 26
98 21 22 23 116 132
99 82 83 189 254
111 34 35 84 247
118 42 43 31 8 124 162 10
138 100 62 63 105 9 41
144 139 56 180 181 191
153 81 260 219 184
154 203 123 112 69 75
158 50 73 74 96
159 108 109 121
172 104 122 137 176
174 130 142 143 208 151 167
177 222
179 131 136 170
186 61 39 40 59 60
193 134 38 251
197 126 49 58 128
198 135 147 127 258
199 188
200 47 48 44 15 54
201 160 120 94 95 114
202 155 156 269
209 71 52 53 271
210 173 78 79 80 1 2
212 145 72 65 70
213 129 57 66 67 45 125 259
214 163 107 113 33 168
217 140 101 102 103
218 204 205 64 133
220 257 262
223 87 76 152 192 206
224 195 196 270
230 215 229
232 225 141 227 228 216
233 146 89 90 91 32 150
236 194 183 245 261
237 234 235
243 244 221 161 148 149
248 187 85 86 110 117 241
249 165 178 182
250 226 190 115 185
255 119 93 88 36 37 166 106
256 211 252 253 266 267
263 264 238 239 240 92 171
268 175 164 157
