48
1 2 3 258 232 265
14 15 16 17 276 253
23 5 257 223 32 89 192
35 36 7 8 9 81 74 105 217 285
72 204 146 190 166 219
78 24 25 26 18 85 86 130
101 52 29 30 31 47 71 197
111 66 67 68 116 247 248
112 51 70 121 143 260
117 73 50 103 104 198 19 75 208
131 90 80 77 88 126
156 62 46 48 60 100
160 55 21 28 76
161 106 6 22 59 98 222
168 151 53 56 41 42 69
174 45 200 201 176 186 187 243
175 79 37 194 195
180 140 159 237 271
181 153 154 179
182 109 82 165
189 152 139 129 137
193 113 108 54 269 120 221
199 118 91 63 57 58 94
205 206 202 203 125 244
210 132 110 155 233
211 145 123 96 64 65 218
214 135 136 238 254
224 169 138 114 97 167 272
225 226 147 148 12 99
230 235 87 141 142 273
234 170 124 38 10 11 39 40
239 127 215 185 231 128 115 196
240 178 229
249 95 49 20 209
250 188 158 184 228
252 172 44 61
256 212 162 84 92 107 173
261 93 119 284 191
263 264 270 246
266 122 102 171 163 216
267 251 207 277
268 241 227
274 157 149 150 220
275 183 262 287 13 34 83 255
278 177 133 134 164 4 33 144
279 280 281 282 259 213
283 245 242
286 236 27 43
