64
4 5 6 7 261 215 220
20 1 2 3 184
21 11 12 51 52
23 9 10 178 179 180
29 30 28 36 71
37 38 257 258 255
43 44 45 46 86
48 49 22 104 142 186
56 57 69
59 24 25 26 27 47 110
62 16 17 18 109
63 64 65 35 167
72 73 244 245 121
80 81 82 145 31 53 54 55
87 88 130
89 90 114
91 68 196
92 93 221
96 97 98 99 175
103 150 200
105 194
106 39 151 152 176
111 112 113 122
120 108 19 79
125 60 61 74 75 236
132 133 134 135 117 229
137 138 139 140 136
144 83 84 85
149
153 123 124 155 156 157 158 237
154 161 162 163 164 165
159 101 102
160 247 118 119 94 95 141
170 171 172 173
181 182 183
187 188 189 190
197 191 192 193 262
198 199 235 146
201 202 203 204
205 107 100
206 207 174
208
209 177 127 128 129
213 50 259
214 131
216 217 195
218 219 66 13 58
222
223 224
225 70 185
226 227 228
230 210 211
231 232 233
234 250 251
238 239
240 143 76 77 78 260
241 14 15 115 116
242 32 33 34 169
243 147 148 168
246 166 212 67
249
252 248
253 254 8
256 126 40 41 42
