59
18 19 20 21 22 23 38 39 155 269
24 25 26 13 14 53
29 30 1 2 3 71
33 34 11 218 192 52
50 51 67
54 245 76 82 83 180 286
59 49 55 56 198 248
73 74 75 65 66 144 145 170
88 48 15 16 17 41 4 5 6
89 90 102 255
98 31 32 64
99 100 101 222
127 86 256
128 106 60 61 68 72
132 125 92 93
133 150 151 181
135 231 232 261
138 139 136 137 57 58
141 142 169 110 250
146 147 148 149 96
156 47 43 62 167 276
157 158 126
163 123 134 230
164 107 108 109 131 40
171 112 113 114 115 103 240
172 97 121
185 94 118 119 120 160 182
186 161 265
187 105 179
188 178 273 274
193 194 287
196 159 244 63 69
200 104 70 77 78 79
201 238 239 177 116
203 183 217
204 205 206 281
209 35 36 37 243
215 216 251 252
219 189 190 191
220 210 211 195 266 45 42 122
221 12 7 8 9 10
223 91 44 280
224 225
226 227 212 213 253
241 117 130 111
242 175 233 87 168
254 228 237 184 267
257 152 153 154 268 95 249 282
258 207
259 197 174
262 140 85 84 214 46
263 264 162 27 28 229 275
270 173 80 81 260
271 272 124 143
277 129 176 246
278 234 235 236
279 202
283 165 166 208 247
284 285 199
