71
1 2 3 4 5 6 16
7 112 118 198
11 12 13 14 15
25 26 27 28
31 32 33 34 23 24 36 121
44 45 77 89
48 49 50 51 83 270
58 59 60 35 161 162 180
67 68 69 70 71 72
73 40 90
79 80 81 119 212
91 92 93 94 132 133 134
98 20 21 22 169
102 103 104 147 84
107 108 109 130 131 228
113 52 53 54 85
114 115 116 117
122 123 41 42 43 111
125 126 127 128 129 202 204
138 17 18 19 186
139 78 82 190
140 141 142 268
144 145 146 8 9
148 149 150
152 153 154 221
157 158 159 160 227
163 99 97 207
167 168 220
170 124 55 279
171 172 173
174 175 62 63 179
176 177 178 269
181 86 87 88 258
191 151 100 101 155 156
194 74 75 76 165 166
195 95 120
196 197 246
200 201 242
205 206 257
208 187 188
209 210 222
213 214
215 135 136 137 245
216 96 30 46 47 105 106
217 218
219
223 224 225 226
229 230
233 164 211
234 56 57 280
235 272 37 38 39
237
238 239 203 61 10 143
240 275
241 247
248 182 183 184 185 259
249 250 251
252 253 236 189
255 66 64 199
256
261 262 192 193 231 232
263 65 29 110 260
264 265 266
267
271
273 254
274
276 243 244
277
278
281 282 283
