69
17 18 19 20 21 22 46
42 43 44 45
59 60 51 41 181 185
68 57 89 90 91 151
69 70 71
74 61 62 47 48 49
75 52 5 6 16
79 80 81 82 83 207
97 98 99 28 29 58
110 111 112 169
116 35 36 37 72
122 4 100 197
123 8 9 10 104
128 117 118 119 106
129 23 24 25 26 27
131 33 34 11
135 136 137 250
138 139 264
156 142 88 125 144
158 159 164
160 161 214 108 103 246
174 175 76 77 12 13 14 15 206
180 184 227
186 187 188 203
192
193 152 153 154 189
194 183 223 215
199 73 63 64
208 1 2 277 278
209 210 211
212 55 56 171 219
213 162 163 204 205
216 217 218
220 39 31 32 94 95 96
221 170 109
224 143 102
225 172 173
226 107 67 140
228
229 130 105 3 7
230 176 177 178
231 232 233 234
235 236 132 133 134 182
237 86 87 149 150
238 165 166 167
240 157 84 85 155 120 121
241 242 92 93 168
243 78 101 191
244 245
247 248 249
252 141 124 145 146 147 148
253 126 273 274
254 222 179 30 38 50
256
257 239
258
259 40 127 190
260 200 198
261 262 263
265 266
267 268 113 114 115
269
270 271
272
275 65 66 53 54
276 201 202
279 280 281 282
283 255 195 196 251
284 285
