69
1 2 3 88 183
19 20 21 22 23 24 25
31 32 251
65 66 67 68 69 70 71
73 74 75 57 58 59 220
89 39 40 41 152
90 50 258
92 93 94 185
101 82 83 84
102 85 180 181 182
103 78 79 72 231
105 106 107 153
110 15 16 17 18
111 112 113 114
117 237 87
118 116 36
120 174 178
124 125 119 43 44 45
126 127
128 129 130 131
134 135 136
140 86 205
141 8 9 10 37 38 156
146 5 6 7
147 91 61 62 63 100
148 46 47 48 49 55
154 155 122
157 158 193
159 160 175
162 163 169
164
165 26 27 28 29 30
170 142 143 144 145
171 123 173
172
179 224 12 115
186 187 176 177
191 76 77
192 230
194 195 196 197
200 201 202 198 199
206 207 188
209 210
211 34 35 13 14 252
212 104 33 132 133 249
213
214 95 96 97 98 99 190
215 216
217 218 219
222 223 139
225 203 204
226 227 228
229
232
233
234 60 42 11 108 109
235 149 150 151 189
236
238 81 121 4
239 221
240 241
242 137 138 161
243 244
245 246 247 248
250 51 52 53 54
253 80 56 64
254 166 167 168 259 260
255 208
256 257 184
