58
17 18 19 20 35
45 9 10 11 12 13 14 103
46 254 95 102 264
63 57 15 16 237
65 66 62 40
68 64 54 36 185
71 72 73 67
83 84 60 61 58 59 189 190 191
85 86 87 88 140
89 55 207
93 69 70 104 105
96 97 56 23 24 123 124
98 99 109 107 154
112 152 114 90 91
120 121 122 188 166
125 214 210 211 212
132 42 43 39 41
134 126 127 128 115
137 201 202
141 52 53 33 34 37 38 208
142 100 148 187 236
145 149
146 135 259 260 252 246
151 113 47 48 44 174
161 3 4 5 6 227
162 136 129 74 75
168 250 251 176 184 244
172 133 177
173 230
175 165 76 77
178 108 169 170 243
179 195 200
192 1 247 225 226 205 206
194 2 7 8 92
196 32 29 30 31
197 182 220 221 222
213 147 171
215 216
218 219
223 209 82 106 78 79
224 158 159 130 167
231 131 80 81 25 26 27 28
232 163 164 117 118 119
233 94 116 101 150 245
234 204 186 138 139
235 180 181 160 203
238 143 144 21 22 49 50 51
239 240
241 242
248 217 228 229
249 198 199 110 111
253 193 155 156
255 256 257 258
261 262
265
266 157 153 183 263
267
268 269
