40
29 11 231 215 74 133
50 30 130 102 94 1 2 45 105 253
75 27 19 33 26 65 121
98 84 85 104 211 3 4
138 46 32 8 245
139 107 103 119 126 161
141 131 135 136 148 16 38 90 192
145 48 42 59 251
150 40 18 226 190 182 229
154 241 222 264 242
157 57 58 204 196 238 60 82 166
162 142 15 13 22 106
172 113 193 173 195 81 160 200
180 140 137 177 224
188 51 20 17 44 97
189 146 147 152 153 221 39 128
202 56 23 5 214 197 250 79 179
203 83 70 71 263 6 7 14 69
206 52 47 61 265
207 93 41 35 54 55 73 117
212 100 34 28 43 248
213 175 163 168 184 266
218 76 49 201 194 233 156 223 171
219 185 209 234
230 86 77 12 9 10 64 165 256
236 220 108 127 255
239 134 114 115 116 149
240 101 87 143 144 199 225
243 112 95 96 125 252
244 228 36 37 68 111
246 122 99 80 72 132 164
247 232 78 62 110 169
249 183 176 216 205
257 91 31 24 181 167 170 254
258 92 53 25 21 63 109
259 151 118 123 124 129 174 210
260 158 159 186 217
262 208 227 198 66 191
268 237 261 235 88 89 187 267
269 155 67 120 178
