54
7 8 9 10 3 145 183
13 43 22 23 24 55
44 45 46 47 76
57 51 33 119
62 2 26 32 200
67 65 66 180
72 11 12 19 86
77 69 70 34 35
79 147 148 241 176 168 210
87 88 80 81
93 94 175 170 239 130
97 98 89 56 48 49 162
107 108 103 100 91 92
114 115 116 216 217
121 122 99
126 127 178 140 154 169 85 215
131 132 133 161 185
136 64 58 134
138 41 246 247 95 141 82 163
139 248
143 104 105 106
144 52 90 71
146 109 110 111 112 113 135
150
152 153 207 208
156 157 158
164 165 166 25
172 173 214
184 50
186 68 20 21 4 37 38
187 73 14 197 192
189 190 179
193 142 83 84 201 171
194 188 102 74 75 253
203 204 29 30 31
205 211 59 128 235
212 237 238
220 39 40 18 96
226 53 54 167
227 63 137 123 124 125
228 195 233 234 198 117 118
229 42 36 225
230 209 5 6
231 181 151 202
232 221 222 223 224 177 218 219
236 213 60 61
240 206 196 199
242 78 1 17 27 28
243 255 15 16 129 101
245 191 159 160 250
249 256 155
251 149 120 174
252
254 244 182
