54
19 20 21 22 23 59
27 28 29 215 193 13 135
39 14 137 46 70 139 69
40 146 101 163
47 48 154 155 117 181
52 53 38 25 63
73 33 213 214 132 217
78 1 2 3 4 5 56 57 58
79 239 240 216
89 90 91 80 81 82 83
102 103 31 71 72
110 221 222
126 64 65 66 87 96
140 45 6 7 108 243
141 49 50 51 170 173
148 120 147 207 247
149 60 107 118
150 124 112 113 11 12
151 104 177
153 127 128 129 130
160 55 144
161 162 34 37 62
165 138 223
166 167 183 232
171 159
184 119 99 100 179 136
185 15 16 17 18 241
186 187 188 164 180
189
192 105 106 133 134 174 175 176
195 196 168 143 178
197 198 95 131
199 54 26 67 68
200 41 24 61
201 42 43 194
202 233 245
203 94 35 36 44
204 205 152 227 228
209 172 109 208
219 123 121 122 145 98 86 218
220 111 244 234 235
224 74 75 76 77 88
225 93 30 32 114 115 116
226
229 142 125 97 212
230 210 206 169 190 191
231
236 156 157 158
237
238 92 84 85 251
242 211
246
248 249 182
250 8 9 10
