64
1 2 3 4 6 181
8 9 10 11 5 7 79
17 14 40 36 214
25 26 15 16 233
30 108 109 99 100 68 78
37 38 39 262
53 54 48 63 118 119
60 50 22 23 59
61 62 205 206 259
65 18 19 20 21
66 67 43 167
72 49 260 261
76 69 154 155
83 84 85
91 12 241 242
92 177 81 82 97
107 31 32 33 34 35
132 133 130 131 96
136 98 27 28 80 113
137 138 93 94 95 102
151 114 115 51 52 123 247
152 153 149 179
156 73 74 150
157 129 77 135
158 159 160
163 178 111 112
168 169
173 125 126 216
175 104 41 42 57
176
187 188 174 165
191 116 190
194 204 146 101 145
198 58 139 225
199 200 189 193
201 46 47 70 71
202 86 87 88 266 267
210 182 183
211 44 45 90
215 13 24
218
221 121 140
222 120 219
223 110 192 239
224 208 209 103
226 142 170 148
227 203 195 184 185 75
228 124 55 117 164 207
229 161 162 186
230 231 232
234 134 143 254
235 105 106 141 144
240 217
244 147 171 180
245 246
248 243 196 197
249 127 128 237 238 29
250 89 122 213
251 252 253 64 220
255 212 56 166
256 236
257 258
263 172
264 265
