74
3 4 5 6 154 232
8 90 91 198
10 11 12 13 133
14 15 1 172
19 20 21 22 227
23 24 25 26 27 68 177
29 30 31
43 44 37 38 39
50 46 47 48 42 82
52 53 54 55 56 71
60 61 62 148
63 45
65 66 67 169
72 73 143
74 36 151 152 120 121 165
85 34 35
86 87 7 94 95
88 112
89 156
92 93
96 97 226
102 103 127
104 40 130 131 132
107 101 158
108 243 194
109 110 111
115 116 129 41 163 164
118 16 28
128 235 215 134 191
135 136 64
139 79 80 81
140 141 142
149 69 70
150 137 138 171
153 190 238
161 98 99 100 212
166 75 76 126 201
167 105 225
173 9 57
174
178 77 184
180
181 51 32 33
185 157 117 124 125
186 17 18 49
187 175 176
188 179 83 84
189 119
192 162 2 159 160
195 170
196 155
197
199 182 113 114
200
202
203
206 78 58 59 106
208 209 224
213 214
216
218 168
219 220
221 144 145 210
222 223
228 122 123
229 207 183 217
230 231
233 234 204 205
236 147
237
239 193 146
240 241 211
242
244
