63
1 2 3 4 5 55 136
6 7 8 9 10 11 12 93 94
26 22 23 207
35 36 37
51 19 20 21 195
56 57 105
69 32 33 34 63 64
70 71 42
73 74 75 76 148
78 79 80 252
89 90 82 182
95 96 14 15 16 110 111
99 100 101 137
102 103 38 193 210
109 242 243
117 27 28 29 30 58 59 221
118 119 120 121 122 189
129 130 198 199 200 201
131 60 61 62
132 67 68
138 113 104
142 181 202 203
143 43 146 188 226
144 145 140 141 44 45 77
149 248 249 250
159 85 86 230
160 47 245 156 157 173
161 162 163 164
165 139 48 17 18 211
166 106 49 31 234
167 133 134 135
168 91 92 123 152
178 179 180 263 158
184 72 84 147
185
186 187 97 98 177
190 65 13 253 153 154
191 192 204 205 206
196 183
209 114 115 116
212 213 81 50 87 88
214 215 216 217
218 197
219 172 264 265
220
222 124 125 126 127 128 194
223 225
224 46 208
227 150 151
231
235 66 24 25 83
236 155 107 108
237 169 170 171 232
239 52 53 54 112
240 241 39 40 41
246
247 228 229 233
251 174 175 176
254 255 238
256
257 258
259 260 244
261 262
