66
6 7 8 12
9 10 11
18 3 4 5 137
24 25 26 27 66
43 28 29 30 31
46 19 20
52 53 54 55 56
57 221 222
62 63 64 65 123
67 44 13 14 15
70 71 37 21 22 23 111
98 159 160
99 39 40 41 32 33
107 108 109 210
124 112 113
125 47 1 2 83
129 130 105 79 193
131 132 154 146 199
138 16 17 90 216 217
143 144 128 116 91
147 110
149
150 75 76 38 51 84
151 68 69 192
156 81 42
157 86 209
162 100 167 211
163 48 49 50 106 225
165 126 127 145 34 35 36
168 220 197 223
171
172 173 170 96 114 158
180 45 97
181 87 88 89 244
182 183 174 175 176
184
185 134 232 117 118
186 136 177
187 236
190 191 239
194 152 153 198 250
195 196 164 80 235
200 178 188
201 140 141 142
204 77 78 95
205 206 102 122
207 208 135 93 94 161
212 133 72 73 74 119
213 214
218 202 203
219
226 148 104 85 101 92 224
227 228 229
230 231
233 243
237 238
240 169 155
241 139 115 82 103
242 252 253
245 58 59 60 61 189
246 166 215
247 248 179
249 234
251 256
254 120 121
255
