68
12 13 10 109 112 185 270
19 20 21 22
23 24 25 26 27 28 29
38 39 40 59 60 115 116
43 44 45 46 47 89 90 137 269
49 62 63 64 56 57
61 50 51 52 53
72 7 8 67
73 33 34 35
79 80 81 82 184
85 9 158
86 87 88
92 31 215 204 205
95 96 105 113 130
99 100 114 191 237
121 122 145 128 259 230
123 30 2 3 4 5 6 91
132 252 253 254
140 58 14 155
141 68 170
148 104 97 98
152 243 209 163 117 199 200
159 160 161 162 83 84
168
175 120 15 16 70 167
176 124 69 118 119
177 106 17 71
180 139 41 48 157
186 187 188 147
192 268
193 194 195 142 143 144
196 179 183 131
201 202 203 172 173
206 146 129
207 138 36 37 110
208 125 126
211 210 222
213 133 134 127 111 171
219 181 164 197
220 214 11 18 156
223 224 225
226 182 190
227 228 229 294 216
231 249 239 217
235 236 286
238 178 165 166
240 189
242 153 154 169
245 246 54 55 1 42
247 250
255 232 212 32 198 285
256 257 258
260
262 263 264 265
267
271 221 241 248
272 266 101 102 174
273 234 77 78
275 233 274 93 94 261
276 277
278 103 74 75 283
279 280 281 282 218
284
287 149 150 151 65 66
288 244 290
289 135 136 251
291
292 293 107 108 76
