67
2 3 4 5 6 7
13 14 15 16 17
22 23 24 166 167
30 40 41 42 89 90 219
37 38 62
66 67 213
80 39 31 18 19 20 21 136
81 82
83 84 85 27 28
86 115 116
87 88 112
91 74 75 76
95 96
100 101 102 179
109 110 111
114 141 232
117 137 138
120 121 97 135
122 123 124
125 34 35
126 127
128 51 103 218
133 107 108
140 238
142 206 70 36 59 60
149 150
153 154 155 204
156 157 131 139
158 147
170 161 162
173 9 10 11 12
174 32 33 61
175 176
177 178
180 50 164 165 187 188
182 183 151 217
185 230 231
189 168 169
191 192 208 159
193 52 53 54 55 56 132
194 163 1
195 129 130 152
196
197 98 99 25 26
198 199 160
201 69 57 58
202 200
203
205 143 144 145 146 71 72
207 43 44 45
209 181 63 64 65
214 215 210 211 212
216 77 78 79
220 134
221 148
222 223 104 105
224 225
226 46 47 48 49
227 228 229
233 234 106 8 29
235 236 237
239 92 93 94 184
240 190 171 172
241 242 113 118 119
243 244
245 73 68 186
246 247 248 249
