49
3 4 5 6 7 29
8 9 10 210 211 187
17 18 19 20 1 77 98 215
30 62 25 201 181 219
45 46 32 33 52 53
61 31 13 14 15
68 60 71 82
102 103 97 112 134 213
106 107 49 131 155 156 164
114 110 16 34 89 252
123 124 101
126 58 21 22 214 231
135 136 137 233
139 35 36 37 38 240 250 212 163
140 115 69 72 78
142 80 95 108 157
151 120 121 54 50 51 113 216
159 86 117 149 111 23 67
165 221 133 162 145 125 208
168 141 84 85 59 66 88 195
170 171 143 150
172 146 232 158
174 167 96
175 169 186 173 191 129
179 180 202 2 24
183 73 74 75 76 87 248
184 93 94 26 43 55 147
185 205 200 27 28 83
188 152 104 105 118
193 194 207
197 56 57 91
198 199 127 144 70 99 100
203 63 64 65 132 182
204 238 190 230 178 196
209 92 47 48 192
220 166 189 229 148
222 217 218 234
223 122 206
224 225 226 251
235 153 154 90 119
236 160 116 128 81 227
237 246 247
239
241 176 177 161 138
242
243 40 41 42 39 109
244 130 228 11 12 44 79
245
249
