61
15 16 11 12 80 264
31 32 28 29 30 13 14 200
36 6 7 8 180
44 45 46 47 48
53 54 55 56 246 247 185
57 37 38 39 40 41 42
58 59 33 34 35 135 146
65 66 67 94 95 96 100 101 269
74 75 233 234 237
83 84 85 204 151
88 89 90 91 129 254 255
92 1 2 3 4 5
102 49 50 51 268
113 114 224 188 189 199
121 122 123 124 116 131 136
138 93 284 285 86 87
142 143 97 179 109 198
144 145 227
147 105 106 107
158 139 140 186
159 149 127 52
162 77 78 238 239
164 25 26 27
166 274
168 169 170 153 154 262 132
181 69 70 71 72 73
182 128 232 23 24 256
183 184 281 192
187 110 111 141 248
193 194 167 155 156
196 250 277
202 150
203 242
206 60 61 63 64 283
207 103 104 148 118 119
208 130 76 112
209 210 235
211 178 115 81 82 282
214 215 134 125 126
217 20 21 22 249
218 163 108 216 260
222 212 190 191 176 177
223 133 17 18 19 157
225 195 9 10
229 174 160 161 221
230 165 213 201
231 244 226 286
240 175 68 152
241 273 245 205
243 289
252 171 172 173
253 276 43
257 258 259
265 266 267
272 270 271 137
275 120 197 236 263
278 279 280 62 251
287 219 220 98 228
288 261 290
291 292
293 294 79 99 117
