45
21 97 88 83 84 151 211
46 3 4 220 221 237
61 50 171 172 205 108 192
66 48 44 69 71 81 109
73 13 101 98 251 115 194
92 51 49 232 252
99 34 35 32 72
100 78 68 14 79 86
127 54 55 119 124 53 76 173
128 235 236 248
139 93 94 95 133 249
146 169 198 190 70 80 187
153 141 166
160 62 63 64 145
167 10 11 12 2 8 82
168 117 227 228 24 25 33
174 140 110 111 229
178 147 87 59 165 206
179 113 104 89 102
182 42 38 225 226 15 41
183 170 17 18 19 20 28
188 67 43 36 37 9 91
193 185 134 142 212
197 184 164 5 6
207 47 189 162 154 241 156 233
208 123 143 177
209 186 60 136
215 130 106 121 155
216 217 45 77 96 103 138
218 22 23 176 181 214
219 175 118 210 65
222 112 52 39 40 213
223 148 149 191 200 150 159
224 199 202 254
230 231 56 57 85 196
234 129 74 75 90 125 126
238 161 120 26 27 58
239 244 245 7 1 16 201
242 29 30 31 105 107 135 122
243 240 204 137 195
246 163 131 114 116 152
247 180 203
250
253 158 132 144 157
255
