66
9 10 11 15 16 17 18
29 19 51
30 31 32 178 182
35 36 37 117 118 119
62 216 217
64 65 66 70 71 166
80 52 53 54 20 21 72
83 176 144 212
86 180 181
90 82 84 85
93 94 95 172
96 97 33 159 26 27 28
98 197 246 247
109 110
111 112 113 114 115 253 254
125 91 1 2 3 58 145
128 4 5 6 7 8 189
129 122 123
132 133 134 135 136 201
140 79 12 13 14 34
141 142 143 224
146 89 120 121
147 148 160
150 48 49 50 185
151 127 214 38 39 40
152 59 60 61
155 138 235
157 130 139
158 231 232
161 162 163 164 194
167 22 23 24 25 173 174 263
168 105 106 107
169 69 88
171 99 131 149
175 192 193 137
183 184 252
186 156 237
188
190 108 77 78 177 100 101
191
195 196 74 75 76
198 199 200
204 205 206 170 153 154 165
210 244 245
213 223 179
215 207 208
218 219 220
221 67 68 55 56 57
222
225
226 227
230 202 203
233 234
238 229 103 104
239 87 116
240 241
242 236
243 63 81 211 228
248 126 92 41 42 43 209
249 44 45 46 47
250 187 73 102
251
255 256 257 258 259
260 261 124
262
264
