69
5 6 7 8 9 10 83 84
11 12 13 14 15 30 91
32 33 34 35 36 37
41 42 43 44 45 46 47
48 49 24 25 26
59 38 3 4
64 60 173 174 175 291
65 66 222 188
67 61 53 54
78 79 80
85 52 39 16 239 240
86 87 88 259
95 96 99 100 123
97 93 141 142
101 56 57 58 278
107 108 109 90 271
115 116 117 118
124 125 102 272 273 274
126 127 128 282
140 159 160 232
143 119 1 230 231
147 144 145 133 110
148 149 150 134 213
152 153 203 204
164 265
169 178 146 104 171 172
176
179 22 23
180 161 162 163 205 206
183 112 113 114 17 199
184 192 193
189 190 200
195 111 18 19 29
196 92 81 82 121 122
197 279 280
201 244 63 194
202 281
209 210 211 224 31
214 177 191 253
215 68 69 70 71 72
216 217 266
218 120 167 168
219 220 94 135
225 151 27 28 105 106
226 227 228 235
229 158 221 288
233 262
237 129 130 131 132
241 252 246 287
245 243 207 208
249 154 155 248
251 242 234 103 73 74
254 136 137 138 139
255 256 247
257 250
258 165 166 187
260 261 198 212
263 264 285 286
267 157 20 21 277 295
268 269 270 2
275 238 156
276
283 77 62 185 186
284 50 51
289 290
292 98 89 75 76
293 181 182
294 170 236
296 223 40 55
