56
6 7 8 9 10 113 126
39 40 41 297 298
51 111 157 150 151 180
86 200 110 52 53 77 206
94 12 242 196 197
95 71 63 118 204
115 88 72 102 231
127 37 44 255 144 108 205
128 13 47 48 49 50 100
138 129 96 97 54 124
147 70 36 27 28 22 23 56 193
152 83 92
155 245 221 203 210 230
159 139 140 141 136 125 305
165 29 240 241
166 131 61 62 99 250
170 116 45 32 142 211 106 225
174 148 104 89 98 24 25
181 73 74 303 218 219
182 19 189 65 66 282 42 43 91
183 67 68 69 173
188 288
199 87 60 21 15 16 81 248
202 168 169 192
207 190 223 265
212 119 76 90 187
220 143 20 3 4 5 78
226 256 1 17
232 233 80 179 249
235
237 194 195 75 123 137 294
239 57 58 59 84
243 244 253
251 209 171 153 191 186 295
252 227 228 198
254 156 178 172 276
258 208 167 145 154 46 82
261 201 107 105 11 103
262 259 274 275
263 246 222 236
266 130 120 26 18 247
267 176 161 122 299 163
268 160 158 304
271 257 134 135 285 286
279 175 213 149 215 121 79 109 114
280 214 177 185 162 224
281 277 287
283 269 238 117 216 234
289 284 264 270 260
296 272 273 278
300 64 30 31 38 112 101 146
301 184 309 310
302 290 291 292
306 229 293
307 217 132 133 33 34 35 164
308 85 14 2 55 93
