60
1 2 3 18 19
7 114
14 15 16 105 106
42 43 44 45 9 252
55 12 13 153
59 39 40 41 89 10 187
68 123 66 67
73 11 8 48
76 77 234 143 144 201
84 85 131 132
92 93 79 80 108
95 56 88 53 54 256
96 69 57 31 32 33 34 35
101 102 103 104 148 120 121
109 110 62 63 64 65 204
111 112 113 203 155 156
115 4 5 6 25 26 27 28
116 36 37
122 97 98 99 207
128 129 130 173 194
134 74 75 38 50
135 117 118 119
136 49 46 47
139 197 266 223 225
145 146 147 152 258
150 125 126 127
158 142 20 21 22 23 24 157
159 160 52 141 29 226
161 171 183
162 151
169 231 232 140 190 191
172 239 185
176 124 78 58 51 100 186
177 236 237 238 253 254
179 244
182 206 233
184 133 165
188 189 17 30
195 196 60 61 107
198 199 200
205 166 81 180 263
208 209 210
211 167 168
212 213 214 215 216 94 202
218
219 220 221 257
222 267 268 269 255
228 86
229 230 170 174 175 217
235 178 137 138
241
242 243 227 224 245 246
247 248 249 250
251 240 149
259 260 261 262
264 181 90 91
265 87 70 71 72 154
270
271 192 193 82 83
272 163 164
