63
9 10 11 12 13 14 26 27 28
20 21 16 17 18 19 161
46 3 4 5 15 41
61 1 2 241 237
66 54 51 40 205
67 68 69 115 253
73 49 65
78 55 56 57 236
87 42 43 44 45 58 219
88 36 37 71 72
90 29 30 31 32 82
97 91 92 104 25 193
105 102 89 53 143
106 74 110
119
123 98 99 100 186
131 59 60
139 93 94 95 101 254
144 145 252
149 111 134 243
150 126 127 137
151 152 153
162 50 83
165 166 167 210
169 118 75 96 146
170 79 34 35 112 215
171 172 113 114 122
173 174 256
176 22 6 8 187
177 132 133 136
178 179 159
183 175
184 77 168
189 190 191 207
194 62 63 64 257
195 249 124 125
197 128 129 130
198 250 251
199 47 48 81 86 216
200 201 202 160 261
208
211 154 222 212 38 23 24 196 232
213 80 141 109 116
214 235
220 223 217
221 155 148
225 117 107 108 103 188
226 84 85 218
227 164 142
228 206 259
230 180 209 7 138
231 121
233 203 204
234
238 182 156 157 158 147
239 240 229
244 242
245 246
247 163 120 70 135 33
248 140 76 52 39 185 192
255
258 224 181
260
