27
19 11 0 291 285 253 270 156 192 211 249 125 206 158
151 59 12 295 259 186 204 191 221 233 307 136 223
177 75 20 279 203 180 148 170 188 207 263 72 138
178 269 200 13 8 9 14 102 135 165 264
183 95 47 27 21 22 23 24 25 87 37 45 107 273
184 82 61 297 244 57 256 299 58 157 3 18
194 129 230 246 219 169 187 134 266 41 38 50 64 114 159
198 144 51 48 4 265 161 5 6 7 108 275 164 222 283
216 147 100 70 260 274 261 302 122 189 267
217 280 86 317 44 143 176 255 272
224 146 316 238 77 163 182 193 234
236 96 52 35 36 31 74 68 93 240 300
237 160 252 181 201 215 276
241 152 60 56 128 116 117 85 121 139 228 229 309
242 99 76 49 54 101 248 287 79 126 305
243 173 103 97 111 112 155 162 202 288
250 167 89 104 105 120 124 227 254 63 115
251 168 131 281 90 98 118 172 235
257 179 73 298 210 220 226 239 262 150 197 303 137
258 174 301 39 140 2 29 30 205 132 34 46 127 306
268 195 247 231 232 271
278 109 65 290 218 28 312 40 32 33 43 94 142
289 166 123 214 1 149 171 212 308
293 145 88 311 225 296 175 190 196 313 26 42 69 119 277
294 199 185 154 84 91 62 78 245 282 113 133 209
314 213 130 83 53 67 55 71 92 106 141 208 304 81
315 153 110 66 284 292 286 10 15 16 17 80 310
27
19 11 0 291 285 253 270 156 192 211 249 125 206 158
151 59 12 295 259 186 204 191 221 233 307 136 223
177 75 20 279 203 180 148 170 188 207 263 72 138
178 269 200 13 8 9 14 102 135 165 264
183 95 47 27 21 22 23 24 25 87 37 45 107 273
184 82 61 297 244 57 256 299 58 157 3 18
194 129 230 246 219 169 187 134 266 41 38 50 64 114 159
198 144 51 48 4 265 161 5 6 7 108 275 164 222 283
216 147 100 70 260 274 261 302 122 189 267
217 280 86 317 44 143 176 255 272
224 146 316 238 77 163 182 193 234
236 96 52 35 36 31 74 68 93 240 300
237 160 252 181 201 215 276
241 152 60 56 128 116 117 85 121 139 228 229 309
242 99 76 49 54 101 248 287 79 126 305
243 173 103 97 111 112 155 162 202 288
250 167 89 104 105 120 124 227 254 63 115
251 168 131 281 90 98 118 172 235
257 179 73 298 210 220 226 239 262 150 197 303 137
258 174 301 39 140 2 29 30 205 132 34 46 127 306
268 195 247 231 232 271
278 109 65 290 218 28 312 40 32 33 43 94 142
289 166 123 214 1 149 171 212 308
293 145 88 311 225 296 175 190 196 313 26 42 69 119 277
294 199 185 154 84 91 62 78 245 282 113 133 209
314 213 130 83 53 67 55 71 92 106 141 208 304 81
315 153 110 66 284 292 286 10 15 16 17 80 310
27
19 11 0 291 285 253 270 156 192 211 249 125 206 158
151 59 12 295 259 186 204 191 221 233 307 136 223
177 75 20 279 203 180 148 170 188 207 263 72 138
178 269 200 13 8 9 14 102 135 165 264
183 95 47 27 21 22 23 24 25 87 37 45 107 273
184 82 61 297 244 57 256 299 58 157 3 18
194 129 230 246 219 169 187 134 266 41 38 50 64 114 159
198 144 51 48 4 265 161 5 6 7 108 275 164 222 283
216 147 100 70 260 274 261 302 122 189 267
217 280 86 317 44 143 176 255 272
224 146 316 238 77 163 182 193 234
236 96 52 35 36 31 74 68 93 240 300
237 160 252 181 201 215 276
241 152 60 56 128 116 117 85 121 139 228 229 309
242 99 76 49 54 101 248 287 79 126 305
243 173 103 97 111 112 155 162 202 288
250 167 89 104 105 120 124 227 254 63 115
251 168 131 281 90 98 118 172 235
257 179 73 298 210 220 226 239 262 150 197 303 137
258 174 301 39 140 2 29 30 205 132 34 46 127 306
268 195 247 231 232 271
278 109 65 290 218 28 312 40 32 33 43 94 142
289 166 123 214 1 149 171 212 308
293 145 88 311 225 296 175 190 196 313 26 42 69 119 277
294 199 185 154 84 91 62 78 245 282 113 133 209
314 213 130 83 53 67 55 71 92 106 141 208 304 81
315 153 110 66 284 292 286 10 15 16 17 80 310
27
19 11 0 291 285 253 270 156 192 211 249 125 206 158
151 59 12 295 259 186 204 191 221 233 307 136 223
177 75 20 279 203 180 148 170 188 207 263 72 138
178 269 200 13 8 9 14 102 135 165 264
183 95 47 27 21 22 23 24 25 87 37 45 107 273
184 82 61 297 244 57 256 299 58 157 3 18
194 129 230 246 219 169 187 134 266 41 38 50 64 114 159
198 144 51 48 4 265 161 5 6 7 108 275 164 222 283
216 147 100 70 260 274 261 302 122 189 267
217 280 86 317 44 143 176 255 272
224 146 316 238 77 163 182 193 234
236 96 52 35 36 31 74 68 93 240 300
237 160 252 181 201 215 276
241 152 60 56 128 116 117 85 121 139 228 229 309
242 99 76 49 54 101 248 287 79 126 305
243 173 103 97 111 112 155 162 202 288
250 167 89 104 105 120 124 227 254 63 115
251 168 131 281 90 98 118 172 235
257 179 73 298 210 220 226 239 262 150 197 303 137
258 174 301 39 140 2 29 30 205 132 34 46 127 306
268 195 247 231 232 271
278 109 65 290 218 28 312 40 32 33 43 94 142
289 166 123 214 1 149 171 212 308
293 145 88 311 225 296 175 190 196 313 26 42 69 119 277
294 199 185 154 84 91 62 78 245 282 113 133 209
314 213 130 83 53 67 55 71 92 106 141 208 304 81
315 153 110 66 284 292 286 10 15 16 17 80 310
2
0 2 3 5
4 1
