61
24 25 26 36 229
28 29 30 31 174
32 1 2 3 11
33 21 22 23 27 130
42 43 44 45 46 54
47 48 49 50 53 83
59 60 12 110 173
61 51 52 82
69 70 71 132
75 76 8 9 106 180
91 92
93 81 147
94 55 56 57 58 87
103 131 202 203
116 107 72 73 135 211
117 253 254
125 96 97 98 238
126 34 35 114
127 176 141 142
144 4 5 6 7 74 239
145 37 179 163
151 68 85 178
152 15 16 17 18 19 20
155 146 149 241
159 160 118 119 191
162 109 100 101
165 62 63 64 65
166 136 137 138 139 140 193
168 169 185
171 221
175 67 66 41
181 77 78 79 80 120 186
182 122 39 40 115
183 161 172 255
187 123 124 192
188 154 108
194 177 38 240
197 198 252
201 153 143
204 99 111
205 148 210
206 207 208 215
212 128 129 164
213 184 216
218 224
219 220 121
222 223 237 13 14
225 189 190 10 170 217
228
230 104 105 133 134 209
231 156 157 158
232 233
234 112 113 88 150
235 236 86
242 167 214
243 195 196
244 245 226 227
246 199 200 102
247 248
249 95 84 89 90
250 251
