51
43 14 15 16 17 34 98
44 22 38 23 83 245
52 4 5 6 7 3 28
58 25 26 27 129
63 10 11 12 13 21 217
68 69 70 84 192
75 37 221 222 223
76 40 41 55 109
87 60 119 154 127
92 46 47 195
93 246 71 231
105 220 189 190 204 8 9 128
130 77 188 182 228
131 94 96 112
139 152 90 99 162
142 80 81 82 86
143 202 237 104 107 216
149 50 51 227 126 230
151 1 2 234 48
157 49 33 235 169 170
158 64 65 66 229
159 160 161 205
163 89 78 153 236
167 168 258
171 88 73 74 200
176 72 45 198 147 148 85 100
177 137 136 116 191
180 140 141 211 56 155
181 172 32 146
184 185 203 35 101
186 106 91 95 108
187 144 102 103
196 113 164 138 174 79
197 121 114 115 120 165 259
212 178 179 243
218 53 54 208 111 175
224 225 244
226 122 123 124 201
232 132 150 134 145 199 241
233 61 62 67
238 213 210 215
242 260
247 133 18 19 20 156
248 206 207 166 261
249 59 36 29 30 31 117
250 135 252
251 193 209 57
253 39 24 219 214 239
254 118 110 97 42 125
255 173 194 183 240
256 257 262
