63
7 8 9 10 11 12 13
19 20 21 22 23 102
25 26 27 28 67
29 256 215 219
31 53 54
32 33 35 100
38 39 118 119 141 241
46 47 48
49 50 51 52 176
58 30 24 108
62 55 56 57
72 63 64 65 66
73 1 2 3 4 5 6
74 75 76 77 78 79 234
80 81 82 83
88 89 184 185
92 93 94 121 236
103 104 105 106 14 15 255
109 70 71 117
110 90 68 69 101
111 112 120 201
113 237 238 161
122 114 84 85 127
132 59 60 115 139
136 133 134 135 61 146
137 138 156 157
150 86 87 37 254
151 152 153 266
158 41 42 43 44 45 171
159 40 34 264 265
160 217 218 223
167 168 36 165 166
172 98 99 154
173 128 129 130 131
186 16 17 18 181 96 233
187 163 164 198
188 189
192 193 194 195 196
197
199 200 95 182
202 162 220
204 205 206
207 208 209 210
211
212 213 253
214 178 179 183
216 177 147 148 169 170
222 230
224 97 91 116
225 203 229 243 244
228 107
231 232
245 123 124 125 126
246 142 143 144 145 235
247 180 140 221
248
249 174 175
250 251 239 240
257 258 149
259 155 252 190 191 242
260
261 226 227
262 263
