58
7 1 2 3 151 262
8 248 266
26 20 19 100 187
28 23 24 25
34 195 207 213
41 11 43 44 208 209
63 54 55 12 211 96
64 65 66 92
74 167 159 160 192
81 27 226 129 130 164 269
86 189 190 191 241
97 177 178 249 142
117 221 222 223 145
120 29 30 31 32 33 16 285
126 88 56 67 46
127 95 150 193 244
133 82 47 49 69
138 139 9 10 14
146 147 116 131 172
148 83 84 85 124
157 22 246 48 79 80
165 109 58 59 91 180
166 94 102 50 51
168 163 5 6 18
173 258 259 260 107 132 78
174 121 115 194
175 93 75 76 77 143
176 218 215 252
181 118 119 35 36 171
182 183 21 40 186
188 87 60 61 62 108
196 42 286 140 152
197 57 235 105 106
198 110 111 112 113
199 135 136 161
202 203 247
204 53 37 38 125 210
205 206 101 282 283
217 158 154 155
220 103 104 243 261 17
225 128 272 89 90 267
227 98 99 141 45 68
230 231 232 251
236 237 238 70
239 39 219
245 233 234 255
250 144 278 279 185 268
253 169 170 224
256 214 274 275
257 240 265 137
263 149 228 229
264 71 72 73 212
270 134 122 123 156
271 254 284 13 15
276 162 153 114 287
277 4 273 184 216
280 200 201 242
281 288 52 179
