48
4 187 13 14 15 67 92 171
11 5 195 115 116 151 60
20 6 7 69 75 247
21 218 207 246
27 47 225 190 196 216
46 18 25 53 168
55 203 204 240
98 12 199 188 102 149
99 43 31 8 205
111 85 90 110 254
118 38 238 239 148 9 41 169
119 22 23 45 114
138 50 36 105 259
139 51 222 270
144 56 57 66 80 241
145 72 48 44 39 267
153 78 79 95 117
154 237 234 245 261
158 159 230 219 235
172 104 88 163 164 258
173 122 124 125
179 202 155 82 86 103 1 2
186 61 62 63 74 96
193 126 49 58 77 176
197 135 147 127 152 189
198 160 120 94 109 132
200 28 214 260 215 229 137 182
201 194 175 191
209 42 29 30 35 59 167
210 165 178 192
212 87 65 89 252 253 266 3 16 97
213 129 108 128
217 134 81 73 83 113 33 54
220 211 227 37 64 133
223 100 251 24 231 269
224 146 123 112 107 271
232 177 156 185
233 93 76 84 206
236 140 101 228 40 106
243 183 184
244 221 161 162 10
248 174 130 142 157 70
249 180 181 265
250 226 52 91 121 26
255 71 34 17 19 32 150
256 264 141 143 208
263 257 262 170 68 242
268 131 136 166
