58
17 18 8 9 10 82
25 1 2 211 199 24 257
26 20 21 45 60
42 43 48 58 72 140
47 12 117 146
50 44 3 4 5 180
51 19 212 213 133 119
62 61 83 151
63 64 65 108
68 69 70 141 247 248
75 71 255 256
84 11 258 259
85 90 91 120 244
92 22 23 174 236
93 94 100 196
96 97 13 201 217
101 27 28 29 30 105
102 86 87 14 73 125
109 99 152
111 76 77 78 150 237
112 104 218
114 223 224
131 132 178 81
147 221 183 175 59 15
153 32 33 34 35 142 225
154 115 110 202
155 121 122 123 179
159 38 37
160 103 98 139
161 144 216 74
165 116 113
171 126 67 95 36
176 137 138 145
184 39 40 41 219 49 89
185 156 134
186 56 57 66
187 188 189 190 206
197 128 129 241
198 157 118 238
200 148 149
207 182 158
210 192 231
214 163 164 170
215 162 79 88 46
220 181 136
222 168 169 55 143
226 166 167
228 204 232
233 127 106 107 195
234 135 229 230 31
235 227 130
239 52 53 54 80 124 243
240 208 209
245 193 194
246 203 177 205 191
249 172 173 242
250 251 252 253
254 6 7 16
