34
30 13 128 153 201
36 7 126 55 188 142 204
51 31 161 136 106 158
60 8 132 90 94 169 209
70 37 163 164 177 171
95 12 123 82 175 192 15 17 44
104 49 166 200 170 73 111 205
115 65 28 190 203
117 75 79 144
119 71 57 101 198 148
122 78 6 5 11 35 112
124 46 22 62 83 149
125 84 197 1 87 143 193
131 61 47 114 137 184
134 21 156 107 110 191
135 93 176 207
139 100 116 146 208
150 52 41 39 56 109
151 96 40 32 121 76 130 4 45
159 64 152 210 98 108 194
160 113 85 72 16 29 103
167 97 88 91 154
172 81 53 168 14 63 86 185
173 105 25 18 27 69
174 165 183 33 74
180 89 140 182 211 58 92
181 133 2 19 34 77
186 118 129 178 20 59
187 38 26 23 43 155
195 120 9 10 48 80 179
196 141 147 42 66 99
199 145 157 54 68 138
202 127 162 3 24
206 50 67 102 189
