41
55 34 21 200 216 196 171
63 40 28 236 107 149
72 13 9 50 69 95 150
92 26 14 15 16 17 30 62
104 5 6 7 3 252 146 201 161
109 45 41 37 38 54 108
128 56 167 115 119 154 227
129 64 57 8 85 120
134 84 106 144 209
151 97 160 208
162 90 221 19 31 113
165 20 18 24 33 114
169 96 74 98 136 183
174 70 51 43 35 202 176 182 223
175 117 148 190
179 39 27 207 241
180 82 52 248 112 155 253
181 140 164 245
185 124 125 91 141 205
193 93 65 79 137
194 135 212 36 48 103
198 219 187 188 231
206 110 83 215 87 132
213 89 46 44 168 204 32 67 172
214 158 226 61 127
217 100 58 234 244 68 88 147
218 186 152 153 189 4 12
224 105 77 78 116 156
225 203 237
228 123 71 60 195 238 122
229 163 177 222
232 1 2 199 131 145 178
233 130 81 80 118 197
235 170 211 10 22 49 133
239 142 23 230 29 42 76 184
242 166 111 94 121 157
243 143 53 66 102 191
246 138 73 59 75 126
247 159 240 210 11 25 173
250 139 86 101 47 99 192
251 220 249
