50
1 2 266 6 275 186
39 177 230 173 147 170 243
42 22 120 143 236
55 31 69 272 46 114
66 25 222 84 93 131
67 44 35 234 237 65
77 34 11 12 13
86 48 106 254 264 112 175
101 40 263 41 70 176
102 82 83 124 172
105 78 111 122 210
116 10 96 56 20 219 242
117 33 189 261 262 5 47
118 59 60 107 202
127 61 37 140 164
128 87 58 71 123
133 36 19 228 246
134 68 45 179 193 7 15
135 221 153 88 126 108
148 43 250 251
159 81 57 38 29 30
160 91 79 130 180
161 119 74 3 4 8
165 90 62 63 80 14 28
166 94 75 85 141
188 97 233 241 50 158
194 9 23 24 132
196 110 95 185 273
203 115 195 223 224
204 136 104 171
205 253 208 209 268
211 163 184
215 206 207 100 187
220 129 142 154 174 217 145
225 73 53 231 235 18 109
226 167 137 156 252
227 168 150 278 76 144 146
232 197 198 199 200 201
238 139 103 89 138
239 162 125 32 64 245
240 259 16 17
247 149 92 99 157
248 178 169 21 51 274
249 182 183 267 113 277
256 72 52 49 54 244
257 190 191 192 255
258 212 213 276
260 218 216 229 151 214
265 152 98 121 155
269 270 271 26 27 181
