58
28 29 82 83 46 47 264
49 3 4 5 14 198
50 125 89 90 112
65 66 67 77 78
74 126 229 230 128 134
80 22 259 69 70 233
81 52 291 260 176
86 87 16 246 239 217
92 57 62 116
104 145 146 181 250 99
113 114 115 182
123 56 162 223
124 59 268 258 15 289
130 131 273
135 132 133 197
143 72 140 141 142
150 93 186 187 188
160 76 241 224 225 19
161 195 196
168 11 12 13 48
169 85 73 1 2 266
173 101 102 103 232 84
179 180 286 287 153 98
184 75 53 43 44 45
191 185 203 204 238 263
192 21 6 277 63 64 79
193 174 175 71
199 95 96 97 164
200 194 109 110 111
201 202 240
206 108 51 34 35 36 37 167
207 118 119 120
209 127 208 261
213 136 137 138 271 163
214 215 216 272
218 55 40 30 94 189
219 177 152 148 149 274
226 100 60 61 107
227 105 106 18 20
228 54 41 42
234 220 221 270 288
235 158 159 129
236 237 7 8 9 10
242 243 121
244 170 117 269 91 154
245 17 25 26 27
247 248 249 251
252 151 155 205
256 139 88 285 281 282 31 32 39
257 156 157
267 253 212
275 171 172 222 122 265
276 262 58 190
278 211 178 283 147 183
279 210 33 23 24 38
280 254 255 68
284 231 292 293
290 144 165 166
