50
6 7 8 237 35 127 176
16 17 18 19 20 141
24 21 80 216
42 11 12 13 34 82
44 1 2 3 4 5 236
45 46 26 142 143 157
49 39 130 210
50 51 52 53 137
55 40 125 120
67 68 69 109 172
77 38 183 41 74 123
83 43 70 64
84 85 128
91 79 177 207
99 100 146 186
101 89 86 87 164 171
102 25 160 107 117 15
103 96 97 119 61
114 95 94 158
121 47 48 71 81
132 92 235 150 151 135
133 28 140 205 22
144 62 75 139
147 115 104 105 106 118
148 138 76
155 145 179
161 201 166 167 192
180 56 57 212 213
181 59 60 90 110
182 116 200
187 36 37 31
196 122 184 185
197 208 193 226
202 203 98
204 153 206
215 112 113 225 169 170 211
217 78 73 63 108 173
218 156 195
219 220
221 65 66 198 199 163 88
222 154 129 174 175
223 224 58
227 162 149 178 214
228 93 23 54 168
229 188 189 190 191
230 194 14 134 152
231 209 131 136
232 30 27 29 165
233 124 159 126 9 10 111
234 32 33 72
