60
3 4 5 6 7 8 9 140
10 11 12 13 141
30 31 32 33 76 117
42 17 18
46 231
50 35 36 54 55 56
51 52 53 77 91
62 63 45 43 57
65 37 38 39 40
66 64 90
70 58 59 121
74 75 60 61 96 152
78 72 73
79 48 49 83
86 87 199 200
92 93 233 88 89 109 148
113 69 16 209 249
114 115 116 147
130 131
133 122 123
134 211 226
138 139
142 94 178 235
144 145 146 160 169
153 230 223
155 106 102 207 212 166 181
156 98 95 132
161 47 20 21 126
162 163 164 165 167
170 232 154 244 26 27 28
175 176 177 1 2
183 80 81 82 101
184 19 22 23 24
185 84 85 112
188
195 237
197 186 187 196
198 157 103 104 105 29 201
202 110 111
203 143 129 136 217
204 253 97
205 107 108 150 258
206 158 159 41 194
210 34 71 67 68
213 214 252
215 172 173 174
218 219 220 221 137
222 171 208
224 25 127 128 189 100 180
225 246
228 229 216 234
236 119 135 124 125 182
238 118 120 151
239 240 179 227
241 242 243 99
245 149 14 15 44
247 190 191 192 193
248
250 251 168
254 255 256 257
