33
29 11 244 232 195 234 73 117
50 24 181 147 152 235 85 104 178
75 34 20 269 6 7 14 39 106
91 41 226 190 194 78 156 199
138 52 151 231 185 209 242 223 45 105 256
145 76 47 61 1 96 125 187
150 40 23 5 214 215 233 81 120 225
154 8 245 251 38 90 179
157 83 49 15 13 116 161
162 131 135 136 148 191 266
172 113 236 222 155 182 217
180 140 123 124 129 132 171
188 51 27 19 17 216 205 160 267
189 146 35 43 55 68 128
202 56 31 18 208 198 254 229
203 86 77 227 220 16 63 111
206 92 48 32 204 197 250 60 82 166
207 93 57 42 54 159 186 89 169
212 100 46 25 87 21 108 149 211
213 175 163 26 238 64 121
218 101 58 12 9 10 22 69
219 249 183 176 66 79 165
230 112 70 71 263 264 265 44 97 192
239 122 99 80 84 59 72 110 200
240 130 102 94 95 168 62 109
243 134 247 107 103 137 88 127 252
246 139 114 115 67 74 133
257 30 141 118 28 33 153 174 210
258 98 53 193 167 119 126 164 255
259 142 241 228 36 37 65 253
260 158 173 143 144 177 224
262 201 196 170 184 221
268 237 261 248 2 3 4
