62
19 14 6 7 12
20 15 219 226 260
37 185 186 187 188 242
46 26 240
50 21 16 8 1 35
51 22 17 9 45
54 40 41 155
55 56 57 79 80
60 23 34 114 149 172
61 42 43 69
76 77 106 48 49
81 70 2 3 4 5 253
82 83 84 85 86 87
88 62 63 98
92 93 107
99 71 72 73
100 47 39 95
101 102 103 146
104 33 112 78 212
109 29 30 31 32
110 58 220 221
111 206 123 124 150
115 53 74 75 143
116 52 27 64 65
126 67 68 91
127 90 133 235
131 132 134
135 59 234 24 44 214
136 137 138 139 164
151 38 196 161 162 163
156 157 203
159 144 125
160 147 105 113 122
165 89 94 205
166 167 168 216
169 170 171 243
178 128 129 140
184 262 263 264 265
189 10 250 175 176 177
190 173 174 233
194 118 119 120 121 130
195 183 199 36
197 180 258 259 145 204
209 181 202 158 222
217 108
218 191 192 193
224 225 252
227 117 200 201 238
230 231 232
236 141 142 66
237 11 13
239 223
241 215 96 97
244 228 229 246
247 198 257
248 207 208
249 153 154
254 245 251
255 256 182 28
261 152 148 18 25
266 179 210 211 213
267 268 269
