59
4 9 10 16 41 112
6 7 12 13 14 52 53
22 23 24 25 26
27 19 34 98 219
30 147 148 149 243
38 36 37 103
45 46 47 123 124 188 250
58 59 60 145
74 28 256 257 21 97 181
75 65 66 67 185
81 57 48 62
82 56 261 160 270
99 100 101 184 135
116 78 220 221
117 15 186 235
119 88 156 157 234
127 73 29 107 236
136 54 80 125 238
146 50 32 33 55 180
153 31 192 42 43 63
154 84 85 51 94 218
159 273 274 277
162 120 114 115 249
165 166 167 168 246
169 170 216 213
171 1 2 3 70
172 64 35 44 102
173 118 89 108 237
176 121 71 200
177 178 179 226
182 141 142 193 278
189 132 174 175 262
190 92 93 187 247
196 197 198 199 263
201 202 245 61
203 133 134 122 158
204 155 109 140
205 206 207 208 209
214 87 253 254 268
215 96 143 194
222 104 76 91 72
223 224 225
227 228 11 20 126
229 105 106 210
230 211 212 217
231 232 242
239 240 241 269
244 255
251 137 138 139 267
252 183 86 150
258 39 40 17 95 152
259 83 79 233
260 248
264 77 68 110 111 161
265 163 5 8 18
266 49 69 113
271 128 129 130 131 195
272 191 164 144
275 276 90 151
