59
9 10 196 210 244 245 247
29 19 84 110 154 101
30 31 32 241
35 33 231 232
62 49 60 61
64 65 225
79 12 13 14 34
80 52 53 54 55 56 57
82 176 144 180
83 85
90 59 223 179 39 182
91 1 2 3 17
92 41 42 124
96 77 78 73 102
111 112 113 114 115 253
125 36 37 233 234
126 63 81 211 212
128 4 5 6 7 8 189
132 133 130 143 224
134 135 136 201
140 74 75 76
141 117 118 119 121
146 129 66 71
147 148 178
150 48 186 187 20 21 72
155 138 160
157 158 159 26 27 47
161 11 15 16 18
167 22 23 24 25 122 123
168 105 106 107 70
169 188
175 97 89 120
183 184 252
190 108 109 139
191 177 235
195 142 236
198 199 200
204 98 197 246
205 162 156 237
213 170 171 99 131 149
215 216 217 100 165
218 86 87 116 40
219 220 50 51
221 67 68 69 88
222 214 38 43 58 145
226 227
229 103 104
230 202 203 185
238 152 153 181
239 151 127 256 257 258 259
242 228 46 28
243 207 208 209 254
248 44 45 166
249 93 94 95 172
250 251 192 193 137
255 206 163 164 194
260 261 240 173 174 263
262
264
