62
1 2 3 4 208
10 11 12 197 198 199
13 14 15 16 202 203
31 145 146 147 148 149
38 188 178 194 107
40 19 26 60
41 27 28 29
45 42 43 44 151 59
51 52 53 17 90
55 56 221
73 58 89 18
79 61 62 63
87 88 76 91 108
95 96 85 86
111 171 172
117 6 7 8 66
121 122 123 124 54 134
125 109 110 135
126 155
127 64 72
128 104 106 195
130 131 132
137 114
138 139 140 141 5
143 20 97 98
144 33 34 35 77
157 25 99 100 211
158 159 160
167 112 113 133
168 169 170
174 68 69 70 71 105
175 240 192
176 177 163 164
179 180 181
183 118 119 165 166
184 162 93 94
186 254 255
187 39 136
189 216 200
190 191 237 233
196 193 239
205 206 207 217
209 82 83 204
213 74 75 22 36 37
214 120 46 47 48 49 50 78
215 102 103 65 67
218 219 220 23 24 161
222 129
223 224 225 57 142
228 229 9 173
230 32 30 201
231 210
232
234 235 236 182
241 245 246
242 80 81 101 84 212
243 244 238
247 152 153 154 156
248 115 116 21 92 150
249 226 227
250 251 252
253 185
