59
29 10 11 14
65 54 96 101
71 40 41 43 92
75 76 87 109
83 15 16 17 18 206
98 84 85 86 105 172 257
110 57 231
111 106 100 139 9
117 118 190
120 53 20 21 22 23 24 130
121 193 56 191
123 72 73 74 222
132 64 48 60
142 115 215
144 125 126 235
146 147 148 178 103
150 66 267 97
151 127 128 34 35 36 157
159 49 50 51 156
160 25 181 182 204 224
161 104 119 216
162 158 200
166 37 38 237 238
167 89 42 220 221
168 112 113 184
169 163 171 205
174 52 44 45 46 47 80
175 31 32 33 242 55 82 140
176 124 266 6 7 8 114
179 122 102 68 173
180 177 218 219 77 258
185 94 78 79 134 59
194 1 2 3 4 5 255
195 19 12 13 108
196 170 187 69 70 141
197 198 199 243
201 63 189 234 233
202 203 256
207 88 58 135
208 93 67 183
209 186 81 136
211 153 143
212 223
226 154 192
227 39 116
228 30 26 27 28 240
229 133 90 91 165
230 145 149 188
241 253 213 244
245 152 138 225
247 210 232 263
248 99 95 155
249 250
251 131 61 62 129 236
252 137 107 164 264
254 268
259 239
260 261 262
265 246 217 214
