31
22 7 172 128 129 139 188 39 141
23 9 272 106 25 232 233 195 168 192
44 24 224 134 123 31 112 136 204
92 27 124 58 54 55 279 60 79 115 181 285
96 45 178 179 214 121 191 13 170
109 34 29 30 268 236 218 246 80 140
118 35 83 185 155 87 56 68 81 169
132 73 62 282 283 90 180 228 175
147 61 46 47 4 72 6 40 64 89
153 94 257 261 135 144 157 216 146 221
182 16 133 82 66 67 78 114 176
183 71 230 165 171 84 101 219 284 142 203
184 97 273 276 21 32 42
196 93 28 193 163 198 199 215 274 270
197 217 160 161 162 105 102 263
222 122 143 225 194 241 202 247
223 125 10 11 19 33 50
243 17 264 265 190 200 227 145 212
248 1 2 3 252 166 269 275 26 207 77
249 103 65 51 104 95 98 156 201 242
250 177 205 151 244 206 262 99 254 159 220
251 74 253 245 237 238 76 91
255 110 85 286 111 15 186 210 211
256 154 126 120 107 113 108 41 70 234
259 119 235 240 226 280 88 116
260 148 100 53 36 258 5 130 158 239
267 8 209 63 48 52 37 57 69 213
271 189 59 75 187 229
277 127 86 150 173 174 266 49 131
278 149 137 138 152 164 12 20 14
281 231 18 43 167 208 38 117
