45
8 9 10 245 3 4 5
33 18 168 138 232 157
46 27 28 65
47 48 188 154 155 170
51 192 163 141 142 222 122
58 13 179 194 233
71 49 53 74 130 32
75 34 35 36 37 43 109
84 44 153 94 95 173 133
85 164 135 237 246 148 161
90 86 87 125 244
99 193 30 202 230
101 52 221 140
104 19 227 228 88 174
105 106 107 160
116 169 147 67 238
123 55 210 211 207 241
126 118 119 156
136 63 242 162
137 146 45 14 15 41 89
151 72 73 198 24 96 218
152 91 92 208
171 60 69 78 98 175
176 17 6 7 12
177 117 97 139 190
183 124 110 56 120
184 219 29 57 149
186 38 1 2 114 115 50 216 217
187 93 26 40 68
191 20 21 22 23 11 70 150
195 143 134 240 54 79 181
196 144 145 159 25
197 158 61 121 224
199 102 100 103 166
200 201 203 239
206 229 64 83 205
209 165 189 16 31 66 113
214 172 182
220 185 180 212
225 59 39 42 62 204
226 178 131 132 167
231 81 82 108 213
234 80 76 77 112
235 127 128 129 111 223
236 215 243
