65
1 2 3 4 247
14 6 202 203 204 207
16 17 18 160
28 29 30 252
36 37 38 39
40 79 80 81 97
46 47 48 49 50
51 52 83
56 58 59 60 61 232
62 55 211 114 104
69 67 68
70 71 72 73 74
84 75 76 77
92 34 78
93 95 177
105 7 8 9 89
107 57 42 43 44 45
108 85 86 87 88
111 168 169 193
118 119 120
123 91 158
124 102 96
129 130 139 248
132 103 31 183
133 134 170 171
135 66 65 231
136 122 176
142 113 117
143 253 227
144 53 54 128 249
150 94 233
151 41 240
152 153 154 256
156 157 250
161 106 98 155
164 165 166 191 141 239
167 90 82 149
172 173 174 147
178 179 225 140
184 185 186 187
188 137 112 148
189 145 146 175 10
192
195 63 255 138 226
196 127 194
197 198 237
199 200 206
201 181 5 12
208 15 33
209 210 64 159
212 99 100 11 13
213 126 101 131
214 215 32 35
220 162 163 217
221 222
223 224 115 116 180 219
228 205 251
229 230
234 109 110 182 238
235 125
241 218
242 19 20 21 121
243 22 23 24 25 26 27 254
244 190 236 216
245 246
