49
33 16 4 60
34 8 7 5 24
64 19 9 120
68 189 90 144
97 40 41 42 43 199
98 2 229
99 52 53 54 106
107 25 26 27 37 164 192
108 56 36 48 131
109 83 84 31 126 134 198
112 35 30 29 72 163 188
113 46 14 95 96 162
121 122 114 115
132 61 76 44 239
140 73 237
141 133 104 105 241
146 142 138
149 100 1 62 32 17 139
154 243 170 172 59 200
159 65 66 67 225
160 111 85 202
165 103 50 51 209 223
169 171 208
181 28 3 47 86 168
182 55 20 21 22 23 224
183 88 89 127 203
185 156 157 91 217
193 71 179 184 80 87
194 128 129 180
204 81 57 148 236
205 82 173 167 178 49
206 207 216 215
210 211 119 63 102
212 135 195 196 197 6 45
213 214 177
218 174 101 74 191
221 147 175 176 235
226 116 12 13 118 92 130 230
227 39 145 136 137 240
228 222 234 38 201
231 150 161 166 78 79 125
232 151 152 153 190
242 117 69 70 58 94
244 186 187
245 110 10 11 158
246 155 123 124 77
247 248 143 219 220
249 75 233 15 18
250 251 93 238
