51
2 3 214 225
8 4 5 7
23 153 154 205
58 36 19 48 123
71 89 93 94 29 55
75 15 16 17 209
76 66 62 79 180
88 18 109 63 30 14 100
105 97 98 31
108 74 57
125 45 46 47 86
126 90 80 222
128 127 103 104 92
129 112 113 114 115 131
132 9 10 1 144
133 117 118 193
137 38 167 175
138 61 67 65 81
145 51 32 26 201
146 147 148 186
150 111 106 107 95
151 59 39 70 233
152 134 194 195
160 56 163 91 120 159
162 143 27
168 41 42 33 34
169 77 217 221
170 174 185 122 179
173 171 6 116
181 157 158 20 156
182 60 52 53 54 121
183 82 83 119 172
184 24 25 87
189 72 203 192 187 188
190 73 64 85 110 101 220
191 211 11 234
197 161 141 142 149
198 135 136 164
199 230 231
202 84 21 22 232
206 207 227 228 229
210 204 208 218 44 49
212 96 78 177 178
213 139 140 124
215 50 28 40 99
216 130 155
223 224
226 239 240 200 37 69
235 35 12 13 43 219 102
236 165 166 196
237 238 68 176
