62
4 5 6 7 64
24 1 2 3 23
26 27 28 29 30
38 8 9 75 77
43 123 229 220 248
49 50 51 71 72 208
81 68 69 70
86 12 13 16
87 34 35 281 282
117 118 82 83 127
129 88 59 60 61
141 25 20 21 10 11
142 36 256 288
143 237 238 239
151 109 110 111
156 185 186 228
157 158 89 63 179
162 121 134 90 91 170
164 169 22 209
165 119 120 280 15 42 102
166 124 125 195
167 128 150 181
175 14 287 97 101 149
176 78 215 249
177 79 17 18 19 225
182 147 148 240
183 184 233 37 74
189 152 153 218 219
190 191 192 193 173
197 44 45 46 47 52 76
198 39 40 289 95 140 188
199 200 201 202 203
204 92 93 94 126
205 206 207
210 108 168 172 122
211 137 138 180
214 155 194
226 244 267
230 216 217 250
234 112 154 146 178 163
235 31 32 33 85
236 144 145 224
241 196 227
245 53 54 55 84 133
246 65 66 67 73
251 212 213 247 268
252 273 223
253 277 278 98 99 171
254 221 222
255 274
257 113 114 115 136
258 259 260 261
262 58 56 57 174
263 116 41 62
264 231 232 135
265 283 284
269 270 271 272 80 96
275 103 104 105 106 107
276 130 131 132
279 159 160 161 48
285 242 243 266
286 100 139 187
