31
4 127 75 49 50 247 242 17 18 31 69 228
51 5 6 7 8 119 215 27 44 140
104 52 22 220 171 148 200 224 108 150
110 35 15 213 183 141 191 227
116 71 47 153 28 42 59 164
128 114 123 133 225
135 113 101 132 142 166 43 103
137 89 72 73 30 38 56 159
145 60 33 237 232 243 178
151 96 84 76 77 85 90 124 181
155 32 14 152 240 235 63 78 99 179
156 100 208 169 162 172 219
160 65 36 16 11 12 83 134
174 79 54 226 238 58 92 212
175 147 138 95 102 167
182 117 106 122 37 107 115 187
184 236 205 177 173 201 10 19
188 93 53 29 231 41 55 98 120 204
189 118 214 97 180 203 249 192
197 88 39 24 25 3 1 81 109
198 157 143 158 144 216
206 111 66 40 246 209 217 218 46 121
207 146 190 57 74 170 202
221 105 61 62 67 165 186 64 195
222 161 136 129 130 2 45
229 168 223 185 194 233
230 176 48 154 163 250
234 193 87 210 239 82 131
241 199 26 34 126 211
244 70 20 21 23 248 9 149 68 196
245 112 94 80 86 91 139 13 125
