64
6 7 5 68 122
19 20 21 22 24
30 191 143 95 96 244
39 40 41 42 181 188
44 45 46 47 48
50 54 32 33 49
60 1 2 34
69 10 11 12 13 14 15 37 65
70 71 72 166
78 79 276 277 278 287 225 195 196 197
83 55 56 226 227 228
90 91 92 145 89 167
94 144 269
101 73 147
106 236 267 262
114 115 116 171
117 57 58 59
119 121 282
126 112 124
130 113 235 104 105
131 132 133 146
135 8 9 23
138 35 36 38
139 62 184 185 186
148 206 207 80 81 88 134
151 152 164
159 229 279
161 127 128 129
172 66 67 160
173 61 27 28 29
174 76 77 182
177 178 84 85 86 87 221 263
190 31 25 26 168
192 179 180 16 17 18 100
193 153 154 155 156 157
198 169 170
202 203 208 209 210
204 140 141 142 281
205 216 217 74 264
212 111 238 239
215 149 150 280
218 219 220 93 97
222 162 201
223 224 3 4 99 158
230 231
232
233 234 194 123 43 241
242 200 176 189
245 246 250
247 213 214
248 175 125 211
249 261
251 240
252 253 254 255
258 259 260 165 64
265 136 137 98 120 257
266 237 187
268
270 271 272 273
274 199 243 63 75
275 183 107 108 109 110
283 51 52 53 82 256
284 118 102 103 163
285 286
