54
1 2 3 4 5 6 23
7 8 9 160 161
12 13 14 15 16 31 108
40 82 59 54 55 76 77 78 209
58 263 264 101 186
67 49 247 200
72 73 33 34 35 219
80 46 47 48 56 79
81 41 42 195 213 214 215 25
96 64 65 66 208
98 87 69 93 94
123 17 38 238 244
124 100 232 18 19 26
129 90 248
130 99 88 91
132 117 118 156 259
133 134 135
136 250 181 182 45
143 53 221 43 85 86
144 145 152 63 107
149 103 83 84 113 187
150 104 95 106 203
154 188 189 190 191 237
158 137 125 146 177
166 92 20 24 32
167 168 127
171 111 105 110 44 71
172 102 74 75 178 179
180 159 251 254
194 184 185
196 197 198 162 163 164 256
204 114 115 36 39
205 173 174 226
210 131 120 121 193
211 201 202
216 147 148
217 119 112 153
218 10 155 192
220 138 139 140 141 142
223 89 60 61 62 183
224 253 230 240
228 229 239
231 151 227
241 27 28 29 30 37 157
242 222 126 169 170
245 109 116
246 225 233 234 11 51 52
249 206 207 70 165
252 199 21 22
257 122 128 212
258
260 97 68 235 236
261 175 176 255
262 243 50 57
