61
4 5 6 7 227 228
20 1 2 3 71
21 11 12 51 52 86
23 9 10 178 179 180
29 249 250 251
37 30 31 53 204
43 14 15 115
44 17 18 79
48 97 98 99 175
59 24 25 26 27 47 110
62 16 223 174
63 64 65 35 67
72 73 121 122 176
80 81 82 83 84 33 169
89 90 246 13 58
91 92 93 221
96 49 22 235 236
103 104 173
105 152
106 39 70 186
111 112 113 75 146
123 119 120 108 109
124 76 77 78 260
125 126 40 41 42
132 133 134 135 136
137 127 128 129
143 87 88 130
144 145 28 36 116
149 150 151 34
153 118 94 95 141 142
154 147 148 168
159 101 102 262
160 155 156 157 158 237
161 162 163 164 165
170 171 172 183
187 188 189 220
191 192 193 194
197 138 139 140 19 55
198 199 200
201 202 203
205 60 61 74 117 229
206 207 208
209 45 46 258 259
213 50 195 196
214 215 190
216 217 114
218 219 224
222
225
226 261 66 166 212
230 177 244 245 248
231 232 233
234 181 182 184
238 239 131
240 38 257 255
241 56 57 69
242 32 85
243 210 211 167
247 68 185
252 253 254 8
256 107 100 54
