56
30 2 287 120
33 154 155 156 232 60 117
50 31 24 25 88
61 10 11 12 13
68 209 277 278 42 95
71 14 7 18 29 118
75 20 283 165 238
81 21 22 23 64
91 84 116
96 133 86 87 206
106 63 26 27 80 260
124 145 125 99 100 169 1 44
134 180 181 182 92 160
139 34 3 4 214
140 112 113 114 115 127 211
146 47 48 56
148 5 102 253 254 261 217 85 286
149 66 204 205 255
150 45 94 256
158 159 188 266
166 76 77 78 79 259
172 98 89 93 242
179 97 51 52 53 171
183 142 176 245
193 36 37 38 39 40 121
194 107 83 55 152 233
196 197 246
198 143 263 264 28 41 132
203 202 49 285
207 135 248 190
208 184 276 262 175
212 141 279 280 101
213 191 210 281
219 62 6 151 129 130 131
220 186 187 201
226 161 108 109 15 54
227 162 163 164 189 43 153
228 216 249
231 104 170
234 199 168 67 8 9
235 82 185 147 16 17 65
236 237 69 244 177 178
239 240 241
247 221 258
250 19 167 136 137 265
251 103 195 35 74 105 289
252 122 123 284
257 119 144 222 223
267 72 73 200 243 192
268 110 58 59 90 157
269 111 46 32 57
270 215 229 230 288
271 272 273
274 173 174 218
275 126 70 128
282 224 225 138
