63
19 20 228 229
31 32 33 34 35
37 122 123 189 3 4
43 44 45 104 105 112
51 15 16 178 179
56 57 52 53 125 196
66 127 88 266
80 58 49 76
91 21 22 23 24 25 103
92 28 29 30 131
97 150 167 17 89
113 78 79 85 211
119 120 130
121 38 39 50 71 241
132 157 59 60 48 65
137 13 86 26 27 54 101
138 95 96
145 117 118 226
149 98 99 100
152 110 111 143
153 124 18 36
154 155 87
163 5 6 7 8
168 73 74 75 180
169 107 140 141 182 183
170 171 190
172 173
177 264 265
191 185 175 194
197 198
199 146 147 148
206 1 2 82
215 216 284 181 142
217 67 68 69 70
218 188 243 64 256
220 9 10 11 12 72
221 222 14 102
223 139 108 109 195
224 192 193 249
230 231
237 81 40 41 42
238 239 90 187
242 212 186 248
244 254
245 246 247
250 93 55 126
251 94 225 213 232
252 159 160 161 214
253 77 162
257 208 209 210 205
262 134 135 136 166 184
263 115 116 164 165 240
268 83 84 106 233
269 270 267 255
271 151 227
272 200 201 202 203
273 274 275 276 158
277 114 234 235 236
278 207 258 259 260 261 176
279 280 63 174
281 133 128 129 156
282 46 47 61 62
283 144 219 204 285
