52
9 5 6 7 8 33 34 108
18 19 183 241 17 72
22 23 24 222
38 26 27 148 223
39 29 16 53 60
64 32 262 264
65 221 270
68 194 195 258 259
79 48 40 35 74 140 242 28
84 43 44 45 46 127
93 10 11 12 14
100 130 105 106 107 190
104 69 70 71 203
110 122 1 227 192 217 109 231
116 81 82 92 200
129 80 76 97 113 114
138 90 169 256
149 31 25 226 179 211
150 209 163 165 230
153 133 134 185
156 139 216 20 21 73
161 85 2 3 4 99
167 95 66 67 98 206
176 159 160 188 193
180 145 112 52 36 37 144
186 51 91 154 83 126 155
191 152 62 63 204
207 101 135 136 137 189
208 158 247 263 59 78
213 164 198 196
215 117 118 132 250
218 111 96 86 87 225
219 172 173 205
220 269 257 75 141
228 255
232 233 13 15
234 146 124 125 142 197
235 171 55 58 128
238 119 120 121 170
239 168 61 41 184 248
240 49 50 54 212
243 151 102 103 166
244 88 77 178
245 94 56 57 202 175 47 201
246 157 147 131 174 143
253 162 267 30 115
254 187 224 42 252
260 89 210 229
261 123 236 237 271
265 182 249
266 214 251
268 181 177 199
