63
22 23 24 25 59 113
35 74 55
41 42 28 29 30 45 114
43 44 162
48 1 5
51 37 182
57 58 81
61 62 63 64 118
67 197 156 157 27 56
73 36 210 198 199 202 258
87 88 50 66
92 52 225 226
96 2 3 4 8 169
97 53 54 117 189
107 108 112
110 75 76 80
111 186 187 188
115 77 78 79
116 104 267
119 82 83 86 204
125 17 18 19 90 91
131 98 99 109 164
140 141 70 71 72 230
144 145 190
146 120 132 133 212
147 122 168
154 126 93 94 95 103 208
155 142 260 105 222
170 16 148 149 150 151 153
171 135 136 268
172 184 138
177 178 179 180 181
191 158 211
192 6 143 31 32 33
193 250 167
196 68 69 220 221
201 203
223 121 84 85 106
224 127 102 137 9
231 89 34 60
232 26 100
233 195 218
234 49 38 39 40
235 123 134 139
236 194 20 21
237 205
241 174 175 176 265
247 213 214
248 219 206 207
249 238 239 240
251 252
253 165 166 215
254 173 242 243 7 161 183
255 228 229
256 257 15 101
259 216 244 245 246
261 185 159 160 200
262 227 10 11 12 13 14
263 47 152
264
266 46 65 163
269 128 129 130 217
270 124 209
