52
10 6 7 150 229
17 11 12 26 28 52 207
18 215 193 275 272 13 15
30 128 37 38 39 236 24 54
36 2 212 203 238
48 49 50 51 254
55 5 3 76 159
61 32 33 34 35 53 25
65 19 20 21 22 114 214
69 63 278 78 79 187
90 66 67 105 106
116 87 46 95
129 85 74 75 120
132 62 57 58 101
133 91 271 259 260
138 139 166 29 84 261
140 99 100 252
142 124 123 115
148 70 244 223 77 161
149 125 126 146
151 107 64 188
155 92 8 9 80
156 113 170 210
162 122 157 158 1 147
168 135 136 137 145 224
174 97 88 154
175 117 118 119 253
179 141 176 256
183 164 165 171
191 31 221 222 281
192 130 131 4 14 23 47 264
196 181 182 190
201 180 71 72 73 104 230
219 108 109 197 200 89 206
220 184 185 186 263
225 234 213 273
227 198 169 102 103 173
233 56 40 41 42 60 167
239 143 144 160 248
240 241 110 111 205
243 163 199 231
249 96 228 208 209 262 127 195
250 98 86 27 242 177
251 226 81 82 83 211
265 43 44 45 172 255
266 121 16 279 280
267 235 153 194 247
269 134 257 258 59 112
270 202 189 204
274 152 245 246 68 178
276 216 217 218
277 268 237 93 94 232
