63
12 13 14 290
19 20 84
23 124 289 135 136 251
38 39 40 59 65 171
43 36 37 110
49 50 51 52 216
61 54 55 60 115
62 63 56 57 174
72 7 8 22
73 33 34 116
79 280 281 282 284
85 9 35
86 78
92 74 75 144
95 77 111 205
99 16 258 260 18 156
103 69 70 71
120 15 150 151
121 202 276 277 129 237
123 30 31 215 172 173
132 226 273 274 93 94 167 199 200
140 58 68 170
141 139 259 230 217
148 100 101 119
152 153 154 155 198 285
159 106 107 108
160 161 162 163 117 118 286
175 25 26 27 28 29
176 24 2 3 4 5 90 269
177 178 179 183 113 130
180 164 165 166 261
186 223 224 225
193 45 46 47 48 157
194 80 81 82 184
195 181 168 169
196 197 283
201 122 145 146 147
206 104 97 53 158
207 105 109 185
208 125 126
213 133 127 192 268
219 182 190 98
227 228 229 294 254
231 187 188 189
232 203 204 112 270
238 218
242 243 209 210 222
244 64 114 191 102
245 246 211 10 131
247 1 6 91
249 239 240 248
252 253 291
255 212 32 76
256 257 87 88 89 137
262 263 264 265
271 134 128 41 42
272 266 267
275 233 234 235 236
278 44 149 142 143
279 96 83 21
287 138 220 214 11 66
288 221 241 250
292 293 17 67
