66
1 2 3 88 183
19 20 21 22 23 24 25
31 32 251
65 66 67 68 69 70 71
73 74 57 58 59 132 178
89 39 40 36 44
90 43 55
91 61 62 63 100
92 80 81 121 4
102 85 224 139
103 162 233
105 106 107 122
110 15 16 17 18
111 112 113 87
118 27 28 29 30
119 93 94
120 133 249
124 41 52 53
125 116 117 237
128 129 149 150 151 152 153
140 86 205
141 8 9 10 37 54
146 5 6 7
147 50 258 259 56 64
148 46 47 48 49 72 231
154 155
157 158 169
164 174
165 26 159 160
166 167 168 248
170 142 143 144 145
171 172 99 190
179 180 181 182
186 187 188 189
191 134 135 136
192 193
194 82 83 84
200 96 97 98 115
201 163 220
202 203 204
206 207 208
209 210
211 34 35 13 14 185
212 104 33 45
213
214 95 75 76 77 252
215 216 230
217 195 196 197
218 219
222 223 12 38 156
225 198 199
226 227 228
229 114
232
234 60 42 11 123 173
235 130 131 175
238 221
239 240 241
242 137 138 161
243 244 108
245 246 247 260
250 51 176 177
253 101 78 79 109
254 126 127
255 236
256 257 184
