53
14 15 16 17 7 39 21 23
26 27 28 29 141 211
31 1 69 126 158
32 11 64 76
47 81 22
55 2 3 4 36
60 8 9 73 133
61 18 114 115
67 234 219
70 44 100 24 186
82 62 231 159
91 92 45 37 38 74 149
101 10 77 20 165
102 48 33 34 90
104 105 106 212
112 56 53 157 246
123 152 153
136 84 85 86
140 63 251 235 35
142 99 88 95 96
150 87 124 199 188 178
151 113 43 59
166 5 6 97 205 206 207
167 128 129 130 131 132 189
168 68 162 181 127
173 72 138 19 58 148
174 120 116 155 156
179 180 163 119 247
190 79 121 122 65 66
191 93 94 98
193 117 118 164
194 192
195 83 57 78
196 197 145 146 236
198 169 170 171 25
201 71 12 13 52
202 203 154 227
204 184 80 209
216 217 250 208
220 137 125 147 75
221 143 107 108
222 223 245 200
226 187 210 218 139 160
228 42 46 172 54 185
229 144 240 241 252
230 176 177
232 103 49 50 51 30 89 215
233 161 109 110 111
237 238 239 182 183
242 175 134 135
243 244 224 225
248 213 214
249 40 41
