59
18 19 14 15 16 17
38 30 84
47 48 41 135
52 53 54 55
58 46 56 184
68 28 23 24 45 72 147
69 70 71 34 67 134
74 107 103 123 151 187
88 89 246 203 215
97 31 32 33 42 43 212
98 44 247
102 93 94 95
106 49 65
108 109 110 116
117 66 86 87
125 112 124
129 20 21 22 192 248
130 114 115 163 209
138 8 9 10 11 196 228 13
153 119 120 128
154 118 85 216 145 35 190
155 140 141 142 25 189
158 159 73
164 165 152 182
167 160
171 186 205
173 62 63 64 111
174 168 204
178 76 77 96
188
194 79 80 157 217 218
195 59 60 211 146
197 121 83 183
198 175 176 177
199 7 139 126 127
200 131 132 133 137
201 162 169 214
202 180 181 12 36
210 185
219 161 136 113 61
220 99 100 101
221 222 223 81 82
224 122 148 149 150 249
225 75 39 90 91 92
226 156 104
227 240
229 144 6 51
230 231
232 166 172
233 234 235
237 26 27 252 29
238 243 40 57
241 191 206 207 208
242 239 37 50 78
244 179 170 193
245 213 105 143
250 1 2 3 4 5
251 236
253 254
