49
1 55 37 30 31 52 119
12 13 14 15 257 236
20 18 32 65
41 26 50 51 47 91 226
48 140 123 128
59 38 39 40 94 95
69 49 83 109 110 111 180
82 29 227 207 208 275
96 6 153 43 44 78 135
112 67 68 160 202
121 7 8 9 10 11 66
124 125 176 177 269 76 131
143 99 265 266 200 282
152 148 195 192 193 194 197 92 93
154 70 246 281
155 5 179 271
162 249 235 267
164 74 75 24 25 36 283
165 113 114 88 106 107 157
170 21 22 23 33 277
171 87 256 104 101 102 188
183 60 61 62 63 64 103
184 100 27 16 17 46
185 172 181 182
189 108 137 138 225
190 136 129 130 142 45 80 276
191 253 231 240 53
205 120 242 243 58 132
206 158 116 117 118
210 73 56 57 196 173 85
211 97 178 145 146 147 270
212 234 218 199 228 86 201
214 167 168 169 134 209
222 251 252 89 105 268
232 122 98 35 79
233 42 263 264 115 161
237 163 198 149 150 81
241 215 213 159 229
245 2 3 4 19 34 77
247 166 156 204
248 216 141 187 230
250 239 203 28 54
254 219 220 262
258 186 255 217
259 274 133 175
272 144 126 127 174 221
273 260 84 90 139
278 238 223 224 71 261 244
279 280 72 151
