42
18 92 241 242 233
53 19 13 205 159 217
58 25 16 157 120 11 38
63 26 20 74 17 36 79
72 55 196 66 67 107 234
83 70 9 10 76 199
88 154 155 151 161 203
91 54 170 172 209 210 235
105 130 35 180 32 160
110 60 39 40 41 139
115 80 77 45 98
122 6 150 134 125 4 5
123 51 227 224 1 2 47 23
126 42 24 137 138 218
131 174 30 31 28 104 204
133 222 206 152 197 198
135 69 65 61 90 167
136 116 56 82 165
140 50 27 112 109 190
141 118 103 81 99 207
148 59 34 247 195 201 202
149 231 85 86 87 29
153 124 7 132 158
169 64 52 49 78 163
171 15 14 93 94 145 100
176 89 220 221
182 183 248 3 219
194 142 119 128 178 179
208 214 188 216
212 73 191 225 71 189 243
213 164 192 46 187
223 215 237 238
226 166 211
228 175 106 121
229 230 249 102 114
232 184 185 62 57
236 143 144 21 22 48
239 12 129 156 33 168 95 37 200
240 84 177 173 117 146 147
244 68 43 44 8 113 181
245 127 111 97 75 162 186
246 108 96 101 193
