48
45 24 25 3 109 173 258
46 47 48 209 65 66 131 68
49 13 14 15 270 112
70 214 184 103 115 169
75 5 6 7 240 21 43 82 272
76 218 141 142 44
97 199 144 239 234 257
101 41 279 139 156 197
106 237 269 271
110 107 108 161 87 88 177
118 23 166 145 146 195 262 263 137 207
124 27 28 18 193
125 92 72 73 74 259
133 69 155 94 26 283
138 147 162 212
143 221 36 175 261
152 190 120 250 105 128
158 242 226 222 223 56 116
165 22 2 276 282
171 111 123 129 130 35
178 98 96 100 170
189 200 163 164 176
202 40 134 99 42 37 38 39 79
203 93 281 174 198
208 102 241 215 228
213 119 77 10 11 12
217 277 246 167 192 251
225 204 211 255
229 57 51 52 104 8 34 132
230 58 59 60 220
232 83 159 160 126 140 157 256
233 154 62 63 117
235 50 1 84 85 148
236 172 180 54 86
244 182 149 151
245 17 114 183 238 55 90
247 248 249 260 16 89
252 185 186 205 9 188
253 254 219 53 67 187
264 29 30 31 32 168
265 266 267 268 64 122
273 95 135 136 150 196
274 153 286 287 121 4 80
275 231 243 181 224
278 179 19 20 127
280 191 210 33 91
284 113 71 61 227 78 81 194
285 201 216 206
