21
13 4 242 199 193 167 174 220 236 85 169 280
22 14 6 203 265 289 273 254 277 1 2 29 206 251
38 25 40 37 204 196 190 43 57 197 221 3 10 60
78 24 178 153 141 5 86 133 149 84 202 237 115 187 67 172
96 72 50 47 56 42 138 164 191 279
117 23 15 282 261 243 209 201 210 231 286 171 257
118 53 140 124 108 145 137 127 83 18 35 52 68 102 182 69 216
122 61 39 195 176 154 142 41 100 249 239 278 8 111 150 208
159 79 54 252 200 189 184 180 185 45 213 255 70 103 223
160 97 81 73 51 290 244 230 267 263
165 104 94 55 64 74 65 21 32 58 157 211 9 12
177 88 62 48 16 36 276 253 27 28 31 44 66 76 158 271
217 107 89 63 49 46 20 284 188 93 128 205 250 75 130 233
241 144 132 120 272 245 225 226 101 139 170 227
246 123 90 260 248 34 30 143 148 163 181 198 232 59 112 222
247 135 105 99 95 106 109 110 114 152 212
264 166 218 179 162 125 121 126 156 186 268
275 131 98 91 283 266 17 238 229 256 19 33 151
281 183 259 234 228 219 235 224 240 285 87 134 207 11 258
287 119 80 192 175 146 7 274 262 113 129 168 215 71 116 269
288 161 136 26 77 82 92 147 155 173 194 214 270
