55
27 194 195 227
44 32 33 34 226 181 196
45 10 11 217
52 28 201 202 16 18
53 216 22 12 13 14 15
57 50 51 120
58 59 41 42 43 139
64 65 23 110
68 35 36 37 40
69 70 71 72
85 86 87
102 63 66 205 124
103 104 20 38 39 61 62
106 77 78 105 177 209
111 112 119 21 26
121 46 99 100 101 125
122 237 113 126
133 1 2 3
134 135 136 137 24 25 178
140 141 142 218
144 145 146
147 19 248 123 238
153 47 48 49 73
158 97 233 94 184
159 98 138
161 132
168 176 200
169 129 130 131 173
170 149 151
174 156 60 250
179 115 199 231
180 150 152
186 7 4 5 6
187 148 116 117 118
188 164 157 232
189 165 162 163
190 191 192 114 143
197 223 219
203 79 80 81 167
204 154 155 182 88 89
206 207 208
210 160 8 9 82 83 84
211 212 229
213 76 67 222
214 54 55 56 74 75
215 236 221 230
220 249 185
224 95 96 91 92 93
225 198 166 235
228 29 30 31 17
239 127 90 175 193
240 128 107 108 109
241 242 243 244
245 171 172 183
246 247 234
