60
7 8 9 10 11 30
12 13 14 15 16 130 210
26 206 207 63 73
32 20 19 201
34 23 25 78
41 22 69
43 102 27 37 58
46 21 159 160
62 230 231 237
64 59 60 166
74 33 17 38
79 52 44 45 170 171
88 48 49 50 51 68
96 97 109 168
98 56 57 220
99 53 54 108 111
103 39 40 83 84 215
104 65 66 67 156
105 106 205
113 47 28 82 127
120 31 55 112
121 172 150 110
123 124 125 224 152
131 118 167
133 70 236
134 89 90 85
138 139
141 86 87 169
142 100 71 72 95
143 128 129 163
146 92 93 94 137 211
147 122 232
153 154 155 200
158 149 209
161 162
164 165
177 135 136
178 75 76 182 183 184
179 180 181 107 173
185 186
188 42 24 77 6 117
189 114 115 116
190 191 192
194 144 119 193
195 1 2 3
196 35 36 61
197 198 199
202 148 174
203 204 126 151
212 213 214
216 140
217 218 219
222 101 91 157 221
223 132 4 5
227 175 176
228 145 187
229 80 81 208 18 29
233
234
235 225 226
