65
1 2 112 154
8 36 60 61 62 120
31 21 22 23
35 28 29 68
47 16 17 20
52 53 54 55 56 57 58
70 41 42 43 44 118 230
81 59 37 38 39 74 207
87 33 24 40 241
102 115 116 194
106 9 10 11 12 13 14 69
107 51 94
122 25 26 93 121
123 124 125 126 160 215
127 98 75 171
129 90 79 117
131 99 101
137 91 77 78 143
144 108 109 85 86
145 134 188
149 140 141 142 255
150 97 139
151 208 158 159
156 76 63 80 155
157 133 128 3 15
162 132 209 210 233
163 164 234
165 82 45 46 104 258
166 167
168 169 170 95
175 176 251
177 49 50 113
178 179 180 257
184 146 192
189 32 88 110 148
190 181 182 183
191 193
196 48 7 18 19 195
197 198 199
200 253 254
201 138 173
202 172 267
211 152 153 240
212 213 214 161
217 218 219 220 221
222 235
223 224 225
226 71 72 73 114
227 228 229
231 232
236 111 103 30 27
237 238 239
242
243 185 186 187 135
244 249 256
245 89 130 147
246 96 92 119
247 203 204 205 206
248 250 34
252
259 64 65 66 67 105
260 174 100 136
261 262 4 5 6
263 83 84 216
264 265 266
