64
2 3 167
4 5 6 51
7 8 9 10 11 12 13
16 146 254 255
27 178 179 35
28 29 30 31 32 46
38 1 188
39 40 41 25 26 45 192
63 95 96 97 98 118 23 131
74 54 55 83
89 90 18 19 20 21 22 86
94 57 58 82
99 195 196 197 198
103 42 43 44 159
104 105 106 84 181
107 65 66 85 119
108 109 24
113 100 72 73 123
114 115 116 117 50 60
120 191
122 226 227 228
124 52 140 141 142
125 126 127 128 59
132 53 251 67 129
133 134 135 64 148
136 70 71 143
144 145 214
149 150 76 102
151 152 153
154 69 170 243
156 224
160 79 213 101 182
161 162 163
165 166 36 37 61
169 137 138 139 202
172 173 199
176 177 157 158
183 121 88 168
184 185 201
189 174 175
193 186 180 203
194 187
204 77 34 80 81
205 78 221 47 87
206 48 49 68
208 209 244
210 225 234
212 155 17 56
215 91 92 93 164
216 217
218 219 14 15 130
220 207 147 190
229 230
231 75 233 242
235 33
236 171 200
237 238 257
239 110 111 112 249
240 241 248
245 232 211
246 247 252
250 222 223
253
256 62
