67
1 2 3 35 36 128 187
15 4 5 6 7
18 19 20 21 22 124
23 16 17 194 195 197
38 154
44 39 40 41 59
52 31 32 33 34 110
53 45 46 127 183
63 48 49 50 61 62 196
64 189 190 60
72 8 9 10 208 37
93 201 234 235
105 75 76 97 14
111 80 51 68
122 123 224
129 241 242 243 244
137 88 87 98
138 207 101 102
146 86 65 96 164
155 256
156 70 71 166
157 134
158 79 66 100
162 132 104 181 182
167 112 82 83 84 85
168 172
171 186
173 119 170
174 175
178 24 269 270
179 149 223
188 94 89 90 91
191 81 200 143 144 11
192 106 54 55 56 92
193 198
199 113 114 115
202 163 214
205 74 219 251
206 151 209
210 77 78 142
211 159 160 161
212 213 141
216 116 117 118
217 218 47 176
220 147 95 145
221 222 99 109
225
227 125 126 169 226
228 257
229 230
232 252
233 203 204 69 165
238 180 245
239
246 247 248 249
250 130 131 185
253 139 140 67 237
254 255 12 13 236
258 25 26 27 28 29 30
259 107 108 231
260 148 135 136
261 152 153 240
262 184 103 177
263 133 215
266 73 57 58
267 42 43 150 120 121
268 264 265
