38
1 2 185 181 186 218 114
8 101 51 52 53 112
12 13 227 231 32 154 175
29 9 10 146 173 36 91
69 31 203 236 109 89 130
84 50 23 97 57 98 171
105 55 243 244 118 27 115
123 195 193 194 196 46 96
133 67 63 64 111 235
134 77 58 14 73 108 174
138 86 87 3 4 5 41
142 66 30 199 158 189 200 238
143 103 223 237 28 61
147 92 93 81 163 230
151 148 94 48 65 113
152 131 100 104 121 54 188
155 85 47 178 179 190
156 107 117 150 209
165 124 129 141 42 83
167 229 233 26 40
176 70 34 35 38 74 127
177 210 212 234 159
182 76 37 153 172 24 33 43
183 99 62 49 161 202
184 132 25 217 213 39 60 214
191 144 78 88 110 205
192 145 68 6 7 215
197 102 166 149 201
198 168 232
219 15 16 211 44 45 59 75 170
220 106 71 56 135 136 162 239
221 116 125 137 187
222 157 120 128 11 204
225 79 72 17 18 19 82 122
226 160 180
240 20 21 22 228 95 126 90
241 119 80 140 164 169
242 139 216 206 207 208 224
