68
1 2 3 4 5 6 16
7 278
11 12 13 14 15
25 135 136 137 150
31 148 149 199
44 59 60 162
48 49 50 51 190
58 45 47 84
67 26 27 28
68 30 46 63 179
73 40 83
79 80 81 101 155 156
91 75 76 61 10 143
92 93 94 95 120
98 20 21 22 36
102 103 104 147
107 78 90
113 52 53 54
114 115 273 254
122 55 279
125 126 127 128 129 202 204
138 17 18 19 85
139 66 64 180
140 108 109 247
144 132 133 134
157 158 145 146 8 9
163 99 100 116 117
170 32 33 34 35 161
171 172 173
174 175 62 82 270
176 159 160 227
181 69 70 71 72
182 177 178 269
191 65 29 110 260
192 193 211
194 74 277
195 196 197 246
200 201 242 198
205 141 142 268
206 265 266
208 187 188
209 189
213 214 245
215 112 118 119 212
216 86 87 88 186
217 218 105 106
223 123 41 42 43 111
224 225 226
229 183 184 185 259
233 164 165 166
234 219 169
238 124 56 57 280
239 203 130 131 228
241 230 231 232
248 96 97 207
249 250 251
252 210 222
253 236 237
255 235 272 37 38 39
256 257 258
261 167 168 220
262 151 152 153 154 221 77 89
263 240 275
264 267
271 23 24 121
274
276 243 244
281 282 283
