58
3 4 115 116 117 118 126
21 22 23 24 25
30 9 125
31 40 41 42 43 44 67 68
34 183 184 185
53 54 55
62 47 46
71 218
74 75 32 33 142 174 175
86 146 147 91 92 111 113
88 59 60 61
93 15 209 29 181
94 95 7 8 180
98 99 12 13 254
102 119
103 225 226 176 177 178
108 37 38 39 10 11
120 121 241 253
122 57 58
124 158 159 216 85
129 130 123 101 69
136 51 52
140 64 65 66
141 72 73 45 83
144 240 249 148 223
150 134 135 89 90 112 156
151 63 48 49 50 171
152 153 154 2 179
157 76 77 78 79
165 166 167 168
172 97 81 82
182 35 26 27 28
189 231
190 191 192
195 87 17 221
196 36 18 19 70
197 173 222
199 200 201 202 206
203 198 14 139
207 80 1 193
210 204 205 128
211 242
212 145 96
214 213 143
219 100 238 239 227 169 170
220 131 132 133 155
224 104 105 106 56 127
228 229 230 138
232 208 5 6 16 20
234 109 110 137 149
235 233
237 236 84 107
243 244 245
246 186 187 188 194
247 248
250 160 161 162 163 164
251 215 217
252 114
