56
19 159 176
27 23 24 25 26 68
28 29 30 121 101 156
31 13 14 182 4 5 6 46
39 40 41 43
51 20 254 266
55 148 149 150 212
59 60 61 197 268
65 48 49 50 246
74 32 33 152 196
83 52 3 231 257
90 91 265
97 35 36 62 199
107 22 21 67 98 175
108 77 135 38
113 66 158 118 119 125 42
114 82 112
115 87 88 143
128 201 202 207 70 213
138 109 120 187
139 171 172 173 174
147 56 57 58 123
157 76 264
160 134 210 198
162 163 164 165 80 258
166 12 185 161 44 45 89
167 130 263 256
170 106 103 104 1 2
177 140 141 142
183 34 218 124 126 127
184 75 253 242 243 122
188 7 8 9 10 11 260
189 72 73 99 100
190 81 69 92 226
191 192 193 235 16 17 102
200 129 234 250 267
203 93 116 117 214
204 144 37 132
215 78 79 111
216 133 180 181 244
217 168 169 206 255
219 178 145 146 211
220 208 209 225 251
221 194 236
224 205 105 233
227 153 136 137 259
228 84 63 64 71 195
229 179 47 96
237 151 131 94
238 186 245
240 241
247 154 155 110
248 249 85 86
252 222 223 232
261 230 53 54 95
262 239 15 18
