46
7 119 137 196 197
22 5 6 13 49
23 2 3 243 29 91
31 19 20 21 56 173
38 82 59 60 68 128
44 8 9 10 26 94
50 116 117 120 127 27 129
63 64 52 234 77 222
74 39 32 25 41 48 97
111 65 121 122 226
112 53 40 1 208 235 55 96
118 45 46 28 42 104
124 76 73 136
131 15 16 17 163 43 227
132 78 12 166 238
140 51 187 138 236
144 145 134 66 57 110
147 24 11 192 193 123 244
148 106 33 34 18 30
158 83 80 81 89 210
164 133 101 102 182
168 169 125 109 198
170 171 209
174 58 216 165 167 230
175 141 107 35 36 103
177 85 228 229 87
178 113 98 86 71 130
179 47 199 213 61 139
186 159 160 99 92 115 185
194 149 150 172
195 176 205
201 162 54 84 93 239
202 183 184 79 206
203 204 151 214
207 70 155 156 135
211 108 153 200
215 100 69 225 114 126 161
219 88 105 218
220 221 62 90 237
223 188 189 190
224 180 181 37 157
231 152 142 143 146 95
232 217
240 75 67 72 191
241 154 212 4 14
242 233
