53
1 2 3 4 5 11 73 111
6 7 8 49 50 51 104
12 13 14 15 16 39
22 23 169 162 213
31 28 228 229 232
35 226 247
40 41 42 43 60
55 56 44 45 179 161
69 70 71 72 20 93
75 27 103
107 57 24 25 52 136
119 82 83 63 90
120 121 106 135
123 62 110
124 128 129 165 234
132 133 92 171
137 19 207 208
138 9 10 91 46 47 54 18 222
139 140 141
142 101 102 186
143 144 156
148 149 122 196
151 130 77 78 79 26
152 99 185 236 237
153 154 105 88 85
172 109 94 95 214
173 113 114 195 48
175 131 197
176 134 233
177 178 212
181 108 87 33 34 64 224
184 36 37 38
187 188 189 190
191 65 97 98
192 193 182 183 17 157
198 76 32 210 211
199 200 201 53 96
204 205 174 84 80 158
206 194 30 168
209 112 166 117 180
217 159 68 118
219 164 221
225 115 116 170 248
230 202 203 163
231 86 150
235 215 216
238 125 167 249
239 100 58 59 61
240 218 227 145
241 21 74
243 126 127 155 29 66 67 146
244 220 242 81 147
245 246 160 89 223
