56
14 15 4 209 210 79 93
16 17 215 204 99 100
22 23 24 25 26 27 92
31 32 184 185 186 94 148 149
37 21 48
38 164 175 223
53 133 95 171
64 65 232 222
69 8 9 10 11 42
73 74 1 2 3 102
96 57 58 59 60
97 88
98 5 6 47 56
103 104 41
106 107 108
109 110 111 112 113 234
114 115 158
116 40 161 165
117 68 63
118 119 142 52
124 87 153
127 80 72 101
128 49 50 51 81 36
132 71 66 170 226
137 225 203
143 62 105
144 43 44 45 46
145 76 77 176 177 178
150 151 152
154 75 231 230
155 157 235
156 18 19 20
162 82 83 84 85 211
163 39 146 147 7 218
166 121 122 123 193 194
167 134 135
172 70 54 55 90
173 138 139
174 61 140
179 67 136
180 129 130 131 221 120
181 182 33 34 35
183 159 236
187 141 229
188 189 190 191
192 233
195 86 228
196 197 198 239
201 89 12 13 91
202 125 126 199 200
208 168 169 28 29 30
212 213 214
219 220 78 160
224 205 206 207
227 216 217
237 238
