62
18 19 20 21 11 64
25 4 5 23
31 174 130 39 255
36 37 38 72
44 45 46 47 48 108
49 50 12 13 14 168
55 56 57 58 261
65 224 60 61
67 59 237 225 254
77 51 52 89
82 79 80 109
84 62 63 230
93 73 75 76
101 102 103 198
104 99 100 142
105 106 107
110 111 40 165 229
116 94 95 96
120 118
121 122 262
133 134 135 136 152
138 6 7 8 9 10 54 248
139 78 66 74 124
153 3 157 117 112 145
154 127 128 151
155 22 186
156 97 98 129
161 42 43 222 232
169 158 159 160
171 172 205
177 170 144
178 179 180 176
181 32 33 259
187 83 17 215
188 149 150
189 190 191 2 143
193 26 27 28 30
194 90 91 92 231
195 196 197 247
202 221 1 16
207 208 209
210 211
214 173
218 175 192 123 126 166
220 199 131 132
223 182 183 184 260
227 228 243
233 114 115 238
234 162 163 252 253
235 200 201
236 213 24 29
239 85 86 87 88 212
240 140 141 185 71
241 242 53 137
245 146 147 167
249 81 15 41 226
250 148 164 246
251 265 34 35 125
256 204 206 113
258 244
263 219 203 68 69 70 216
264 257 119 217
