63
7 8 5 32 74
30 10 280 281 187
31 49 50 65 66 128
44 45 200 174 175 51 220
70 253 207 118 119 120
77 34 35 36 148
122 123 1 2 3 4 99
129 55 39 91 170
134 245 246 95
138 68 111 150
139 140 108 117
145 93 94 109 149
151 141 142 143 69
155 46 114 115 116 268
156 75 76 235
160 215 9 33 104 203
161 37 6 168 185
162 67 17 18 19 219
164 180 181
171 86 72 73 121
172 78 27 28 29 112
173 38 136 277
176 81 238 239 165 61 250
177 159 144 82 96
182 124 47 48 84
183 184 169
189 163 97 110
190 11 12 13 16
191 192 193 194 195 22 24
196 152 153
199 105 87 52 154
204 41 42 43 92
205 100 88 98 214
206 106 107 14 89
221 222 274
224 290
225 218 249
226 227
228
229 62 63 64 223
230 209 210 56 57 58 167
231 232 233 234 15
236 146 147
237 208 217 262
240 20 21 248
241 242 125 126 127 276
243 135 79 80 247
244 157 158 275
251 130 131 132 133 166
252 71 264 265 266 267
254 255 202
258 113 101 102 103 278
259 216 256
260 289 279 188
263 201 53 54 137 23
269 197 186 282
270 40 198 90 257
271 272
273 25 26
284 85 211 212 213
285 286
287 178 179 60 59 83
288 261 283
