39
23 158 136 228 5 104 2 22
40 7 141 110 55 43 176
53 24 17 241 132 206
69 39 159 80 147
75 50 217 191
77 8 194 204 205 31 58 177
78 223 138 139 184
81 29 12 13 32 68
87 16 213 168 142 143 144 199 6 35
101 60 49 56 73
105 197 169 172 185 232
120 86 18 51 52 62 92
133 37 121 107 84 111 116 166
134 94 61 63 113
140 102 95 100 126
148 106 79 115 98 112
152 130 103 66 33 34 127
157 59 25 202 225
162 171 150 151 160 230
167 28 4 209 119 122
178 145 220 146
180 82 54 30 71 74 192
181 149 244 26 27 65
193 219 198 224 164 99 189
200 109 70 76 90 91 128
201 231 1 3 36
207 175 165 67
211 88 41 42 229 47 123
212 114 9 10 20 44
221 129 89 234 14 15 48
222 239 216 196 210 117
226 135 203 174 155 108
227 173 153 131 124 125 186 218
236 96 233 187 215 190 85
237 118 97 83 170 19 21 64
238 179 208 188 235
240 156 183 195
242 137 38 214 72 93
243 182 163 154 46 57 161 11 45
