62
10 1 287 288
19 7 8 9 250 251
22 23 24 25 51 149
33 267 261 262
41 42 29 30 69
43 28 216 217 193 255
44 32 247
52 155 121 122 118 119 120 195
61 34 26 36 68 252
65 58 59 60 160
75 45 46 152 2 3
76 63 64 55 173
82 66 284 285
87 88 89 84 85 186
91 56 57
95 290
106 20 21 47 104
107 35 158 184 185
112 93 144
116 117 223 224 111 221
125 126 127 128 129
131 132 133 134 253
135 62 50 67 172
139 86 97 98 233
145 146 147 148 159
154 73 53 54 96 37 94 179
161 83 27 40
162 4 5 6 291
169 113 114 115 123 201 202
175 136 137 138 263
176 292 293
180 100 101 102 48
187 188 204 289
191 108 109 189 194
192 177 178
196 156 157 110 205
203 150 151 235
208 209 210 211 168 280
212 140 141 278 279
213 228 218
215 181 182
222 163 165 143 220
225 11 12 13 14 15 130
226 49 39 90 207
227 214 17 18 153
236 237 246
238 74 206
248 249 239 240 31 70
256 92 71 72 200
257 242 243
258 259 260
264 164 190
265 266
268 269 142 16
270 271 124 245
272 170 171 38
273 274 275 276 232 99 244
277 234 241 103 105
281 183 166 167 219
282 77 78 79 80 81 174
283 197 198 199 254
286 229 230 231
