55
3 4 5 6 7 8 19 128
20 21 22 23 41
27 14 15 248 227 76
30 31 220 221 222 235
44 24 257 265
56 42 43 90
57 58 59 64 258
65 9 10 11 12 13 50
70 271 35
79 80 81 98 137
93 61 171 172 207
95 145 146 147 173
100 67 68 92
108 97 106 234
112 46 47 48 206 253
113 45 211 240 39 40 78
114 53 54 55 89
130 131 132 242
138 71 72 73 164
140 141 142 143 177
148 101 225 91 99 274
149 118 102 223
150 83 84 85 156
151 86 174
152 133 134 135 228
160 103 104 105 123
161 109 110 111 176
162 189
169 66 38 49
170 157 51 60 159
179 62 163 175 77 254
183 184 185 232
191 28 29 186 187 188
192 193 153 154 182 26 167
194 195 212 213 241
198 144 96 203 204
199 115 116 117 190
200 249 246 155
208 52 247 239 34
209 124 125 126 127 136
210 205 32 33 74
224 202 87 75 36 129
229 16 17 263 264 233
237 216 217 218 158
238 268 269 25 69 236
243 226 252
255 196 165 166
256 180 181 245
259 260 1 2 168
261 262 88 215
266 94 250 251 201 119 120 121 122
267 230 231 214 219
270 139 197
272 244 63 82 107 178
273 18 37
