61
10 5 6 7 8 9 17 24
11 12 1 2 3 4 228
36 37 38 39
47 41 40
63 61 166 184
64 62 237
68 18 19 75 76 119
69 44 45 238
70 28 43 239
80 81 60 66 205
85 48 213 218 46
95 13 14 29 84
102 103 104 112
122 52 30 31 128
123 56 57 58 59
124 105 106 20
125 108 25 26 27 224 248
139 170 54 55
144 151
145 53 203 204
146 82 79 137
156 100 101
163 33 34 67 131
164 98 99 154
168 97 220
169 114 115 116 117 120
172 90 91 92
173 222 223 83 240
175 94 65 113
176 86 49 50 74 78 134
177 157 158 167
178 179 35
180 109 110 111 185
181 129 130
182 183 73
186 187 188 189
190 174 42 118
194 195 196 197 51
198 199
200 93 234 107
201 126 127 153
202 135 136 159
209 206 207 208
210
211 132 133 142
212 138
214 15 16 219
215 162 193
225 147 148 121
229 226 221
230 231
232 140 141 253
233 77 236 171
235 149 150
241 96 21 22 23 32
242 165 152 88 143
243 160 71 72 89
244 191 192 161
245 246 247
249 155 87 216 217 227
250 251 252
