61
1 2 3 4 5 6 25
8 9 10 11 12 70
20 123 47 48 88
27 14 15 81
39 40 33 34 26
43 122 110 211
46 29 30 31 114
49 50 51 80
73 177 178 194
77 203 193 220 127
89 23 24 101
90 54 55 56 57 67 53
94 44 45 58
102 41 42 59
117 136 137 251
121 75 35 36 37 38
135 118 106 195
140 108 109 157
141 78 79 93
147 124 104 206 128
152 145 154 165 166
167 103 82 83 113
172 91 92 156
175 95 60 61 134
176 146 244
179 96 115 116 66 85
180 129 130 185
181 138
182 144 216
186 28 143 132 133
187 153 213 214 215
188
189 21 22 7 16
190 71 100 13 18 199
191 120
192 161 155
197 207
200 142 125 126 217
202 209 210
208 74 238 17 68
212 163
218 219 233
221 222 204 205 258
225 226 227 228
229 148 149 250
230 201 183
231 232 158
234 235 119 184
236 62 63 64 65 84 224
237 173 174
240 150 151 139
241 242 243
245 69 111
246 159 160 198
247 32 19 52 99
248 162 259 196 76 131
249 223 171
252 86 87 112 164
253 105 97 98 72 107
254 168 169 170 257
255 256 239
