53
6 130 89 87 88 238
29 18 19 20 21 233
30 272 237 143 144
38 23 42 43 44 264
39 105 106 64 187
57 58 59 60 81 135
71 65 66 1 202 56
90 55 27 250 296
95 72 15 76 297
99 100 80 242 248 127
103 62 63 108 188
104 221 153 40 41 270
113 45 46 47 230 155
129 31 32 33 154 37 111
145 54 192 195
146 199 251 280 285
150 167 175 124 284
152 125 126 269
162 68 69 281 75
168 48 49 50 51 128
169 109 110 16 177
170 137 249 239 256
178 61 14 7 8 9 10 236
179 85 11 12 13 235 77 263
180 158 247 244 289
183 67 26 159 186 172 173
184 142 295 70 84
196 92 93 166 118 219 160 161
197 132 222 223 102 283
198 147 225 226 157 210
203 171 22 28 53
206 25 114 286 287 288
211 78 279 273 274
212 213 214 215 83 174
216 217 243
220 120 86 291 292 117 245
224 79 35 36 94 2 3 4 5
227 136 115 101 34 82
228 164 165 189 193
240 241 275 276 209
246 204 205 262 149
254 185 190 52
257 207 208 73 74 107 191
258 218 116 156 119
261 194 201 268
265 163 131 96 148 231 252 253
266 229 133 24 112 176
267 234 277
271 151 138 139 140
278 91 141 97 98 134 282
290 181 182 255 232
293 200 121 122 123 17
294 259 260
