48
16 165 114 187 188 198
23 9 10 239 240 72 119
29 172 140 20 22 28 89
35 31 52 39 65
36 5 6 8 33 104
61 4 1 2 50 88
62 19 229 211 245
82 162 110 80 81 174
90 17 242 237
96 58 225 139 15 102
113 70 60
125 24 18 32 51 123
126 37 38 173 220
128 57 214 215
131 41 149 138 180
132 78 71 135 118
136 91 221 222
147 85 68 146
148 98 193 218 43 56
153 7 64 112 246
161 63 54 55 77 205
164 30 25 26 12 40
167 86 74 75
168 127 27 49 152
171 133 84 103 219
175 97 143 144
176 238 234 223 21 44
184 107 99 100 101
185 169 150 151 156
186 163 145 199 124
189 115 116 233
190 129 108 109 13 67
191 134 130 158
192 170 194 241
195 244 105 106 122
200 53 46 14 79 227
201 42 111 11 34 121
210 154 141 183
213 217 206 207 93 226
216 83 181 182 47 73 209
224 178 166 45 76
228 179 208 3 66
231 137 92 155 212
232 202 203 230 69 120
235 142 177 157 159 160
236 87 117
243 196 197 204 48 95
247 248 59 94
