35
2 3 4 156 129 130 133 166 30 202
7 8 9 10 67 20 28 41
43 136 33 58 59 15 22 84
51 44 224 100 85 86 95 186
56 12 13 14 240 198
76 57 236 237 34 68 38 75
77 78 42 145
90 60 61 62 63 120
91 66 5 98 124 189
105 32 196 234 114 134 21 29
126 215 178 197 6 16 23 24
135 159 149 143 144 172 229
138 80 233 35 157 200
146 49 45 46 64 119 174
147 139 117 118 141 199
155 140 231 228 217 131 222
158 92 93 94 238 26 88
170 182 183 205 36 71 203
175 103 73 74 69 168 102
176 171 184 221 167 40 96
179 107 230 104 79 169
180 72 187 225 151 206
181 113 108 101 125 162 226
190 11 1 148 137 210 127
191 116 97 81 82 83 235
192 160 161 164 48
194 17 18 19 220 39 87 173
195 53 128 109 110 153 211
207 209 227 241
213 52 115 152 150 188 47 112
214 177 193 201 70 212
218 31 121 216 165 239 99 142 132
219 163 25 185 111
223 65 54 50 27 55 89
232 106 37 204 208 122 123 154
