43
41 12 169 280 47 60 107 219
45 188 18 19 20 21 77 168
56 38 253 236 269
62 17 111 263 32 55 163
84 48 34 13 14 15 61 131
100 42 23 249 250 251 119 171
109 28 4 5 96 106 209
114 11 1 132 170 267
115 57 39 40 44 54 91 172
116 58 46 239 246 247 260
121 66 67 82 125 214
122 123 113 257 224 240 241
126 72 33 262 43 53 80 190
149 223 104 75 83 142
152 73 51 191 165 71 98 199
156 78 10 7 225
157 88 89 36 37 198
158 124 136 218
174 95 74 254 102 148 197
175 117 92 177 150 196 264
183 127 101 155 265 76 108
187 134 118 112 182 271
193 154 147 181 268
200 166 79 97 133 226
201 159 139 137 186
202 205 275 278 204 25 26 143 243
210 211 192 229 252
215 50 29 30 185 217 87 146 162
216 194 195 235 208
231 65 52 258 266 120 221
232 138 128 129 164 230
238 179 160 237 234
244 110 86 70 31 35 99
245 233 255
248 176 135 180 270
256 203 178 213 22 173
261 184 140 141 161 227
272 94 59 2 3 8 27
273 153 85 64 24 145 167 9 144
274 206 189 105 151 69 222
276 103 63 49 68 90 220
277 207 259 6 16 228
279 212 81 93 130 242
