52
13 14 15 223 224
42 3 39 40 41
53 49 50 51 182 28 52
55 78 74 93 186
58 2 97 98 144 160
59 26 27 119 155
65 48 35 90
70 61 62 120
71 72 73 148
76 57 63 11
101 130 218
103 21 22 47
107 108 54 12 45 94 174
112 168 169 136 137 32 121
123 44 184 185
124 60 31 79 95 195
125 117 146
127 128 113 220
132 133 193
142 129 134 122
150 7 8 46 219
151 66 56 81 102 131
152 91 226
153 138 139 145
154 9 10 64
156 30 212
157 99 87 114 221
161 16 17 18 84 199 200
162 34 69 75
164 77 209 163 198 234
165 175 176 147 194
166 100 140
167 104 92 118 203
171 88 89 149
190 86 80 115 116
197 85 183
201 202 96 231
204 191 110 105 106 230
205 206 207
208 143 109 67 68 37 189
210 211 158 135
214 43 38 4 5 6
215 217 177 178 179
216 180 238 239
222 111 213
225 29 36 19 20 196
227 187 192
228 82 83 233 23 24
232 159 1 25
235 33 172 173 229
236 126 170 188
237 181 141
