53
8 1 2 3 4 17 76
9 10 11 239 228 48 169
29 139 134 225
67 5 6 7 21 39 103
71 22 23 24 42 132
79 203 178 260
82 18 14 15 50 78 183
87 36 152 153 256
88 46 47 61 218
90 55 211 166 194
91 199 25 26 45 208
96 83 30 31 86 101 207
97 64 65 131
104 49 267 268
117 59 60 20 27 102 248
118 106 77 115 146 75
127 92 80 112 95 246
143 68 254 231
144 69 62 222
150 72 70 193 154 179
155 109 110 111 201
158 84 53 54 66 149
162 140 141 148
170 114 234 240
171 251 252 81 136
175 105 99 100 116
176 157 167 213
180 33 12 13 198
184 119 120 125
189 151 147 206
190 159 255 259 41 126
202 98 224 145 164 247
209 108 85 40 51 138
210 165 186 16 28
219 133 34 35 37 52 223
220 216 244
226 156 56 57 94 241
229 163 73 74 121
230 192 107 122
232 128 129 188 38 63 236
233 185 160 161 181 182
237 113 89 93 135
238 191 221
249 58 227 177 217
250 195 200
253 212 173 174 142
257 204 205 263
258 43 44 137
264 32 19 123 124 130 197
265 215 214 235
266 261 262
270 187 196 168 245
271 242 243 172 269
