48
5 115 52 216 213 121 175
23 111 69 230 244
38 20 229 199 200 89
50 26 201 16 17 18 44
51 27 62 125 179
57 6 172 159 165 86
64 47 195 43 127
76 40 12 224 233
87 48 1 2 14 45
93 24 129 134 135 247 100 203
94 39 25 21 255 170
95 61 236 189 210
104 73 74 92 145
133 112 130 190
148 106 85 70 109
153 72 59 9 11 102
157 77 53 54 169 183 42 110
160 66 63 231
161 128 138 206
163 131 162 235
167 96 67 3 4 37
168 228 75
171 113 173 32 56
176 137 144 80 15 180
184 90 91 225
185 124 105 114 214
186 65 19 7 8 182 196 151
187 118 78 79 84 166
192 58 30 31 178
193 154 146 147 108 207
194 49 237
198 158 246 252
208 143 41 55 222
211 136 97 98 99 132 140 103 126
215 119 116 117 232
218 71 142 88 251 107 197
219 177 34 35 122
220 204 22 10 13 33 101
223 212 202 152 29 191
226 123 81 82 83 139 234
227 164 242 221
238 188 149 120 174 60 245
239 217
241 205 155 156
249 209 46 68
250 240
253 181 150 141 248
254 243 28 36
