57
1 2 3 7 56
21 4 5 6 127 130
22 23 24 193 194 76 274
30 31 44 67
33 34 35 36 37 212
41 16 17 18 19 63 196
46 42 43 142 143 192
47 48 49 65 246
81 25 26 242 152 153
88 82 215 216 107 164 280
89 90 91 92 93 40 110
94 74 75 175
99 95 97 98 146
115 100 108 135 15
120 121 122 203 204 205 252
123 11 12 13 72
132 133 148 287
138 10 8 218 249
139 38 285 286
140 80 157 167 70 73
149 69 78 128
151 57 58 71 101 154 174
160 112 113 114 282
165 124 125 134 187
168 68 224 66 77
169 83 253 275
170 129
176 111 202 156 27 28 29 255
177 119 232
178 179 180 181 182 105 281
183 141 131 283
184 9 20 45
189 223 227
198 161 162 163 221 145
199 106 96 126 243 244
200 171 137 64 256
201 241 185 186 195
206 52 53 54 55 279
207 147 166 188
213 84 61 284 172 173 155
214 190 39 271 272 251
217 250 32 51
226 103 104 233
228 116 117 118 191 222
229 230 231 262 102 159
234 50 79
235 236
238 219 220 276
247 197 225 14 136
248 62 59 60
257 239 240 109 158 254
258 259 260 261
263 85 86 87 144 211
264 265 266 267
268 150 277 278
269 208 209 210 273
270 237 245
