43
10 7 8 9 41
11 12 3 4 5 160
16 17 18 19 199 203
42 187 21 22 169
45 2 159 211 72 122
52 53 123 115 116 110
65 48 185 166
70 142 127 71 121
73 46 170 171 234 79 231
81 222
96 66 67 68 84 28 162
111 13 14 15 50 225
112 105 47 25 26 27 56
113 147 33 34 37 38 181
137 57 58 59 83 49 126
146 114 124 125 141 224
152 153 154 155 40 131
156 32 200 165 102
157 97 87 198 63 64 80
158 129 130
167 107 177
173 54 202 164
182 74 189 218 235 144
183 100 233 44 174 179 223
184 228 229 230 128
186 43 208 219 60 145
192 90 91 82 98 99 1 31
193 61 62 143 172 191
194 134 106 103 104
195 168 151 94 95 6 161
196 138 101 29 207 36
197 23 24 88 180
204 117 118 119 120 136
205 206 108 109 30
209 92 93 135 178
210 139 140 217
212 133 190 55 89
213 176 163 221
214 150 148 175
220 149 78
226 86 215 201 75 216
227 132 76 77 20 35 85
232 188 39 69 51
