65
2 56 57 58 99
9 70 71 72 134
16 17 173 261 150
18 19 20 64
21 22 23 53
24 13 14 15 186
31 32 62 117 118
34 35 36 3 4 5 203
38 39 250 236 238
44 45 46 47 135 189
54 41 42 43
55 52
69 10 11 12 251 252
77 25 26 59
78 79 80 95
82 83 84 85
87 88 163 164 63
109 100 90 91
110 139 140
114 107 199
119 28 29 93 217
120 94 192
121 6 7 8
123 40 33 51 167
124 111 112 113
129 61 223 224 237
130 160
131 125 157
143 115 116 218
144 145 146 170
151 132 133 141
152 172 161
158 159 166
168 191 81
171 153 154 155 243
174 74 75 76 108 244
175 176 177 197
180 48 49 50 162
181 67 68 104
193 98 92 156
200 201 202
204 187 1 60
206 147 65 66 257
207 105 101 102 142
208 209 103 198
211 165 210
212 194 195 230
216
219 220
221 27 73
222 182 183 184 188 231
225 213 205 232
227 228 229 37 136
233 89 86 122
234 148 149 196
235 214 215
239 240 241 242 253
245 137 138 169 30
246 247
248 126 127 96 97
249 226 106
254 255 256 128 185
258 190 178 179
259
260
