56
1 2 3 4 42 87
26 27 19 25 140
35 7 8 9 262 263 264
52 276 277
56 32 33 34 171
81 151 75 16 17 18
102 83 84 223
113 30 31 62 66
119 67 224 218 230 79 80 139
120 204 205 206
122 185 232 214 215 216
126 74 168 169 104 105 137
127 179 109
149 147 154 64
150 82 197 198 199 200
155 36 37 38 39 70 238
156 157 170
158 92 93 112 135 136 138
159 5 6 225
160 28 29 20 21 43
161 134 128 129
165 117 191
166 110 111 118
173 44 45 46 90 234
174 175 176 209 13 14 15
184 123 125 68 69 86 217
189 187 188 132
195 91 60 256 257
196 144 85 96 133
201 141 57 10 12 245
202 203 190
207 208 235 65 193
211 47 48 49 78
212 22 23 24 130
213 181 182 183
219 220 94 58 59 194
227 11 172
231 247 248 233 177 243 244
239 228 186 210
246 221 164
249 229 236
250 146 116 124 148
251 252
253 107 108 131 192
254 115 88 89
258 53 54 55 95
259 143 71 72 73 101
260 167 152 153 178 278
261 162 163 222
265 145 103 97 98
266 267 268 270 142 180
269 61 63 237
271 114 40 41 51
272 121 99 100 226
273 274
275 255 240 241 242 76 77 50 106
