36
3 4 216 16 36 38 94
29 27 25 126 90 122 173 174 179
33 69 211 180 181 182 192
47 13 14 15 20 21 22 75 113
68 34 35 28 37 175
71 140 131 150 87 147
80 144 141 156 128
83 1 2 188 120 121 93 157
85 60 61 62 39 67
95 55 206 166 167 58 185
97 65 196 74 236
123 125 239 242 12 40 92
129 23 84 59 222 224 164 223
132 48 176 103 218 146
139 64 99 168 169 199 200 151
148 149 49 50 197 232 51 112
158 7 8 130 98 76 136
159 24 137 70 82 26 46 43 184
160 235 6 57 91 233
186 63 30 31 72 73 145 163
193 54 114 89 56 66 17 53
194 133 108 109 127 143 214
195 177 178 183
203 81 9 10 11 18 170 77 227
204 119 116 117 142 19 44
205 161 45 41 225
210 96 215 154 155 191 207 237 118
217 212 32 100 101 104 226
220 124 115 110 198
221 86 138 52
228 134 135 162 42 219
229 187 152 153 165 78 79
234 5 230 231 111 208
238 209 213 88 201
240 107 105 106 202
241 190 189 171 172 102
