60
5 6 7 8 9 183
10 11 12 13 14 15 16 67
19 17 18 94
21 4 71 157 250
30 187 55 81
38 39 40 243
42 59 60 61 95
58 43 255 146
73 20 154
74 75 76 77 99 199
79 151 191 229
84 45 46 257 87 127
88 22 23 24 25 26
96 62 63 64 65 233
97 126 193
102 103 31 247
109 80 122 232
110 85 246 32 33
111 89 236 241 242
112 90 91 92 118 192
115 116 117 107 108
119 120 121 78 82
123 104 105 175
124 125 166
130 131 132
135 86 214
139 70 68 1 2 3
147 44 200 133 134
159 164 163 56 158
161 29 155 220
167 168 169 219
173 174 172 189
177 160 179 201 182
178 180 28 41
184 185
190 35 36 37
194 50 51 52 53 210
195 113 138 225
196 197 230 231
202 148 254 83
203 54 93 221
204 47 48 57
205 206 234
211 137 165 34 153
212 213
215 100 101 209
216 170 144 145 152
217 186
218 98 27 69
222 162 198
223 224 72
226 227 228 207 208
237 156 114
238 253
239 140 141 142 143 248
240 129 106 251
244 136 128 149 150 235
245 171 49 176
252 188 181 66
256 249
