55
1 2 3 4 5 211 284 280
22 111 248 249
28 29 14 166 167 168 175 218
43 44 58 78 270
61 45 46 161 163
65 57 271 272 192
70 33 177 178 189
79 66 67 68 114 241
86 39 40
99 80 81 82 131 243
105 62 59 60 234
110 49 50 51 52 125 227
115 90 244
116 252 265
121 89 74 221 239 240
129 204 205 208 27 250
132 106 107 108 55
133 117 118 119 120 32
134 135 87 64 93 183
138 92 91 109 258
139 214 215 217 53 69
150 73 25 155 156 16 54
151 195 278 279 285
154 145 146 13 17 18
158 88 63 238 123 232
159 95 71 72 103
165 100 101 102 231
172 112 113 127
176 56 30 31 97 98 94
187 188 140 180
194 171 126 141
201 19 20 21 260 267 104
202 122 26 84
203 130 96 9 10 41
206 124 83 222
207 34 35 36 193
209 160 162
212 23 24 12 198 75 164
213 7 8 255 256 257
219 220 216 136 269
223 148 149 179
224 190 196 200 181 182
228 142 143 144 199
235 169 170 254
236 210 233 246
247 173 174 191 276
251 229 253 268
259 15 245 197
261 37 38 266 147
262 237 225 226 47 48 128
263 264 77 85 137
273 184 185 186 6 11 42
277 274 275 242
281 152 153 157
282 283 230 76
