57
20 126 114 19
32 25 218 219
36 37 38 155 136 109 225
42 7 116 104 162
45 46 8 9 10 57 255
51 34 138 237
53 54 55 56 60
72 73 67 68 69 70 119
83 21 215 216 217 254
94 29 30 182 194 195 159
95 26 27 64 111
102 262 100 248 249
120 121 78 79 80 118
124 47 48 167 76
130 103 91 153
132 96 97 180 226
137 88 89 197
140 84 85 86 87 179
141 142 117 71
143 210 35 202
154 115 98 99 11 61
161 178 250
163 164 165 166
168 127 128 129
169 62 253 183
170 5 6 233 201 235 236
171 107 81 92
172 173 211 247
175 152
176 177 256
184 33 203 205
185 186 204 206
187 156 157 158 196
188 189 190 151 227
191 43 44 90 207
192 144 108 139 257
198 52 39 40 41
199 131 146 148
200 149 105 28
209 145 1 2 3 4
213 125 65 58 59 101
214 181
220 14 15 16 17 18
221 246
222 223 232
228 66 74 75 110
229 112 113 224
230 12 13
234 135 63 82 106
241 160 31 49 77
242 193 22 23 24
243 238 239 240
244 245 50
251 252 208
259 133 134 147 150 258
260 122 123 174
261 231 93 212
