55
2 3 4 23 24 25 199
16 254 47 42 242 126 223
26 239 217 218 289 290 43 161
81 12 13 140 184 20 127
84 41 92 28 29 134 283
88 45 7 8 9 10 22
102 53 54 55 56 176
107 37 295 280 311 106 277
108 109 104 105 148 213
117 80 168 197
118 119 120 207
128 83 57 58 5 11 192
131 193 149 150 151 284
136 46 255 226 241
143 49 89 216 210 211 70 177
144 153 154 35 36 162
152 145 158 159 160 44
156 110 111 229
164 52 27 17 14 97 98 170
165 82 38 39 40 30 31
166 95 139 101 185
167 308 298
171 94 278 269 66 135
172 100 34 234 235
178 125 303 15 65 77
179 99 69 196 169 264
180 112 113 115 141 252
186 50 1 302 288 282 6 191
187 188 189 190 233
194 195 296
201 103 78 79 245
202 123 124 304
203 137 287 248 249 250 259 243 244
204 182 183 228 19 73
208 132 133 74 75 224
214 61 48 72 21 265
215 130 91 68 51 60 142
219 220 93 122
238 129 90 62 63
246 268 96 212
253 157 114 116 59 76
256 163 293 275
257 262 263 270
260 261 240 286 67 285
266 200 18 64
267 231 225 87 227 198 230
271 173 174 175 297
291 181 138 272 258 146 251
294 247 232 222
299 85 86 71 147 305
300 236 237
301 273 274 276
306 209 205 206 121 32 33
307 292 279 155
309 310 221 281
