53
3 4 5 145 116 189
13 44 188 243 244
26 14 104 105 205 233
40 22 35 111
49 28 29 138 139 36
54 55 56 57 177
61 6 7 8 118
63 167 168 43 140
71 62 77 131
74 65 66 144
81 126 16 2 25 67
87 15 109 136 160
95 76 102 119 246
96 47 72 84 150
103 88 68 69 169
107 97 98 101 202
108 100 137 176
113 37 24 17 117
114 209 222 59
122 41 200 201 130
123 124 125 159
133 27 183 237 128 227
134 115 46 121
151 21 204 210 129 228
152 231 232 184 254
155 23 19 110 211
156 192 158 149 223
161 99 89 90 143
178 226
182 50 38 39 94 249
186 70 32 33 85
187 153 154 252 253
190 247 106 180
198 225 9 10 174
199 170 171 172
203 191 196 224
207 75 194 195 197
208 135 120 132
212 157 142 185
213 221 245
216 127 78 79 93 181
217 218 215 31 92
220 1 51 52 53 147
229 20 11 12 112
230 162 163 179
234 64 45 58 48 80
235 148 18 30 60
236 164 165 166 175 248
238 82 83 86 173
239 240 241
242 214 219 73 146
250 193 206
251 42 91 34 141
