56
4 5 166 191 217
9 10 11 12 20
21 22 71 72 187 189
24 25 1 181 182 139 42
27 28 234 6
32 33 34 50 51
38 198 199
44 35 37
59 60 13 36
64 49 39 40 41 43
65 193 194 195 196 197
76 45 46 75
77 78 79 80 81 200 211
84 89 114 173
88 85 86 99
90 91 58 119
92 48 205 206 57 123
93 225 67 68
96 63 29
109 26 165 113 167 212
110 52 53 54 55 105
111 112 207 208
115 7 8
116 126 98 2 3 177
120 121 122 144
125 94 95 73 83 216
135 97 178 179 15 16 159
136 137 138
141 142 143 172
145 30 18 19 155
146 147 148 149 183
150 151 70
156 190 219
161 106 107 108
162 102 103 104
163 164 227
170 171
184 117 118 218 87
185 186 213
192 66 237 238
201 203 226 23 31
202 157 158 47
204 100 101 17 14
209 210 132
214 215
220 229 230
221 82 140
222 223 224
228 61 62
231 152 153 154 180
232 127 128 129 130 131 188
233 168 133 134
235 56 69
236 160 169 176
239 174 175 74 124
240 241
