34
1 2 233 248 210 215 142 148 232
27 16 294 300 191 211 244 306
35 17 105 66 12 13 24 202
49 15 225 144 124 125 130 164 242
61 29 6 7 231 216 263 11 32 81
62 44 174 171 134 147 159 247
71 36 206 133 267 226 208 241 70 122 34
91 50 45 46 47 120 126 136 181 25
113 55 28 222 37 38 39 308 60 97
116 43 170 162 146 152 185 219 10 264
139 92 260 187 18 19 261 275 53 88 183
143 64 65 78 249 253 283 224 75 160
149 128 223 189 212 250 41 112
155 72 56 57 58 59 123 200
161 73 151 157 158 5 8 14 201
169 63 214 156 51 52 99 82 90 154 284
177 84 196 178 179 298 302 108 182 33 237
194 100 95 86 87 256 121 137 213
195 104 280 234 218 245 301 76 111 304
205 132 3 291 255 276 227 285 48 54 89 258
209 140 118 274 239 240 262 40 80 42 307
217 172 175 176 79 199 83 204
221 165 145 109 106 31 299 96 243
229 117 21 22 4 26 68 107 180 236
251 288 295 74 69 153 186
259 114 98 93 30 305 20 270
266 188 197 163 168 193
273 230 129 135 192 254
279 127 94 85 119 246 228 277 309
286 150 141 281 282 67 257 203 278
287 238 252 198 9 293 272 190
289 103 77 292 271 268 269 23 131 220
290 173 297 115 101 102 110 138 265
296 207 184 166 167 235 303
