62
1 2 3 41 97 98
18 250
30 21 22 23 24 25
31 32 252 253
36 37 26 27 29
45 46 13 14 15
47 125 61 161
50 48 44 136
58 59 16 17 139 111 176
72 53 54 147 148
73 243 244
81 55 56 39 40 70 228
82 74 75 116
89 60 134 135 235
90 91 92 93
94 43 108 175
95 257 258
99 100 132 83 84 67 69
107 57 86
109 68
112 104 105 106
120 49 7 8 9 10 11
121 123 118 151
124 51 52 137
140 19 20 12
141 142 143 187 188
144 113 114 115 127
149 110 66 194
154 155 156 4 5 6
157 87 88 166
158 133 222
163 96 65 227
167 101 102 103
168 129 76 77 78 79
173 229
177 150 219
180 181 152 251
182 62 63 64 126 80 119
183 184 185 186 33 34 35 138
189 122 38 174
190 130 117
191 192 193 226
195 131
199 200 208
202 178 179 28 71
203 204
205 145 146 153
212 213 214 215
216 210 233 234
217 218
221 196 197 198 254
223 224 225
230 164 207
231 128 206 211 42 162
232 259
236 209 169 201
237 238 239 240 241
242 159 160
245 246 247 248
249 170 171
255 172 165
256 220 85
