63
3 4 1 29 96
8 120 26 217 242
13 5 6 7 113
22 23 141 191
38 11 28 45 147 250
39 188 164 179
47 48 49 112
52 53 54 93
62 30 24 126
63 60 84 251
68 14 15 16 25
73 74 182
75 76 86 66 67
89 35 36 102 195
90 17 18 105 228
103 104 155 184
108 92 142
114 43 41 183 205
115 64 65 203 124 125 224
127 144 261 262 117
132 85 2 21
133 69 70 71 137
134 135 136 72
148 44 106
149 81 82 83 159
152 77 99 156
160 91 266
167 34 153 123 19 20
168 79 80 185 186
169 158 78 58 87 94
174 9 10 37 143
175 170 171 172
176 173 204 263
177 178
187 40 259
196 197 198 199 269
206 100 101 180
207 110 201 223
208 129 130 131 88 51
212 42 225 95 166
213 214 111
215 163 162 181 194
218 138 27 98
219 150 151 267
220 221 257 258
229 116 97 139 244
230 231 232 55 140
233 56 57 59
234 189 190 249
235 216 211
238 161 157
239 222 226
240 241 243
245 121 122 236 237
246 154 165
247 145 146 227
253 254
255 46 31 32 33
256 128 118 119 200
260 248 209 210
264 109 252 12 61
265 192 193 202
268 50 107
