46
37 251 252 63 134 83 186
40 41 19 4 5 6 17 34
44 113 15 16 31
56 27 28 29 105
57 194 195 81 207 243
62 250 202 11 12 80
65 8 22 48 253 234
66 165 152 227
72 177 155 156 235 69 120
84 209 200 157
95 73 59 90 159
96 51 199 168 203 180
114 9 23 196 36 163
115 50 42 60 21 54 143
125 47 191 192 230
126 221 248
130 7 182 64 71 18 104
131 89 166 176 185
138 77 70 229 119 169
139 86 206 178 179 226
148 149 150 136 10 30 228
153 58 45 242 32 33 92
164 67 68 39 240 122
171 99 100 101 94 181
190 85 247 43 103 208
197 24 110 102 147 129
198 132 133 135 137 193
201 106 82 87 79
205 117 118 145 61
210 123 124
211 212 213 35 216
214 127 112 107 254
215 172 25 26 224
220 154 20 144 161 162
222 160 146 93 167 255
231 49 38 1 2 13
232 88 14 173 158 91 187
233 237 121
236 52 53 108 109 218
238 97 98 175 217 204
239 223 219 141 142
241 74 75 46 3 55
244 116 78 111 151 76 170
245 140 128 225
246 188 189
249 183 184 174
