51
18 1 7 46 253
19 9 264 268 251
29 2 3 198 45 167
33 20 21 22 23 57
34 35 36 37 85 86 180
41 39 56
68 222 235 172
70 12 218 219 213 81 82 250
94 241 176 13 148 252
104 69 119 120 173
108 59 225 67
112 5 6 273 136 211
113 80 156 203 204 51 98
121 58 212 238 236 269
122 47 48 49 63
125 192 151 152 8 117
129 96 44 177 61 62 52
130 131 118 184 185 233
141 30 31 263 248 74 101
142 24 25 183 153 205
145 103 10 11
149 146 201 54 55 111 158
150 109 106 107 134 210
155 110 200 135 79 256
159 88 42 43 64
168 53 65 66 75
174 71 258 234 97 128
175 133 179
181 147 132 124 157 255 137
182 138 259 244
187 123 99 100 16 247
188 207 208 209
190 102 242 254 239 116
191 105 169 165 246 40
195 196 161 162 186
206 227 228 249
217 193 194 38 154
221 178 114 115 199
223 143 144 76 77
224 214 215 216
226 189 166
229 160 139 140 163
230 231 87
237 126 127 60 78
243 170 171 73 4 17
257 95 26 27 28 240
261 202 14 15 220
265 266 262 272 260
267 245 83 84 164
270 89 90 91 92 93 274
271 197 72 32 50 232
