62
1 2 3 4 5 68
10 87 22 23 24 105
26 27 29 38
32 33 28 35 261
34 92 115 172
40 11 12 98 119
41 25 50 223
42 31 59 72
45 46 47 48 49 91 175
61 62 211
73 36 37 136
78 79 80 94 157
81 82 83 84 85 86
95 58 60
96 97 100 124
99 242
108 43 243 240 241
111 6 7 8 169 174
112 90 107
116 55 56 57
117 113 230
125 139 140 141 171
127 128 133 134
129 220 221 255
138 126 130 131
142 109 110 248
143 88 106 132
144 104
145 146 204
147 63 64 65 66 67
151 200 201 202
158 152 153 176 177
161 168 102 103 18 224
180 120 209 183 184
181 182 227 228 93 170
188 189 203 30 173
191 74 75 76 77
192 193 194 260
195 196 21 20 19 71 156
197 198
199 159 160
205 206 207 213
208 121 122 135
212 222
219 114 165
225 39 118 154 155
226 185 186 187
229 137 123 54 239
231 232 179 218
233 69 70 190
234 235 236 237 238
244
245 148 149 150 178
246 247 249
250 13 14 15 16 17 167
251 51 52 53 101
252 162 163 164 214
253 254
256 210 9 89
257 215 216 217
258
259 44 166
