47
7 2 100 158
13 14 251 252 168 210
43 172 173 60 92
57 52 48 53 155
62 20 21 4 37 38
63 137 147 148 170 239
67 30 31 86
72 188 102 98 99 27 219
77 1 18 96
79 69 237 238
87 88 234 198 179 253
93 42 70 71 33 119
97 89 26 32 200
107 94 165 166 25
114 127 255 256 151 171 49 162
126 8 9 10 11 12 82 134
131 74 75 215
136 64 58 15 145 185
138 41 22 23 24 55
139 206 196 202
143 121 122 123 124 125 129 101
146 109 110 111 112 113
152 3 223 224 225
164 108 103 104 105 106
186 68 40 47 76
187 73 221 222 65 66 130
193 142 83 84 201 117 118
194 149 150 180
195 233 80 81 135
203 115 116 216 217
204 29 189 190 199
205 156 157 209 5 6
211 212 213 250
220 39 178 248 34 35
227 44 45 46 241 176 177 218
228 144 132 56 120 174
229 153 90 91 61
230 181 226 133 161 50
232 197 192
236 231 140 154 184
240 175 16 17 28
242 78 59 128 235
243 182 183
245 191 159 160 169 85
246 247 95 141 214
249 207 208 19 54 167
254 244 36 51 163
