34
3 143 101 30 112 190 204 53 222 93 166
35 172 125 1 2 7 240
39 167 211 189 169 170 20 48
43 9 146 115 61 62 63 92
55 17 13 10 11 12 32 219
102 25 163 141 160 47 94
113 86 144 135 136 214
121 66 45 41 79
145 98 197 205 206
149 96 26 27 14 15 148 235
152 104 243 244 245
155 107 236 84 82 76 88 142
175 56 162 140 128 116 29 54 161
176 131 99 87 137
177 154 157 33 64
179 114 90 212 18 19 6 22
186 100 44 40 69 83
187 111 81 50 49 126 183 233
188 147 133 201
193 24 4 242 200 78 68 59 60 80
194 150 132 234 117 118 165 238
196 156 195 198 225 75 171
202 231 164 181 227
207 139 209 223 237 127 213 38 247
208 184 185 224 85 110 191 42 130
210 106 199 178 192 21 65
215 103 57 221 31 58 74 119
216 153 134 108 109 129 8 23
218 173 174 226 105 182
220 168 151 232 217 77 239
228 122 72 36 5 46 16 34 120
229 123 97 73 51 52 71 89
230 124 67 203 28 37 70 138
241 180 159 158 91 95 246
