67
1 248 182 99 197
4 5 7 37
11 12 17 36 89
21 22 54 55 56 57 58 59
27 188 155 9 10
38 202 207 244 245
67 227 228 229
73 28 29 30 31 32 52
84 42 43 44 45
93 33 34 183
105 101 18 19 147
108 68 69 70 71 72
115 116 117 118
120 78 100 198
121 2 3 6 8
124 39 40 41
125 47 48 49 50
131 132 136 286
133 109 110 158 263
138 53 23 24 25 26 46
139 79 80 81 282 283
143 144 145 82 83
154 85 86 87 88
156 157 208 209
163 95 96 179 234
164 13 14 15 16
168 66 111 112
170 106 123 181
171 140 141 142 180
172 173 174
175 90 91 92
184 185 201 195
187 94 60 61 62 137
192 189 190 191 151
193 146
199 74 75 76 165 35 98
204 194 167
205 206 107
210 241 97 104
214 128 166
215 216 217 177 51 119
220 114 148
221 222 223
224 169 203 196 20
225 226 130 162
230 113 176 178
231 129 103
235 236 237 238
239 242 243
240 211 212 213 254
246 134 135 259
247 122 262 159
249 250 251
256 257 258 279
260 253
261 126 127 255
264 274
265 266 267 268 281
269 160 152 153
270 271 272 273 77
275 276 102
277 278
280 161 218 219
284 285 149 150
287 200 186 63 64 65
288 232 233 252
289 290
