51
9 4 5 157 2 14 15 16 166
18 17 226 72 73 102
19 20 21 22 23 113 129 241
31 26 262 263
45 28 29 67 68 123
51 47 43 150 153 37 70
54 1 204 205 49 69 128
60 10 11 242 209 202
61 42 198 57 58 80
86 71 269 270
89 62 48 265 133 194 184
94 76 74 78 223
117 82 77 79 84
134 52 53 259 239 106 203
137 119 6 7 8
143 75 63 64 109 207
148 112 103 104 30 39 65 111
154 87 88 183 235
155 124 125 142 130
161 178 163 164 165
177 55 224 208 227
180 118 105 122 216
185 199 181 158 201 3 25
191 135 120 116 206
195 81 12 13 38
196 171 167 233
212 46 35 253 249 250 100 121
218 90 222 83 215
219 175 176
225 200 146 44 66
228 138 136 170 210
230 145 139 151 190
231 232 182
236 162 152 160 211
237 179 172 256
245 41 32 33 56 266
246 144 91 92 101 168
247 188 187 221
248 276 254 278
251 95 213 214 27 40 272
252 114 156 132 147 271
257 107 93 98 127
258 197 189 59 173
260 174 220 36 50 141
261 186 96 97 110 217
267 149 115 99 140 234
268 243 244 255
273 131 108 126 159 24
274 192 169 34 85
275 229 238 193 240
277 264
