56
14 2 33 145
16 12 109 127 155 218
34 30 31 50
35 36 37 49 72
44 45 20 21 175
63 1 13 25 88
68 131 132 133 42 28
74 46 47 53 54 56
75 39 229 230 222
76 70 71 83
79 191 78 124 32 189
89 90 125
91 92 93 231 3 117
96 97 98 167
101 69 57 58 202
106 107 48 24 67
111 112 113 114 141
120 121 122 179
137 123 128 219
146 29 26 43
147 148 245
150 151
152 153 233 234
156 77 240 209 130
157 22 23 94
162 6 7 8 9 10 11 129
163 15 4 5 27 116
164 110 95 115
173 134 126 118 246
177 199 200
180 59 60 61 62 87 201
184 138 99 100 73
185 142 143 170
186 208 190 210
195 108 168 135 136
196 166
197 198 206
203 80 64 65 192 227
204 205 220 119 249
207 81 82 176
211 38 17 18 51
212 105 182
213 52
214 181 169 188
215 237 178
216 159 160 161 66 183
221 217 223 165
224 171 172 193 55
228 84 85 86 104
232 158 139 140 235
236 187
238 102 103 149
239 174 40 41 144
241 225 226
242 243 154 194
247 248 19 244
