52
7 1 194 11 212
20 21 22 23 138 139
27 24 160 153
28 29 30 31 66 127
43 8 228 236
44 40 41 42 121
49 50 51 55 65 128 113
52 9 10 132
53 54 56 162 159
57 32 33 34 115 116 35 137
58 158 184 185
62 45 46 47 126
74 39 134 221 208 229 6
82 75 76 77 81 140
88 89 197 198
94 95 168 169
98 204 182 183 206 161
103 104 152 120 220
109 90 170 231
118 59 60 247 248 249
129 72 73
130 63 64 70 71
133 131 110 4 5 102 257
144 117 111 112 234 235
154 145 123 2 3
163 164 171
176 83 84 85 61 253
177 141 142
180 181 243 244 256
186 251 252
191 192 114 38 25 100 201
195 79 80 91 150
202 67 68 69 190
203 156 157 125 48
209 210 211 108
213 107 119 207 199 200
214 146 99 165
223 26 122
224 178 179 166 219
227 173 174 175
230
232 187 188 189 218 167
233 193 92
240 97 105 205 151 246
241 96 36 37 222
242 215 216 217 136
250 237 225 226 245 18 93
254 196 135 86 87 172
255 238 239 101
258 12 13 14 15 16 17 19
259 155 147 148 149 78 143
260 261 106 124
