57
1 2 215 213
8 9 5 7 79
17 10 11 12 241 242
25 46 61 62 266 267
30 14 262
37 182 88 63 193
53 45 225
60 47 122 123 181
65 18 19 20 21 233
66 27 28 64 220
72 49 260 261 80 254
76 69 154 186
83 172 192 239
91 67 68 119
107 31 175 104 58 139 140 78
114 87 230 231 232
120 178 240 217
132 117 118 180
136 98 55 56 13 24 167
137 99 100 101 102
151 54 48 218
152 50 51 52 216
156 89 90
157 128 177 84 85
163 174 165
168 110 265
176 3 4 6 97
187 92 81 82 112
188 105 106 141 71
191 197
194 108 73 74 149 179
196 209 103
198 133 134 143 144
199 189 43 35
200 205 206 259
201 26 15 16 113
202 38 39 40 183 219
203 195 138 93 94 155
204 146 147 190
210 32 33 41 42 57
211 44 224 208 36 214
221 121 77 135
222 109 229 161 162 75
223 124 111
226 86 115 116 164 207
227 129 130 131
228 142 170 171
234 212 169 148
235 257 258 70 145
243 173 125 126 166
244 245 246 247
248 127 158 159 160
249 153 34 95 96
250 251 252 253
255 184 185 150
256 236 237 238 29
263 264 22 23 59
