62
9 10 11 243 63 191 27 177
22 15 290
46 180 154 156 259
53 31 32 224 276
64 70 54 36 37 86
75 76 77 175
80 17 18 99 100 101
89 44 171 172 173 218
97 98 7 231 239
102 30 12 229 266 280 8 235
103 90 43 51 226
105 16 82 83 84 85 38 150
106 69
107 108 109 110 111 187
119 104 118
138 139 140 169
144 145 202
160 81 28 29
161 122 112 113 114 115
162 123 141
163 164 225
166 71 55 56 57 116
167 196 197 232
170 124 91 92 182 157 158
179 47 136 137 204
184 151 129 130 131
189 215 217 240 241
192 39 246 264 227 33 87
193 5 6 159
194 72 269 257 258
195 14 48 49 50
198 185 200 201
205 143 286
209 210 134 188
212 40 41 42
213 214 262
219 181 186 52
222 65 58 59 60 61 62
223 216 78 234
228 220 221 21 135
230 13 270 34 35
242 155 125 281
244 117 148 149
245 132 133 248 126
249 66 67 68 153
250 178 165 271
251 252 253 254 146 203
255 174 168 183
256 199 211
260 261 288
263 142 95 96 93 94
265 267
268 73 74 176
272 120 121 147
273 274 275
277 127 128 206 207 208
278 279 287
282 19 20 247 88
283 23 24 25 26 79
284 236 152 238
285 45 1 2 3 4
289 190 233 237
