66
6 7 8 9 16 70 71
13 76 77 78
19 1 2 3 4 5
23 24 194 241 112
29 30 31 32 67
45 46 47 48 100
59 60 61 62 86
63 17 10 54
64 65 66 147
72 120 121 122 123
80 42 43
81 41 262 263
82 83 84 85 193
87 239 240 160 198
90 91 148
96 92 252
97 154 156
101 102 103 104 105
106 107 108 109 126
114 115 116 117 69
119 73 74 75 164
131 132 133 134
135 136 137 264
138 128 227
139 140 141 175
142 143 214 215 243
149 150 186 244
151 93 255 228 18 155
157 33 34 40 199
158 159 200 201
165 99 192
166 124 44
169 162 163
170 184 185 242
173 174 235
176 110 111 113
177 178 180
188 57 58 35 36 187
189 94 95
190 191 125 127
195 181 273
202 196 197
203 20 21 22 130
206 207 208 209
210 211 212 226
217 15 88 89
218 204 205
222 223 224 225
229 14 144 145 146 161
230 219 220 221
231 232 233
236 237 234
238 25 26 27
245 183 261
246 11 12 129
247
248 249 37 38 39 56
253 167 168 216 28 55
254 250 251 98 271
256 272
257 258 259 260
265 49 50 51 52 53 79
266 182 152 153 179
267 268
269 171 172 213
270 68 118
