51
22 4 268 269 17 105
23 7 8 16 79
49 41 42 10 80 2 31
54 224 183 188 234
81 25 26 27 5 68 125
82 47 281 151 152 195
94 24 18 19 20 21 126
95 51 52 53 75
97 55 56 72 133
106 39 9 162 227 233 90 215
115 6 262 264 57 110
116 40 218 175
122 66 67 1 273 249 12
127 59 50 46 28 29 30 78
128 60 61 62 119 239
138 65 35 261 219 220 256
139 100 99 32 263 265
159 83 84 85 176
160 88 102 200 201
161 113 114 124 103
173 166 243 248 274 147
177 108 73 74 104
178 117 45 36 11 15 64
184 123 96 278 279
185 130 131 137 38 121
190 191 174 171 172
197 69 70 71 109 212
203 129 118 181
204 134 87 277 259 244
216 3 149 101 242 222 270 63 34
217 135 136 144 153
223 98 170 213 238
226 179 180 214
229 112 91 92 93 211
230 143 48 255 165 86
235 253 221 77 148
240 107 76 13 14 43 44 252
241 187 169
245 192 193 194 145
246 198 168 272 202 260
247 206 207
257 199 208 209 132 251
258 205 182
266 231 154 155 157 189 111
271 236 146 156 58
275 150 140 141 142
276 228 237 196 250
280 267 225 158
282 186 167 163 164
283 232 37 120
284 254 33 89 210
