74
14 15 4 5 6 282
30 19 20 21 251
41 42 43 53
46 47 48 49 68
54 12 13
58 26 27 28 29 202
59 1 2 3 89
60 243 244
74 111 112 113 270
80 55 56 57 250
85 22 293 294 295 296 218 313
104 63 64 65 66 67
110 75 76 77 78 92
114 81 17 18 101
120 8 9 10 11
121 329
131 16 225
132 328 323 325
139 90 91 252
140 141 142 166
150 151 240
154 155 156 72 73
159 160 84 125
163 105 94 95 96 44 137
169 187 188
174 37 38 52 97
175 176 177
186 170 201
191 192 193 194 220
195 86 87 148 149 184 185
196 164 165 281 320
203 204 205 206
207 208 50 51 161
209 210 211 200 7 102
212 93 23 24 25
213 214 219
215 71 69 70 173
216 217 34 35 36 103
222 223 224 269
226 117 118 119
227 228 247 305
229 230 298
231 232 291
233 133 134 330
241 61 62 136
242 115 116 167 326
245 246 248
253 254 255 256 297
257 239
258 122 123 124 168
260 128 129 130 283
261 262 299
263 127 135 235 40 178
264 182 199 171 172
266 267 268 259
271 31 32 33 180 88
272 273 274 275 276
277 106 107 108 109
278 143 144 145 146 147
279 236 237 238 152 221
280 318 319 321
284 285 286 327
287 179 189 190 79
292 234 265
300 197 198 157 181
301 312
302 303 304
306 162 183 158 249
307 308 309 39 45 138
310 311
314 98 99 100 153
315 288 322 82 83 126
316 289 290
317 324
