41
6 7 8 9 10 51 190
27 18 23 24 25 26 55 84 252
28 11 12 219 220 250 221 111 112
32 131 151 152 120 121 134 189
57 34 30 31 77 257 70 157
75 230 231 107 66 97
86 33 29 22 76 209 210 281 16 56 98
102 58 182 187 236
136 73 285 62 60 85 240
140 1 2 3 279 277 286 113 161 249
141 48 67 43 44 194 233 83 239
165 47 35 36 37 38 104 108 64
166 173 174 138 133 289 61 91
172 168 124 125 53 80 163
178 93 68 69 78 79 147
199 115 215 216 217 130 197
200 167 116 212 213 82 170 21 92
201 137 198 205 195
202 149 139 248
206 153 109 128 129 155 238
207 288 276 272 237 186 90 171
218 255 256 49 264 156
222 87 127 94 95 96 162
225 169 159 160 196
226 175 74 242 243 244
234 158 154 19 20 42 63 148
235 176 117 118 119 81
241 208 65 45 39 50 72
246 247 4 5 265
253 135 41 185 224 46 106 251
254 192 193 122 270 17 52 191
260 103 59 54 282
261 262 263 271 150 211
267 126 40 227 228 188 283
268 179 143 204 214 145 245
269 132 13 14 15 100 105 114 71
274 123 229 232 177 183 258
275 181 180 273
278 203 144 290 291
284 223 164 110 146 259
287 142 99 88 89 280 101 184 266
