58
2 3 4 5 1 93 55 152
21 121 122 123
34 35 71
40 42 48 254
51 44 45 46 47 250
60 61 57 58 59 256
64 65 66 67 211
77 52 53 248
78 23 241 242 227
79 32 83 11
85 86 87 88 89
95 41 12 13 14 15 162
96 72 124 125 126 181
102 33 39
103 22 8 9 10 147
109 70 106
116 62 63 74
127 43 156 203
133 107 187
135 136 212
148 153 16 17 18 91 92
154 155 84
163 73 160
168 81 82 90 108 231
171 111 94 115 199
174 113 29 30 31
182 134 165
183 169 170 237
189 180 75 76 205
190 188
191 192 198
194 128 129 130 131
200 104 105 120
201 110 223 224 98 99 143
202 186
206 97 175 176 177
207 28 36 37 249
208 209 210 255
214 144 145 19 20 68 69
215 216 24 137
218 138 139 140 146
219 220 217
221 222 6 7 56 167
225 172 158 159 54 232
226 25 26 27 178
228 229
233 149 117 118
234 173 112
235 236
238 132 100 101 114 142
239 240 150 151 204
243 80 184 185 193
244
245 157 119 141 213
246 195 196 197 230
247 49 50 161
251 252 253 38 166
257 164 179
