67
1 2 3 4 5 6 7
16 17 18 19 20 21 151
22 8 9
23 24 163 164 166
35 36 26 109 41
45 145 108 128 175
51 183 184 236
65 25 44 100
66 243 244 245
71 72 28 29 30 39 40 207
80 81 92
85 203 204 205
88 76 77 78
93 10 11 12 13 14
94 95 96 97
107 49 50 208 91 162
112 46 47 267 268
113 114 132 173
122 60 61 62
125 230 231 271
127 99
130 118 87 117
138 139 37 58 174
142 143 69 110
144 56 57 169 170
152 101 102
153 115 116
171 246
172 192
178 179 180
181 126 242
182 135
188 59 43 89 90
189 190 259 260
191 63 98
193 34 168 265
197 140 141 149
198 131 133 134
201 67 68 165 177
202 73 74 167
209 75 52 64
213 104 105 106 217
214 119 120 121 33
215 216 103 150
219 220 221 222
223 42 38 79
224 154 155
225 157 158 195
226 227 228
229 156 123 124 70 206
232 233 234 235 48
237 55 185 186 187
238 211 212
247 146 147 148 161
248 199 200
249 250 257 32 160
251 239 240 241
253 86 27 54
254 159
255 194 53 196
256 31 129
261 82 83 84 218
262 176 252
263 15 111
266 264
269 210 136 137
270 258
