45
35 4 191 192 9 14 82
51 6 148 251 214 215 263
55 32 243 149 143 1 2 3 42
64 24 17 231 57 58 23 61
76 22 12 266 98 136
77 25 7 27 176 234
90 91 62 87 85 141
105 66 67 70 71 86 181
120 52 219 163 167 168 193 165
121 84 73 83 199
125 102 69 118 164 230
130 36 20 21 30 75
131 65 38 39 150 197 10 15
133 78 56 8 19 50
134 252 253 220 229
152 31 16 200 145 99 202 186 187
153 43 44 18 34 40 60 138
162 103 246 228 96 194
169 93 94 95 114 222
170 240 206 45 54 188
174 122 92 107 108 140 221
190 261 262 88 129 233
195 127 146 232
203 126 106 205 166 156 28 49 101 11
204 157 249 185 273
207 5 13 41 182
209 37 26 79 80 100 144
210 142 239 183 113 116 173
223 184 179 63 115
226 158 123 104 97 151 268
235 46 33 227 271 178
236 132 117 238
241 139 135 119 267
242 171 172 254
245 248 208 81 217
250 154 110 257 147 59 216
255 155 124 128 213
256 211 212 89
259 196 189 272
260 225 218 74 161
264 109 53 47 48 112 198
265 224 111 29 72
269 175 159 180 177
270 237 244 68 137
274 201 247 160 258
