58
4 5 6 7 8 54
15 16 17 18 78 262
19 243 80
21 22 23 24 34 206 237
28 29 30 141
43 152 122 233 239
47 31 12 20 256
62 42 246
63 225
64 57 50 51 52 169 79
65 58 59 60 61
69 70 71 73
74 49 38
75 76 77 27 182
85 258 219 220 124
91 66 67 68 104
100 101 102 111 1 125
105 92 93 94 116
107 98 99
112 32 33 164
136 118 259 260 174 175
137 247 248 196 197 221
142 161 162 195 53
146 113 114
147 252 227 228
148 108 109 110 123 163
155 48 184 185 186
156 2 3 9
157 158 178 179
159 55 56 90
160 95 39 40 41
176 129 130 131 140 84 263
180 199 200
183 133 134 135 25 117
187 10 11 242 236
188 44 45 46 192
189 171 172
198 181 126 226 128
202 203 204 205 212 115
208 209 210 211
213 96 97
214 215 26
216 168 201
218 217 229
222 153 154
223 224 13 14 83 230
231 81 120 121 35 36 37
232 177 138 139 151
240 72 261
241 234 235 207
244
245 193 143 144 145
250 149 150 132
251 194 190 191
253 119 106 167
254 170 165 82 103 249
255 173 166
257 86 87 88 89 127 238
