61
5 1 2 3 4 172 25
6 7 8 9 10 171
14 15 24 115
22 23 190 191 192
27 238
43 26 53
54 28 59 60 61 62 63
58 29 145 224 202
66 67
68 55 56 57 104
69 35 36 37 38 39 40 121
70 71 72 74 240
89 51 52 147
90 91 231 232 233
95 41 42 73 75 241
99 100 88 159
103 44 45 155
110 64 65 120
111 112 113
116 123 124 126
122 117 118 119
141 16 17 18 19 33 34
148 92 93 94 82 83
149 180 181 12 13 130
156 20 131
165 129
166 167
168 182 183 184
174 101 102 178
175 46 47 48 49 86
187 30 31 97
188 106 107 108 109 179
193 127 128 84 132
194 195 169
196 79 80 81 85 114
197 140 204
199 142 143 144
200 201 219
205 138 139 203
206 164 248
209 133 134 135 136 137
210 211
212 213
214 215 21 98 170
216 217 218
220 189 161 162
221 222
223 160 153 154 146
225 152 239
226 105 11
229 150 151
230 207 208
234 227 228 50 87
235 76 77 78
236 177 163 247
237 198 157 158
242 176 96 125 173
243 244 32 186
245 246
249 185
250 251
