46
8 218 219
15 5 6 7 125
20 16 17 18 52 96
39 1 2 252 202 248
53 54 135 136 237 19 130
64 13 14 94 164
70 40 32 29 82
98 46 152 153 154 194 3 4
107 118 88 89 90 229
115 21 22 23 24 224 165
123 124 228 247
131 83 84 85 86 87
132 104 33 34 227
134 66 93 9 10 11 76
137 49 50 51 246 150
138 108 240 79 68 169 183
141 127 129
145 109 110 111 126
160 121 122 128 159
161 73 155 67 226
166 117 105 106
172 43 235 223 203 97 114
178 156 198 201 216 61 171
185 31 25 26 77
186 65 58 59 60 75
187 149 162 195
190 45 27 36 37 74
191 71 44 200 179 243 244 245
192 119 120 103
197 206 215 217
199 167 168 241 181 102
205 99 78 41 55 56 57 30
207 208 209 210 204
212 72 47 48 62 63 95 211
213 100 222 196 35 91
214 133 142 163 12
220 92 80 81 112 144
221 173 242 232 233 234
230 139 140 69
231 174 175 225
236 188 42 180 28 38 151
238 176 177 184 189
239 193 157 158
249 116 101 113
250 146 147 148 170
251 143 182
