63
8 1 2 3 4 5 6 7
9 10 194 172
20 21 22 23 24 148 152
33 27 28
34 286 84 85 201
51 52 53 54 55
60 61 62 63 64
69 70 56 57 58 59 86
71 228 229
73 74 183 184 185 44 45
78 79 80 81 82 77
95 96 97 137
109 110 111 112 193
113 114 99 100 149
115 116 118 280
129 29 30 31 32 260
130 47 249 250 244 138
132 133 125 126 127 128 206
134 135 253 39 40 41
139 18 19 103 182
140 221 25 26
144 87 88 117 122
145 195 196 211
146 147 35 36 37 94
153 154 222 223
157 104 105 106 107
158 90 91 92 93
161 141 142 143
166 167 168 203 11 123 155 202
173 174 207
179 180 181
188 65 66 67 68
189 171
190 176 177 178
208 209 210 165
212 213 214 102 175
219 150 151 187
224 43 216 217 218
225 226 227 276
231 131 75 76 83
232 233 234
235 274 266 267
239 254 255 256 279
243 240 278
245 162 163 164 170
246 247 230
248 48 46 98
251 12 13 38
252 284
257 236 237 238 277
261 262 263 42
264 197 191 192 241
265 198 199 200 156
268 124 169 204 205 242
269 270
273 220 186
275
281 119 120 121
282 283
287 14 15 16 17 215
288 89 159 160 49 50 101
289 258 259 271 272 136 285
290 72 108
