39
23 6 19 143 97 129 208
26 165 142 124 158 197 93 182
31 5 190 215 70 111 92 107 202
45 204 256 257 183 234 30 58
72 11 138 105 186 242
75 17 157 146 132 184 244
109 55 172 15 20 37
118 73 56 53 59 130
119 85 196 3 40 41 51 108
122 77 126 181 227
123 101 88 89 98 193
136 67 27 28 74 71 90 148 243
137 96 233 166 86 140 226
145 125 102 29 39 54 135
149 32 12 13 14 91 106 185
150 84 33 34 35 42 114 247
161 104 253 99 113 229
164 95 68 170 201 221 187
168 110 79 80 78 160
169 120 223 241 48 103 188
171 131 121 155 217
175 139 24 25 245 198
189 127 49 50 52
194 152 128 174 1 2 38
199 173 207
203 162 153 154 147 192 4 22
213 179 180 206 7 8 9 10 44
230 151 218 191 249
231 232 219 69 66 134
236 115 141 117 64 65 60 144
237 200 210 211 16 21 63
238 94 116 81 82 83 159
239 176 163 167 57 87
240 205 209 216 36 43 228
250 76 18 235 258 178 222
251 195 112 61 62 156
252 214 220 248
254 100 46 47 225 133 246
255 224 177 212
