33
56 5 174 137 228 136 35
66 17 176 160 155 172 92
72 12 169 116 248 179 253 118 192
76 16 1 2 240 249 85 102 178
83 22 238 252 235 211 3 80 142
86 165 77 40 43 48 63 244
129 58 33 23 175 158 225 114 147
132 51 24 25 134 71 180 242
133 105 78 88 94 157
148 73 27 28 29 47 145 219
149 213 144 131 184 196 241
162 57 13 14 209 195 212 93
173 111 216 117 4 8 20 41 104
187 100 251 224 207 156 201 69 45 115
188 124 98 109 31 65
193 140 120 113 125 205
194 112 108 15 171 254
197 122 84 59 60 182 243
198 151 7 19 37 50 203
221 121 90 75 34 44 55 206
222 126 42 256 26 79 30 64
230 130 258 52 53 138 168 38
231 154 127 9 10 54 183
232 110 67 101 106 146
233 163 123 87 229 204 119 186
234 227 152 153 161 191
236 39 6 223 199 18 91 128 11 36
237 139 107 74 167 32 259 135 185 220
245 150 247 214 190 68 218 103 21 46
246 166 70 239 217 200 226
250 143 89 215 181 177 208 49 99 202
255 189 170 141 159 81 95
257 210 164 96 97 61 62 82
