48
40 12 27 65 66 267
43 36 133 63 64 186 52 182
53 32 33 34 172
76 59 41 42 286
77 251 261 258
81 44 270 245 266 14 18
87 19 78 74 75 141 226
91 28 144 145 146 147 58 254
108 67 49 50 46 188 165
131 132 25 26 13 7 17 47
138 79 195 39 244
152 93 20 21 22 23 166
159 37 256 257 5 15
160 97 282 283 158
161 134 135 187 194 279
173 61 62 129 137
174 83 84 163 171 167 208
183 71 60 16 80 101 280
184 140 209
189 113 48 29 95 143
190 128 119 120 181
199 177 262 164 155 239
202 222 227 192 136 180 253
212 82 45 94 72 117
213 179 68 69 104 118 178
214 215 243 148
228 217 220
230 123 124 125 151 210
231 232 233 288 86
234 9 10 11 96
235 112 73 271 98 99 100 201
236 176 272 126 4 216
240 102 103 116 206
241 264 265 193 70 211
246 175 162 200 273 6 122
247 197 198 207 255
249 114 115 8 237 287
250 169 30 31 142 196
260 92 54 55 56 154 157 284
263 242 278 225
268 35 139 88 89 90 85 130
269 153 223 149 150 238
274 109 110 218 219 224
275 191 111 121 105 106 107
276 203 204 205 1 2 3 24
277 248 229 259
281 170 156 252 57 127 221
285 185 38 51 168
