54
28 29 73 70 71 139 130
34 101 211 162 227 46
47 18 19 20 21 274
82 173 174 175 176 113
100 1 190 191 102 272 236
104 8 9 217 186 187 188
105 92 93 94 108
109 37 38 96
110 62 63 64 68
114 76 77 107 253
119 79 56 65
125 39 221 203 204 259
156 97 88 286
164 134 180 126 127 163
165 36 246 264 67
166 69 112 243 138 279
171 53 54 55 5 6 7 12 89
172 83 57 58 59 222 250
177 49 50 51 52 244
178 181 182 260
189 132 118 60 61
192 179 220
195 128 10 124 238
196 149 150 151 266
205 35 152 2 3 4 23 170
206 84 85 158 159 252
207 74 75 140
208 209 210 14 15 27
213 42 43 44 45 78
214 215 218 219
216 184 185
224 72 30 31 32 33
225 200 122 123 228
229 230 251 284
231 167 116 117 147 87
232 153 154 155 80 267
233 141 142 143 145 146
239 111 106 278
240 197 198 199 273
241 226 282 283 133 183
245 275 289 86 148
247 242 234
248 249
254 48 24 25 66
255 81 40 22 276
256 194 223 11 13
257 258 103 169
261 121 115 168 277 41 95
268 120 262 201 202 212 265
269 263 16 17 193 26 90
280 91 270 271 98 99 160 161
281 157 131 144
287 135 136 137 237 129 285
288 235
