52
36 13 14 70 71 107 240
51 40 249 38 45 97
59 52 254 255 1 8
63 2 3 48 7 154
64 37 217 233 135
85 19 162 230 192 22 58
93 46 113 114 207
103 9 95 81 82 138
104 105 87 238
108 83 84 167 239
116 29 25 26 27 32 124
117 80 76 77 180
118 89 90 91 75
131 43 30 171 185
139 16 17 18 227 147 168
140 65 53 55 115
141 98 99 122 28 68
142 223 234
149 100 146 121
155 4 5 6 176
156 10 11 12 35 78
157 109 110 111 177
165 246 44 54 56 203
172 42 189 145 129 201
173 88 66 62 148 232
178 237 175 193 159
181 125 143 144
182 216 205 224
186 161 136 137
187 127 128 222
188 132 106 101 191
194 39 33 34 50
195 151 31 69
196 220 247 15 57
198 169 170
212 86 60 61 130
213 214 206 241
215 133 112 49
218 150 119 120 123
219 184 225 126
226 183 166 231
235 72 73 74 92
236 174 47 96 152
242 94 158 210
243 211 228 229
244 23 24 67 202
245 199 190 102
248 197 200
250 160 134 163 164
251 204 20 21 256
252 208 179 221
253 209 41 79 153
