38
1 2 118 105 61 59 137 275
25 19 207 162 159 168 228
33 26 20 21 9 44 55 116
45 30 31 154 155 230
64 10 239 235 28 76 77 176
65 222 200 100 101 180
80 201 138 75 270 271 120 179 261
110 46 47 48 212 266
125 52 282 283 164 165 7 140 220 210
128 70 194 37 42 73
141 18 11 163 150 132 209 39 109
142 81 67 53 54 204 272 63 181
143 92 252 233 60 97 193
147 87 71 144 250 238 15 196 17
151 172 117 95 258 56 247
157 94 99 268 216 49 269
170 34 27 22 265 96 4 14
171 177 135 167 208 260
182 51 243 130 131 175 134
183 127 191 223 253 227 24 50
197 66 190 3 93 115 79 156 255
198 160 121 178 224 58 107 229
199 5 6 119 166 251
206 98 267 174 213 29 84
211 152 122 114 124 83 102 205
214 153 240 277 281 273 69 57 108
221 86 35 149 112 36 103 104 136 226
231 111 264 186 195 241
232 158 113 276 89 133 246
234 217 173 8 219 72 90
242 161 215 236 237 274
248 78 32 259 13 40
256 148 280 249 244 245 68 192 225
257 218 202 203 106 169
262 126 82 145 146 16 74
263 185 139 41 123 189 91
278 129 88 12 62 188 254 43
279 184 187 23 38 85
