61
15 16 17 187
18 19 20 164 165
21 219 220
23 1 254 255 256 258
24 25 26 27 80 90 246
38 39 40 41 42 233
47 11 12 13 14 109
50 51 52 53 54 55 75 135
58 22 237
65 59 60 61 151 162 95
66 67 76 77 78 129
73 118 119
79 86 87
88 85 171 271
91 92 93 257 120
96 10 6 7 8 9
103 33 34 35 36 37
104 105 106 107 152 153
110 111 112 113 84 175
114 81 82
115 116 117
124 125 126 127 166
130 43 194 31
136 68 69 70 156
137 138 139
146 48 49 216
147 148 149 150
154 144 145 102
157 62 56 57 72
158 63 64 83
159 142 143 177 195
167 140 141 108
168 160 161 200
169 170 217
178 227 128 173
180 181 199
185 121 97 98 99 100 101 229
191 192 193
196 89 94 189
206 131 132 133 134
215 207 208 228
218 213 214
222 155 202 203
225 226 179 2 3 4 5 32
234 230
238 122 123 172
239 186 182 183 184 204
240 241 74 174
242 209 249 221 231 232
243 244 245
247 197 198 265
248 210 211 212
250 251 235 236
253 252 163
259 201 188 205
260 261 262 274
263 264 190
266 176 44 45 46
267 223 224 71
268 269 270
272 273 28 29 30
