64
7 8 9 10 11 169
12 13 14 15
16 17 151 152 153 154
54 48 157 208
55 56 50 136
71 43 44 45 116
72 133 134 235
87 88 1 2 3
94 51 214 217
95 32 33 34 137
96 20 18 65 66 240
101 102 37 46
105 75
109 67 68 69 70
112 64 47
113 114 163
118 80 76
119 4 5 6 132
120 121
122 41 222 223 224 236
123 86
127 128 129 130 24 26
138 30 31 175
142 89 73 74 115
143 106 78
144 145 156
146 147 167
148 77 82 201
149 60 61 99
150 117 180
158 97
159 160 161 162 196
164 165 166
170 52 53
171 172 173 193 35 36
176 177
181
182 107 108
183 184 179
185
186 124 125 126
187 38 39 40 63
188 110 111 207
189 135 168
190 215 216
191 192 230
194 83 84 57
195 219
197 131 21 22 23 25 27
198 103 90 91 92 93
199 200
202 59 58 100
203 204 205 206 28 29
209 218 232
210 211 212 246
213 81 85 98 62
220 155 174 49 79
221 42 231
225 139 140 141 19
226 227 228 229
233 234 104 178
237 238 239
243 241 242
244 245
