40
3 4 85 59 66 5 6 7 29
8 171 143 144 156 27 79
17 18 107 80 87 252
30 62 46 237 238 47 148
45 41 39 132 99 164
61 31 32 33 34 44 28 83
68 185 174 167 90 113 216
73 221 222 217 218 48 192
106 9 10 210 211 239 108 157
114 141 84 22 214 231
126 58 49 131 155 212 163
135 136 137 233
139 35 36 37 38 240 250 101 91
140 64 65 88 195 196
142 104 105 118 51 53
151 86 117 145 146 232
152 204 205 200 251
159 93 1 96 119
165 74 75 76 77 215
168 92 69 72 98 213
170 102 103 97 112 134 109
175 169 127 70 13 14 82
179 180 202 2 24
183 19 20 21 116 128 81 248
184 160 60 71 227
188 115 201 181 230 178 138
189 190 219
197 56 57 95 234
198 186 229 177 161 78
203 63 249 124 187 52
209 133 149 150 100
220 166 110 16 162 125 208
223 224 225 226 182
235 153 122 206 158
236 172 173 191 129 147
241 120 121 123 94 26 43 55 89
242 193 194 207
243 40 25 228 11 12 15
244 130 176 154 54 50 111 23 67
245 199 42 246 247
