62
14 15 248 66 166
28 86 87 216
34 35 214
36 37 5 6 7 8 9
38 16 17 18
39 40 41
44 45 19 20 21 22 23 226
46 47 1 2 3
57 48 24 25 26 27
58 11 12 13 188
61 62 63 43 60 200
71 64 85
74 52 53
75 76 207 229
80 56 51 101
81 67 118 135 120
93 65 70
94 99 204
97 72 73 137
105 126 170
107 108 109 142
110 111 217 119 136
113 102 103 146 225
114 95 96
115 116 117 77 78
121 42 219
127 128 129 148
143 171 172
149 29 131 132
150 151 152 153 10 189
154 155 156 209
157 158 159 160
167 133 134 215
168 138 4
173 54 55 68
178 145 211
179 180
181 125 221 222 223
182 169
183 49 50 69
184 98 140 141 177
185 186 187 195
190 122 123 242
191 175 176
196 144 130 161 162
197 198 199 79
201 174 194
202 203 100 104
205 163 164 165
206 208 249
210 233 234 231
212 88 89 90 91 92 245
213 30 31 32 33
218 192 193 239 240 106 147
220 82 83 84 224
227 228
235 112 59 139
236 237
238 230 232
241 124
243 244
246 247
