38
14 15 10 248 244 153 200
30 24 9 239 198 179 180 217 21 60 142
43 25 12 271 8 28 195
98 39 37 249 270 48 141
102 61 279 235 260 230 243 92 209
107 44 32 254 207 210 266
108 55 50 175 176 208 169 247
109 81 73 79 114 189
127 54 123 105 106 146 74 95 167
128 110 100 101 257 42 147 220
149 87 35 275 265 287 6 23
150 88 62 250 246 68 122 278
155 70 56 51 276 231 289
156 131 124 165 232
159 99 65 17 49 76 86 166 75 196
160 104 78 280 83 288 171
172 130 115 36 213 34 139
173 135 136 190 261
177 143 93 90 205 236 277
184 157 215 225 237 194
191 119 89 164 63 140 181 251
202 203 274 286 258 1 2 22 97
206 186 85 38 121 212
221 26 242 268 281
222 53 31 144 7 269 193 218 272 59 96 290
223 151 129 113 125 188
233 69 45 46 47 111 158 197
234 174 145 57 4 91 3 5 84 148
238 103 71 227 66 67 112 183
252 118 82 162 199 228 80 201
253 161 132 133 187 226 138 262
259 192 229 13 20 29
263 264 40 41 18 19 27 64 168
273 178 152 33 52 77 182
282 16 11 267 137 170 216
283 134 120 116 117 163 219
284 204 185 256 224 255 72 126 214
285 240 241 245 58 94 154 211
