56
23 1 2 3 4 75
29 21 74 91
35 77 78 79 121
46 40 80
54 25 178 159 210
64 167 152 206
76 36 37 38 71
81 7 42 43 44 45 114
82 199 171 215
84 39 149 209
85 55 56 89
99 61 62 155
101 16 17 27 110 112 211
102 86 65 69 70
103 94 169
106 10 157 34 22 162
107 15 58 26 33
108 83 47 48 223
117 105 153 154 219
122 72 14 28 57
129 130 97 191
137 11 12 13 73 90
138 92 93 131
145 87 88 111 113
146 50 51 52 53 98
147 124 125 141 220
150 66 67 68 126 164
151 228 187
165 140
170 118 119
174 175 163 127
176 95 96 158
177 216 185 186 229
180 18 19 32
181 123 208 31 116
182 179 203
183 184 235
188 104 100 109 172
192 193 59 120
194 161 156
195 168 202 6 212
196 160 189 115
198 139 132 133 134
200 201 222
204 205
214 197 207
221 5 30 63
224 24 20 60
225 49 8 9 41
226 148 142 190
227 217 218
230 135 136 143 173
231 166 144
232 233
234 213 128
236
