58
5 6 7 8 9 10 23
11 12 13 14 15 26
38 39 46 158
51 28 29 30 36 163
58 52 53 108 114
59 32 33 34 241
64 65 66 235
68 69 70 2 3 4 37
72 35 63
77 42 43 44 45 88
78 79 80 81 229
82 83 84 154
89 31 24 25
90 91 92 94
95 55 49 50 67
99 73 74 75 76 113
104 1 209 179 180 224
109 110 27 21 22 197
115 96 120 121
116 117 118 119 177
131 132 133
134 48 20 16 17 62
135 123 124 173
136 137 138 211 87
139 140 141 162 240
142 111 56 57 93
143 144 253
148 149 150
152 147 227
155 244 245
160 217 169 207
174 153 206 170
183 18 204 205 181 182
184 60 61 122
185 145 146 151
186 210 176 239
188 251 252
190 100 101 102 165
192 161 234
193 125 157
200 47 40 41 213 214 215
201 191 105 254
202 178 175 164 246
203 238
208 128 129 130
212 171 172 199
216 168 167
218 189 107 226 126 249
221 156 166
222 223 225
230 106 112 127
231 232 233
236 187 198 54 228
237 19 159
242 85 86 71
243 103 97 98 220
247 248 219
250 194 195 196
