58
10 11 12 13 14 15 16
34 82 83 5 55
40 41 66 67 138 139
42 1 2 3 4 9 190
50 30 31 32 38 39 113
51 52 53 54 133
56 46 47 48 49 254
57 58 59 84 85
62 6 172 250 252
63 64 91
71 199 145 68
75 76 77 78 79
81 35 36 37 253 260
88 80 140 259
93 94 95 96 243 223
100 101 102 103 170
104 105 106 148 189
119 120 121 122 123 124 158 159
126 33
129 114 115 116
130 131 262 137 117 141 224
150 256 219 162 60 61
154 155 157
161 152 153 195 196
166 147 149
171 134 135 136
175 24 25 142 143 144
176 146 188 86 87
179 180 181 182 183
184 97 98 99 112
185 109 110 111 118
186 257 258
191 69 70 74 156
192 248 198 160
200 201 163 164 264
202 203 204 245
205 167 168 125
206 127 128
207 43 44 45 174
208 209 242
211 173
215 216
217 218 187 21 22 23
222 7 8 65
225 178 241
226 26 27 28 29
227 239 132
229 230 231
232 220 221
233 234
235 72 73 240 263
236 228 251 92 210
238 237 244
246 177 165
247 193 194 17 18 19 20
249 169
255 151 89 90 108
261 212 213 214 107 197
