64
15 16 17 18 19
20 21 22 49 50
23 24 25 26 27 28 29
30 31 33
37 38 133
39 6 7 8 9 10 32 173
42 34 223 244
44 45 46 47 48 228
51 52 53 54 55 56 140
57 58 59 60 61
62 153 225
63 64 65 66 167
69 1 2 3 4 5
70 43 217
83 84 85 102
87 88 89 90 150
94 81 82 185
99 68 138 119
100 101 172
103 92 93 176 177
104 105 106
107 108 240
112 113 11 12
115 116 117 118
123 74 75 136 137 171
124 125 206
126 120
128 129
130 131 132 222
134 78 79 80 139
142 95 86 241
143 148 149
146 40 41
147 144 145 191
151 135 230
154 192
156 35 36
159 141 231
161 162 13 14
165 166 67
169 170 236
178 157 158 163 227
179 180
182 160 71 72 76 77 164
183 110 111 109
184 197
186 187 226
188 189 190 122 168
193 174 175 211
198 199 200 201 202
203 204 205
207 152 155
208 194 195 196
212 213 214 216
215
218 209 210 127
219 114 181
220 221 243
229 96 97 98 224
232 233
234 121 73 91
235 242
237 238 239
245 246
