70
1 2 3 4 5 225
14 15 16 17 48 139
24 25 240 241
31 32 33 180 47 102 63 243
38 6 7 8 9 64
42 28 29 30 92
43 44 45 46 70 71
58 59 60 61 62 103
73 114 115
78 39 40 278 181
79 80 100 245
81 10 11 12 13 53
82 83 84 101 274
105 36 37 199
110 18 19 20 34 35
111 109 120 234
113 76 77 235
116 49 57 188
117 118 119 121
128 129 130
132 151 152 153 21
148 248 244
149 93 94 95 96 195
150 169 222 223
154 50 51 52 72
155
159 68 69 26 27 85
161 141 142 147
162 156 157
164 165 166
167 87 88 89
168 160 172
170 171
173 174 175 176
177 178 179
182 66 22 23 91 280
183 122 123 124 125 104 242
184 135 136 137 158
187
190 191 196 197
192 193 194 189
200 201 202
203 99 67 65 97
206 145 249
207 163 229 230
211 212 214
215 107 108
219 106 216 41
220 239 232
224
226 227 237
238 210 233
246 140 112 134
247 218
250 251 252
253 208 209 213
254 255
256 54 55 56 86
257 90 131
258 217
259 185 186
260 261 126 127
264 98 74 75 231
265 266 267 268 143 144 279
269 228 204 205
270 133 262 263
271 272 273
275 146 138 198
276 221
277 236
