53
14 153 141 22 27 34
23 176 282 283 98 201
29 135 194 195 156
35 5 6 199 82 215
62 31 32 59 196
72 41 42 273 137 223
86 234 228 221 222
95 197 198 49 50 70 237
106 90 83 131
112 79 80 109 200
122 64 177 211
127 30 18 19 184 265
128 97 150 169 170 260
129 130 142 185 266
132 74 75 76 116
138 113 88 99
140 248 249 250
145 1 2 3 225
146 118 119 120 121
148 87 227 206 207 51
152 89 69 81 143
158 36 11 155 115 166 68
159 160 161 193 278
163 164 165 246
171 73 139 125 276 114 151 219
172 154 58 181 191 13 144
178 37 38 39 45
179 167 10 60 182
183 53 54 55 78
186 57 270 271 277 259
187 117 24 25 26 28 100
188 180 66 233
205 189 190 20 21 71
213 101 254 217 218
214 203 204 251
220 216 210 8 40
226 102 126 245
238 272 84 85 91 212
241 123 92 93 94
242 231 232 77
247 173 174 175 230
252 63 46 47 56 157
253 192 229 208 209
255 96 65 243 267 4 44 268
256 52 15 16 17 33
257 235 43 61 202
261 262 263 264
269 124 104 105 67 103
274 147 133 134 111 162 236
275 239 12 48
279 149 136 107 108 258 7 9
280 224 244 240 168 110
281 284
