60
1 2 3 4 25 26
5 6 7 8 9 130 131 204
28 29 236 237
36 37 242
42 22 23 12 27
50 81 82 83
54 55 56 57 108
64 255 256 257
76 77 33 34
78 79 53 115
104 32 251 164 175
110 111 112 113
116 119 266
117 58 59 60 70
121 43 44 235 239 240
122 20 21 14 15 19
123 71 72 73 74 92
128 109 16 17 18 24 88
129 163 162
142 41
148 80 94
149 31 222 196 197
150 138 39 40 87
158 159 125 126 127 273
166 90 224 238
167 168 223 13
170 143 144 261
171 10 11 89
172 165 270
176 84 85 139 145
177 173 174 241
179 96 97 114
180 181 182 183 243
184 66 67 68 69 272
185 141 52 91 271
191 178 187 86
192 151 152 153 154
193 194 195
199 51 225 249 30 38
200 201 202 133 188
205 206 263 264 265
212 160 161 45 46 47 48 49
213 189 190 93 35
218 105 106 107 157
219 208 209 210 211
220 221
226 135 136 137
227 214 215
229 230 95
232 269 75 120
244 98 99 100 101 132 203
245 246 124 260
247 155 156
252 250 248 102 146
253 118 61 62 63
258 65 147 140 198
259 254 228 169 217
262 216 103 134
267 186 207
268 233 234 231
