38
18 8 1 2 32 17 35 62
36 26 99 233 200 100 190 232
96 12 156 150 136 137 173
102 40 31 72 73 101 126 270
116 64 41 272 279 69 80 161
120 57 278 240 225 249 280
138 104 89 151 50 176
145 92 85 148 10 16 23
154 53 38 9 5 52 74 144
155 71 14 98 197 223 132 219
165 37 27 242 231 25 45 67 282
166 118 43 44 42 61 107
169 19 13 241 205 119 131 164
179 83 273 230 206 226 250 106 237
184 76 239 189 167 65 286 191 269
185 121 113 125 160 192
186 157 93 94 178 267
188 88 77 266 256 15 22 46 68
193 91 252 216 217 218 115 268
199 177 28 105 129
210 82 47 265 229 213 255 243
211 152 48 49 79 123 143
214 103 285 234 139 181 198 60 87
215 141 110 29 163 202
220 180 153 142 172 109 244
227 182 175 168 66 95 203
238 97 253 222 224 247 70 130
245 149 135 11 128 140 3 4 24
251 117 221 195 208 209 257
258 146 127 33 39 134 281
259 212 262 124 21 34 56 81
261 162 246 254 235 275 51 75
264 204 174 248 274 114 133
271 228 260 122 196 112
276 63 30 20 55 158 159 207
277 170 147 58 59 86 108 236
283 90 54 84 78 111 263
284 194 171 187 201 183 6 7
