42
45 10 9 6 20
46 22 4 5 8 35 110
72 27 18 182 205
80 14 1 11 223 7 30
81 37 31 136 178
94 15 246 230 34 42 126
95 21 181 129 84 99
111 56 53 54 64 91
114 47 36 57 85 124
127 26 242 83 24 39 92
132 65 248 194 199 206
133 214 177 195 25 62
147 73 215 211 86 175
152 32 33 232 249 221
153 82 201 172 188
156 76 40 41 38 3 13 142
163 100 216 224 29 88
164 145 103 104 44
179 106 59 67 71 166
180 112 93 78 74 250
191 51 23 220 55 75 189
192 120 107 108 109 225
193 143 113 217 176
200 157 150 151 173 231
207 96 219 234 158 155 140 183
208 119 77 70 89 125
209 210 169 49 69 131
212 105 52 43 61 87 137
213 168 165 162
227 144 121 122 123 58
228 148 97 98 101 146
229 149 139 159
233 184 170 17 50 190
235 115 66 202 203 251
236 239 197 198 218
237 116 48 16 243 130 102
238 154 134 141 161 196
240 171 160 186
241 222 187 185 12 19 226
244 128 28 63 79 167
245 204 2 60 68 90 174
247 138 117 118 135
