44
11 1 121 198 54 129
16 14 90 99 199
45 4 146 122 109 119 143
51 26 27 20 84 85 135
55 48 49 50 106
80 33 23 24 28 44 161
94 13 209 210 221 8 31
111 12 5 6 10 162
112 46 203 173 178 2 32
113 66 47 258 171 218
136 78 67 71 86 183
145 97 70 150 124 139 211 240
149 103 104 40 166 36 72
163 89 197 214 120 172
176 212 56 57 58
185 81 216 87 59 231 237 206 9 22 184
186 208 147 123 234 73 169
189 114 91 93 196
200 17 164 248 79 75
201 82 193 154 167 152
223 77 52 192 126 158
224 65 18 19 222 35 39
225 95 60 194 205
226 156 157 195 125 207
227 188 180 41 76
228 117 34 30 38 62
229 165 96 105 168
230 257 61 74
233 204 15 25
236 153 243 92 232
238 102 217 235
239 155 118 127 3 42
241 107 63 64 68 130
242 170 7 174 182
245 69 202 133 115 175 219
246 108 251 159 215
247 179 220 244
249 131 83 151 128 160
250 187 142 148 101 144
252 137 88 132 100 177 116
253 141 98 110 21 29
254 190 138 140
255 191 134 181
256 213 53 43 37
