59
1 2 3 4 5 126
14 15 16 193 88 89
22 23 12 13 70 161
30 214 122
37 38 39 40 78
43 44 158 159 209
47 48 49 151 194
51 52 53 54 55
62 71 10 11 29
73 60 61 186
79 6 7 8 9
80 81 82 94 111
85 41 42 164 165 196
97 24 25 26 28
98 59 168
99 100 240 241 254
104 105 106 107
108 64 65 66 33 91
118 119 120 223
128 109 110 127
129 130 146 147
131 93 95
132 121 167
134 75 76 77 206
135 74 68 69 162
138 139 141
149 150 243 244
153 154 155 242
157 249 67 117
163 232 253
169 86 34 35 36
170 166
173 137 185 200
175 87 72 174 217
176 177 204
180 143 144 145 178
182 183 184 45 46 156
187 17 18 19 20 27 148
188 63 56 208 96 123
189 190 191 192 230
198 133 140 152 197
199 234 252
201 113 114 115 224
202 102 103 112
207 203
210 237 221 222 231
218 171 172 205
219 181 195
220 215 216 50 83
225 226
227 142 136 31 32 57 58 179
228 92 250 251
229 90
233 245
235 124 125
236 211 238 116
239 212 213
246 84 21 160
247 248 101
