40
1 2 3 4 189 190
5 6 7 8 11 48 54
12 185 112 15 168 169 261
20 181 9 123 59 116
43 27 223 82 106 205
62 173 155 183 97 216
88 32 33 238 239 253 26 55
91 21 18 121 96 45 94 30
119 13 14 256 139 199
129 22 23 90 229 19 224 247
130 74 194 159 160 161 198
152 73 131 250 251 245 246 10 41
157 75 208 135 136 137 195
165 236 203 25 53 180
171 81 66 258 107 60
172 228 200 46 61 51
175 92 56 57 214 40 141
184 31 252 233 234 240 134
191 77 102 103 110 215
192 122 174 230 179
193 244 202 197 52 99
206 111 207 132 108 109 76 162
212 101 95 85 86 144
220 125 201 149 217 260
221 68 213 142 117 118 67 127 98 219
222 145 150 151 218
225 120 78 79 115 164
226 158 16 188 105 114 42 143 211
227 196 182 204
231 154 133 170
232 177 178 47 84
235 153 44 237 259 58 83 104
241 89 36 37 38 209 210 50 147
242 148 63 93 71 35 65 140
243 176 113 72 128
248 100 69 70 64 39 156 138 80
249 166 167 126 146
254 186 187
255 17 24 34 87
257 49 28 29 124 163
