30
58 1 235 180 289 263 178 202 253
71 10 219 163 60 102 103 99 196 237 14 90 224
77 15 16 87 48 240 257 18 30 98
85 33 233 216 213 221 259 32 150
91 36 34 201 193 210 104 144 215
111 9 122 79 239 217 13 76 29 40 57 205
124 83 11 12 164 291 41 56 97 212
129 86 275 270 195 75 145 234 296 166 273
134 92 74 47 136 132 159 176 251 64 170
179 139 115 105 127 165 184 211 100 197 223
181 125 243 220 94 117 151 228
190 59 20 278 225 177 39 230 265 266
199 72 45 37 38 17 4 28 137 167 250
200 152 21 22 35 84 264 49 298
206 78 232 173 26 27 44 53 89 118 282
207 153 123 93 295 252 141 160 254
231 162 279 131 244 226 281
238 182 147 143 62 68 95 138 260
241 82 24 25 66 256 23 81 300 133 161 297
242 294 258 67 69 88 149 96 185
261 186 158 126 120 52 70 101 255
269 191 168 187 198 248 107 204
274 113 73 2 286 271 214 245 169 203 6 19 110
276 112 65 46 43 183 174 188 218 268
277 192 209 236 249 272 128 156 267
283 130 157 114 80 299 287 106 146 222
284 194 140 50 51 55 189 227 108 247
285 262 154 142 148 121 288 155 246
292 172 135 119 116 175 3 5 7 8 54 171
293 229 208 61 290 280 31 42 63 109
