55
1 2 3 4 5 111
27 29 30 31 15 89
35 36 234 46 47 194
42 43 44 45 263 56 193
48 49 248 249 201
61 14 136 140 219
67 68 69 164
71 171 172 173
80 184 191 231 65 122
90 244 79
93 58 53 117
97 57 66 265
98 59 183
104 62 225 226 32 41
105 78 37 38 39 40 84
112 63 64 73 124
113 114 115 116 206
118 251 252 264 196 109
125 126 127 128 129 185 254
130 91 141
133 134 156
146 131 215 216 217 218 272
149 72 160 162 163 239
150 170 262 107 148 96 145
157 99 222 223
158 106 11 137 212
168 28 17 18 19 54 266
169 151 152 153 228
174 138 144 192 202
175 176 230 95 108 229
181 182 271 275
187 21 22 23 24 25 26 34
188 100 101 102 123 232
189 177 276
198 119 85 86 87
203 204 205
208 135 50 51 52 103
209 139 161 74 197
213 142 143 81 82 83 88
214 147 94 92
220 236 237 120 121 20 110
224 154 155 166 167
235 221 165 12 13 16 246
243 199 200 250
247 178 179 180
255 210 211 253
256
257 6 7 8 9 10
258 159 132 274 261
259 190 55 60 207
260 240 33 70
267 227 245
269 195 75 76 77 186
270 241 268
273 233 238 242
