44
16 5 241 242
30 7 1 248 249 116
42 17 13 178 230 14 35 85
66 18 19 8 171 2 3 4
70 32 227 257 65 132
78 27 21 201 142 190
86 128 219 45 6 10 15 115
117 31 23 24 25 37 90
121 49 209 48 106 172
127 12 187 173 189 231 34 54
135 240 236 220 29 47
139 38 203 170 158 194 195
153 103 44 33 224 152
156 108 109 9 11
159 55 39 36 51 84 114
160 112 88 62 73 166
164 133 76 89
167 63 80 207 210 180
168 129 104 120 163
176 79 59 198 57 107
181 67 50 22 41 91
182 119 93 204 150
183 130 28 75 143
196 145 225 258 232
202 82 43 247 228 211
205 122 83 99 131 215
208 136 113 175
216 92 64 123 40 60 214
217 97 72 212 252 147
218 229 95 96 125
222 157 244 185 58 126
223 193 245 69 238
226 154 105 134 110
233 111 200 184 179 213
234 140 87 61 138 221
235 169 141 146 199
239 161 137 151 253
243 188 174 81 148
246 177 149 20 26 144
250 102 74 68 77 100 259
251 206 192 52 94
254 118 71 56 162 237
255 191 155 165 46 53 101
256 197 98 124 186
