53
22 11 12 16 17 18 104
41 5 6 7 1 2 29
55 140 101 87 96 212
69 39 49 162
78 47 54 115
79 63 33 34 35 208
82 42 25 190 13 8 28
83 72 86 186
91 14 15 215 194 211 228
93 94 95 159 234
107 108 218
111 50 30 187
125 43 44 233
135 98 103 178
138 122 123 51 150 166
139 226 169 158 185
143 23 24 9 10 27 59 119
144 52 53 71 88 89 219
146 147 65 90
151 129 100 202 66 67 68
156 152 37 38 184 216 243 240
175 171 172
180 153 124 246
181 182 256
183 168 155
188 75 76 77 118
189 64 61 114 251
191 73 31 57 62
192 128 157 145 148 149
200 130 131
203 126 222 223 109 179
204 134 174 197 177
205 206
209 92 48 244
210 248 249
214 70 99 167
220 133 84 85 161
221 127 160
225 105 116
227 176 3 4 213
229 74 32 170 207 45 46 36
230 201 236 19 20 21
231 232 26 117
235 154 141 142
237 193 136 102 110 224
238 163 164 165 137
239 198 199
241 242 250
245
247 255 120 40 58 195 196
252 121 80 60 56 173
253 81 106 217
254 112 113 132 97
