36
21 67 28 170 154
36 22 160 121 142 140
49 32 33 29 153 70 134 192
79 125 103 82 112 113 173
97 144 99 165 151 193
128 80 218 219 34 35 56 90
147 93 81 190 171 172 214 64 96
162 106 87 9 10 1 2 110
163 126 69 47 83 78
166 148 107 108 179
167 50 42 194 198 199 222 77 204
168 174 75 76 61 136
177 178 220 17 57 156
180 68 37 158 169 130 123 175 25 26
181 58 23 24 16 143
182 183 184 185
188 65 201 138 132 133 176
189 86 52 53 202 227 101 31 137
197 203
200 157 98 46 39 40 207 232
205 105 4 5 3 12
206 235 161 146 187 196
209 85 38 51 43 62 95 131
210 129 74 59 60 55 109
211 145 88 89 114 115
212 213 18 13 14 116
215 149 139 124 208
216 111 100 15 6 236 118 186
225 164 127 119
226 30 7 8 20 117
228 73 44 27 94 217 159 191 195 223
229 141 120 91 122
230 152 66 45 71 92 19 84
231 48 63 155
233 224 150 104 135
234 221 54 41 72 11 102
