58
28 29 73 74 98
34 35 36 246 16 17 96
47 48 18 19 20 21 274
82 24 25 26 140
83 57 58 59 66 90
100 1 2 3 227 228
101 211 212 193
104 8 9 217 258
105 106 107 108
109 37 38 139
110 62 63 64 65
119 269 262 201 202 222 250
125 156 97 103 169
134 135 136 122 123 124 88 89
158 159 252
164 126 127 179 163 253
165 152 153 154 155
166 69 70 71 259
171 53 54 55 5 6 7 183
172 50 51 52 244
177 49 191 102 117 147 148
178 181 182 276
189 190 132 118 60 61
192 265
195 173 174 175 176
196 229 230 221 56 129 130
205 76 77 78
206 84 85 131 260
207 264
208 186 187 188
213 42 43 44 75
214 215 218 219 220
216 184 185 144
224 72 30 31 32 33
225 128 10 11 12 13
231 167 116 272 286
232 233 198 199 273
239 114 111 112 113
240 197 141 133 236
241 149 150 151 266
242 234 285
245 235
247 226 282 283 4 23 170
248 223
249
254 91 92 93 94 160 161
255 81 40 22 99 284
256 194 203 204
257 209 210 237 238
261 243 14 15 27
263 137 138 279
268 120 121 115 168 277 41 95
270 271 251 67 68
275 278
280 200 162 142 143 145 146
281 157 79 80 267
287 180 39 45 46
288 289 86 87
