55
21 22 23 45 46 18 19 20
24 25 4 5 6 7 8
29 30 31 32 33 34 35
43 44 234 76 53 214
54 10 206
68 39 40 257
69 38 57 65
75 254 255 92 93 149
77 58 50 114
83 72 11 48 49
89 37 26 27 28 36 130
99 100 78 79 1 2 3 9
101 243 192 180 231
107 103 110 42 227
108 109 140 213
111 112 113 233 118
122 80 81 115
131 132 66 67 82
134 116 117 256 41 260
141 142 143 106 98 74 96
150 102 85 60 193 261
152 153 138 225
160 84 55 56 171
165 166 167 125 163
168 91 15 16 17 181
172 90 169 144 145
173 174 175
183 154 155 212
185 161 97 104 245
186 164 133 119 126
189 190 208
191 135 136 137 194
196 120 105 51 52 47 259
198
200 179 162 258
201 156 88 12 13
204 14 250 230
205 195
210 232
216 184 170 188 215
217 176 158
221 147 86 63 64 73
222 151 139 226
224 247 87 146
228 123 124 71 182
229 209 197 177
235 236 61 62 207
237 70 59 94 95
238 246 252
241 159 244
242 223 203 220 240
248 202 187 239 157 211
249 218 219
251 148 199
253 178 121 127 128 129
