61
18 19 20 21 22 23 40 46 122
26 3 4 5 6 76 77 120
35 10 266
41 25 64 136
42 43 37 38 39 268 269
50 51 52 53 207
72 58 59 60 61
84 251 169 170 149
88 89 90 91 226
92 249 228 229 267
102 100 75 79 188 189
106 54 243
111 101 97 95 223
116 117 118 155 245
124 125 74 67 68
128 93 109 110 7 62
129 69 70 71 206
130 131 132 199 200
137 138 139 178
140 36 12 13 14 8 9 63
141 85 217
143 82 83 119 195
144 27 28 29 30 31 246
145 146 147
152 98 234
161 103 47 48 49 173
162 157 158 159 160
163 164 165 166
167 153 154 218
174 134 240 11
175 176 87 80 86 230 171
177 194
179 126 219 220 247
180 1 2 44 45 78
181 259 260 135
190 191 227 156
198 262
202 203 204
208 172 150 151
209 233
212 112 113 114 115
213 261
214 73 32 33 34 96
215 168 127 192
216 211 196 236
224 225
231 184 185 186 221
232
238 239
241 94 15 24 121
242 142 123 133 205
248 107 108 65 66 16 17 222
250
252 235
253 81 201
254 210 244
255
256 193 148 55 56 57 237
257 197 104 105 99
258 182 183 187
263 264 265
