67
21 1 2 3 256 257
22 109 110
29 30 31 32 33 34
47 48 49
50 27 28 89 90 241
54 55 45 46
72 73 119
74 75 76 204
80 81 82 16 17
91 92 71 224 121
93 94 143 144 236
107 98 99 100 101
111 112 113
114 115 148 149
116 117 118 137 138
122 38 39 40 41 77 197
127 13
129 35 36 37
132
133 134
135
145 44 87 88
146 147
151 152 23 24 25 26
153 51 52 177 178
157 123 108 139 249 250
158 159 160 161
162 125 63 64 136 155 165 242
164 254 255
169 18 19 20 131
174 68 69 97 105 106
175 208
179 154 190 246
182 70 14 15 5 6 7
184 183 95 96
185 42 43 78 79 251
186 187
189
191 65 66 67 61 62
192 128 150
198 56 57 58 59 60
199 200
202 167 168
203
206 163 142 228
209
211 212
213 166 172 173
214 215 216 171 196 205
217 218 83
219 124 126
220 221 222 140 141
223 102 120 259
225 193 53 103 104
226
231 188 170 8 9 10 11 12
232 84 85 86 176
233 234 235
237 210 130 229
238 239 4
243 195 240
244 180 181 201
245
247 207 230
248 253 194 156
252
258 227
