64
1 2 3 4 5 211 284 285
22 23 24 12 13 17 18
28 29 14 15 16 76
43 44 75 94
65 66 67 68 69
70 33 177 163
79 59 60 55
86 87 233 200
99 80 81 82 83 128
105 166 167 168 175
110 49 50 51 52 53 54
111 112 113 114 240
115 57 106 107 108 246
129 204 253 254
132 116 117 90 77 125 227
133 134 118 119 120 222
135 136
138 121 89 74 185 186 6 11 41
139 214 215 217
142 143 131
145 238 9 10 164
148 149 179
150 73 25 26 27 258
151 152 153 181 182
154 123 243
155 156 157 180
158 88 63 146 147
165 188 278 140 199
184 205 221 239
187 230
190 208
194 171 126 127
195 196 197
201 19 20 21 260 267 268
202 159 95 71 72 141
203 130 96 85 137
206 92 91 98
207 34 35 36 42
209 160 241
212 61 62 45 46 161 104
213 7 8 255 256
219 144 257
220 245 234
223 176 56 30 31 32
224 100 101 102 103 270
228 122 97 109
229
235 236 169 170 162
237 225 226 47 48 84 193
244
247 248 249
251 178 189 269
252
259 271 279 280
261 37 38 39 40
262 210 64 93 231 232
263 198 58 78 250
266
273 216 272 192
274 124 174 191 276
275 242
277 264 265 183
281 172 173 218
282 283
