41
31 111 83 61 62 49 89
76 28 215
77 5 209 197 165 145 223
78 53 54 87 118
97 32 3 192 198 45 50 178
102 60 48 222 30 59 230
110 34 171 172 184 185 122
112 57 217 159
124 33 15 1 68 63 148
126 74 75 105 174
132 43 29 25 20 38
133 67 65 64 86 207
143 84 71 39 70
150 42 17 16 219 58 55 92
151 113 114 90 129 96
160 128 158 147 173
161 121 82 176 199
163 56 24 21 157 14 123
164 144 13 26 117
166 134 119 104 95 116
167 138 106 141 40 109
170 88 135 108 93 195
180 51 35 6 7 2 27
181 156 190 140 72 206
186 142 94 11 210 130
187 127 79 80 115 177
188 162 136 22 46 47
189 193 220
191 179 227 4 36 131
196 175 202 229
203 233 182 169
211 98 52 44 234 12 8 9 10
212 125 107 81 66 101 91 149
213 168 154 194
214 208
216 99 218 200 153 120 224
221 146 100 85 155
225 23 18 19 37 73 41
226 201 228 139 183
231 152 103 69 137
232 204 205
