45
3 4 5 230 231 232
29 30 31 32 43 227
33 34 35 28 51 52 53
47 13 204 160 115 116 100 101 104 91
48 238 196 197 198
68 69 70 206 218 219
71 64 99 110 111 208
80 72 73 93 183
83 1 2 14 15 16 17 94
85 39 58
95 81 82 26 46 42 185
97 60 61 62 38
98 49 50 78 79
107 108 109 112
114 89 56 66 36 37 175
123 119 117 118
129 23 24 25 216
130 65 76 136 67
132 124 125 105 106
137 138
139 140 131 150 87 179
148 126 90 122 173 174
149 155 156 128
158 7 8 9 10 11 200
159 133 86 20 21 22 44
186 84 63 59 18 170 163
188 120 121 74 75
193 54 27 161 164 223 102
194 134 127 157
203 96 55 45 41 77 233
205 145 162 151
210 144 103 191 207 237
211 180 135 146 147
215 154 171 172 202
217 212 213
220 195 166 167
221 141 142 226
222 224 225
228 177 178 192
229 176 168 169 199 143 214
234 181 182 88 201
235 6 57 19 113
239 209 242 12 40 92 184
240 187 152 153 165
241 190 189 236
