62
8 9 244 257
41 42 43 44 58
70 14 48 49
71 10 11 4 16 17 18 183
76 12 1 2 3 96
77 25 26 27 149
83 84 33 34 57 101 221
87 120 121 245 246
97 85 5 6 28 29
98 99 100 50 51 148
102 91 95
107 103 169 170
108 37 38 39 202
118 119 88 92
125 214 189 174
131 109 78 79 80 137
138 127 128 94 136
143 30 31 63 124 32
144 54 55 56 13 24 52 53
145 132 275 250 180
154 68 117 222
155 89 86 147
158 126 72 73 74 115 270
163 157 104 201
172 159 160 122
181 182 273
194 62 215
195 196 192
204 191 116 233
206 247
207 19 20 21 22 23 60 75
208 165 166 167 162 227
209 168 15 65 66 67 175 176
212
213 173 150 151 134
218 123 140 141 142
219 190 263
223 112 248 249 226
224 225 217
228 106 59 236
229 135 171
230 110 111 193
234 64 113 114 105 130 241
235 210 211 198
237 184 185
238 200
239
242 45 46 47 69 61
243 199 156 129 179 251
252 187 188 146 178 265
253 203 93 90 220
254 255 133 186
256 81 82 269
258 259 260 197 268
261 177 164 240
262 7 40
264
266 205 35 36
267 231 232
271 272
274 139 216 161 152 153
276
