50
1 2 3 4 64 183
23 24 25 98 99 100 163 22
30 10 11 46
35 7 8 9 33 128
41 42 43 56
51 36 37 48 177 250
58 59 60 246
61 62 13 14 15 34 181 182
73 67 68 72 125
95 96 57 107 65
105 86 87 111 164
108 104 153 201
113 63 27 237
116 117 187 221
121 106 115 203 55 129
130 101 102 103 224 248 71 135 178
136 119 123 126 127 215
137 75 76 77 78
144 138 132 120 214
145 139 160 161 162 167
147 44 45 88
148 149 150 151 172 173 240
152 155 213 239 198
158 31 97 26 47 5 6 66
159 194 195
165 53 54 206
168 16 17 18 19 20 12 79
169 74 52 49 50 93 94
174 170 171 28 82 83 134 226
184 114 118 143 219
185 91 92 29 124
186 32 38 39 40 80 211
188 69 70 193 220
189 190 191 192 243 166
196 146 242
199 122 81 236
204 140 154 179 85 227
216 217 133 157
222 212 197 89 90 180 21 112
223 200 209 210
228 229 218
230
231
233 175 176 141 142 156
234 207 208 225
235 84 238
241
244 131 109 110 202
245 205 232
247 249
