61
1 2 3 4 5 6 7
14 15 16 17 18 19 20 21
43 44 13 23 38 67
47 48 49
52 27 28 24 25 26
57 58 59 250 216 217 218
73 74 75 181 150 111 212 213
86 22 184 230
105 106 137
126 87 8 175 142
127 36 37 161
132 198
138 134 83 84 85 121
140 141 125
146 147
148 128 88 89 103
149 100 101 30 189
153 39 40 41 113
154 129 90 32 124
155 109 256
159 64 65 80
160 205 119 120
162 199
164 165 166
167 135 97 186
168 169 136
170 114 115 116 133
171 144 96 253
172 173
176 130 60 61 66
179 104 71 72 68
180 76 77 78 79 185 191
187 131 174
195 190 98
197
204 224 194
206 91 92 93 94 107 108
207 145 31 196 158
208 209 210 122 33 34 35
211
214 239 143 123
219 220
221
222 200 201 202
223
225 226
227 183 177 178 252
228 229 251
233 192 157 188
234 117 118 112 42 50 51 203
235 151 152
236 232
237 238
240 241 110
242 81 69 53 54 10 11 12
243 102 95 99
244 156 45 46 231
245 246 247 55 56
248 139 82 70 29 62 63
249 215 193 182
254 255 9 163
