61
16 17 12 13 14 15
24 25 7 96 97 98 159
29 26 31 32 78 110
44 236 183 134 254 51 52 221
57 30 83 84 141 271
58 23 33 48 125
59 60 61 62 99
65 66 67 68 243
69 50 263 193
72 73 74 75 105 137
76 77 140 172
87 88 262 258
90 91 92 93 249
106 27 253 171 233 43 3 4 268
111 22 5 6 38
112 123 124 142
118 82 80 213 198
122 101 102 63 235 203 223
129 107 103 115 197 214
132 119 120 121 136
138 49 28 104 81
144 145 146 147 158 181
150 151 160 185 234
154 54 55 56 89 116
155 130 131 276
161 156 157 199
164 165 166 128
168 53 39 40 41 42 127
173 162 163 226
174 175 176 279
177 133 8 9 10 11
186 187 188 229 255
189 190 208
191 192 228 152 153
194 113 237 230 266 36 143
195 196 100
200 21 18 19 20 117
201 202
205 206 207 148 149
210 220
215 139 126 1 2 94 256
218 219 222 267
224 216 217
227 225
232 34 35 37 182
238 70 71 95
239 240 241 242
244
245 246
247 231 184 211 212
248 270
250 251
257 178 179 180
259 135 252 64 79
260 169 170 108 109 209
261 45 46 47 85 86
264 265
269
272 273 274 275
277 167
278 114 204
