51
5 6 7 66 17 50 62
12 13 14 177 203 190 117
21 22 1 2 3 4 19 128
54 33 34 253 254 255 10 11 61 169
85 59 249 250
90 91 74 23 24 29 30
103 98 102 192
113 73 69 70 99 179
148 25 26 27 111
149 56 87 81 107
154 269 97 118 260
158 134 51 52 53 124
163 178 156 172 257
164 55 39 28 57 84 121 122
165 77 144 145 261
166 153 171 213 210
174 32 67 68 60 15 45 82
175 176 139 129 130 80 76 123
181 146 105 106 136 137 173
182 63 64 131 168 186
193 108 110 199 200
194 100 86 65 40 41 119 180
195 114 109 88 83 127 20
202 42 35 36 37 38 72 157
205 167 208 235
207 244
211 212 240
214 196 96 115 93 191
218 16 160 161 239 49 94
219 125 58 47 48 120
220 256
221 95 43 8 9 31 143
224 243
225 226 227 266
228
229 133 159 46 44 78 79 141 236
230 150 151 170
231 232 233 234 271
237 238 18 138
241 216 217 204
245 222 206 162 209
246 242 270
247 198 189 126
248 215 187 188
251 201 104 92 116 142
252 197 183 184 185
258 147 140
262 152 101 135 259
263 264 265
267 223 89 112
268 155 75 71 132
