59
1 2 3 4 5 6 107
16 15 129 130
21 22 23 73 81 82
38 110 66 98 99 145
47 19 20 63 64 80 221
48 49 50 70 74
51 29 30 31 94 118
58 59 143 144 109 90
60 61 62 191 192 193
76 77 78 213
84 67 68 208
91 39 40 65
96 97 85 86 87 95
100 101 102 41 42 194
105 106 228
108 17 18 104
111 112 242
113 114 115 116
122 123 83 117
124 177
134 119 133 72
137 138 139 246 247 140
141 142 232 253
147 148
152 45 132 234 26 27 146
153 135 136 7 220
154 161 162 207
164 52 53 54 120
165 92 93 121
166 56 43 44
167 249
168 149 203
173 174 175 176
180 125 126 127 128 8 9 10
183 11 12 13 14 151 159
184 131 179
188 169 170 171 172
190 181 182
195 196 197 198
200 201 202
205 206 224 225
209 229 230
210 211 212
214 185 157 233 187
215 216
217 32 33 34 189 239
218 219 57 79 163 178
222 24 25 46 186
223 236 28 150
237 226 155 156
238 227 250
240 88 89 103
241 35 36 37 231
243 75 55 160
244 235
245 199
248
251 71 69 204 158
252
