47
1 152 73 2 3 4 189 240
5 6 7 8 10 41
12 13 14 233 234
18 9 11 55
20 21 22 23 66 67 127 216
43 19 224
62 57 58 97 180
88 44 45 94 144
91 27 251 245 246
129 77 78 76 162
148 63 93 82 161 198 199
154 155 183 204
157 122 123 124 163
165 112 15 168 169 164
171 113 114 115 138 170
172 125 105 106 107 116
175 81 71 42 51
184 31 32 33 35 83 84
185 166 121 102 103 110 87
191 119 75 49 28 29 30
192 193 176 145 150 151
196 197 52 53 215
206 153 96 133 247
208 135 136 137 146
212 213 142 143 211 261
220 173 174 230 179
221 68 131 85 86 218
222 158 16 188 203 210 50 147
225 92 56 39 40 141
226 181 182 59 61
227 194 159 160 178 195 104
228 229 258
231 111 90 34 205 99
232 69 70 64 65 80
235 207 132 117 118 139 156
236 237 238 239 253
241 100 74 46 60
242 120 108 109 79 72 98 219
243 201 149 209
244 202 200 47 48 54
248 130 101 95 259 214
249 89 36 37 38 217 260
250 223 177 190
252 256
254 186 187 128
255 17 24 25 26 140
257 167 126 134
