60
6 7 8 9 10 11
13 14 15 16 17 18 19 20 25
41 210 247 239
52 21 120 121 186
57 58 59 60 135
75 76 37 137 151 157
87 64 65 66 32 80
99 96 97 132 31 47 48 49
100 33 34 68 182 183
101 102 103 104
117 124 125 140
126 38 166
127 128 129 244
130 53 12 35 107 223
131 139 219 220
138 42 225 243
146 30 56 61 62 215
147 67 86 105
148 259
150 134 155 208 91 92
153 154 163
158 149 133 257 241
160 95 229
164 54 29 73 74
165 253 262
170 141 142 156 185
171 77 78 116
173 118 119 122 240
174 193 43 201 202
175 1 2 3 4 5 81
176 143 144 145
177 106 230
189 69 45 46 98 44 168 169
190 70 71 72 22 79
191 212 213 214
192 233 263 23 24 203
196 36 26 27 28
198 188
204 159 136 50 51 63
205 113 114
206 199 200
207 167
216 211 234 236
218
222 85
224 82 83 84
226 181 260
232 108 55 265
235 115 152
237 187 261 111 112 221
245 161 109 110
246 217 178 209
248 249 39 40
250 180 123 93 94 184
251 162
252 238 227 194 195 228
254 197 172
255 88 89 90 179 231
256 242 264
258
