37
5 1 218 180 13 18 19 31
24 105 65 223 224 230
63 11 12 233 234 243 262
75 26 134 96 97 78 72 84 213
87 6 76 27 204 205 217
99 47 38 261 263 58 83 206
104 52 42 49 51 41 30 160
117 68 260 228 45 39 29 46 139
123 112 73 66 137 144
129 77 193 198 199
155 25 7 242 201 202 70 128 172
156 146 140 141 158 171
161 64 53 36 8 9 229
162 106 101 56 4 120 138
178 179 135 147 170 181 115 254
183 124 81 55 20 59 61 74 187 210
189 89 90 79 95 22 116
190 153 154 67 60 80 103 245
192 151 131 136 114 126 166 177
197 113 71 69 176 182
200 168 194 32 85 122
207 88 37 28 257 238 244 250
208 164 169 195 196
211 167 110 16 50 111 142 159
214 163 152 248 249 258
215 226 186 40 33 15
221 184 157 82 109 127
222 209 216 220 10 188
239 100 54 48 57 91 92 44 86
240 145 125 132 143 14 34 35
241 203 174 175 150 165 235 236
246 173 118 107 108 133
247 191 185 253 43 93
251 212 23 17 21 3 225
252 219 2 102 98 255 62 149
256 237 227 231 232
259 130 119 94 121 148
