62
1 2 3 152 236
21 4 5 6 7 56
22 23 24 218 62 59 73
30 31 32 51
33 16 8 60
34 35 36 37 212
41 42 43 44 45
46 47 17 18 19 144 211
81 25 26 27 28 29 255
88 82 68 69 129
89 90 91 92 78 279
94 49 50 153
99 95 134 145 146
115 39 40 110
120 121 122 96 126 127 128
123 111 112 74 75 136
132 133 253 275 276
138 10 11 12 13 14 15
139 38 197 225 65
140 80 135 233
149 269 147 166 280
151 57 58 71 101 154 174 281 282
156 157 167 70 64 196
160 48 9 20 63 246
161 150 224 287
165 124 125 148 252
168 169 142 143 221 222
170 107 108 272 273
178 179 180 113 114 72
183 184 185 186 187 188
189 83 97 98 102 159
198 176 177 119 130
199 200 106 171 103 104 105 175
201 202 137
203 204 205
206 52 53 54 55 79
207 141 131 192
208 209 210 195
213 84 61 284 172 173 155
214 190 191
215 259 260 240 232
217 193 194 76 77
219 220
223 283
226 227
228 116 117 109 158 254
229 230 231 243 244
234 66 67
235
238 100 163 164 256
247 241 242 262 274
248
250 251
257 239 181 182
258 216 249
261
263 85 86 87 267
264 265 266
268 162 118 93
270 237 245
277 271 278
285 286
