58
1 2 3 4 184 143 142
5 6 7 77 61 138 181 209
23 24 25 196 197
29 27 28 121 207
46 47 48 273
51 52 12 250
67 68 32 21 22 58
80 14 15 16 17 50 10 11 171
81 62 63 39 40 79 132
82 83 78 144
87 88 89 90 26 35 166
101 42 43 44 198
102 103 104 105 106 127
111 73 74 75 251 252
115 112 113 33 34 38 128
116 108 109
123 70 71 169 170
140 117 192 193 13 41
146 18 19 20 72 206
155 53 178 118
156 157 158 159 269
160 100 188
172 173 168 148 97 122
175 59 60 54 55 56 57 237
176 135 136 137
189 147 141 36 37 98 99
190 177 223
191 149 150
199 139 124 125 126 76 133 134
200 248 249 151 163 164 165
210 211 212 84 85 114 274
213 162 120
221 215 208
222
224 107 94 95 110
225 186 187
227 167 91 92 93 194
230 228 229
233 161 205
234 30 31 86 242
235 236
238 220 129 119 154
239 232
243 130 131 145
244 185
245 246
247 201 202 203 204
253 152 153 8 9 45
254 231 216 179 180 49 219
256 257 218
258 69 64 65 66 96
259 260
264 182 183 195 174
265 255 240 241
266 261 262 263
267 268
270 271 217 226
272 214
