61
5 6 7 2 83 147
11 12 13 1 32 33
36 37 34 93
54 55 56 277 3 4
72 70 71 76 77
78 79 80 65 35 94 63 64 122
81 242 175 115 137
85 66 82 231 146 179 159
87 88 238
102 58 198
103 104 105
108 109 110 111 275 276
112 91 52 176 215
118 86 24 25 26 27 47 48 136
138 119 234 271
139 31 243 250
140 141 199
156 23 8 9 10 16 17
163 143 59 60 61 62 216
164 113 92 161 162
170 30 18 19 224
177 134 135
180 44 45 46 149
181 166 132 133 57 251
182 51 38 39 40 41 42
183 184
185 120 121 249
187 158 155
189 190 160
200 43 14 15 29 69 106
202 203 173
206 142 131 114 74 116 89 90
207 97 98 99 84
208 165 172 220
209 201 150 129 130
210 193 153 154 191 278 279
212 127 128 95
213 214
217 218
221 222 223
225 226 227 67 68 239
229 245 246 247 53 169 117
232 233 194 178
235 171 219
236 73 49 50 107
237 195 196 197
240 20 21 22 101 148
241 186 100 145
244 230 257 258
252 253 260 261 262
254 174 167 144 28 75 96
255 204 205
259 211 157 151 152
263 264 256
265
266 188 168
267 123 124 125 126 192
268 228
269 270 248
272 273
274
