48
31 32 12 136 146 147
42 33 34 35 36 203
50 6 7 8 181 233
66 41 247
71 43 44 45 240 249
102 118 119 114 244
110 92 93 94 24 37
125 77 78 63 64 163
134 96 97 20 117
135 149 251 252
140 113 18 259 167 207 130 153 217
141 142 59 76 238
144 156 120 186
148 48 49 38 39 46 133
165 74 75 106 112 122
166 159 192 184 89 194
170 126 206 72 9 10 11 47
175 86 87 40 85
178 179 30 61 62
189 54 55 56 57 84 98 225
190 158 154 155 164 13 14 83 268
195 171 197 187 237
196 243 219 242
204 70 5 176 260 200 157 216
205 234 143 168 169 211
208 81 51 127 145 172 173 232 262
209 182 123 124 128 69 227
218 210 245
220 27 28 29 60 201 193
221 104 105 160 224
222 198 226
228 58 22 23 212 202 241
229 214 253 246 25 26
235 100 101 131 129
250 103 95 73 121
254 107 108 109 21 65
255
256 67 68 115 116
257 191 152 188
258 230 137 138 139 161 199
261 4
263 1 2 3 180
264 82 213 183 162 248
265 111 150 151 174 15 16 17 90
266 267 19 52 53 99 132
269 91 236 231 239
270 177 79 80 88 185
271 223 215
