52
7 5 6 146 79 139
22 8 179 180 35 36 103
31 144 114 151 222
38 9 10 26 94
44 19 192 193 161
50 2 3 4 87
63 64 59 60 68 128
74 39 32 33 34 18 30
82 65 66 57 14
111 112 53 40 162 99 17 163 185
116 88 109 198
117 120 135
118 45 46 28 105 218
119 137 98 86 89 190
124 78 20 21 62 56 96
131 23 11 176
132 133 134 181 37 157 227
140 51 242 153 213 61 110
147 24 25 41 42 104
148 15 16 160 54 84 90 130
149 138 27 129
152 47 48 97
154 155 238
158 159 1 208 243 29 91 136
164 165 123
168 169 106 107 80 81 77 214
170 188 127 237
174 58 83 67 72 191
175 141 142 143 171 209
177 85 228 184 239
178 113 145 101 102 182
186 187 234
189
194 125 172 236
195 150 205
196 166
197
199
201 202 183 121 122 226
203 204 235 55 43 244
207 70 71 200 173
211 108 126 93 210
212
215 100 69 225 12 13 49
219 167 230
220 221
223
224 52 92 115 95
229
231 216 217 156
240 75 76 73 206
241 232 233
