61
18 19 20 74 75 38 70 173
36 294 295 296
51 52 53 22 23 24 25 62 210 211
66 35 223
84 46 47 48 49 78 256
89 76 208 209
96 27 147 139 140 247
104 54 55 61 164
116 117 98 245
132 133 143 218
136 124 39 40 151 192
141 67 28 29 30 45
142 197 175 227 252 253
144 31 26 13 14 15
145 63 64 88
146 92 93 128
149 150 255
154 110 240
159 277
160 157 58 59 60 177 257
168 169 90 91 68 82 83 172 71
170 119 184 265
178 105 106 56 57 81 212
179 120 121 95 118 69 200
180 181 182 232
188 189 131 292
194 33 34 9 10 231 287 44
201 99 32 21 17 16 41 50 103
202 161 162 239
205
206 195 196 37 254
207 269 155 125 126 186 187
213 8 1 2 3 115 221 222
214 100 101 129 152
215 216 249
217 234 190 243
224 225
226 86 87 102 127 130
228 203 204 171 148 266
229 122 134 107 108 111
230 244
233 42 43 163
235 137 138 198 250
236 97 65 238 285
237 219 220
241 242
248 158 183 185 273
251 262
258 85 263 193 246
259 165 166 199
260 261 7 174
264 286 176
268 290 291
270 271 272 11 12 267
274 275 156 293
278 72 73 77 94
279 167 276
280 284
282 283 281
288 191 135 4 5 6
289 123 112 113 114 79 80 153 109
