45
23 17 244 51 43 127
40 7 201 172 185 232
53 24 25 202 224 225
69 207 107 84 111 166
75 39 55 73
77 16 12 13 58 189
78 240 217
81 29 30 20 35
87 28 4 209 119 132 100 126
101 60 198 138 191
105 98 125 186
109 102 95 116 218
120 121 70 214 72 99 206
133 37 158 136 228 5 6 65
134 106 76 74 192
140 8 194 210
148 114 38 187 215
152 130 89 90 122
157 59 52 66 92 93
162 142 143 26 27 44 64
167 88 41 9 10 11 22
178 174 159 1 32 177
180 82 54 61 62 63 113
181 179 97 83 80 85 147
193 219 196
200 94 86 18 19 21 45
203 216 188 235 146
208 175 165 117
211 118 79 42 31 67
212 129 233 149 150 108 2 3 36
213 145 164 112
220 33 34 68
221 135 103 71 91 128
222 182 169 170
226 137 115 124 184
227 168 163 154 205
231 151 195
234 14 15 48
236 96 50 46 47 123
237 141 110 144 199
238 173 153 131 229 139 190
239 223 49 56 57 161
241
242 171 155 160 230
243 197 156 183 204 104 176
