79
14 15 4 5 6 7 102 103
30 19 20 21 91 252
41 42 43 44 45 137
46 47 48 49 53
54 12 13
58 59 26 27 28 29 202
60 128 129 130 283
74 111 112 113
80 81 82 83 126
85 22 23 24 25
90 95 96
104 63 64 65 66 67 68
110 75 76 77 78 92 138
114 98 99 100 206
120 8 9 10 11
121 122 123 124 125 168
131 16 17 18 101
140 141 142 299
150 151 286 269
154 155 156 157 181 201
159 160 211 183
163 105 106 107 108 109
169 34 35 36 249
174 37 38 39 40 178
175 148 149 184 185
186 170
191 192 193 194 220
195 86 87 88
196 164 165 281 282
203 204 248
207 1 2 3 89
208 209 189 190 177
212 93 94 251
213 214 312 313
215 71 72 73
216 217 218 219
226 117 118 119 270
227 228 296 297
229 230 321
231 50 51 161
232 200
233 234 265
241 132 133 134 158
243
245 246
253 210 84 153
254 236 237 238 152 221 240
257 258 259
260 242 61 62 244 235
261 262 69 166
263 222 223 224 305
264 127 135 136
266 267 239
268 52 97
271 31 32 33 70 173
272 273 274 275 276
277 197 198 298
278 143 144 145 146 147
279 255 256
280 308 309
284 182 199 171 172
287 179 180 247 330
290 291
292 285
293 294 225
295
300 301
302 55 56 57 250
303 188
304
306 162 205
307 318 319 320
310 311
314 139 115 116 167 326 327
315 316 288 289 187 176 79
317 324 325
322
328 323
329
