40
58 15 242 191 177 145 160 254
71 24 16 17 4 44 49 89 223
91 45 46 43 220 230 300 53 97 228
111 9 10 219 163 11 12 13 264 202 266
122 73 66 67 68 96 170
124 79 74 47 48 240 257 281
129 86 80 75 105 106 117 144 215
134 92 83 60 50 51 52 64 109
179 135 119 116 121 137 167 297
181 125 102 94 104 138 247
190 59 1 2 295 69 88 107 204
199 77 33 25 26 27 28 40 57 212
200 153 123 93 84 76 100 185
206 85 36 37 38 39 41 63 118 282
207 139 115 103 99 133 155 253
225 234 55 70 161 267
229 208 258 272
231 152 126 120 128 156 260
232 173 174 175 184 211
233 216 209 214 245 259
235 180 289 263 198 218 298
238 183 187 178 189 227
239 236 249 248
241 82 72 34 35 31 42 56 101 255
243 154 142 148 159 166 273
261 186 158 131 127 146 246
262 244 252 265
269 162 136 132 149 250
270 195 290 280 3 5 6 19 110
274 113 65 61 62 165 169 203
275 182 147 164 291 18 30 98
276 112 78 20 21 22 23 29 32 150
277 192 193 188 196 237 268
278 279 201 210 296 151 222
283 130 157 114 87 256 143 81 95 108 205
284 213 221 7 8 54 171
285 194 168 176 251
292 172 140 299 287 141 197
293 217 226 14 90 224
294 286 271 288
