68
55 19 1 8 263
57 50 9 24 25 26 27
62 229 221 193 20 21 124
65 47 48 49 113
73 230 261 262
79 80 81 285
91 92 93 286 287
100 52 53 82 83 223
101 37 68
102 6 7 22 23
106 15 16 17 18 29
107 41 42 43 44 219
108 109 183
114 38 39 40 35 36
115 116 95 96
120 117 77 78 154
127 128 98 122 123
133 134 135 136 132
138 296
139 140 121 190 191 192 94
150 151 31 32 33 34 111 112
152 153 198 275
164 103 104 105
165 166 118 168
170 51 54 202
171 172 228
173 97 66 67 195 199
174 69 5 125
175 84 85 86 87 88
176 137 200 201
184 185 186 182
188 189 63 64 144 145
194 249
204 146 253 282
205 180 181
209 161 162
210 211 212
214 215 177 254
217 218
222
224 160 10 11 12 13 14
225 197
235 236 237 274 216
242 232 233
245 89 90 58 59 60 61 71
246 129 130 131 70 220
248
250 2 3 4 119 264
252 238 239
255 45 46 76
256 179 141 142 143 156
259 244
260 247 226 227 148 149
265 30 28
266 267 258 207 208
271 243 167 234
272 251 231
273
277 187 203 276
278 163 240 241
279 56 99 169
280 281 293 294
283 257 206 155 178
288
289 157 158 159 147 72 126 196
290 284 74 75 110 213
291 292
295 268 269 270
