51
16 9 10 11 13 205
23 17 6 34 51 121
29 30 14 59 104
35 36 5 137 84 47 88 227
61 4 1 54 55 77
62 19 32 73 209
82 58 225
90 41 149 173 220
96 86 74 75
113 70 71 81 48 15 102
125 78 80 93 226
126 25 26 12 40
128 31 181 182 45 76
131 91 211 245 124
136 132 133 52 39 94 120
142 238 110 111 60 123
147 37 38 18 22 28 67
148 85 68 69 174
153 92 99 79
161 63 64 112 246
162 98 108 230
164 165 170 222
167 57 46 105 106 122
168 24 7 2 50 101
171 172 116 194 241
175 127 197 141 100 219
176 177 178 138 158
184 129 114 187 188 198
185 140 109
186 163 155 212
189 134 135 118
190 191 150 151 156
192 193 218 43 56
200 53 195 97 143 144
201 42 207 180
210 154 145 146
213 107 130 139 44
214 215
216 83 20 240 72 119 152
217 206 199 103
221
224 157 159 160
228 166
229 179 208 3 66 89
231 169 242 248 27 65
232 202 203 204
235 115 87 117
236 239 223 21 49 95
243 196 233 8 33
244 234 183
247 237
