51
5 1 2 33 101
23 24 25 229 221
50 26 27 28 36
51 48 49 75
57 6 7 8 9 11 37
64 76 66 30 22 35 89
87 58 52 216 41 55 232
93 38 20 246 247
94 39 40 16 17 18 44
95 194 209 29 45
111 88 182 206
124 105 74 84 197
133 168 174 108 80
136 97 98 99 46 68
148 106 85 70 100 203
153 72 59 255 170
157 47 188 128 138 139 151
160 104 73 63 125 179
161 131 21 10 13 14 102
163 143 200 15 180
167 96 61 236 189 210
171 137 173 32 56
172 69 54 155 156
176 141 248
184 119 116 83 92 122 126 127
185 81 82 230 244
186 65 19 12 224 237
187 118 78 79 109 207
192 115 77 53 31 178
193 154 146 147 152
198 177 3 4 110
201 213 231
204 205 233
208 164 242 243 144
211 90 91 196
215 129 134 117
218 71 142 112 114 214
219 113 130 145
220 199 217
223 212 240
226 123 67 34 43 222
227 195 225
228 132 140 42 166
238 162 235 86
239 62 107 103 191
241 149 120 121 175
249 158 159 165 234
250 202
251 252
253 181 150 135 190
254 169 183 60 245
