73
3 4 5 6 101 102 250
18 15
22 23 24 25 26 27 28 29 74
39 40 41 108 109
46 47 42 43 44 45 84
77 19 20 21 127
78 1 2 55 276
79 49
86 87 95 168 169 258
88 7 8 57 58 59
89 103 177
99 100 136
105 30 31 32
111 48 140 141 212 209
112 67 68 69 62 85 206
113 90 91 92
117 52 50 191
118 53 122 123 251
120 121 202
129 130 170
137 138 94 183 51 131 132
147 148 149 146
150 151
152 248
153 56 134 135 193
160 272 207 233
161 139 80
171 81 82 224 225
172 163 33 9 10 11
173
174 106 75 234 235
175 110 54
181 133 159 208
182 231
186 240 165 166
187 188 189 249
194 93 34 35 277
195 128 36 37 38 241
196 164 12 76 273
197 16 17 66 13 14
198 192
199 200 142 143 144 145
201
210 211 257
214 215
216 213 70 71 72 73
217
221 97 98
222 63 64 65 83
223
226 227 115 269
228 162 158 218 219 280 281 282
229 230 244
232
236 107 116 167
237 155 203 60
242 238 239 247
245 246
252 184 185
253 254 243 271
255 256 126 275
259 154 119 156 157
260 124 125 190
261 61 96 104
262 263
264 176 220
265
266
267 268 178 179 180 204 205
270
274
278
279 114
