68
5 6 7 8 9 183
10 11 12 13 14 15 16 94 221
19 20 154
21 4 71 72 67
30 148 149 132
38 39 40 41
42 43 255 214
55 56 158 199
58 47 1 2 3
73 31 32 66 233
74 75 76 236 234
84 80 81
88 22 23 24 25 26
89 241 242
96 79 70 68 48 57 210
97 98 99 250
102 103 83
109 110 85 246
111 62 63 64 36 37
112 113 114
115 116 117 107 220
119 120 121 122
123 104 17 18 176
124 125 166 251
130 178
135 86 87 127 193
139 140 141 142 143 248
147 44 45 46 95
151 191 207 208
159 131 126
161 29 224
162 163
167 160 179 133 134
169
171
173 174 146
177 164 165 34 153
186
187 52 53
190 253
194 50 51 35 28 49 235
195 184 118 192
196 90 91 92 198
200 180 65 33
201
202 105 247
203
204 59 60 61 182
205 206 78 82
212 213
215 100 101 209
216 170 144 145 152
217 172 189
218 219
222 168 77 27 69
223 155 54 93 232
226 227 228 229
230 150
231
237 156 157
238
239 175
240 197 185
244 211 137 138 225
245 136 128 129 106 243
252 188 181 108
254 249
256 257
