64
24 25 26 46 54
32 1 2 3 74 239
33 21 22 23 27 130
42 43 44 45
47 48 49 50 115
59 60 28 29 30 31 174
61 12 129 164
69 70 66
75 76 77 71 132
91 92
93 94 55 56 57 58 87
103 104 84
105 133 134 209
116 107 120 121 186
117 118 119
125 126 99 150
136 137 138 139 140 193
144 4 5 6 7
145 37 38 170 217
151 152 15 16 17 18 19 20
155 124 224 192
159 160 8 9 10 11
162 109 86
165 62 63 39 40 41
166 51 52 82
167 241
168 169 185
171 172 173
175 67 68 85 89 90
176 141 108
181 148
182 122 123 64 65
183 81 147 36 229
187 188 189 190 191
197 198 102
199 177 178
201 153 154 142
202 203
204 127 34 35 114
205 206 207 179 163
208 215
212 128 100 101
213 184 216 252
218 237 13 14
219 110 111
220 221
222 78 79 80 72 73 135 211
225 226 227
228
230 131 200
231 156 157 158
232 251
234 112 113 88 214
235 143
236 240
242 194 146 149 210
243 161 233 53 83
244 245
246 195 196
247 223 106 180
248
249 95 96 97 98 238
250
253 254 255
