67
3 4 5 6 7 8 116
11 12 13 14 28
18 19 20 80 58 40 90 186
23 24 25 26 27 37 38
32 15 16 21 77
44 45 46 59 60 109
47 48 1 17 117
63 212 213 225 73
69 64 65 66 238
88 89 273 274
92 93 42 72 82 99
94 95 226
106 237 220 105
111 39 97 98 101
112 100 160
118 119
128 129 130 277
135 57 31 122
140 70 35 41 96
141 49 50 9 187
142 143 107 108 62
146 53 54 55 67 68
147 148 149 156 91
150 151 103 104 51 110
152 153 144 127
158 204 102 145
159 180 199 22 123
161 74 75 76 155
162 33 34 240
163 164 259
169 170 171 172 173 174
176 81 134
177 178 223 224 239 266
182 183 175 181
184 185 258
189 132 133
195 196 197 198 56
200
201 202 203
209 136 113 114 188 193
210 165 166 167
211 124 125 126 168
214
215 216 120 121 43
218 206 157
221 222 179 191 192 36 52
227 71 61 29 30 241
228 207 208
229
232 233 219
235 236 154 194
242 190 230 278
243 244
245 83 84 85 86 87
246 137 138 139 231
247 248
249 250 251 205
252
253 254 217 264 268
255 256 257
260 261
262 234 78 131 269
263 10 2
265
267
270 271 272
275 276 79 115
