64
15 16 17 143 153 162
21 22 57
54 55 56
58 124
61 7 8 9 10 11 123
66 67 47 48 18 33
69 42 59 60 233
70 13 14 76
83 84 75
87 34 23 24 25 26 78
88 44 236 86
89 217 218 211 160 177
96 99 100 137
98 97 65
103 41 30 31 32 189
108 109 193 224 245
110 111 220
112 161 225
113 114 115 53 199 232
118 45 46 38 40
119 120 144
125 19 20 51 52 165
130 79 80 81 82 197
131 35 5 6 12 138
133 134 106 219
140 251 168 183 196
145 126 127 128 243
146 147 136
148 205 206 227
151 152 202 203
154 36 37 178 179
155 116
167 94 85 39 93
170
171 68 90 91 92
172 163 139
173 174 175 121 122
181 166 254
190 104 105 95 169
191 156 157
194 195 239
200 71 72 73 180
201 176 77 244
204 141 142 132 101 102 117
207 208
209 164
210 159 49 50
213 185 186
216 135 2 3 4 74
221 240 192 222 212
226
229 43 1 158 107 187 188
230 231 258
234 235 214
241 242
246 62 63 64 27 28 29
247 248 249
250 149 150 198
252 253
255 256 257 182 215
259 223 237 238 184
260 129
261 262 228
263 264
