49
1 2 3 144 252
10 11 12 13 40 34 95
22 23 24 25 26 27 113
29 30 6 7 232 137 234 235
49 31 249 147 145 266
58 59 54 55 83 96 198
70 71 60 45 69 106 107 174
72 103 244 257 178 56 77
78 19 20 18 99 111
87 202 224 225
92 93 271
102 80 81 82 263
118 188 133 160 239 9 76
123 5 4 8 168 105 240
131 132 141 142 260
138 43 44 221 159 94 116 227
139 63 64 237 149 246 247
148 127 117 129 130 248
153 86 196
156 120 223 207 222
161 35 15 16 17 46 125 264
165 74 226 110 151
170 171 32 36 52 143
175 66 67 39 62 152
176 177 114 262
181 212
187 88 89 85 33 41 57 97
195 256 121 98 115 179 38 228
199 250 37 180
201 119 157 51 167 186
206 146 200 267
209 101 134 104 14 112
210 155 172 173 183 169
211 272
213 214 61 259 182 193
219 79 73 28 48 75 109 218
220 140 163 164 215 216
229 158 90 91 108 122 136 261
230 231 205
236 189 203 204 208 197 100
242 243 68 135
253 154 47 238 65 150 217
254 53 50 21 42 84 194
255 233
258 251
265
268 126 124 128 192
269 162 190 191
270 241 166 184 185 245
