74
39 40 307 279
44 41 42 43 94 161
49 50 28 29
52 53 51
54 55 56 57 165
70 7 8 9 68 69
77 78 92 93 118 119
79 22 23 27
85 71 72 73 74
87 88 89 90 151 259
96 81 75 76
108 235 169 170 243
113 62 63 2 3 4 5
114 183 184 293
129 14 273 274 275
130 86 106 250
132 107 31 127 280
139 140 128
142 91 136
149 150
153 146 147 148
156 157 158 159 141
166 20 21 11 254 302
167 168 116 64 65 66
173 174 195 268 269
176 60 257 237
177 178 179 180 181
182 115 101 223
188 80 61 58 59 244 245
189 124 125 209
191 97 15 10
196 185 117 172 199
197 212
207 208
210 190
213 211 234
217 48 1 24 25 26 30
218 219 204 295
224 109 45 46 137
229 164 171 202
230 231 131
232 205 206
238 122 105 123 246
239 240 102 103 120 121
241
251 126 193 194
252 104 16 17 18
255 143 144 227
256 192 249
260 145 200 160 186
261 133 134 135 226
262 222 242
263 220 221 201
264 214 215 175 203
265 303 304
267
270 138 99 100 67 198
271 272 247 248
276 277 253
281 282 283 284 258 152
285
287 288 236 233
289
290 98 82 83 84 95
291 292 6 19
294
296 278 38 187
297
298 162 163 154 12 13 47
299 225 266 216
300 286
301 155
305 32 33 34 35 36 37
306 110 111 112 228
