36
3 4 180 154 78 62 83
35 25 13 163 144 127 213
39 188 211 197 205 214
43 9 172 125 28 37 70 239
55 36 5 82 118 93 191 42 130
102 17 196 156 86 74 119
113 101 221 237 76 137
121 97 45 41 79
122 66 51 52 75 171
143 104 212 184 185 224 85 166
145 111 168 151 148 77
149 72 50 49 59 60 92
152 107 112 190 204 91 95 20 65
155 124 67 236 1 117 222 165 21 80
162 90 73 69 129 8 23
175 56 27 189 169 170 235
176 131 115 84 68 89
177 140 128 116 29 38 247
179 114 231 164 181 226 105 206
186 96 26 11 12 2 7 240
187 146 81 243 232 88 182
193 24 18 19 6 22 48
194 147 141 160 47 94
202 178 192 63 138
207 139 10 234 53 126 110 201
208 30 14 15 33 64 161
210 106 199 159 31 58 157 227
215 100 44 195 198 225
216 150 132 133 233
218 153 134 108 244 245
220 200 174 217
228 103 57 40 109 183 238
229 123 99 87 71 142
230 167 98 209 223 135 136 219
241 173 158 32 54 246
242 203 61 46 16 34 120
