62
15 222 157 158
18 19 2 25 75 170
21 22 23 12 3 4 5 6 83
40 41 42 91
45 11 244
46 47 48 49 84
56 35 258 194
59 29 8 9 10 37
60 61 62 88 105 208
66 30 31 7 120 216
76 77 16 17 28 130 153 51
85 14 1
86 238 239
92 79 80 81 266
93 94 20 141
97 98 69 70 147 241
101 102 121 188
106 107 90 245
113 114 200 201
124 38 27 226 227 50 169
125 126 112 146 246 247
131 65 211 232 74 260
138 118 100
148 210 87 166 259
149 150
154 52 53 129 24 152
155 128 159
164
167 189 190
171 172 182
180 67 68 58 183
181 122 123 234
184 111 95 96
191 192 139 231 256
195 132 133
196 197
198 199 99 54 103 104
204 78 39 163 261 115 160
209 230 255
212 89 206 207
213 214 233
217 73 119 144
218 219 36 63
220 71 72 162 55 224
221 134 135 136 137 143 174 175
223
225 185 186 142 262
228 116 117 108 109
229 202 203 26 110
235
236 43 44 82
237 205 151
242 156 145 178
243 176 177 215
248 161 13 250 251 32 33 34
249 193 173 179
252 127 64 57 165
253 265 168 271
257 187
263 264
267 268 254 140 240
269 270
