41
1 2 216 206 212 213
8 9 10 11 204
12 13 14 208
20 21 22 25 64 112
69 99 139 140 196 218 114 171
105 67 168 230
133 92 93 81 200 202
138 116 104 137 159
142 47 144 78 108 175
143 166 153 217 224
147 94 68 121 235
148 86 87 125 117 118 169
151 102 50 51 223 234 46 96
152 192 145 146 173
155 85 184 107 164
156 131 243 244 238
157 158 228 95 110 239
165 124 172 24 26 27 115
176 66 30 31 203 236 32 39 60 214
177 103 97 129 141 42 127
178 179 190
182 84 62 49 109 126 43
183 76 77 72 185 193 194 6 7 215
191 167 160 161 187
195 181 33 83
197 123 63 88 89 130
198 207 73 98 174
199 120 128 186 201
210 233 82 122
211 3 4 5 41
219 15 16 17 18 19 36 40 91
220 134 106 71 58 48 53 54 188
221 119 100 154 180
222 34 35 45 59 75 170
225 101 55 56 135 136 150 209
226 79 80 52 90
227 231 237 28 61
229 149 162
240 29 23 44 57 65 111 205
241 70 37 38 74 113
242 132 189 163 232
