59
2 3 4 1 191
8 9 10 11 34 85
20 12 13 14 100
21 22 72 158 159 214
26 27 28 29 30 52
31 32 33 59
60 23 24 25 70 35
61 5 6 128 238
73 74 71 172 173 181
75 42 43 56 147
79 80 91 142
86 36 37 38 39 40
89 44 45 46 99 237
93 94 203 136 149 184
96 88
101 87 109 92
102 103 104 174
105 62 63 150 185
106 107 108 114
111 112 113 55 192
115 95 206 216 217
122 120
123 124 41 138
125 126 127
129 130 188 189
132 133 134 225
139 140 90 180 187 197
143 17 18 19 76 77 78 7
144 145 146
154 83 69 168
155 156 57 54 148
157 81
161 97 98 171
162 163 169 170
164 165 141 201 202
166 207 208
175 167
176 177 195 196 15 16
178 82 64 160
179
182 183
186 233 84 209
190
193 194 58 137
198 47 48 49 50 51 119
199 200
204 205 230
210 211 212 213
215 110
219 220 221
222 65 66 67 68
223 135
224 218 236
226 151 152 153
227 228 229 53 121
231
232
234 116 117 118 131
235
