47
8 9 10 11 12 13 40 65
26 15 16 17 18 6 7
27 28 127 228 59 51 118
29 30 140 132 133 222
66 60 84 178
70 23 212 205
76 19 89 57 58 100 101 145
77 78 181 143 230
88 4 31 193
90 71 80 5 85
92 93
95 20 21 24 25 232
96 103 201
102 2 56 69 81 227
109 52 200
130 55 164 165 121 217 49 50
135 124 125 195 1 73
139 46 203 204 185 210
146 38 32 98 99 47 48 177 166
147 62 63 64 154
148 149 209 112
150 105 117 197
151 142 119 120 186 231
155 175 168 169 53
157 153
161 82 83 72 43 87
162 163 190
167 152 136 141
170 54 61 39 188 189 108 34
171 74 75 126 187
172 226
173 110 111 137
179 138 131 91 3 22 233
180 104 67 68 94
198 156 113 114 115 218
199 176 194
202 116 106 107 183 229
207 159 158
208
211 184 174 192 14 44
213 214 215
216 37 45 122
219 35 36 97 129
220 79 86 144 206
223 182 128 196
224 160 33 221 123
225 41 42 134 191
