56
9 5 6 7 209 152 174 185
18 19 20 21 73
22 254 187 197
38 32 33 34 108 127 128
39 119 120 121 170 190
64 65 66 67 98 109 231
68 168 102 103 141
79 48 40 51 91 58 175
84 43 44 45 17 72
93 10 11 12 13 14 15
100 55 77 178
104 105 106 107 205
110 85 124 125 184 188 249
116 111 112 52 36 59 78
122 1 2 37 200
129 56 57 70 71 203
130 96 160 199
135 136 137 166
149 31 25 26 27 28
150 145 146 147 214 251 271
153 74 75 115
156 139 23 202
161 117 118 87 256
167 80 76 97 113
172 222
176 177 225
180 151 69 88 114 206
192 217
194 169
207 101 61 41 42 252
208 191 133 134 196
210 229 189
213 171 154 62 63 204
215 162 193
218 186 183 241 242
226 227 163 143
228 267 53 60
232 195 142 223
233
234 181 179 211
236 237 270 3 4 99
238 138 131 132
239 164 165 230
240 35 30 144
243 157 158 159 86 83 126 155
244 198
245 94 95 29 16 173 148
246 235 182 250
253 216 255
260 89 90 49 50 54 212
261 123 8 24 46 47 201
262 263 264
265 219 220 221 224
266 81 82 140 92
268 247 248
269 257 258 259
