32
45 10 136 204 231 197 185 84 276 161 181 266 117 184
57 17 165 137 214 233 16 56 94
74 39 224 225 236 248
81 38 5 258 259 62 4 7 9 53
143 75 35 29 30 139 183 243
144 102 253 254 216 235 244
148 40 41 13 69 104 72 256 3 51 190
149 101 66 60 202 212 255 43 64 219
152 106 71 67 155 49 20 116 188 250
153 58 21 246 247 241 277 63 118 194
162 68 28 121 122 168 209
164 11 12 145 127 173
170 76 77 59 54 42 98 100 238
175 26 27 252 211 205 166 37 172 191 220 50 88
176 82 83 89 19 33 73 159 87 218
195 70 31 32 274 6 80 123 180
196 150 178 96 85 128 129 189
213 111 103 199 260
222 105 46 18 15 269 270 208 86 193
223 120 114 112 109 141 187 91 245
226 107 95 228 206 156 138 158 203 92 135
227 1 97 99 134 221
229 124 65 47 48 182 160 147 186 242 8 52 119
230 163 131 132 179 192
251 154 151 14 207 262
257 198 24 25 55 110 169
263 171 146 61 23 34 44 142 239
267 210 240 234 275 140 174 249
268 232 237
271 125 78 264 265 90 133 200 93 130
272 177 126 108 79 115 113 157 261
273 215 201 22 2 36 167 217
