68
15 16 17 223 239
27 28 24 25 26 107
36 29 30 31 210
37 38 39 40 41 42 43 158
44 45 46 74 75
47 48 49 89
57 6 7 8 9 99 100
58 2 3 4 5 159
61 20 21 94
62 63 64 65 66 67
69 70 71 157
77 22 23 106 176
78 79 76 105
90 13 14 1 208
101 50 51 53 127 247
115 116 117
128 54 55 56
131 80 81 82 83
136 84 85 196
137 10 11 12 86
138 172
146 147 108 238
150 112 113 114 134 135
154 155 156 168
160 161 18 19 164
165 270 271 272 110 111 229
174 143 144
177 52 130
181 118 87 263
182 132 68 109
183 184 246
187
188 192
189 129 139 140
190 88
197 167 224
198 122 123
199
200 178 91 92 93 169
203 102 103 104 257 133
205 171
211 119 120 121
215 216 217 233 148 149
222 201 202
225 213
230 231 232 212 179 180
234
235 218 219 193 194
240 173 214
241
242 145 95 96 97 98
243 151 152 226 227
244 245 191
248 220 221 32 33
249 250 251
252 59 60 72 73 228
253 254
255 175
256
258 185 186
259
260 236 237
261 153 163
262 206 207
264 204 34 35 195
265 170 141 142 162 209
266 267 268
269 166 124 125 126
