36
11 163 173 260 187 202 184 258
31 7 256 48 176 214 139 242
38 132 87 268 274 222 252 253
53 18 5 101 98 115 169
81 6 164 174 183 219 134 272
82 39 229 215 195 196 14 102 125 270
96 32 12 105 9 68 73 45 130
100 57 13 112 113 158 135
104 63 55 190 251 175 17
110 77 74 93 147
117 47 198 248 230 261 60 85 166
120 54 33 3 257 269 265
131 65 34 35 129 232
148 67 114 123 168 211
154 91 69 70 75 4 103 207
162 66 23 24 264 25 41 76 142
171 2 155 200 8 150 15 160 145 188
172 83 52 40 49 71 140
185 186 118 95 106 165 206 266
191 37 19 137 56 152 1 271 231 241
192 86 42 119 133 179 205 245 221
193 194 121 80 43 78 124 208
197 127 92 108 61 94 189
217 97 51 156 223 213 58 79 181
226 143 107 153 64 99 141 273
227 84 27 225 10 22 46
235 144 203 204 237 16 30
239 161 199 220 254
243 149 240 228 72 238 146 29 89
246 151 218 116 157 216 26 59 170
247 167 201 233 180
250 244 212 224 262 36 90
255 159 122 138 50 126
259 236 20 21 44 88 182
263 209 210 249 28 62 136
267 178 111 128 177 109 234
