65
10 5 6 7 8 9 17 24
11 12 13 1 2 3 4 228
36 37 38 76 119 143
47 48 49 50 74 78 134
63 61 166 167
64 62 237
68 21 22 23 51
69 41 42 118
70 71 72 73
80 81 60 66 55
85 86 77 149 150 185
95 52 30 39
102 103 104 112 113
108 25 26 160
122 94 67 171
124 105 106 107
125 93 82 83 238
139 114 115 116 117 137
144 151
145 87 213 183 184
146 44 45 248
163 33 34 35
168 135 133 142 154
172 96 97 18 19 20
173 53 203 204 205
175 176 147 148 27 28 43 239
177 157 158 141 253
178 90 91 92
179
180 181 109 110 111 199
182 14 31 32
186 129 130 131
190 174 65 193
194 152 88
195 101 128
196 197
198 219
200 165 98 99 208
201 126 127 153
202 169 140 136 159
206 100 79 120
209 187 121
210
211 164 75
212 132 89
214 15 16 29 84 240
215 138
216 217 218 46
220
222 223
224
225 226 221
227
229 230 231
232 170 54 40
233 234
235 236
241 123 56 57 58 59
242 188 189
243 162
244 191 192
245 246 247
249 155 156 161
250 251 207
252
