69
1 2 112 180 257
8 9 10 11 12 13 14 221
31 21 22 104 105 258
35 28 29 74 207
45 46 255
47 42 43 44 266
48 7 23
52 53 54 55 56 57 58
64 65 66 67 68 94
70 41 16 4 5 6
81 59 37 38 34
83 84 85 86
87 33 24 17 40 241
96 97
102 92 119 120
106 36 30 183
107 108 109 216
122 103 225
123 124 125 126 194 114
129 90 170 79
130 147
131 132 133 128 3 15 69
137 91 77 78 148
144 127 95
145 51 93 121
149 71 72 73
156 25 26 193
157 158 159
162 140 141 142
165 82 27
168 99 139 101
175 176 39 80 155
177 49 50 113 195
178 179 210 233
184 185 134 135 136
186 234
189 32 88 110 173
190 181 182 187 188
191
196 150 151 152 153 154
197 198 199
200 253
201 138 218 219 220
202 203 172 267
211 208 209 238 239
212 213 214 215
217
222
223 224
226 163 164 18 19 20
227 228 204 205 206
229
236 111 115 116 235
237 254
240
242
243 244 249 146 192
245 231 232
246 89 98 75 171
247 248 251
250
252
256
259 76 63 117
260 174 100 160 161
261 262
263 166 167
264 169 60 61 62 143
265 118 230
