62
1 2 3 4 5 156
14 15 16 193 195
22 23 24 12 13 70 161
30 214 221 222 231
37 38 25 26 197
43 44 45 46 117
47 48 49 151 152 27 28 29
51 52 53 54 55 148
62 39 109 110 96 123
71 10 11 67
73 74 75 68 69 162 194
79 6 7 8 9
80 81 82 94 95
85 41 42 232 106 107
97 60 61 186
98 99 100 240 241 254
104 105 59 168
108 93 139 252 78
118 90 91
124 224
128 129 130 146 147
131 132 121 167
134 135 136 137 185
138
149 150 243 244
153 154 155 242
157 158 159 209
163 56 57 217
169 86 34 35 36
170 171
173 31 32 33 196
175 87 72 174 50 83
176 177 204
180 181
182 183 119 120 223
184 208
187 17 18 19 20 21 160
188 63 64 65 66 125 126
189 190 191 192 40 245
198 133 234 140 88 89
199
201 113 114 115
202 102 103 172 205
203
207 215 122 127
210 237
216 58 179
218 166 141
219 220
225 226
227 142 143 144 145 178
228 92 76 77 206
229 230
233
235 164 165 238 116
236 211 212 213
239
246 84 200 111 112
247 248 101
249
250 251
253
