53
20 237 238 96 93
33 23 24 21
44 91 63 73 195
49 4 5 6 11 12 13
65 34 35 111 108 135 176 193
75 76 1 150 131 136 183 224
88 89 62 56 57 81 101
104 222 219 220 241
106 66 67 90 113
110 36 37 258 82
120 102 103 45 46 47 48
121 105 189 190 191 229
126 77 78 64 100 205
128 115 112 109 194
129 127 230 227 98 180
134 207 140 228
137 29 30 31 32 97 221
143 114 83 79 80 155
144 14 175 130 192
151 18 19 38 39 40
152 170 7 8 9
157 138 178 179 199
158 22 15 16 27 28 59
167 168 236
169
171 41 42 264
172 139 92 254
174 107 50 51 58 71
177 61 226 117 118 125 74
181 182 204 255
196 94 95 84 142
197 186
202 123 124 141 217
208 164 165 166
210 145 116 206
211 203 231
214 223 259
218 146 86 87 184 185
225 212 198
233 232
234 235
242 122 99 132
243 159 160 216
244 10 17 60 188
246 251 26 154 200 201
247 68 69 70 85 187
248 156 147 148 149 239
249 250 72 119 256
252 253 240 161 162
257 2 3 133
260 53 54 55 25 209
261 173 215 153 213
262 263 245 43 52 163
