56
13 14 4 5 6
42 43 38 238 139 145 146
53 49 50 23 24
55 67 94 115 116
58 2 3 39 40 41
60 26 27 119 160
65 48 132 197 198 199
71 98 144 148
76 77 78 79 118 203
97 72 73 96
101 134 135
103 21 22 81 102 131
107 108 54 12 25
112 104 92 158 149
123 124 35 130 218
125 44 184 185
127 126 170 188
138 51 182 229
142 143 173 174
147 194
150 7 8 46
151 165 133
153 66 69 75
154 224
156 34 56 140
159 230
161 15 16 17 18 84 85 183 221
162 88 89 95 120
164 152 57 68 19 20 196
166 111
167 113
168 169 136 137 32 121
171 157 99 87 114 122
172 187 192 193 28 52 219
175 176 61 100 155
190 74 93 186
191
201 202
204 86 45 80 90
205 206 207
208 209 210 211
212 213
214 70 62 63 189
215 217 177 178 200
216 180 117
220
222 223 9 10 11
225 29 36 1 47
227 109 110 105 106 195
228 82 163 179
232 91 226 231
233 234
235 59 33 30 31 37 64
236 128 129
237 181 83 141
239
