36
4 5 6 7 293 298
18 1 213 179 164 156 157 185 37 40 44 125 128
25 26 27 270 256 302
77 68 38 39 290 268 95 107 186 289
96 13 14 9 10 11 56 57 73 89 167 280
108 78 41 244 137 138 144 247 153
134 55 42 305 16 24 126
135 259 214 205 206 285 113 218
140 8 194 175 118 294 295 115 106 112 230
162 102 91 159 133 139 229 74 146
169 117 99 72 80 92 105 158 235
174 142 60 260 246 103 114 193 306
181 130 45 46 88 278
182 170 110 94 71 304 275 21 33 49 147
188 129 19 203 155 301 239 228 65 284
202 58 59 35 30 31 51 90 200
207 154 97 70 50 2 3 291 36 43 54 187
208 63 64 67 81 104 199
209 177 171 121 122 123 86 152 286
212 183 20 288 149 150 151 12 32 52 124 258
220 148 136 79 281 265
236 163 243 204 184 173 178 100 62 93 248
241 141 109 237 191 192 180 252
242 210 211 297 28 29 47 53 127
249 69 66 61 160 197 198 277 279 161 23 76
253 172 98 87 85 101 257
254 176 267 15 283 282
255 222 274 264 261
262 221 131 119 245 240 224 82 83 145 201 307
263 238 227 223 17 34 84 168
266 189 132 120 116 217
272 231 195 196 276
273 251 269 165 225 22 48 75
292 271 219 299
300 250 232 215 216 296
303 226 190 143 111 233 234 166 287
