50
54 1 2 3 22 41 42
57 25 45 56 61 98 122
73 74 75 76 101 165
82 28 8 9 192 238
83 55 59 67 260
102 223
110 7 145 146 64 177 259
113 23 24 20 16 17 18
116 79 50 51 60 72 100
119 108 109 96 121 270
125 126 131 224 248
127 78 137 138 182
128 112 118 10 14 266
133 89 84 85 91 99 209
134 135 150 246
139 115 149 200 250
142 29 30 180 156 188 196
143 93 94 203 256
144 58 187 216
157 49 147 130 136 166 167
158 155 208 258
162 173 212 239 255
169 107 46 47 219 171 229
185 152 114 70 71 53 86 87
189 77 15 214 236 249
190 129 103 104 164 233
191 176 33 34 35 68
193 159 184 263 264
197 111 69 92
198 181 228
201 202 194 220 160 151
204 48 37 38 39 40 62
205 170 117 80 81 124
206 211 6 36
207 215 245 161
210 267 268 19 88
213 175 163 195 247 65 221
218 105 90 97 132
225 186 153 154 172 217
226 140 141 183
231 106 123 4 5 222
234 237
235 244 262 95 269
241 44 31 32 227 63 179
242 230 11 12 13 43
243 52 66 178
251 120 21 148 174 232 240
252 199 265
253 254 257
261 26 27 168
