29
9 4 241 217 218 243 144 227
14 10 214 193 191 194 201 280
41 3 178 122 95 29 46 61 151 237 35 75 146
42 30 25 20 284 265 273 91 85 136 228
78 16 17 44 37 33 56 211 66 100 197
93 48 263 242 236 234 19 51 87 229
106 43 31 26 188 166 168 34 132 176 52 88
110 49 45 65 82 133 199 143
116 79 36 252 233 223 286 71 57 101 246
128 15 203 172 156 149 64 12 13 142 212
129 94 58 59 60 76 99 124 196
147 107 69 72 73 90 103 145 245
177 111 54 32 27 1 139 216 254 77 134
184 117 80 55 50 67 219 282
185 141 127 7 131 114 6 174 175 271
202 148 232 200 183 189 195 255
213 266 264 283 260 268 115 159
220 126 277 222 208 210 226 2 40 86 160
221 173 11 5 253 261 269 163 238
224 179 137 108 165 285 70 104 272
230 121 84 81 38 267 123 169 198 281
240 155 138 113 248 256 68 102
249 140 259 225 215 157 162 167 244
250 182 130 98 247 181 206 279 74 125 105
251 192 235 209 205 8 239 152 257
258 204 118 24 28 47 274 23 53
262 186 161 18 190 119 109 96 135 207
275 120 83 231 187 164 278 180 150 153 158 170 270
276 154 112 63 92 89 21 22 39 62 97 171
