64
13 14 15 25 26 49
21 22 23 24 266 267 268
29 116 117 118 122 123
34 35 36 2 3 4 5
40 41 30 31 32 33 198
42 43 44 45 194
50 51 52 53 1 265
55 56 57
61 62 63 206
68 69 64 97
70 46 47 48 105 106
74 71 72 83 84 10 11 12
80 81 82 183 104 228
90 91 79 158 159 114
101 102 103 182 170 73
107 108 109 89 264
115 277 272 273 274
124 88 230 231 232
125 126 156 157
130 37 38 39
131 132 133 154
141 142 149 86 87 269
146 147 148 184 185
151 129 161
152 120 121 242
165 6 7 270 271
166 75 239 240 241
167 168 58
177 54 27 28 164
178 92 93 94 95 143
179 59 60
186 187 162 163
188 171 172
189 8 9 119
190 191 173 174 202 250 251
192 193
199 139 76 77 65 66
203 155 200 201 210 222
204 205
207 245
208 196 197
209 127 128 160 253 254
213 214 137 138
215 16 17 18 19 20 78 176
216 217 218
223 110 111 112 113
224 221
229
233 134 135 136 96
234 235 85 150
238 140 144 145
243 244
246 247 169 219
248 181 98 99 100 67
249 257 258
252 195 211 212
255 256
259 260 180 220
261 262 263
275 276 225 226 227
278 279
280 153 175
281 236 237
282
