62
1 2 3 4 79 126 175
18 19 77 78 168 153 242
29 30 31 33 56 170
35 6 7 8 174
48 63 27 40
52 49 15 209 245
62 93 94 57 87
73 74 13 14 127
80 41 42 43
82 25 26
98 99 100 182 244 210
101 9 10 11 12 109
102 103 104 181 5
106 229
113 45 46 47 143
115 20 21 22 59
121 171 223
129 64 145 179 180 231
130 88 89
134 135
139 140 54 55 144
141 110 238
149 137 138 198
154 146 147
158 36 37 38 39
159 157
160 161
162 34 96 97
166 148 75 76 70
177 81 176
184 185 163 155 234 226 107 128
186 142 213 133
187 224
190 191 136 188
192 156
193 50 51
194 178 164 44 172 173
199 83 84 201 32
200 230
202 120 71 72 68 69 189
203 204 16 108
207 114 65 66 67
208 151
215 216 217 165 17 28
220 118 122 123
221 23 24 205
222
225 53 58 85
227 195 196 197
228 105 112 124
232 249 206 214
233 116 117
235 150 95 119 125 219
236 211 60 61
237 111 183
239 169
240 241
243
246 167 152 131 132 86 90 91 92
247 248 212
250 218
251
