42
55 5 2 201 236 138 220
67 17 7 10 20 41
101 35 30 37 75
110 29 203 238
114 16 8 6 21 22 48 151
122 34 18 19 27 66
123 52 44 49 87
128 38 36 79 92 109
132 43 39 82 83 97 195
133 108 72 85 100 232
140 24 9 26 31 60
141 62 237 47 154 127
145 68 57 63 61 107
155 84 58 59 91
156 148 139 53 81 177
161 98 89 76 152
164 157 158 182
174 46 142 143 176 23 42
178 78 162 163 194
186 102 99 90 159
187 165 166 205
191 88 175 215 216 65 167
192 170 180
196 179 169 184 225
200 112 183 185 213
202 146 137 135 171
206 116 230 219 40 73
207 113 103 204 150 231
210 111 64 147 54 86 181
211 168 119 120 136
214 117 118 131
217 115 71 208 209 45 77
218 188 189 50 106
221 51 25 212 94 96 121
222 124 126 144
223 193 198 15 33
226 56 12 13 14 1 4 28
227 153 3 11 32 173
229 125 105 80 95 160
233 129 93 69 70 74 172
234 197 228 224 104 199
235 134 130 149 190
