61
1 2 3 4 5 6
15 14 57 116
18 19 20 21 22 23
25 49 50 123
26 27 28 153 154 251
37 38 39 40 97 98
51 52 53 54 55 56
64 65 198 194
68 69 70 118 229
74 75 76 77 78 133
87 88 222
101 30 31
102 103 104 105 119
106 48 71 111 112 113 114
107 108 36 72 73 224
117 100 141
120 121 122 132
126 127 208
134 135 136
137 10 11 12 13 34 35
138 89 131
139 140 213
150 44 45 46 47
163 164 219 235
168 129 58 214
169 165 186 223
172 7 8 9 60 124
173 174 175
176 167 157 158
177 41 42 43
180 16 17 33 82
181 182 179 147
188 59 80 81 115
192 95 96 128
195 85 86 24 94 166 29 83
196 197 148 149 171
199 200 193 185
201 202 245 156
205 170 187
206 67 66 159 160
207
209 210 130 90 91
211 189 32
212
215 92 93 142
216 178 145 146 125
217 218 162
220 221 143
225 61 62 63 109 191
227 228 190
230 226 161 110 203 204
231 99 183 184
232 233 234 144 79 155
236 237 151 152 250
238 239
240 241 246 84
242 259
244 254
247 248 249
252 253 243
255 256 257 258
