35
56 5 6 140 42 34 19 37 92
72 12 13 214 225 11 45 115
76 39 22 238 151 160 155 182 242
83 198 137 138 172
86 52 53 68 119 186
121 17 176 175 158 184 212 93
129 100 84 59 71 81 82
132 133 111 112 108 159 38
148 251 105 228
162 57 16 1 2 4 8 20 31 65
165 77 40 47 54 63 203
169 120 141 180 205
173 143 87 252 224 249 85 102 157
187 51 14 33 23 7 145 219 202
188 124 98 118 192
193 152 177 135 146
197 149 89 215 216 170 156 44 50 104
213 144 131 153 185 220
221 122 130 258 235 88 109 21 46
222 73 27 28 29 32 49 254
227 167 195 253 30 35 36
230 139 107 90 134 200 226
231 166 70 127 240 207 218
232 110 194 209 239 217 211 3 168
233 126 74 75 9 10 125 147
234 154 229 204 208 136
236 66 24 25 96 97 61 62 99 183
237 150 123 67 78 79 94 95
245 163 247 199 18 91 128 114 178
246 58 43 48 103 244
248 15 259 171
250 174 116 117 190 201 243
255 189 223 181 179 196 241 69 55 206
256 26 60 80 142
257 210 164 101 113 106 161 191 41 64
