70
6 7 8 231
9 10 11 12 13 31 37
19 165 107 270 271
50 38 39 40
58 59 60 49 113
62 20 98 94 97
75 3 4 5 23
76 51 52 53 128
77 28 29 30 102 213
83 25 26 27 95 96 148
87 88 41 32 33 34 238
104 35 57 163 164
105 106 65 236
114 115 116 140
123 124 125 126 217
132 79 80 64 22 198 199
133 54 212 103
134 179
137 138 63 61 121 122
149 150 223
153 14 15 16 36 185
154 139 181
158 89 81 82 101 143
161 162
170 171
172 108 45 46 127 232
176 177 160 277
178
186 90 91 224
192 182 157 190
200 191 194
202
206 129 130 131
207 55 56 66 144
208 209 183
210 211
214 70 24 1 2
215 216 237
218 119 120 135 136 195
219 99 100
220 193 17 18 67
221 222
225 173 152 239
227 187
228 188 189
229 159 246
230 248
233
240 241 242 147
243 203 174 175 146
244 47 48 42 43 44
245 201 196 197
247
249 92 93 68 69 151 272
250 180 184
251 252 73 74
254 78 71 72 112 145
255 253
256 257
258 259 260
261 84 85 86 117 118
262 155 156 141
264
267 226 204 265
268 21 166 205
269 168 169 266
273 109 110 111 142 234
274 167 235
275 263
276
