72
1 2 3 4 5 42 43 266
13 14 44 45
15 16 17 62 185
18 19 20 73
21 22 23 24 25 26
27 28 29 30 92
31 10 11 12
34 6 7 8 9 87 235
38 35 36 37 197
53 54 97 156
56 57 58 59 60 61 72 147
68 64 65 66 148
69 70 71
74 75 76 77 78 79 80
81 82 83 84 85 241
90 91 124 247
99 100 131 172
102 103 86 110
111 112 55
117 113 120 191
121 104 201 202
125 153 154 155 94 63
129 130 177 217
132 133
137 143 144 195
138 139 140
141 51 52 101 198
149 150
151 152 134 135 98 211
157 158 159 160
163 142 249 250
164 126 127 109 145
166 118 119 146
167 168 136
169 107 108 95
170 171 190
175 176
178 32 33 165
182 122 240
192 89 222
199
203 204 96 245
205 39 40 41 263 230
206 207 208 209 210
213 214 215 216
219 183 184 272 273
223 224 225
227 114 115 116
228 229
231 67 123 246
232 233 187 188
236 193 161 162 212
237 88 200
238 186 234
242 243 239
248 226 180 181 196 218
251 46 47 48 49 50
252 253
254 179 93 128
255 220 221
256 194
257 258 259
260 173 174
261 189
264 277
267 268 244 265
269 270 105 106
274 262 271
275
276 279
278
280 281
