54
8 9 201 14 15 41 89
33 34 35 36 37 43 113
46 47 48 188 10 11 70 167
51 192 122 205
60 61 121
71 72 73 74 130 213
84 75 45 107 108 174
85 27 28 65
90 91 92 218
99 53 54 64 83 204
101 52 79 181
104 100 115 103 166
116 94 95 50 162 208
123 44 42 62 66
127 128 78 98 161
136 105 106 156
137 146 147 67 170
151 93 26 40 68 109
163 141 180 212
164 165 224
169
171 55 210 131 132 133
172 173
176 17 18 19 6 7 31 32
177 117 118 119 216 217
178 110 56 57
183 63 211 238
184 124 69 182 96
185 142 222 24 25
186 58 38 1 2 3 4 5
187 152 145 189 159 160
191 20 21 153 97 150
193 194 233 223
195 143 138 139 125 244
196 168 144 114 202 190
199 200 102 76 77 157 12
206 81 82 140
209 179 241
214 197 158 86 87 88 175
219
220 129 111 112
221
225 59 39 29 16 120
226 154 155 243
227 228 230
229 148
231 232
234 126 13 134 135 30 149
235 80 49 22 23 203 239
236 215
237 207
240 198
242
245 246
