65
7 8 9 10 11 68 69
12 13 14 15 16 130 210
26 206 207 208
32 20 21 6 117
41 42 43 44 22 73
46 47 48 49 50 27 37 38
64 59 60 166
70 71 72 137
74 33 34 17 84 85
79 52 53 54 108 109 110 111
86 87 193
88 89 90
98 56 57 58
99 100 101 102 45 170 171
103 39 40 83
104 65 24
105 66 67 232
113 114 81 82 127
115 116
120 31 18 55 112
121 172 221
123 124 125 128 129 163
131 132 23 25 4 5
133 96 97 126 151
134 135 77 78
138 91 157 220
139
140
141 142 143 160
146 147 92 93 94 169
148 209
153 154 155 200
158
159
161 107 150
164 165
175 176
177 178 136
179 75 76 19 201
180 181 162
182 183 184
185 186
187
188 62 63 95
189 190 191 192
194 144 145 119
195 1 2 3
196 35 36 61
197 198 106 205
199 211
202 203 204
212 51 156
213 214
216 118 167 168
217 218 219
222 223 224 152 215
227 149 173 174
228
229 80 28 29 30
230 122
231 237
233
234
235 225 226
236
