61
18 19 20 45
21 105 48 49 50 206
26 27 28 175 176 92 198
35 36 106 44 62
38 39 40 41 42 43
51 22 23 24 25 33 34
55 277 7 90 215
63 64 37 77 157 158
69 70 71 72 73 172
83 84 85 201 104 255
87 185 155 136 171
108 109 156 199
113 114 115 253
122 99 80 183
132 118
133 98 1 238 116 117 254
137 75 81 82
142 126 166 167
162 112 124 125
163 140 146 68
164 138 260
165 205 217
168 95 141
169 221
173 143 144 145 218 219
177 148 149 150
184 78 52 53 9 10 46
194 174 111 96 139 279
203 88 89 227 178 170 192 193
204 123 186 187 188 189
208 76 127 261
209 210 31 32
220 236
222 195 196 197 251
223 79 57 58 59
224 225 226 244
228 229
230 56 47 93
231 211 212 239 280
234 200
237 65 66
240 74 60 61 91 147
241 242 243 250
245 151 152 153 154
246 232 128 129 130
247 179 180 161 278
248 249 54 120
252
258 181 182
259 190 202
262 216 273 257
263 11 12 13 14 119
264 159 103 191
265 94 86 233 256 235 8 67
266 267
270 97 134 135 100 101 102 207
271 110 29 30 15 16 17
272 268 269
274 2 3 4 5 6
275 160 213 214
276 131 107 121
