58
6 290 185 193
29 23 42 43 44 283
38 30 31 19 20 21 233
39 105 80 34 127
57 58 49 50 51 82
71 65 66 22 232
85 11 12 13 235 112 176
99 32 33 154 123
103 146 147 159 190 52
113 45 46 47 230 155
114 115 116 117 245
145 104 221 158 247 171 133 24 77 17 177
162 184 68 69 70 160 282
164 165 108 188
167 96 138 144
168 48 18 8 9 281
169 120 59 60 81 172 173
170 286 260
178 90 91 141 97 98 134 161
179 61 14 7 1 2 3 4 5
180 181 182 101 242 243
183 67 54 55 27 28 53
192 239 256
196 129 130 62 63 64 128 284
197 92 93 295
198 199 200 121 126 149
203 204 241 275 94 135
206 25 26 148 231 252
207 208 73 74 107 191
211 78 79 35 36 37 111
212 86 259 223 102
213 214 157 210
215 83 84 174
216 217 277
220 152 89 122 87 88 238
224 95 72 15 76 287 288
227 109 110 16 263
228 131 132 100 255
229 244 248 269
246 225 226
251 142 143 195
254 222 189 209
257 106 139 140
258 166 118 119
261 194 201 202 56 264
265 163 125 186 187
266 153 40 41 270
267 234 75
271 136 137 249 250 296
272 237 276 10 236
278 150 151 175 156 124
279 273 274
280 285
291 268
292
293 240 205 262 289
294 218 219 253
297
