59
3 4 5 6 7 8 174
13 49 50 43 140
26 14 15 203 193 206
40 27 28 168
61 62 77 131
63 167 154 252 253
74 75 120 143 144
81 32 33 92
87 88 68 35 111
95 82 83 84 86
96 47 48 80
103 99 76 102 137 185
107 104 209 245
108 109 201
114 105 116 121
122 71 72 73 173
123 98 101 202
127 78 79 129 130
133 44 45 16 34 141
134 115 159 228
151 54 18 9 10
155 23 24 17 180 189
156 55 56 57
157 100 175 224
161 37 38 39 146 227
165 166 244
178 223
182 153 136 160
183 97 11 12 112
186 70 41 194 195 246
187 170 210
190 142 181
191 196
192 158 205 233
198 65 66 118
200 221 46 91
207 126 171 172
208 135 19 30 106
212 149 150 249
213 51 52 53 147
214 215 254
216 124 125 176
217 218 219
220 241
229 20 21 22 58 59 60
230 162 163 179
231 232 184 248
234 64 199 188 145 197
235 152 89 90 94 177
236 164 110 211
237 128
238 113 29 138 139 93 117
239 225 226
240 1 2 25 36
242 148 69 169 85
243
247 31 67
250 204 222
251 42 119 132
