61
1 2 3 4 5
14 15 16 56 178
17 18 19 20 21 29
22 6 7 8 27 28
30 31 32 33 108
37 38 39 40 85
41 42 105 106 107
43 23 24 25 26 120 92 122
51 52 53 54 55 111 87
57 47 48 49 50 243
62 63 64 136 177
69 70 68 79 154
71 58 149 166
75 76 77 74 134
80 84 147
81 82 34 35 36
93 94 88 89 90 91
95 96 234 144
100 11 12 13
101 97 98 60 61 145
104 109 66 67
113 261 262
124 125 126 102 103 172
127 128 129 130 118 119
137 99 183 246 259
138 139 241 264
143 131 132 211 212
150 151 152 153 224
155 156 157 158 159 242
163 164 165 210
168 169 200 201
173 110 133 184
179 180 148 9 10 123
186 187 44 45 46 86 185
190 191 192
193 188 189 78 238
194 141 142 229 247
199 205
202 115 116 83 114 254 213
204
206 171 258
209 256 257
214 181 182
215 135 170 140
216 217 218
220 207 208 112 198
226 227 221 219
228 230 231
232 167 59 197
233 117 65
235 203 175 176
236 237
239 72 73 146 225
240 195 196
244 223
248 249 250
251 174 121 160 161 162
252 253
255
260 222 245
263
