58
5 6 7 8 9 10 81 249
11 12 13 14 15 26
38 39 76 197
51 52 53 54 228
58 59 32 33 34 241
60 61 67 122
64 65 119 239
68 69 70 2 3 4 37
72 35 63
77 42 43 44 45 46 158 159
78 79 80 130
82 83 84 154
85 86 87 88
95 96 97 98
99 73 74 75 121 235
104 1 209 210 176
106 55 49 50 62
109 110 27 28 29 30 198
115 21 22 23
116 117 118 182
131 132 133
134 48 20 16 17 66
135 136 137 138 211
139 140 129 181
141 252
142 143 111 56 57 93 94
152 147 157
155 189 107 226 227
160 161 125 126 36 163
174 153 206 207
183 18 212 171 172 199 108 113 114
184 90 91 92 162 240
185 148 149 220
186 179 180 224 225
187 248 219
188 144 103 150
190 100 101 102 165
191 178 175 164 246
192 105 217 169 170
193 234
200 47 40 41 123 151
201 156 166
204 205 238
208 128 112 127
213 214 215
216 168 167
218 145 146 196
221 202 203 120 124 173
222 223
230 231 232 233
236 237 19 177 229
242 89 31 24 25
243 244 245
247
250 194 195
251 71
253
254
