58
2 3 4 5 6 19
11 12 13 18
32 21 22 55
46 47 48 49 50 51 75
52 39 24
56 33 34 162 136
62 43 23 10 25 201
64 65 66 119 142
70 36 231 90 227
76 27 87 88
77
97 98 95 93 121
99 89 94
102 103 104 40 41 42
106 107 108 171
109 71 72 73 204 233
110 20 28 117 118
111 96 169 165
112
125 126 127 128
130 114 115
133 14 15 16 17 190 170
134 100 101
138
139 140 141 177
143 144 145 146 147
148 132 166
149 150 151 152 153 154
155 57 58 59 78 79 161
156 157 158 215 216
167 135 68 69
168
172 81 82 83 84 85 30 29
173 174 202 205
175 163 164
179 61 26 67 198
180 181 176 232
182 131 113 129
183 63 74
184 185 186
188
191 192 193 194
196 197
199 200
207 208 209 122 123 187
211 160
212 203 37 159
213 214
217 53 54 44 45 206
218 219 220 195 221
222 91 92 86 116
223 224 178
225 137 31 38 60
226
228 210 105 124
229 7 8 9 1 120
230 189
234 35 80
