43
2 3 4 156 188 47 48 112
7 8 9 10 129 101 69 168 186 89
43 19 20 21 29
51 46 64 36 167
56 49 45 34 68 38 102 84
76 72 35 225
90 42 30 70 222
91 60 61 62 63 151 211
105 103 73 74 39 87 212
107 108 109 67 82 95 75
115 66 5 26 88
121 216 165 205
128 233 197 221 127
135 44 163 150 185 189
136 78 231 228 217
138 106 37 204 237 227 241
146 80 230 193 198
147 139 110 153 15 22 23 24
152 143 144 206
158 126 104 133 134 28 132
170 187 208 122 123 154
175 148 130 172 202
176 171 209
179 92 93 94 83 235
180 77 224 100 85 118 141 199
181 113 114 142
182 183 6 16 41
190 11 12 1 159 117 157 79 169 173
191 116 97 98 131 119 40 96
192 160 161 164
194 17 18 13 14 240
195 53 54 220 201 229
196 149 125 162 226
207 239 99 174
213 52 50 59 124 111
214 177 184
215 178 210
218 31 32 33 58 27 55 120
219 140 145
223 65 57 25 71 203
232 155 137 166 200
234
236 81 86 238
