69
1 2 3 4 5 6 7 274
9 10 11 12 13 28
16 17 18 46
37 38 32 177
39 40 22 23 24
67 35 36 199 239
68 69 30 31
71 72 60 61 62
76 77 78 79 82
87 88 217 218
93 94 95 176
97 47 29 119
100 101
104 105
114 108 170
115 116 52 90 91
121 122 99
126 83 84 85 86
127 128 129 130
136 137 138 139 140
141 109 110 111 112 211
147 148 149
151 152
153 154 155 156 133 146
157 63 64 65 66
158 159 160 161 162 265
163 19 20 21 53 262
164 165 166 167 120
168 169
174 175 15 45 186
178 43 44 225
187 41 42 248 250
188 124 14 57 33 34
189 143 70 134
190 191 117 118
194 106 102 103 98 89 113 80 81 273
195 196 131 132 135
198
204 205 8 256 272
206 182 183 184 238
207 73 74 75
212 144 145
213 210
216 123 219
220 58 59 48 49 50 51
221 222 223 224
226
227 25 26 27
228 229 230 214 257 185
231 179 180 181
232 197 200
233 234 193 201
235
236 202 203 215
237
240 241
242 142 107 92
243 244
245 192 125 264
246 247
249
251 252 253
254 255 208 209 150 171 172 173
258 54 55 56 96
259 260 261
263
266 267
268 269
270 271
