24
19 315 217 174 128 116 124 239 287 139 189 267
144 51 35 22 23 24 25 221 254 26 42 69 137
151 59 47 27 21 61 297 244 210 1 2 29 30 118 141 208 304
152 82 258 316 66 36 31 140 226 262 45 114 209
177 75 20 12 4 195 161 148 170 261 266 93 125 206
183 95 48 0 285 253 57 40 78 106 202 79 142
184 96 52 295 238 77 5 6 7 108 135 271 133 223
198 99 230 180 131 317 44 87 302 171 212 288 264
224 146 89 298 312 274 248 245 282 38 50 119 305
236 145 76 56 49 169 155 188 215 300 64 127 310
237 160 100 53 301 112 117 85 207 240 34 94 273
241 109 65 280 219 181 204 191 101 32 33 193 255
242 153 88 60 179 259 123 214 231 55 74 313 58 157 228 308 126 306
243 173 311 246 28 175 156 192 233 307 3 17 80 159
250 11 290 269 218 84 186 281 232 286 63 72 138
251 252 200 13 8 9 14 162 37 205 276
257 178 130 86 260 39 120 149 227 263 172 229 309
268 203 265 91 190 196 68 275 10 15 16 46 115
278 166 103 225 111 163 187 299 41 113 136 272
279 213 168 291 247 220 292 134 164 222 303
289 185 154 104 105 256 182 102 121 150 197 283 158
293 194 129 83 70 67 62 71 92 122 132 165 235
294 199 147 97 296 54 201 143 176 234
314 216 167 110 73 284 270 90 98 211 249 43 107 277 18 81
24
19 315 217 174 128 116 124 239 287 139 189 267
144 51 35 22 23 24 25 221 254 26 42 69 137
151 59 47 27 21 61 297 244 210 1 2 29 30 118 141 208 304
152 82 258 316 66 36 31 140 226 262 45 114 209
177 75 20 12 4 195 161 148 170 261 266 93 125 206
183 95 48 0 285 253 57 40 78 106 202 79 142
184 96 52 295 238 77 5 6 7 108 135 271 133 223
198 99 230 180 131 317 44 87 302 171 212 288 264
224 146 89 298 312 274 248 245 282 38 50 119 305
236 145 76 56 49 169 155 188 215 300 64 127 310
237 160 100 53 301 112 117 85 207 240 34 94 273
241 109 65 280 219 181 204 191 101 32 33 193 255
242 153 88 60 179 259 123 214 231 55 74 313 58 157 228 308 126 306
243 173 311 246 28 175 156 192 233 307 3 17 80 159
250 11 290 269 218 84 186 281 232 286 63 72 138
251 252 200 13 8 9 14 162 37 205 276
257 178 130 86 260 39 120 149 227 263 172 229 309
268 203 265 91 190 196 68 275 10 15 16 46 115
278 166 103 225 111 163 187 299 41 113 136 272
279 213 168 291 247 220 292 134 164 222 303
289 185 154 104 105 256 182 102 121 150 197 283 158
293 194 129 83 70 67 62 71 92 122 132 165 235
294 199 147 97 296 54 201 143 176 234
314 216 167 110 73 284 270 90 98 211 249 43 107 277 18 81
24
19 315 217 174 128 116 124 239 287 139 189 267
144 51 35 22 23 24 25 221 254 26 42 69 137
151 59 47 27 21 61 297 244 210 1 2 29 30 118 141 208 304
152 82 258 316 66 36 31 140 226 262 45 114 209
177 75 20 12 4 195 161 148 170 261 266 93 125 206
183 95 48 0 285 253 57 40 78 106 202 79 142
184 96 52 295 238 77 5 6 7 108 135 271 133 223
198 99 230 180 131 317 44 87 302 171 212 288 264
224 146 89 298 312 274 248 245 282 38 50 119 305
236 145 76 56 49 169 155 188 215 300 64 127 310
237 160 100 53 301 112 117 85 207 240 34 94 273
241 109 65 280 219 181 204 191 101 32 33 193 255
242 153 88 60 179 259 123 214 231 55 74 313 58 157 228 308 126 306
243 173 311 246 28 175 156 192 233 307 3 17 80 159
250 11 290 269 218 84 186 281 232 286 63 72 138
251 252 200 13 8 9 14 162 37 205 276
257 178 130 86 260 39 120 149 227 263 172 229 309
268 203 265 91 190 196 68 275 10 15 16 46 115
278 166 103 225 111 163 187 299 41 113 136 272
279 213 168 291 247 220 292 134 164 222 303
289 185 154 104 105 256 182 102 121 150 197 283 158
293 194 129 83 70 67 62 71 92 122 132 165 235
294 199 147 97 296 54 201 143 176 234
314 216 167 110 73 284 270 90 98 211 249 43 107 277 18 81
2
0 4 1
2 3 5
