50
9 4 93 83 138
25 26 52 33 38 43
46 47 20 14 258
58 1 2 65 79 94
68 39 40 41 42 95
69 70 34 88 254
71 32 23 24 56
84 44 45 259
90 75 61 62 250 66 74
106 91 118 114
116 117 133 261
131 132 136 189 146 15 37 186
147 99 100 101 134 171 105
155 16 17 18 51 135
156 107 184 152 260
167 160 169 3 7 8
172 112 72 102 120
181 10 11 248 208
182 183 108 21 22 77 163
187 110 137 151 81
190 63 144 145 192 89 143
193 59 27 28 29 73 80 177
194 141 166
199 30 31 50 82
200 48 49 54 55 97 98
201 210 174
202 115 78 142 198
203 121 211 242
204 127 128 129 243
205 215 179 185
214 148 216 217 35 36 67 209
220 188 196 197 104
222 157 53 64 153 154
223 224 239 150
227 175 168 161 162 234
230 231 232 218 252
235 173 124 178 245
236 237 122 123 103 176
238 158
240 92 60 12 13 19 130 219
241 149 125 126
244 225 96 213
246 206 207 165 180
247 159 113 119 6 57
249 191 170 226
253 76 109 164
255 85 86 87 111 212
256 257 233 251
262 139 140 228 221
263 195 5 229
