56
20 14 15 16 17 36
21 12 13 207
28 29 1 2 235 97 85 55 56
37 38 39 238 239 245
42 27 68
49 44 45 60 193
64 51 114 126
75 50 40 167 258 3 11 70
76 77 78 96 155
80 166 256 150 185
88 52 53 57 74
94 140 144 121 201
110 30 31 10 19
111 227 199 200
116 104 169
129 89 82 83 84 62 63 134
135 136 81 34 35 46 47 48 261
147 148 128 93
152 103 92 168
157 22 23 24 25 41
158 159 108 71 105 127
170 224 109 176
171 137 138 113 122 102
172 173 188 33 156
179 143 175 183 184 182
189 67 72 73 151
190 180 154 206
191 181
194 7 8 9 54
202 162 163 164
203 204 205
212 65 66 32 18 99
213 210 211 98 165
216 197 153 139 79
217 218 192 233
219 174 209 229 242
222 195 196 91 90 133
223 187 149 100 142
230 220 208 215
231 160 161 186
232 259
234 214 95 115
236
237 117 118 119 120 226 225
243 177 178
244 228
247
248 106 107 58 59 240 241 61 125
249 250 221 112 123 124
251 130 43 4 5 6 26 69
252 146 86 87 101
253 145 260
254 255
257
262 198
263 131 132 141 246
