64
2 3 4 5 10 150
6 7 8 9 38 272
29 16 237 133 181
39 40 41 264 265 266 267
48 224 173 162 220 277
52 44 188
53 129
61 15 1 82 83 13 113
62 24 25 26 125
67 68 69 66 166
76 34 35 36
77 11 12 163 206
81 189
91 90 134 165
93 94 88 89 17 18 19 20
99 100 75 124
106 103 104 105 177
108
109 45 46 47 116
121 122 78 79 80
130 131 63 64 65
136 72 73 57 58 59 60
137 102 54 55 56
138 234 228
140 115 175 260 261
144 145 194 195 33 84 85
154 123 164 37 86
158
160 101 218 241 98 117 118
161 126 127 128
170 171 119 120 70 71
172 110 111 112 271
178 179 180
182 139 238 239
183 148 256 203 149
184 107 21 22 23 242
185 186 230 28 87
191 155 156 204
193 49 50 51 246
198 190 174 252
201 132 146 147 209 14 157 169
202 187 213
210 216 217 199 200
215 211 192 219 249
221 222
223 114 152 153 214
225 74 30 31 32
226 247 248
231 212 229 197 176
232 233 205
235 243
236 92 135 159
244 167 168
250 251
253 151 141 142 143
254 95 96 97
255
257 258 259
262 207 208 227 275 240
263 42 43 27 196
268 269 270
273 245
274
276
