43
21 14 15 37
58 29 9 10 118 35 80 191
69 43 40 190
98 114 70 39 30 155 3 88 135 199
113 99 53 68 112
116 90 52 41 63
124 42 22 204 243 183
125 28 100 67 84 86
131 121 158 164 244 218
142 212 115 18 19 210
149 106 147 177 193 36 207
153 122 92 166
157 47 17 4 133 77 73 130 194
168 38 8 1 2 82 83 139 161 238
169 144 181 240
173 209 160 206 148
179 154 228
184 81 151 87 140 219
185 127 102 174 224
186 95 71 51 34 65 74 104
187 188 119 117 96 120 31 32 46
189 156 171
198 237
200 172 101 56 103 78 178
202 105 54 55 50 129 197 26 94
203 23 24 201 5 196
208 217 180 216 6 7 13
213 137 85 107
220 175 152 165
221 108 49 33 227 123 211
222 128 159 91 97 72 93 195
223 60 25 16 45
225 59 143 110 145 162
226 134 146 215
229 150 138 205 61 62 141
230 20 57
231 126 234 163 109 64 111 192 214
232 170 11 12 27
233
235 176 182
236 245 246 79 136
239 75 167
241 132 48 242 76 44 66 89
