54
6 7 8 9 10 111
16 17 18 19 20 76
24 25 26 142 107 117 118
42 11 12 13 70 71 72
44 1 2 3 4 5 236
45 46 47 31
49 50 51 52 32 33 34 82
55 56 57 53 137
67 48 109 172
77 38 39 86 158
83 65 21 80 81
89 90
91 92 93 213
101 102 30 41 63 108
114 43 173
121 116 193 150 226 169
132 133 69
144 62 74 75 139
147 115 104 105 106 58
148 95 73 151 152
155 120
156 200
161 162 149 127 164 165
180 40 159 160 141
181 59 60 61
183
187 36 37 99 100 146 186
188 189 190 175
194 195 216
196 182 122 184 214
197 208 138 131
202 191 110
203
204 205 207
209
212 23 54 64 168
215 112 113 96 97 119 136
217 78 79 177 178 185
218 143 157
219 163 179
221 84 27 29 170 171
222 154 66 198 199 153 206 98
223 129 130 210 211
224 14 15
225
227 201 166 167 192
228 220
229 68 28 140 123
230 145 176
231 174 134 135
232 103 94 87 128
233 124 125 126 85 88
234 235
237 35 22
