43
32 1 2 274 268 197 232
54 14 15 16 7 8 66
60 120 84 41 42 43 86 230
81 45 46 168 231 279
114 83 63 64 51 52 98
119 17 18 19 276 72 73 92 178
125 88 89 90 163 177 228
126 110 207 199 103 124
133 62 50 139 128 198
134 76 67 68 69 156
140 109 258 283
142 95 91 106
149 75 53 226 227 37 44 194
157 141 129 105 186
159 61 39 224 175 282 183 235
160 94 74 182 185 229
165 166 252 263 184
169 136 115 100 214 277
173 138 121 116 155
180 99 71 248 237 79 131
190 33 161 144 147 58 96 132 22 49 203
191 174 267 260 65 118
204 70 40 271 278
212 181 170 176 216
218 13 9 10 11 12 38
219 150 151 187 188 280
223 108 77 78 30 31 189
225 211 172 209
239 143 220 6 256 257 275 102
240 34 35 36 26 167 201
246 135 153 137 122 123 193
247 158 154 107 130
249 82 56 57 210 243 104 264
250 146 245 238 242 59 97 202
251 162 259 28 29 261 27 80
253 93 55 25 262 171 200 244
254 152 127 111 145 179 23 87
255 221 3 4 5 24 217
265 206 192 208 269
270 205 266 241 101 117 164
272 213 196 222 148 215 284
273 233 234 47 48 195
281 236 112 20 21 85 113
