67
19 20 21 219 204 205
31 32 17 162
37 38 39 53 125 214
43 44 45 96
51 15 16 25 102
56 57 52 136 166 184
66 67 68 69 70
80 58 49 76
91 92 28 29 30 131
113 78 77 194
119 86 26 27 54 101
121 88 266
122 123 178 179
132 133 134 135 181 190
137 138 13 243
145 116 117 118
149 215 158
152 150 167 84 111 112
153 154 110 129 130
155 156
163 5 6 7 8
164 82 103
168 97 98 99 100
169 107 140 141 142
170 171 182 183
172 79 85 211
177 264 265
191 95 104 87
192 193 249
197 198
199 200 146 147 148
201 202 203
206 1 2 3 4
207 208 209 210
212 231
216 284 285
217 127 128 246 247
218 188 189
220 9 10 11 12 72
223 139 108 105 106 233
224 185 173
225
228 255
230 238 239 240
234 235 236
237 81 63 64 65
244
245 73 74 75
250 93 59 60 61 62
251 94 55 126
252 159 40 41 42
253 254
257 258 175 176 89
259 222 14 226
262 186 248
263 242 120 90 187
268 83 47 48 180 256
269 270 267 229
272 221 260 261
273 124 18 36
274 275 276 50 71 174 241
277 114 115 157 109 213
278 160 161 232
279 280 165 143
281 271 151 227
282 46 33 34 35
283 144 22 23 24 195 196
