37
11 5 7 128 175 103
12 64 57 194 167 231
21 160 225 19 29 52
35 1 2 3 4 28 38 70 189
73 82 33 34 46 88
89 22 146 108 6 186 122 196
94 13 14 15 16 133 191
95 178 124 125 126 202
99 36 216 109 164
104 61 162 190 85 110 230
120 84 220 91 137 10
130 74 58 53 116 163 221
134 90 80 62 69 123 207
139 60 24 65 66 77 78 145
140 48 32 185 152 206 27 47
141 96 101 147 218 187
159 106 98 97 168
165 179 26 42 72 223
171 17 18 214 205 8 39 169
172 105 76 50 54 138
173 121 119 153
177 112 83 195 63 158
180 56 44 81 79 86 129 222
181 151 143 67 188
182 136 144 210
192 127 23 155 149 201 9 43
193 132 226 227
197 49 200 20 45 71 176
198 131 113 114 115 150
199 142 117 40 41 55 157
203 148 102 170
204 215 75 228 30 68
208 209 51 87 154
212 135 100 25 118 92 93 184
213 166 37 183 229
219 174 161 217
224 211 59 107 156 31 111
