63
6 7 8 9 10 192
11 12 13 14 15 26
16 17 18 19 20 21
31 105 30 32 263
34 35 36 37 110
38 106 97 126
42 43 44 45 46 47 191
48 213 166
51 52 53 54 55 220
57 58 59 39 40 41 102
62 63 64 95 96 137
67 68 69 70 71 147 218
75 76 77 78 79
80 237 243 244
83 84 85 86 87 167
89 73 74 116 176
92 127 128 219 272
113 81 120 33
118 119 112 117
121 122 250
130 98 204
136 228
138 231 199 190 207 66 153
159 107 108 109 234
165 157 158
168 115 142 143 197
169 170 171 205
174 103 100 101
177 1 2 3 4 5
178 189 172 173
180 160 156
181 182 183
186 22 23 24 25 72 246
187 188 264 175 185
198 90 144 145 146
202 139 140 141
208 201 162 65 56
209 210 154 155
212 148 149 150 151 152 164
214 215 216 217
221 222 223
225 49 50 123 124 125
227 226 270 271
229 179 195
230 196 91 129
232 233
236 200 82 239
240
241 111 99 206
242 211
247 248 249
251 88 27 28 29
252 161 114 104
253
254 131 132 133 134 135 238
255 93 94 60 61 163 224
256 235 203
257 193 194
258 265
259 245
260 261 262
266 184
267 268 269
