66
7 8 9 10 11 169
12 109 48 216
16 17 18 19
54 55 56 57
71 72 73 74 115
87 88 1 2 3
90 91 136
94 95 106 75
96 20 21 22 23 25 26 27
101 128 129 130
103 47
105 176 141
112 64 65 66 240
113 78
114 163
118 80 81 85 98 99
119 4 5 6 132
120
122 41 42 43 44 45 46
123 97
127 76
135 168
138 107 108
139 140 51 35 36
142 89 121
143 131 177 178
146 147 167
148 83 82 201
149 30 31 32 33 34
150 67 68 49 24 137
155 174
158 124 125 58 28 29
162 196
164 165 166
170 102 37 157 208
171 133 134 235
172 173 193 214 217
175
181
182 144 145 156
183 126
184 179
185
186 159 160 161 86
187 38 39 40 63
188 110 111 116
189 151 152 153 154
190 215
191 192 230
194 195 219
197 198 52 53
199 200
202 59 60 61 62
203 204 205 206 207
209 13 14 15
210 211 212 246
213 218 232
220 84 77 50 92 93 100
221 222 223 224 236
225 117 180
226 227 228 229
231
233 234 104 69 70 79
237 238 239
243 241 242
244 245
