59
2 3 4 5 130 127 190 191
9 10 11 12 13 14 15 29 246
19 20 21 22 23 24
26 16 17 18 75
36 37 38 30 31 32 94
47 39 40 41 53 54 234
57 58 25 1 183 195 240
59 60 69 70 105 181
61 62 63 64 114
71 72 52 79
98 90 221
115 99 42 43 44 160
116 102 92 93 97 152
124 205 107 108
126 111 88
128 76 218
134 91 245
137 242 243
140 103 184
141 27 28 33 34 35 198
142 237 207 208 209
147 148 118 119 153
149 125 100 6 7 8 197
155 51 45 46
156 157 151 177
158 159
166 129 48 49 117 175
169 150 215 257
172 138 254 196
178 179
182 81 82 83 123
185 176 244
188 168 233 213 214
189 143 144 229
192 131 231 73 74 154
193 194 139 180
199 135 136
200 132 113 145
203 186 50 96
204 170 171 120 121 112 187
206 238 239 146 165
210 80 68 78 84
211 212 163
220
224 225 228
226 202
227 201 164 133
230
232
235 161 162 104 77 89 55 56
236 173 174 101 122
241 216 217
247 86 87 85 222
248 249
250 223 167 95
251 106 65 66 67 219
252 253
255 256
258 109 110
