67
6 7 8 9 10 70 71
13 14 76 77 78 79
19 20 1 2 3 4 5
23 24 140 141 175
29 30 31 32 67
45 46 47 48 201 100
63 17 88 37 28 55
64 65 66 147 148
72 73 74 75 164
80 81 41 42 43
82 83 84 113
87 239 240 160 198
90 91 252
94 95
96 97 154
101 102 103 104 117 118
106 107 108 215 242 243
114 115 116 105
119 120 92 123
121 122
131 132 40 199
135 136 137 264
138 139 128
142 143 214 109 89
144 145 146 161
149 150 186 244
151 93 21 22 130
157 33 34 211 212
158 159 200
165 99 192
166 124 44
169
170 171 172 213 226
173 174
176 177 162 163
183 235
188 59 60 61 62 86
189 182 152 153 179 180
191 125 126 127
194 11 12 129 227
195 181 273
202 203 204 133 134
206 207 205
210 185 216 38 39 56
217 15 16 85 193
218 219 220 221
222 223 224 225
229 230 231 232 233
236 196 197
237 208 209
238 25 26 27
245 110 111 112
246
247
248 249
253 167 168 241
254 250 251 98 68 69
255 228 261
256 272
257 258 259 234
260 18 155 156
262 263
265 49 50 51 52 53 54
266 190 57 58 35 36 187
267 268
269 184 178
270 271
