63
5 6 7 251
11 12 13 4 9 10
24 1 2 3 38
64 52 53 185
66 55 162 150 137
71 16 17 266 218 175 215
74 56 57 58 92
94 95 108
99 46 77 89 203
110 39 267 129 147 226
111 51 47 14 15 97
115 116 117 83 84 136 93
122 123 205
125 62 290 291
127 72 73 130 32
132 133 75 76 198 199
134 78 81 158
138 275
140 135 181
153 245 246 247
160 161 145 141 114
163 164 165 194 195 33 34 35 36
167 82 154 67 68 69 184
168 139 118 119 98 281
172 61 48 49 44 45
173 65 193 273 282 96 216
174 166 201 202
176 25 26 27 28 271
177 59 29 30 79 109
178 18 19 235 236 102
182 126 171
187 103 21 22 23 128 120 234 270
191 192 189 190 242 274
196 197 252
204 200
207 149 106 107 63 70 80
212 208 183
217 155 156 157
220 219
223 224 146 257
225 243
227 50 112 113 20 244
228 229 230 151 152 121
232 233 269 124
238 188 169 8 31 131
239 100 101 37
240
248 104 60 214 222
249 85 86 87 88 186
250 241 179 180 276
253 265 213 90 91 206 148
258 54 40 41 42 43 211
259 142 143 144 285
260 209
261 262 263
264 254 255
268
272 256
277 278 279 280
283 284 159 210
286 105 170 237
287 221 231
288 289
