27
20 12 1 292 286 254 271 249 288 27 43 70 120 278
152 60 13 270 201 302 40 141 314 276 11 16 17 137 224
178 76 21 5 14 9 10 15 30 31 35 47 128 307
179 247 220 170 188 144 177 256 273
184 96 48 28 22 23 24 25 26 88 38 46 108 274
185 83 62 298 245 58 257 156 163 203 289
195 130 317 239 78 164 183 194 235 230 310
199 145 52 49 253 182 202 8 300 42 39 51 65 115 160
217 148 101 71 285 293 287 165 223 284
225 147 231 57 129 117 118 103 136 166 265
237 97 53 36 37 32 91 99 119 173 236 138
238 161 87 2 3 228 255 123 190 268
242 153 61 296 260 187 205 192 222 234 308 4 19 82
243 100 77 312 226 297 176 191 197 109 59 241 301
244 174 104 98 112 113 150 172 213 309
251 168 90 105 106 121 125 151 198 304
252 169 132 282 157 193 212 250 80 127 306
258 180 50 55 102 33 34 44 95 143
259 175 299 211 221 227 240 263 64 116
269 196 248 232 233 272
279 110 66 186 155 85 92 63 79 267 216 277
280 204 181 149 171 189 208 264 73 139
290 167 124 215 318 45 86 122 140 229 18 81 311
294 146 89 218 281 74 266 162 6 7 75 69 94 158 126 207
295 200 291 219 29 313 41 135 246 283 114 134 210
315 214 131 84 54 68 56 72 93 107 142 209 305
316 154 111 67 261 275 262 303 206 133 159
