49
18 3 4 5
53 19 13 174 111 90 204
58 25 24 97 216
63 43 82
64 34 247 195 173 219 46
72 70 77 101 218
83 73 209 156 33 45 36 79
91 54 30 31 28 29
92 108 106 237
105 93 87 199
110 55 56 102 37 200
122 6 89 184
123 51 52 49 99 100
126 42 16 17 47 187
131 119 128 94 95 163
133 65 61 62 57
135 69 115 74 71 189 243
136 172 80 81 167
140 50 27 96 192 233
141 208 116 35 78 114
148 59 170 134 215
149 150 112 109 98 23
153 194 142 227 210
155 151 152 197 32 160
169 60 39 40 41 104 234
171 15 14 44 86 75 162 186
176 177 137 221
182 118 103 242 147
183 157 120 181
205 159 168
212 88 154 129 130 117 145 207
213 191 225 76 139
214 188 8 113 121
220 196 66 67 107
222 164
223 7 132 211
226 143 144 249
228 175 185 217
229 206 161 203
231
232 178 179 158
236 166 238
239 12 9 10 11 38
240 84 85 180 198
241 230 138 235 193
244 68 26 20 21 22 48
245 127 124 125 146 190
246 224 1 2 165
248 201 202
