58
9 10 11 107 90 91 170
15 16 17 18 19 229
25 26 27 28 29
39 40 2 38 146
44 45 46 47 101
50 51 52 167
55 56 105
57 213
60 61 62 5 6 7 8 20 21
67 12 13 14 48 49
72 73 74 75 76 130
78 79 63 64 65 66 83
85 68 71 133 165
106 94 95 234
115 111 100 156
127 128 129 113 82 148
131 22 23 96
139 142 224
152 87 88 89 33 34 35
157 132 172 119 120
174 136 118 217 218 98
177 41 42 43 155 198
178 93 147 216
183 159 160 185
184 137 138
186 187 233
189 168 169
190 191
193 207 208 209 210 24 77 199
195 30 69 70 124 126
200 116 36 37 3 4
201 202 203
204 205 239 240 149 269
206 117 255 232 257
211 171 214 215
212 99
219 220 92 114
221 158 104 141 145 192
230 248 249
231 164 173 182
235 80 81 32 181
236 226 227 228
241 222 58 121
242 238
243 180
244 140 176 108 151
245 175 197
246 194 122 123 97 163
247 225 134 135
250 31 59 153 154 260 261
251 252 237 125 102 103 143
253 254 267 188
256 268
258 144 162 266 53 54 84
259 196
262 86 1 265 109 110
263 161 166 112 223
264 179 150
