63
18 19 20 204
24 14 98 99
30 31 32 188
34 6 7 8 9 10
37 38 39 40
44 21 23 36 167
51 52 85 206
53 49 50 15 16
54 55 56 81 82
69 70 71 72 73
74 75 12 13
76 11 28
77 65 66 67 68
78 79 90
83 22 33 205
91 59
105 106
107 108 220 221
111 112 166
113 114 115
116 117 118 119 120
123 62 63 64
133 93 94
135 47 48
136 137 101
139 121 122 170 86 102 103 207
140 42 43
141 60 61
145 84 160 161
146 147 214 215
148 149 150 129 130
152 126 127 128 25 185 186
153 142 87 88
157 158 159 104
162 134 29 17 232
163 110
164 165 182
168 190 124 125
171 45 46 26 27
175 176 154 155 100 138
177 178 179 184 239
183
187 218 219 89
189 169
191 192 156
193 172 132 201
194 195 196 197 131
198
199 200
203 173 202 143 144
208
209
211 212 213 4 5
216 92 57 58 174
217 41 35 80 227
222 223 109 210
225 226
228 229 230 231 151
233
234
235 224 95 96 97
236 237 180 181
238 1 2 3
