67
15 16 17 18 19
20 21 22 49 50
23 24 25 26 27 28 29
30 31 172 173
37 38 54 55 56 140
39 6 7 8 9 10 32 33
42 34 35 36
44 45 46 47 48 228
51 52 53 129
57 58 59 60 61
62 153 224
63 64 65 66 67
69 1 2 3 4 5
70 43 141
83 84 85 102
87 88 76 77 164
94 95 96 97 98 119
99 100 101 230
107 89 90 91
110 111 109
112 113 11 12
115 116 117 118
123 74 75 105 81 82 185
124 125
128 196 171 206
130 131 92 93 176 177
132 120
134 78 79 80
136 137 231
142 103 104 68 138 139
143 144 106 150
145 191
146 40 41
147 148 133
149
151 152 155 192
154 13 14
156 86 241
159 160 71 72 108 240
165 166 167
169 135
178 161 162
179 180
182 183 184 197
186 187 226
188 157 158 163 227
193 170 236
198 199 200 174 175 211
203 204 205
207
208 194 195 244
209 210 221 222
212 189 190 122 168
213 214
215 216
217
218 201 202
219 114
220
223 225
229
232 233
234 126 127
235 121 73 181
237 238 239
242 243
245 246
