58
18 10 11 12 97
26 27 28 29 210 15 16 17 133
64 36 37 38 40
65 66 254
70 4 159 139 140 115 164
79 47 48 49 189
80 279 280
84 85 86 114 182
90 91 75 225 274 200 228
100 101 102 103 104 128 129
111 92 23 24 25 58 59 95
113 208
117 118 112 13 195 266
125 119 54 55 56 218 287
137 126 127 252
138 93 94 105 239
147 278 238 180 235 32 174
151 99 154 181 240
175 120 121 8 9 69 171
176 50 51 52 53 74
177 178 179 262
185 124 184 275
186 167 285 170
190 108 109 110 155
191 201
192 134 98 158 245
193 194 148 149 166 145
196 197 172 187 286 173 291
198 250 106 107
203 264 265 144 130 162 39 63
206 152 122 211
212 135 136 150 253
213 160 259 202 219
222 21 22 19 20 30 60 61 236
223 224 5 6 7 116
231 156 157 168 169 188
232 233 256
241 77 78 35 83
242 243 67 68 143
246 207 255
247 248 249 161 209
251 73 230
257 183 199 141 142
258 153 234 268
260 123 57 96 146
261 217 267
263 204 244 14 31 62
269 46 1 2 3 87 88
271 33 34 205
272 273
276 270 165 71 72 76 131 132
277 220 221 163 227
281 41 42 43 44 45 89
282 237 215 216 226 229
283 284 81 82
288
289 214
290
