32
1 2 3 235 248 218 20 53 120 234
47 24 6 243 211 249
57 83 55 45 51 102 182
68 48 22 246 232 4 5 10 103
112 64 43 13 223 134 171 204
113 69 49 241 76 62 123 161 250
142 74 54 25 17 18 11 15 217
153 58 32 238 222 193 170 146 196 96
154 84 65 44 71 195 110 140 205
155 91 61 33 36 208
156 105 93 95 8 12 21
157 98 86 215 247 50 111 227
158 104 70 56 72 118 147
168 114 79 75 52 39 42 35 128 31
174 90 162 115 85 66 26 34 127 187
175 138 214 198 228 229
183 63 38 23 89 82 107 152 226
184 143 122 160 173 199 46 88 200
185 150 207 245
188 165 139 125 145 87 136
191 97 179 121 19 236 7 9 16 40 129
192 169 166 181 224 28 67 137
197 159 109 100 101 130 209
201 149 60 94 119 172
202 189 216 78 124 73
213 163 133 190 225
220 176 131 116 117 135 219
221 178 164 194 212 30 37
230 108 59 231 180 144 99 106 126 167 233
237 148 92 80 81 132 151 29 77 141
239 203 244 14 27 41
242 210 177 186 206 240
