63
5 6 7 44
8 9 3 4 180
16 17 18 19 13 112
45 46 72 83
47 23 24 25 26 27 28 98
48 49 50 51 73
69 70 71 175
79 80 142 129 108 43 92
84 85 86 174
87 40 41 42 52 53 227
88 33 233 234
93 94 95 91 260
101 60 61 62 173 167 99 226
114 115 64 65 78 135
116 96
137 138 257
140 39 35 36 139
141 81 82 109
145 97 111
148 149 128 190
162 205
168 32 1 2 22
169 102 103 125 126 136
170 124 118 221
172 163 192
183 110 144
184 117 159 131
187 181
188
191 150 119 120 127
194 153 264 200 156 157 158
197 104 113
198 199 265 75 76 77
201
208 105 242 236 63 207
209 215 216
211 10 11 12 14 15
212 147 202 176 177
213 214
217 151 152 164 245
218 219 29 31 100
220 106 107 122
222 195 196 34 20 21
223 146
229 67 68 90 166
235 204 193
237 185 186 89 189 228
238 239 262
241 231 232
243 240
244 37 38 74
246 143 165
247 178 179
248 54 55 30 66
249 58 59 121 261
250 56 57 210
251 252
253 123 171 132 133 134 206
254 230 160 130 203
255 256 161 182
258 224 225
259
263 154 155
