64
27 28 29 24 16 17 18
44 32 33 34 35 36 37 40
47 48 49 84
52 46 10 11 217
57 58 59 212
64 65 66 205 238
68 45 102 63 23 110
69 70 145 250
85 86 67
98 142
99 100 101 94 31
103 104 105 177 178
106 77 78 82 83
111 112 113 125 126
115 248 166 21 26
121 53 54 41 42 43 139
133 134 1 2 3
135 237
140 132
144 119 235
147 148 149 151 152
153 122 136 137 30 25 184
154 155 71 182 183
158 159 175 193
161 141 146 138
168 176 200 120
169 129 107 196
171 172
174 227
179 87
180 156 60 73
186 7 4 5 6
187 188 116 117 88 89
189 164 165 162 123 124
190 191 229
192 114 143 218
194 195
197 181
198 150 244
201 202
203 163
204 79 80 108 109
206 157 130 131 173
210 160 8 9 72
211 207 208 209
213 76 81 167
214 55 56 74 75
215 216 22 12 13 14 15
219
220 221 230 231
223
224 95 96 97 50 51 222
225 199
226
232
233 234
236
239 127 90 91 92 93
240 128 170 118
241 19 20 38 39 61 62
242 243
245 228
246 247
249 185
