61
10 11 12 13 40 204
22 7 8 9 14 60 265
23 16 17 18 86
29 30 162 163 181 170
73 74 75 98
78 50 51 21 27 157
87 79 61 49 83
102 103 168 106 85 71
104 94 95
109 47 24 25 26 76 132
115 42 5 6 33 273
122 41 19 20 141 231
123 124 118 235
127 114 245 229 112
129 176 117 131 52 72
134 54 55 56 57 58 59 220
138 139 82 119 178
143 1 2 217 266
144 145 147 148 149
153 164 165
158 34 35 36
159 96 45 15 32 232
161 97 175
166 167 130 121 133
171 3 4 77 69
177 151 152
179 180 184 216
183 202
185 186 187 212
189 63 64 65 66 142
190 110 105 99 100 120
193 88 89 90 91 101
195 128 31 150 208 219
199 135 84 46 70 62 272
205 206 207
210 211 214 201 203
221 146 270
222 182 160 228 174
223 224 37 38 39 92
226 113 48 28 53 264
227 196 197 198
233 234 215 156
236 116 80 81 67 68
237 44 136 137 154 155 271
238 239 125 126 252
240 241
242 194 169 188
243 244 255
246 247
248 250 251
249
253 254
256 93 111 230
257 258 259
260 213 43 172 140
261
262 218 107 108
263
267 191 192 225
268 200 173 209
269
