46
1 2 252 237 18 48
8 146 93 143 255
23 9 244 224 88 120 171
24 13 14 17 172
29 21 45 109 136 254 74 190
30 124 95 35 36 58 103 238
32 20 184 214 215 204
33 25 207 208 87 233
77 57 63 247 248 114 232
82 83 179 180 173 174
100 37 38 98 155 209
106 71 199 142 151 193
110 43 44 7 40 115
125 153 113 133 160 241
129 66 67 68 259 116 235
134 96 185 225
145 78 258 220 149 99
152 101 102 227
156 56 26 27 54
157 108 144 260
163 119 89 140 41 192
164 112 267 15 231
168 69 70 16 76 216
198 84 79 80 94 194
201 49 50 51 52 47 61
205 92 181 182 167 249
206 131 128 265
210 34 31 4 5 170 65 226
211 111 85 86 245 55 187
212 117 97 197 250
213 135 234
217 141 132 236 39 105
218 219 221 28 91
223 158 154 75 73 90
228 127 195 188 189 137 12 62
229 176 177 186 175
230 264
239 161 162 196 59 104 242
243 10 203 222 246
251 126 22 147 148 11 42
256 138 139 46 121
257 202 72 3 6 19 191
261 130 107 240 253 118 122
262 169 159 178 150
263 64 200 60 81
266 165 166 183 53 123
