42
5 6 7 254 232 233 234 271
12 22 23 24 188 117
21 1 237 238 18 31
54 33 197 160 167 178 172 173
85 42 43 8 255 70 99 169
90 56 205 206 207 208 235
103 34 35 36 48 94 123
113 59 147 129 130 80 112
148 77 220 270 131 168 62
158 68 60 53 29 49 107
159 144 193 58 47 126 260
164 55 39 40 98 64 122
165 149 87 88 83 15 250
166 135 50 71 132
174 32 100 65 46 44 78 81 142
175 13 14 177 75 76 199 256
176 91 74 216 223 217 10 11 30 143
181 152 101 28 57 84 137 257
182 162 102 180
194 67 51 52 97 118 236
195 73 69 79 124 127 20
196 96 115 108 110 200
201 104 92 89 190
202 246 198 189 27 111 192
214 86 163 171 213 138
218 16 17 259
219 125 187 140 186
221 95 253 63 145 261
222 215 242 228 61 157
225 226 227 266 156 240
229 114 109 93 136 179
230 139 116 191
241 150 153 151 209
245 133 66 269 41 119
247 183 184 185 141
248 268 211 212 244
251 134 25 26 37 72 170
252 231 249 203 204
258 224 243 121 38 128
262 146 105 106 239 210
263 264 265 2 3 4 19 120
267 154 155 161 9 45 82
