74
1 2 3 4 5 225
14 15 16 17 48 139 280
24 25 26 27 126 127 235
31 32 33 180 273
38 6 7 8 9 64
42 28 29 30 92
43 44 45 46 47 65 97
58 59 60 61 62 63 243
66 22 23 91 231
73 74 75 279
78 68 69 87 88 89
79 39 40 41
80 67 77
81 10 11 12 13 166
82 83 84 85 86
105 106 107 108
110 18 19 20 21
111 109 120 121
116 117 118 119 172
128 129 102 103
132 151 152 153
135 136 137
148 171
149 140 112 165
154 141 142 175 233 234
156 157
159 160
161 155
162 50 51 52 53
164 179
167 113 76 70 71 72
168 143 144
170 209 213 214
173 174 197
177 178 194 189
182 123 124 125 104 242
183 36 37 199
184 49 95 96 195
187
190 191 196
192 193
200 201 202
203 229 230
206 145 146 138 198
207 208 218
211 212
215 216 130 134
219 150 169 114 115 131
224
226 227 34 35
239 232
240 241
246 220 93 94 158
247 248 244
249
250 222 223
253 251 252
254 163 204 205
255
256 54 55 56 57 188 274
257 90 176
258 147
259 185 186
260 261
264 98 99 100 101 245
265 122 228
266 267 268 133 262 263
269 217
270
271 272 181
275 238 210
276 221
277 236 237
278
