67
34 35 36 240
38 39 40 143 144
44 45 8 9 10 11 12 164
46 33 105
58 41 42 43 205
59 25 26 27 28 141
64 22 90 91 201
72 31 32 13 14 103
78 52 117 249
81 82 83 119
84 20 21 51 53 216
85 86 79 73 74 69 106 152
89
92 93 192 139 232
96 47 66 15 16
97 76 77
101 102
107 108
113 155 156 94 95
120 87 55 37 71
121 122 123 124
125 17 18 19 30 174
126 62 63 5 6 7
127 88
131 132 133 134
135 136 137 138
145 129 130 163
148 98 157 158
149 150
153 154 114 115 214 228
159 160 110 111 140 118
165 166 167 168
170 68 182
171 172 173
175 176 177 178
179 48 49 50
180 181
183 128
184 185 234
188 189 190 186
195 65 109 229
196 197 198 75
199 200
206 161 142 29 99 100
211
212 54 23 24 151
213 116 202 203 204
218 219
220 60 56 57 80
221 217
224 104 112 67
225
227 245
230 61 169
233
235 1 2 3 4
236 193 187 215 246
237
238 194 222
239 146 147 210
241 242 191 223
243 231
244
247 248 162
250 70 226
251 207 208 209
252
