53
36 13 14 192 114 115
51 52 33 23 24 92 124
59 60 61 176
63 2 127 128 222 239
64 65 53 54 167 207
85 19 20 47 71 107
103 9 10 11 87 76 77 180
105 106 129 15 57 58
108 37 205 200
116 42 29 25 3 48 121
118 30 171 185
119 136 137 138
131 43 223 175 193 210
139 16 17 18 208 161 179 221
140 110 111 177
141 113 44 34 35 78
149 150 89 101 203
155 4 5 6 7 8 154
156 72 73 74 234
157 109 83 84 130
165 166 231
172 104 46 62 148
173 93 26 27 28 68
174 255 1 49
178 253 199 190 22 75
182 134 135
186 146 191
187 142 98 99 122 123
188 132 125 143 232
194 39 40 41 32 201
195 162 230 70 102
196 197 170
198 158 159
211 224
212 117 88 80 81 90 91
213 214 206 241
215 86 252 227 228 229
216 217 233
218 181 160 100 120 126
226 204 169 147 168 79 153
235 94 209 12 67
236 183 184 225
237
238 56
242 95 96 152
243 151 38 45 97
244
245 246 247 256
248 220 163 164
249 31 69 202
250 189 145 112
251 219 133 66 82 144 240
254 21 55 50
