54
5 6 7 200 201 202
10 11 12 2 3 4 45 82
22 23 24 36 37 38
39 40 13 93 130 180
48 33 34 8 79 73 81
49 25 26 27 103 104
61 52 53 20 21 43 148 230
62 17 18 19 117
65 66 67 60 42 94 95
75 46 47 132
84 227 228
91 86 87 107
96 68 181
97 35 51 137
100 69 70 139
101 41 88 164
110 111 112
118 31 196
125 98 99
126 76 54 183 225
127 102 122 140
133 30 9 14 15 123
134 216 224
136 167 229
149 89 77 78 159
150 85 71 55 83 197
152 153 154
155 156 120 121 207 198
161 56 115
165 135 192 158
169 63 44 90 124
170 141 116
172 128 129 160
173 142 193
176 119 191 206 29 72 208
177 58 59 162 143
178 179 64 16
184 151 222
189 50 57
190 157 131 138 163
194 166 80 74
199 145 108 109
203 171
204 92 146 144 188
205 217 1 28
209 182 105 106 223
210 113 114 168
211 212
213 214 32 231
215 195 174 175
218 219
220 147
221
226 185 186 187
