59
14 197 198 199 200
23 176 282 283
29 24 173 184 211 45
35 30 18 19 20 21 99
62 31 32 59 100
72 46 47 48
86 87 42 273 137 196 201
95 96 25 26 27 33
106 107 88 51
112 90 109 110
127 36 117 118 111 162 236
132 101 102 80 81 156
135 136 58 82 215
138 49 50 103
145 1 2 3 258 259
146 147 104 105 120 121
148 149 194 195
152 153 97 98 182
158 128 140 65 66 67 68
159 160 177 185 266
163 262 263 264
171 73 41 12 13 144
172 125 126 161 250
178 37 38 39 40
179 74 210 265
183 53 54 55 78
186 57 270 245
187 89 69 70 237
188 167 168
189 108 115 116
190 218
203 204 251
205 180 181 223
213 113 221 222
214 242 133 134 17 34
216 217
220 11 10 60 157
224 225
226 122 64 85 91 212
227 206 207 208 209
231 277 278
238 235 43 71
241 123 124 92 93 83 56 202
243 267 4 44 268
244 271 22 28 143
247 154 155 229
248 249 284 131
252 63 5 79 276 114 151
253 192 233
255 139 129 130 170
256 52 15 16 119 193 94
257 84 142 219
261 164 165 166 246
269 254 75 76 77
272 6 7 61
274 234 228 232 8 9
279 275 239 240
280 141 174 175 230
281 150 169 191 260
