26
13 118 53 39 15 16 261 266 290 185 194 251
22 14 4 242 199 193 190 231 236 111 152 227
38 247 104 105 73 82 83 93 113 150 187 280
78 24 25 20 41 42 138 149 186 279
96 107 77 7 274 196 197 268
117 23 6 259 204 235 224 278 285 84 75 158 271
119 80 48 200 162 167 174 205 206 286 232 76 130 233
123 89 50 51 57 114 157 211
135 124 94 276 234 209 201 225 210 240 250
140 136 106 143 148 173 181 213 214 191 115 215
144 72 40 141 125 238 226 1 2 3 10 11 258
159 79 54 26 34 30 284 277 21 32 58 263
160 97 63 203 176 180 188 220 8 9 60
177 122 61 252 179 289 245 244 230 126 168 237 171 257
192 175 108 95 86 254 255
195 189 184 5 229 262 256 29 66 103 223
217 131 81 91 55 64 100 74 85 169 208
241 161 90 218 153 145 137 228 219 249 239 87 134 207
246 165 98 260 248 49 47 56 65 43 52 70 112 222
265 273 17 18 19 33 151
272 154 142 147 155 31 44 67 216
275 178 132 120 253 37 35 101 139 170 212
281 183 146 27 28 163 164 198 221 59 71 116 269
283 46 45 68 102 182 69 172 12
287 88 62 36 99 92 109 110 129 267
288 264 166 282 243 127 121 133 128 156 202 270
