53
32 1 2 3 49 71 72
33 17 18 19 105 208 230
39 20 243 250
53 54 48 61 62 87 201 172
55 8 9 10 11 12
56 57 294 60 135
64 65 163 237 4 5 38 89
78 79 80 81 111 176
90 25 26 271 272 279
106 107 108 69 66 30 31 46 23 24
113 16 6 7 290
117 181 182 154 115 183 184 209
123 114 109 147 148 268
130 192 193 82 83 84 166 214
136 74 75 76 77 206
152 67 68 29 27 28 150
153 91 235 238 266
157 126 127 128
161 50 21 22 151 264
162 98 99 299
168 169 137 125 100 112 205
170 124 70 116 140 190
180 73 34 35 36 37 86
191 63 58 59 92 93 94
194 195 196 197 160 189
199 200 149 198 300
210 211 139 143 144 134
215 102 103 104 110 185
220 177 129 13 85
223 138 174 217 218
231 173 187 188
232 145 146 212 213 247 248
233 226 227 228 229 262 289
241 234 240
242 186 119 120 121 122 263
253 207 171 175 255 265
254 43 44 133 239
257 258 259
261 47 45 88
269 141 142 156 219
270 216 236 95 280
274 158 159 164 165
275 155 224 225 14 15
276 221 249
281 131 245 246 204 256
282 283 284 267
285 51 52 244 132 203 222 260
286 287 288
293 251 252
295 118 96 97 167
296 40 41 42 178 179 273
297 291 292
298 277 278 101 202
