54
44 23 24 25 258 243 5 6 208
45 31 29 30 51 64
56 57 89 150 234
68 7 8 9 39 40 58 247
69 166 145 101 52
80 71 182 162 163 13 67
86 189 116 117 169
97 59 1 217 218 219
98 92
102 10 11 12 114 205
107 28 34
111 70 83 131 132 196
113 53 54 95
121 60 61 62 187
126 46 47 48 49 50 147
127 79 32 65 66
128 141 120 76 77 78
133 103 152 153 154
134 135 21 22 63 138
139 81 38 144 123 124 125
140 148 203
143 36 256 35 2 3 206
151 99 110 164
158 14 15 84 186 249
159 160 136 137
161 172 33 214
165 112 18 19 229 223
170 167 168 193 27 221
174 252 232 233
177 105 106 254
181 155 156 157
188 129 96 75 90 91
198 37 20 197
200 175 262
209 87 88 100 85 41
210 171 248
211 192
213 212
216 191 176
224 199 108 109 26 195
225 183 184
227 118 119 253
230 104 72 149
231 142 42 43 55 236
237 238 194 201 202
239 115 73 74 4 16 17 173
240 226 204 93 94 235
241 242 146 215
244 122 82 130 179 180
245 222 190 185
250 246 257
255 251 228 207
259 260
261 178 220
