66
2 3 4 5 6 7 208 209
10 11 12 13 14 15 256
20 21 22 61 62 174
48 28 26 27
55 50 16 17 54
66 33 1 52 133
67 217 113 167 188
72 73 74 75 95 103
77 8 9 63 64
82 83 38 39 40
84 85 86 187 29 89
91 69 70 132
104 41 42 255 220
105 106 107 177
108 109 110 111 112
114 68 57 173
120 121 233 18 19 235
126 46 34 35 36 37
127 128 60 213 214 191 147
129 130 166 53 161
138 172
148 144 145 159 202
154
162 32 49 30 31 81
163 44 45 87 88
164 165 51 80
169 93 94 122 155 168 179
175 176 274
180 78 79 146
182 183
189 149 150
193 43 23 24 25 215
194 156 184
195 229 230 231 234
197 171 186 244
199 170
200 201 158 196
204 56 157 90
205 206 207
210 211 212
221 252
222 223 254
224 115 116 65 118 119
225 226 227 280
228 263 242 253
237 238 190 141 142 236 131
246 92 47 58 59 203
247 272 273
248 218 219
249
250 232
257 181 123 124 125 160
258 241 198 76 102
259 260 245
261 251 96
262
264 243
265 240 153 143 71 178
266 99 100 101 151 152
267 268 239 98 192
269
270 140 134 135 136 137
271 97 117 139 216
276
277 275 185 279
278
