67
7 8 9 10 11 12 13
19 20 21 22 23 227
25 26 27 28 67
29 30 24 108
31 129 91
32 33 252 253
38 39 14 15 255
42 43 44 45 171
46 47 48
49 50 51 52 176
58 59 60 115 139
62 55 53 54
72 73 1 2 3 4 5 6
74 75 76 77 78 79
80 81 82 83
88 89 184 185
92 93 94 121 236
103 104 105 106 107 127
109 70 71 232
110 90 56 57
111 112 120 141 221
113 114 84 85
118 119 242
122 123 124 125 126
130 131
132 137 138 156 157
136 133 63 64 65 66
150 86 87 165 166
151 152 153 154 182
158 159 40 41 34 35 100 234
160 217 218 223 266
167 168 226
172 98 99 169 170
173 128
177 134 161
186 16 17 18 116 233
187 188 163 164 198
194 195 196
197
199 200 95 96 117
202 203 229 230
204 190 191
205 206
207 208 209 189
210
211
212 213
214 178 179 183
216 162 220 241
222 243 244
224 97 68 69 101 102
225 263
228 240
231
237 238 239
245 246 142 143 144 145 149
247 180 140 201
248
249 192 193 147 148
250 174 175
251 135 61 146
256 215 219
257 258 235
259 155 181
260
261 262 36 37 254
264 265
