57
4 5 166 173
9 10 11 12 132
21 153 154 180
24 25 26 1 2 3 177
27 28 234 6
32 33 34 50 51 155
38 198 30 47
44 45 46 215
59 60 13 36 37
63 29
64 65 193 194 195 196
84 81 179 15 16 159
88 85 73 83 216
92 82 140
93 48 49 80 58 208 119
96 97 233 168 133
106 107 108
109 89 114 167 212
110 52 53 54 55 183
111 112 207
115 90 91 190 191 217
116 117 7 8
118 218 219 19 20
120 121 122 123
125 126 94 95 86 99
135 136 137 164 172 227
141 142 61 62
145 76 77 78 79 39 40 41 75
146 147 98 35 134
150 151 70
152 22 71 72 187 188 189
156 157 158 197
161 162 163 171
170
174 175 74 124
178 200 211
181 182 139
184 185 186 213
192 66 237 238
199
201 203 226 23 31
202
204 100 101 17 18 14
205 102 103 104 105
206 57 138
209 210
214
220 229 230
221 165 113 42 43
222 223 224
225 67 68 69
228 143 144
231 232 127 128 129 130 131
235 56 87
236 160 169 176
239 148 149
240 241
