68
1 2 3 4 93 94 157
10 11 12 59 72
26 27 29 30
32 33 28 67 224
34 92 123 124
40 13 14 15 16 9 89
42 43 253
45 46 47 48 49 50 223
61 62 173
69 65 66
73 36 37 38
74 75 76 77
78 79 19 71 155 156
81 82 83 84 85 86
87 22 23 24 105
96 97 98 107
99 100 101
108 109 110 248
111 6 7 8 169 5 261
112 118 35
116 55 56 57
117 140 213 214
125 139 153 90 119
127 128 149 241
129 130 70 190
135 136
142 143 138 126 210 230
144 193 88 106 132
145 146
147 63 64 31 166
151 200 201 114 115 172
158 152 221 222 154
161 168 102 103
180 120 209
181 182 183 184
185 203 204
188 237 238
191 95 58 150 133 134
192 212 236
195 104
196 21 20 17 18 68
197 198
199 159 186 179 218 170
205 194 174
206 131 91 175
208 121 60 167
215 202
219 216 217
220
225 39 113 211
226 227 122 164 165
228 260
229 137
231 232
233 80 189
234 235 254 255
242
244 176 177 178
245 148 160
246 187
247 249
250 41 25 141 171
251 51 52 53 54 239
252 162 163
256 243
257 207
258
259 44 240
