66
1 2 3 4 5 6
12 13 14 15 35 123 124
23 42 139
32 26 17 131
38 172
55 43 44 45 193 217
65 31 74
66 67 62 63
70 71 51 52 75
81 82 56 19 30
83 84 85 107 108 109
97 46 47 48 10 11 110
102 103 20 21 22 141
104 105 138 170
113 106 230
117 115 116 128 130 201
120 76 77 151 152
121 122
127 178
129 158 159
132 133
134 135 136 7 8 9 87
147 39 40 41 61 209 210
148 100 101
156 208
162 88 89 59 60 80
163 91 53 54 64 112
164 149 183
165 166 160
179 57 58
180 118 119 68 69 167
181 182 27 28 29
184 236
185 125 126 142 143 153
186 33 34 188 150
187 92 93 94
189 190
192
194 195 72 73 90 213
199 137 173 174 175
200 222
202 140
203
205
206
207
211 16 144 111
212
214 198
215 168 169
216
219 98 99 78 79
220 221
225 145 24 25 86 161
226
227 196 197 204
228 157 114
229
231 155 171
232 191
233 234 235
237 223 224
238 154 146
239 95 96 49 218
240 36 37 18 50
241 176 177
