39
31 15 1 228 2 10
76 5 209 197 165 130
77 23 232 218 200 198 58 55 149
97 28 16 19 37 73
98 52 44 21 202 9 38
102 60 48 222 30 224
110 32 3 4 106 141
111 67 227 234 12 40 109
112 74 75 101 122
124 33 151 103 81 66 157 14 123
132 34 179 172 184 185 50 118
133 83 61 204 136 199
142 43 29 25 26 47
143 84 62 63 117
150 42 17 152 128 129 145 155
160 88 68 69 96
161 189 114 49 91
163 51 35 219 115 177
166 99 65 64 45 89
167 119 104 95 116 131
170 121 13 39 70
180 113 100 85 86 137
181 138 147 173
186 125 164 144 154 174
187 127 108 139 183
188 156 71 120 207
191 135 79 80 208 87 195
196 193 220
203 162 158 159 194
211 56 24 192 190 140 72 178
212 126 94 11 18 20 41
213 168 53 54 22 46 92
214 210 93 206
216 171 153 169 223
221 146 6 7 36 59 230
225 78 57 217 201 205 8 27
226 182 175 176 229
231 134 107 90 82 105 148
233 215
