24
95 1 173 129 68 113 106 165 82 94 121 185 104 229
117 49 232 212 202 226 35 52 216
160 99 204 170 29 264 76 89 122 254
172 54 163 100 32 24 25 190 218 74 260 11 20 37 144
181 118 79 75 44 33 18 214 59 67 126 8 38
187 151 43 16 262 58 51 22 90 138 227
195 147 2 146 102 107 108 112 140 191 139
198 133 78 249 223 30 34 15 167
199 161 130 135 206 224 45 39 46 84
207 128 60 182 134 101 235 213 186 27 19 7 12 85
208 150 257 205 148 73 141 153 177 234
209 164 3 42 5 6 10 242 47 123
230 174 152 120 63 69 81 83 180 243
231 189 56 57 9 158 166 203 28 105
236 127 55 188 156 124 197 221 265 228
237 145 86 200 162 240 220 241 125 137 225 23 110
238 169 62 217 192 175 157 159 194 253
239 266 222 171 131 233 36 40 41 65
246 149 91 72 201 184 193 245 77 93 143
247 154 96 61 219 210 183 258 251 92 103 14 21 53
248 196 87 114 66 136 176 116 31 48 178
255 155 97 71 50 26 88 4 64 70 109 244
256 168 119 80 250 179 259 115 252 142 261
263 211 111 17 13 98 132 215
