64
10 11 12 13 14 15 16
19 7 8 9 74 206 207
22 23 58 39 90 245
33 267 251
41 42 17 18 2
43 32 247
52 180 73 53 54 55 173
61 34 26 72 200
65 238 239 276 261 262
75 76 77 78 79 80 81 235
82 83 66 284 285
87 88 89 84 85 186
91 92 93 179
95 96 167 184 219
106 44 27 40
107 108 109 110 111 174
112 113 114 115 123 124 221
116 20 21 47 48
117 223 224 255
125 71 178
131 132 59 60 160
135 101 1 3
139 126 102 103 104 105
154 155 121 122 189 240
161 136 137 138 279
162 4 5 6 36 37 94
165 143 144
169 170 171 38
175 140 62 63 64 119 120 195
181 231
183 166 242 291
191 145 146 86 97 98 99 244
192 193 205
196 35 271 201 202
197 198 199 254
203 150 151 241
209 210 172
211 168 185 280
212 176 177 182
213 214 147 148 159
215 100 56 57
216 217 218
222 163 164 190
225 187 188 269 246
226 49 50 67 68 252
227 228 229 127 128 129 130
230 243
234 31 69
236 237 194
248 156 157 253
249 250 232
256 257 258 259 260
264 265 266
268 118 204 220
270 158 278
272 208 133 134 233
273 141 142 263
274 275 288 289
277 24 25 51 149
281 28 29 30 70
282 283 45 46 152 153
286 287
290
292 293
