58
4 5 6 7 256 292
34 24 25 26 93
41 42 146 147 148 294
60 27 151 152 178 271
76 21 22 23 68 69
78 79 80 81 105
83 35 36 31 32 33 71 173
106 64 244 226 214 240 241
112 46 38 39 229
116 100 73 159
117 296 298
126 252 52 53 58 59 130
134 61 62 51 55 56 75
135 14 15 276 118 168 169
141 142 143 172
144 140 233 16 17 104
155 94 95 57 74 280
160 245 236 12 13
163 188 189 190 191
164 107 96 289 153 242
174 77 47 262 269 293
175 176 217 272
184 145 102 120
192 193 219
201 177 283 110 111
213 131 132 133
220 161 48 82 211
223 113 84 85 29 30 119 154
224 115 162 291
225 221 92 209
231 72 54 37 86 195 230 270
232 10 11 149 150 179
234 203 204 205 186 43 40 200
237 212 185 28 87 208
238 235 197 181 182 183
246 170 101 70 167
247 18 19 20 199
248 158 250 187
249
251 1 2 3 9 91
253 180 127 128 129 198
254 121 122 216
257 137 138 206 207
260 165 166 218 279
261 239 265
263 202 156 157 89 90 273
266 267 171 210
268 288
274 125 44 45 124
275 264 258 227 228 123 196
277 278 8 49 50 88 243
281 114 66 67 103
282 109 259
284 139 136 108 65 63 97 98 99
285 194
286 215 290
287 297
295 255 222
