74
9 10 11 12 13 14 43
31 32 33 34 35 36 56 122
38 39 40 41 42
44 123
57 58 59 60 271 272
61 62 52 53 237
69 48 51
72 73 30 77 78 283
74 75 63 64 65 66
79 80 67 68
84 85 86 87 128 288
88 89 90 91 92 146
93 94 70 71 141
104 29 45 46 47 198
108 49 50 130
115 116
118 119 83 103 209
131 76 126 127 150
142 105 106 107 219
143 144 182 280
147 114 23 121 129
151 109 110 111 112 164
157 158
159 156 152 153 154 155
160 161 162 163 207
165 166
167 25 1 2 3 4 189
168 169 170 171
172 173 174 175
176 177
179 180 181
183 184 185 186 206
190 98 149
192 268
193 145 196 197
199 200 97 81 82 113
201 202 194 276
210 5 6 7 8 24 37
211 191 226
212 100 101 102
220 139 138 279 251
221 217 286
224 132 133 134 274
225
227 228 148 204
230 231 54 55 96
232
233 18 19 20 21 22 117
234 235 236
238 15 16 17 140
239 120 275
240 241
243 124 125 218
245 187 188
246 99 213 214 249 287
247 26 27 28
248
250 284
252 178
253 254 216 215 208
255 256
257 244 229 203 222
258 205
259
260 261 262
263 135 136 137 95 273
264 265
266 267
269 270 242
277 223
278
281 195
282
285
