70
1 2 3 4 5 109 70 206
16 17 18 19 20 21 151
22 23 24 25 44 166 175
35 36 26 58 174
45 46 47 48
51 183 135 150
66 59 60 61 38 195
71 72 203 204 205
80 81 121
85 73 74
93 10 11 12 13 14
94 95 96 39 40 41
101 102
112 104 8 9
113 114 132 133 134 242
125 126
127 99 100
130 118 62 79
138 139 207
142 148
144 145 56 57 169 170
152 122 123 124
153 154 105 106 217
159
163 164 192
171
172 173
182 251 252
185 115 116
186 187
188 67 68 69 110 111
189 190 155
191 63 98
193 194 53 54
197 140 141 149 161
198 131 200
199
201 82 83 84 218
202 28 29 30 33
209 75 76 77
210 211 136 208 91
212
213 107 108 143 128 129
214 119 120 137
215 184
216 103 97
219 220 221 222
223 146 147 271
224 42 43 89 90
225 157 158
229 156 244 245
230 231 15 162
232 233 234 235 246
237 65 49 50 92
238 239 240 241
243 264
247 181 87 37 117
248 179 180
249 250 257 258
253 178 165 177
254 55 27 78 196
255 86 34 168 265
256 31 32 160 167
259 260
261 88 52 64
262 226 227 228
263
266 267 268
269 176 236 6 7
270
