42
14 15 123 100 106 146 228
30 24 7 4 91 3 5 6 23
43 39 40 37 36 80 232
98 50 41 271 83 84 196
102 9 10 256 267 241 242 74 59 126
107 44 156 135 162 140 181 251
108 70 49 79 121 167 28 97
127 54 55 25 26 27 68 64 212 214
134 73 113 138 189 60 142
149 78 145 153 163 231 289
150 128 71 227 66 225 266
155 109 89 85 86 190 219
159 99 88 62 63 42 34 139
160 87 35 11 12 13 8 96 201
172 173 129 115 67 112 213
177 143 144 105 125 200
184 130 17 18 19 20 21 168
185 152 33 52 166
191 119 110 90 215 38 114 148
203 274 235 260 288
221 224 186 218 281
222 53 31 32 198 157 193 58 94 95 171 290
223 151 82 101 194 209
233 69 61 57 124 165 237
234 179 180 211
238 103 81 56 51 72 147 75 220
239 164 276
240 255 1 2 22 29
248 280
252 118 206 207 210 272 217
253 161 45 46 47 111 158 197
254 286 269 76 216
258 170 226
259 93 229 249 250 243 92 195
263 175 176 199 246 183 77 182
264 192 205 236 48 141 262
273 178 137 169 247
279 244 245 287 230 277
282 16 202 174 120 136 257 268
283 104 65 131 116 117 154 188 122 278
284 204 132 133 187 208 261
285 275 265 270
