72
1 248 152 153
4 5 14 15 16
11 12 13 46
21 22 23 24 25 26 87 88
27 28 29 30 31 32 158 159
38 39 40 41
67 134 70 71 72
73 74 75 76 77
84 42 43 44 45
93 33 34 35 98
105 106 123
108 68 69 9 10
115 116 117 118
120 121 2 3 6 7 8 37
124 85 86 63 64 65
125 126 127 255
129 130 178
131 103
132 149 150
133 109 110 181
138 53 54 55 56 57 58 59
139 79 80 81 282 283
143 78 136 166
144 145 82 83
156 157 151
163 95 96 179 234
164 165 286
167
168 66 111 112
169 203 285 196 209
170 171 140 141 142 180
172 173 174
175 90 91 92
182 99 100 197 198
183
184 185 186 251
187 94 60 61 62 137
189 190 191
192 188 155 135 259
193 194 195
199 200 201 202 207 208
204 205 17 36 89
210 211 212 213 254
214 154 101 18 19 20
215 128 250 281
216 217 177 51 52 119
220 114 147 148
221 222 238
224 102
225 226 243
227 228 268
230 113 176 218 219
231 47 48 49 50
235 236 237
239 242
240 241 97 104
246 247 122 223
249
253
256 257 258 279
260 261 262 263
264 265 146
266 206 229
269 160 161 162
270 271 272 273 274
275 276 244 245
277 267 107
278
280
284
287 288 232 233 252
289 290
