63
14 15 248 69
16 17 18
28 29 131 132
34 238 163 164 165 166
36 37 38 5 6 7 8 9
39 40 41
44 45 46 47 1 2 3 4
56 101 216
57 48 49 50 51 146 225
61 62 63 43 60 200
71 24 25 26 27
74 52 53
75 76 207
80 81 67 194 162
86 87 104
93 64 85 224
94 99 100
97 72 73 137
105 106 147
107 108 109 68
112 59 139 148
113 102 103 171 172
114 110 111 217 215
115 95 96
116 117 77 78
121 42 219
122 123 242
127 128 129
143 208 249
145 211
149 82 83 84
150 151 152 153 10 189
154 155 156 126 209 229
157 158 159 160
169
173 54 55 70
174 222 118 119 120
178 133 134 135 136
179 180
181 167 144 130 161 195
182 202 125 221 244
183 58 11 12 13 188
184 98 140 141 142
185 186 187 232
190 65 66 170
191 192 175 176 177
193 239 138
196 168 240
197 198 199 79
201
203 204
205 206
210 233 234 231
212 88 89 90 91 92 245
213 30 31 32 33
218 35 214
220 19 20 21 22 23 226
227 228 223
230
235 236 237
241 124
243
246 247
