46
12 13 10 61 184
67 39 14 15 188 174
85 53 43 110 234
91 20 21 22 126 153
117 40 36 227 213
118 47 70 210 269
131 108 98 166
140 133 145 157 224
142 69 41 29 32
150 65 66 71 177
160 68 1 191 113 114 158
161 62 55 56 51 52 154
162 125 268 80 81 206
171 63 64 187 197
179 24 25 26 30 31 82
180 175 176
192 97 46 33 201 262 77 204 205
193 78 226 185 186 198
194 112 101 102 170
195 116 249
199 100 86 87 83 84 99
200 109 159 141 149
207 17 4 5 6 7 72 178
208 49 212 156 148 44 45 167
209 144 233 3 8
211 172 135 242 16 73 169
217 215 202 23 90
219 119 120 138 240 38 89 115 168
220 107 93 94 121 122 235
221 196 218
232 272
236 181 182 183 136 164
245 132 104 105 124
246 143 60 129 130 257 139
250 147 19 27 74 190
251 214 256
252 127 18 260 271 263 222 228 229
253 128 75 76 216 189
254 230 151 163 9 11 59 111 243
255 237 223 241
258 54 50 2 34 35 165
259 155 137 152 173 203
265 92 79 57 225 264 42 88 106
266 134 239 238 146 244
267 261 58 95 96
270 247 248 231 37 48 103 28 123
