53
1 55 37 158 104 169 92 93
12 13 14 5 78 79
20 21 22 227 18 64
41 42 43 32 33 277
48 49 114 115 86 282
59 189 155 15 16 17 53 54
69 70 263 264 281
87 57 58 157
96 6 7 8 9 10 11 66
112 26 27 24 25 28 91 103 132
116 117 118 119
121 38 39 40 94 95
124 83 213 159
125 126 127 89 147
143 120 249 235 267
152 145 146
153 231 240 134 135
154 108 216 141 161
162 259 172 177 269
164 144 99 265 266 236 175
165 113 50 51 47 139
170 140 123 204
176 181 200 52 131
183 60 61 62 63 105 268
184 156
185 74 30 31 76 201 202
186 199 228 271
190 148 238 223 174 221
191 137 138 225 229 230
205 178 129 130 142 72 81
206 136 109 110 111
210 171 67 68 160 187 226
211 73 56 256 257 80 276
212 234 218 44 84 90
214 167 168
222 207 208 173 34 77
232 122 98 101 270
233 82 29 23 65
237 163 193 194 150 151
241 215 196 197 128
245 2 3 4 19 85
247 166 251 252 106 107 180
248 239 203
250 242 243 45 46
253 246
254 255 217
258 195 192 198 219 220 244 209
260 261 262
272 97 75 102 188
273 100 88 149 133 182
274 275
278 224 71 179
279 280 35 36 283
