56
13 14 15 16 78
23 24 25 104 105 160 195
29 30 31 128 129 130 131
33 34 35 176 177 178
45 36 37 38 39 40 107 223
46 47 48 108 186 147 164
56 57 242 6 7 8
73 190 191 213 214
82 80 81 90 203
83 49 155 156
85 225 226
92 52 53 99
103 68 69 72 4 5 141
111 112 142
119 64 65 87
120 123 218
121 9 10 11 12
122 60 61 62 183
127 109 94 95 55 132
134 96 97
135 1 2 3 32 54 179
136 102 113
137 138 118 148
143 86 228 227
144 17 18 41 42
145 146 126
149 161 162
150 114 19 20 50 59
151 63 43 71 140 182
152 153 154
157 84 91
158 159
167 74 75 58 106
169 170 173
171 172 189 217
187 165
188
196 197 181 139
198 116 66 174 175
199 200
204 205
207 239 21 133
208 110 212 192 193 194
210 168 93 76 67 163 180
211 184 185 243
215 216 231
220 117 70 201 202
224 206
229 209
232 230 234
236 115 51 26 27 28 79
237 101 77 98
238 88 89 235
240 124 125 222
241 233 22 44 100 166
244 245 221 219
