64
7 8 5 32 120 121 278
30 10 11 12 13 14 89
31 49 50 65 66 128
44 45 46 193 194 195 22 58 92
68 286
70 131 132 133 127 276
77 78 27 28 29 112
129 55 56 57 23 24
134 135 79 80 247
138 122 123 1 2 3 4 148
139 140 141 142 117
145 93 94 143 69
155 151 152 153 257
156 81 238 239 180 181
160 215 39 91
161 37 38 9 33 99
163 67 17 18 19 290
164 165 166
171 113 114 115 116
172 85 207 118 119 283
173 174 6 168 169
176 75 248 249
177 107
182 157 158 266 76 170
183 184 51 220
189 190 34 35 188
191 192 125 126 61 268
196 197 198 186 187
199 97 213
200 201 149
204 105 106 53 54 137
205 206 86 87 72 73 74
216 217 202
221 222 235
224 274
228
229 62 63 64 167
230 209 210
231 232 233 234 15 16
236 225 226 101 102 103 214
237 146 147
240 20 21 108 109 110
243 244 162 124 47 48 250
245 246 95
251 130 82 96
252 71 52
253 100 88 98 104 203
254 255 256
258 208 42 43
259 260 159 111 150
261 262
263 218 219
264 265 227
269 241 242 279 36 277
270 40 41 178 179 60 59 83 84
271 175 185
272
273 25 26
275
280 144 267
284 211 136 154
285 281 282
287 288 212 223
289 90
