62
1 2 72
11 12 13 14 8 167 168
17 18 19 238 239 240
26 27 28 29 30 54 55
43 44 45 46 47
56 98 78 62 63 64 169 170
69 70 71 85 110
74 3 4 5 6 7
75 76 89
77 183 184 187 173 158 166 171
84 157 104 61 180
91 15 16 65 181 182
92 93 81 212
100 20 21 22 115
107 38 39 59 218 86
108 109
111 112 88 204 50 199
118 94 95 96 97 248
119 120 121 53 106 153
124 48
130 67 247
131 82
133 116 117
134 23 24 25 73
136
143 144 103 42 66
145 101
147 32 33 34 35 36 37
149 135 113 114
150 127
160 161 205
162 40 216 233 151 152
163 164 31 123
165
172 141
175 176 185 90 128 154
178 146 174
188
189
190 57 58 217
191 148 79
192 193 194
195 196 138 139 140 122
200 132 105 142
203
206 87 52 68
207 179
208 209 210 211
213 99 155 156 177
215 197 198
219
221 186
223 214 159 237 41 102
224 225 226 227
228 229 201 202 60 220
230 231 232
234 222
236 125 126 80 49
241 235 9 10
242 243 244
245 129 137
246 51 83
