50
32 15 115 116 98 109 137
40 18 6 7 59 136 252
46 19 13 14 165
65 33 8 1 2 3 4 5
77 53 54 58 266
95 71 72 81
105 66 221 196 224
113 90 91 141 200
114 22 23 24 92 85 123
119 41 42 43 44 20 194
126 70 34 35 36 156 45 74
127 121 122 248
138 21 16 62 57 73 191
147 52 226 169 170 171 190 204
152 135 154 37 38 110
161 96 78 269 86 99 88
166 134 61 69 125
167 142 63 64
168 75 83 84 93 272
179 143 144 124 184
185 26 27 28 55 56 159
186 151 128 129 130 79 80 195
201 149 270 155
205 206 207
208 120 260 261 259 157 211
212 213 176 60 76 82
214 215
216 139 182 183 172
217 218 181
220 67 68 111 199
225 187 153 145 146
227 228 271 104 174
230 178 163 164 177
231 209 251 39 158
232 219
235 47 48 49 108 210 229
236 12 9 10 11 29 30 94
238 133 101 102 112 31
239 175 140 131 132
240 222 203
243 148 254 87 103 100
244 245 265 50 51 89
249 223 197 198
253 202 117 118
255 150 106 107 97 193 180
256 162 263 250 17 173 25 192
257 160 264 237 242
258 246 247
267 188 189 262
268 241 233 234
