62
1 2 3 4 73 87
26 27 28 29 20 21 42 43
35 7 8 9 10 11 12 245
44 13 14 15
52 53 54 33 118
56 57 65 66
67 251 252
74 75 38 39 132
81 82 45 46 77 78 238
113 166 99 148 226
115 32 19 34 130
119 107 108 164
120 30 31 62 63 171
121 198 199 200 95
122 185 55 216
126 40 48 49 50 51
127 128 129 237
143 103 97 98
147 208 236
150 104 105 137
151 152 162 163 222
158 159 93 94 80 139
160 102 83 84 223
161 92 70 193
165 134 153 112 135
173 5 6 41 133
174 175 176 209 210
184 123 124 215 244
195 155 36 37 16 17 18 172
196 144 85 96 136 154 138
197 224 218 262 235
201 145 146 116 221
204 205 206
207 188
211 47 274
213 181 182 86 101
219
227
229
231 110 111 191 192
232 214
239 228 88 89
241 242 243
246 186 230 79 58 59 194
247 248 76 100 217
249 233 177 178
250 189 187 68 69 170
253 149 141 269 61 109
254 156 157 131
258 212 22 23 24 25 140
259 125 220
260 167 168 169 183 64 106
261
263 264
265 202 203 240 190
266 267 179
268 270 142 180
271 114 91 60 71 72 90 234
272 117 278
273 225
275 255 256 257
276 277
