56
2 3 1 44 49
8 9 10 4 5 6 7
23 153 136 164
50 36 177
58 183 154 222
71 51 13 171 186
75 15 16 17 85 110 101 102
76 77 66 62 53 86
88 72 67 65 81
105 97 178
108 109 63 30 14 100
111 106 107 95
125 45 46 47 55
126 93 94 68 176 180
128 127 192 193
132 38 96 78 79
137 130 205
138 52 43 57 232
139 208 225
145 89 90 80 155
146 61 37 69
147 70 140 124
148
150 129 112 113 114 115 131
151 59 60 28 157 158
161 204 103 104 92
167 218 219 220
168 41 42 33 34
169 141 142 149
173 209
181 74 175
182 152 134 32 26 27
184 24 25 87
189 133 117 118 166 172
190 73 64 98 144
191 207 227
197 135 194 195
198 56 163 91 120 159
199 228 229
202 84 21 22 116
203 234
206 211 143 201
210 39 40 99
212 160 82 83 119 122 179
213 162 185 196
214 233
215 18 19 20 156
216 165 187 188
217
221
223 224
226 239 240
230 231
235 35 12 11 54 121
236 170 174 200 31
237 238 29 48 123
