66
2 240 241 256 128 185
9 10 148 149 196 197
16 17 49 50 51 167
18 19 20 64
21 22 23 103 142
24 25 26 27 73 136
31 13 14 15 186
32 117 244
34 35 36 3 4 5 203
38 39 11 12 251
44 45 46 47 135 189
54 55 56 57 58 93 217
67 68 141 104
69 52 53
70 71 72 1 134
77 28 41 42 43
82 83 84 96 97
87 88 254 255
109 100 101 102 232
110 111 112 113
114 90 150
119 78 79 85
120 121 138 169 170 30
123 124 125 160
129 61 62 218
130 163 164
131 132 133
143 139 140
147 40 33 91 162
151 144 145 146 99
152 153 154 155 156
168 257
171 172 226 191 192
173 29 59 60
174 89 86 122 198
175 176 177 230
180 65 66 6 7 8
181 48 80 81
193 105 106
204 115 116
205 242
206 94 95
207 194 195 37 243
211 98 92 63
212 208 209 157
214 215
216
219 161
220
221 253
222 182 183 107 199
223 224 237 238
225 250 213 184
227 228 229
233 137 188 231
234 200 201 202
235 187
236 252
239 74 75 76 108 118
245 158 159 166
246 247
248 126 127 165 210
249 261
258 190 178 179
259
260
