68
17 18 47 48
24 3 4 5 87 200 158
25 26 46 120
28 29 20 21 53
36 30 31 175 176 110 234
42 43 32 33 177 217
58 10 11 12 6 7 91 92
68 65 66 67
69 70 71 72 73 135
82 37 38 14 115
83 13 109
95 59 60 167
96 75 76 237
101 102 8 9 154
103 80 81
116 94 168 169
121 210
122 45 222 131 132 221
123 85 86 241 202 16 213
126 127 15 19 22 23 136
130 108
138 128 129 104 194
139 105 106 39 40 41
142 111 112 113 199
143 144 145 164 209
150 118 119 187 188
151 84 244
152 153
155 156
159 160 1 2 281
165 55 56 57 157 229
166 61 62 63 64
171 172 49 50 51 52 74
173 117 27 35 191
178 179 140 141 107 93
180 181 182 249
184 185 174 162
195 189 190
201 257 245
203 163 183 236 264
208 253
211 204 124 125
214 215 216 228
218 219 266
223
224 44 274 100
225 196 197 198
226 227 258
230 170 133 134 250
231 232
235
238 88 89 90
248
251 252
254 54 34 77 276
255 192 148 149 275
256 205 206 207
259 97 98 99 193 79 114
260 146 147
261 239 161 137 78 247
262 263
265
267 268 269 240
270 271
272 212 220 246
273 186 233
277 278 242 243
279 280
