47
1 2 273 274
7 8 233 234 161 108 150 212
33 10 36 210 278
46 40 243 262 263
58 39 266 144 16 11 49 50 250
99 75 70 279
100 101 214 215 116 208
104 105 29 122 123
124 43 228 225
128 87 69 268 232
135 60 61 112
142 143 90 218 219 239
151 152 118 98 119 209
159 65 224 162 249
160 114 115 207 117 211
164 276 277 133 146 241
167 47 9 5 6 71 103
176 38 35 148 23 24 25 57 109 257
177 97 88 132 156 216
178 84 85 81 30 72 96
179 130 52 54 83 157
186 106 63 64 89 102 120 264
187 169 127 163
189 255
194 261 17 26 32
195 68 34 170 165 180 221 246 22 110
196 74 66 3 4 28 55 174
197 126 93 231
198 171 240
201 202 238 45
203 12 13 14 15 77 67 138 247
204 205 181 131 191
222 59 136 137 41 95 73 193
223 129 44 149 172 280 82 158
227 19 220 199 183 184 192 147 134
236 235 248
242 213 269 270 91 226
245 53 155 190 256
251 86 62 48 27 42 51
252 253 217 145 182 37 173
254 79 80 121 31 56
258 206 20 21 200 18 92
265 113 175 230 229 153 154
267 237 260
271 125 78 76 111 244
272 168 139 140 166 185
275 259 188 107 94 141
