69
22 23 24 25 59
35 36 37 182
41 42 43 28 29 30 45 113 114
48 1 12 13 14
51 52 53 54 139 209
57 27 56
61 10 11 32 33
67 15 101
73 74 75 76 80 81
87 44 117 189
92 82 83 106
96 97 98 99 109 164
107 108 112
110 111 55
115 77 78 79
116 104 105 222
119 120 2 3 4 8 9
123 124 268 5
125 69 70 187 188
128 129 130 217 218
131 121 58 86 204
132 133 134
144 145 195 244
146 147 122 168
148 38
149 150 151 212
154 126 93 94 95 103 169
155 156 142 143 31 39 40
170 16 17 18 19 90 91
171 62 63 64 118
172 173 157
177 178 84 85 215
184 158 190
186 161 162
191 179
192 6 7 71 72 230
193 194 20 21
196 68 251 252
197 198 199 202 203
201 245 246
210 263 47 152 153
211
219 220 167
223 224 185 159 160 200
225 138
226
227 163
231 88 89 257 221
232 26 100
233
234 140 141 175 176 265
235 49 50 34 60
236 237 205
238 239 240
241 174 180 181
242 243
247 248 216 267
249 213 214
250 183
253 254 165 166
255 228 229
256 135 136
258
261 206 207
262 259 260
264
266 46 65 66
269 127 102 137 208
270
