35
30 13 128 129 198
36 7 126 55 72 162
51 22 62 79 130 4 45
60 31 161 136 183 33 74
70 37 32 6 5 11 35 112
95 8 168 14 16 29 103
104 49 47 121 177 73 109
115 71 163 164 188 142 204
117 78 176 19 20 59
119 82 175 207
122 97 166 200
124 46 41 39 56 138
125 84 206 50 63 86 144
131 61 53 9 10 58 92
134 12 123 90 87 143 184
135 105 25 18 23 34 77
139 100 116 146 108 194
140 210 106 48 80 205
150 52 133 2 3 24
151 96 40 38 42 66 99 185
152 127 178 193
159 64 57 94 169 209
160 113 85 98 158
167 132 93 91 154 208
172 81 65 28 192 15 17 44
173 118 110 191
174 182 211 76 111
180 21 156 107 101 170 148 43 155
181 141 147 153 201
186 89 75 67 102 189
187 1 26 27 69
195 120 114 137 171
196 145 157 54 68 179
199 197 88 83 149
202 165 190 203
