65
21 1 2 3 256 257
22 23 24 25 26
29 30 31 85 86 87 105
47 48 49
50 27 28 161
54 55 100
70 14 15 5 6 7
74 75 76 177
80 220 200
91 92 71 224 121
93 94 103 104 46
109 110
111 112 113
114 115 148 149
116 118 60
122 38 39 40 41 77 197
129 35 36 37
133 89 90 241
135 165
145 44 61 138
151 51 52 101
152 84 230
153 127 128
157 123 98 99 242
158 159 160 134
162 57 58 59 137
169 18 19 20 34
170 8 9 10 11 12
174 175 176 205
179 132 16 17
182 53 62
183 95 96 97 150
184 42 43 78 79 251
185 72 73 119
186 187
188 164 45 106
189 190 246
191 65 66 67 68 69 88
192 154 32 33 141
198 56 125 63 64 136 254
199 130 131
202 167 168
206 163 142 144
210 194 195 240
211 212 229
213 166 172 201
214 207 208
215 216 171 196
217 218 83 255
219 108 139 249 250
223 102 120 117 236
225 193 156
226 227 143 178
231 124 126 173
232 107 81 82 155
233 203 204
234 235
237 209
238 221 222 140
243 146 147 228
244 180 181
245
247 248 253 13
252 239 4
258 259
