64
2 3 4 5 6 7
13 8 29
14 15 16 17
22 23 24 44 45
30 40 41 42 56 132
37 38 62
39 31 18 19 20 21 136
66 67 79
80 32 33 140 238
81 63 213
83 34 35
84 54 55 64 65
87 77 78 135
91 68 186 187
99 100 101 102 179
109 70 71 72
110 111 112
117 118 119
120 74 75 76
122 123 124
125 106 107 96
126 127 108
128 129 130 152
133 134
142 50 51 89 219
143 53 220 221 148
153 85 27 28
154 155 165 166 167
156 114 141
157 158 159
173 9 10 11 12
174 175 176
177 178
180 95 149 150
181 146 147
183 211 36 59
185 82
189 190 191 192 208 237
193 52 144 145 137 138
194 163 1
195 164 131
196
197 98 25 26
198 88 103 218
199 160
201 69 57 58 60
202 203 204
205 86 115 116
206 207 168 169
209 170 161 162
214 121 97 139
216 229 231
222 215 210 47 48 49
223 104 105
226 46 182 151 217
227 228 230 200
233 234 235 236 212
239 92 93 94 184
240 171 172 90 232
241 242 113 43 188
243 244
245 73 61
246 224 225
247 248 249
