53
19 174 115 116 159 160
42 9 10 75 149 210
61 45 46 67
79 219 81 82 154
85 56 38 39 57 183
86 59 32 249
95 51 204 153 150 78 226
96 71 66 89 148
99 5 6 7 8
102 77 121
105 27 28 103 104 170
106 72 83
125 22 23 228 229
129 253 120 163
130 43 217 212 236 33 84
131 110 223 230 12 13 58
140 14 15 147 208 90
141 107 108 109
156 65 48 76
157 196 166 167 168 255
161 201 70
164 92 93 94
165 123 124 182
173 64 47 18 36 73
175 152 111 112 113 41 91
178 54 21 37
179 132 133 11 188 220
186 126 87 88 128 169
190 74 44 53 155
191 187 172 209
192 193 194 245
200 117 118 119 134 135
202 142 227 17 26 69
203 158 198 199
211 34 35 68
215 143 144 29 49
216 206 207 254
221 80 52 60 122
222 146 97 98 139 30
231 62 127 138
232 233 205 213 218
234 235 2 3 50
237 55 171 240 136 137 145
238 176 177
239 224 225
241 180 162 185 259
242 189 184 214
246 114 243 244
247 257 258
248 16 31
250 4 1 24 25 40
251 63 20 197 181 256
252 195 100 101 151
