68
6 7 8 31
9 10 4 5 23
19 14 15 16 36 118
50 11 12 13 37
58 59 60 61 91 224
62 20 230 231
75 3 77 54 211
76 28 29 30 102 103
83 84 48 42 43 44
87 68 56 66 199
88 41 276
104 90 136 236
105 106 107 270 1 2
108 45 46 113
114 63 64 65 185
119 120 121 122
123 124 125 126 127 212
129 130 131 234
132 38 39 40
133 134 135 195
137 115 116 140
138 139 32 33 34 145
149 150 217
153 154 155 141 232
158 89 228 188 197 198
161 162
165 160 277
170 93 94 95 97
172 55 247 248
173 152 21 166 205
176 177 178
186 187
192 182 183 49 189
203 174 175 181
206 79 73 96 148
207 51 52 53 128
208 209 72 112
214 70 24 146
215 216 237
218 85 86 117 235
219 191 194
220 193 17 18 67
221 222 223
225 80 22 144
226 204 265
227 210 271
229 159 246
233
240 241 242 147
243 200 167
244 47 35 57 163
245 201 196 238
249 92 81 82 143
250 180 184
251 252 253
254 78 71 69 151 272
255 256 257
258 259 260
261 25 26 27 74
262 98 99 100 101 213
263
264
267 171 179
268 239 169
269 168 266
273 109 110 111 142 164
274 202
275 156 157 190
