41
4 9 10 11 12 24 67
8 5 6 243 171 205 160
13 14 15 16 17 18 151 214
19 190 58 29 54 78
20 21 193 173 245
31 28 222 111
63 234 26 43 148
68 38 39 40 41 30 91
69 64 203 204 103 206
73 27 25 89 159 167 23 37 140
74 65 236 42 57 112
87 32 33 208 183 198 66 172
92 179 149 150 220
97 70 71 72 86 185
118 45 109 96 105 106 221
119 99 212 219 248
130 79 202 191 238
131 120 115 116 129 215
135 104 102 85 133 239
136 121 122 124 228
142 125 110 123 189 117
143 80 81 82 90 211
152 246 188 34 55 107
165 88 83 84 247 161 36 113
169 98 225 197 213 35 108
175 137 146 174
181 101 94 95 162
186 153 154 100 195 227
199 47 48 209 237
200 114 93 1 157 210 141 134
201 156 126 127 223
207 180 176 177 192 61 155
216 49 46 22 53 77 147
217 166 158 244 184
218 194 226 76 196
224 168 132 138 240
229 170 164 232
233 144 145 7 2 3 44
235 182 230 231 59 139
241 50 51 52 60 62 56 163
242 187 75 128 178
