44
1 2 3 4 5
11 12 13 14 44
23 15 16 17 218
26 6 210 175 188 91 177
54 37 38 39 73
57 46 47 48 235
68 55 157 60 61 189
86 62 241 164
98 45 41 205 206 228
108 70 172 198 131
113 40 24 245 76 72 150
114 92 85 89 83 221
116 117 101 102 130 240
119 166 187 97 110 216
121 140 145 146 147 200
132 133 238 118 220 143
136 75 63 74 196
137 80 66 67 127
138 96 231 71 192
144 87 202 59 56 64 169
151 106 90 94 107
159 69 174 234 215 239 49
160 152 153 194 195
170 28 29 7 8 88 93 95
178 115 109 126 167 213
179 139 154
180 181 134 163 242
184 99 58 51 52 53 78
185 123 124 193
201 125 141 226 34 104
203 148 191 168
208 36 31 42 43
209 171 158 173 217
214 237 212 227 207
222 122 81 82 135
223 100 225 120 142 176 9 10
224 186 190 50 65 112
229 25 33 35
230 211 197 183
232 128 219 199 111 20 22
233 204 155 156 182 77
236 165 161 162 103 149
243 27 105 84 18 19 21
244 129 30 32 79
