56
3 4 5 6 35
7 8 247 248
21 1 139 231
45 12 13 14 15 19 20
50 51 52 256 9 61
57 49 226
68 26 27 28 55 38 234
69 70 71 25 159
79 48 40 41 42
88 75 76 67 95
92 200 177 257
99 46 47 60 111
100 182
104 22 23 24 128 129
117 154 155 183
124 109 101 102 107
125 105 106 174
131 132 133 136 123
137 138 97 98
149 108 126 127 251 91 212
153 142 165
160 43 44 230 54 145 207
161 58 59 53 156
162 112 113 249
166 29 141 83 84 85 217
167 168 181 224
175 140 114
179 62 63 64 66
180 189 190 119 72 130
184 151 152 187
192 10 150 163 164
193 89 90 103 250
194 93 94 233
195 196 235 87 237
198 115 197 240
199 121 86 208 2 37 96
201 30 31 32 33 34 147
202 148 157 65 225
203 205 206
204 135 176 16 39
209 241 185 82 236
213 120 80 17 18 134
214 210 211
218 219 220 186
221 74 36 56
222 215 216 252
227 169 170 171 178
228
229 242 116 158
232
238 143 144 245
243 244 223
246 77 78 188
253 118 110 122 191
254 172 173 239
255 11 81 73 146
