59
7 8 39 117
15 16 17 169 48
21 1 2 138 139 140
26 5 6 230
36 37 3 4 186
55 12 13 14 52 87 200
56 57 147 148
73 74 75 76 163
79 105 199
82 83
85 86 134 135 224
89 38 51 115
96 97 175 190
101 23 24 25
107 90 91 92 93 94 10 11
111 112 113 114
118 60 179 50 221
119 61 62 248
124 125 126 151 213
130 65 66 67
131 80 81
136 137 178 142 241
141 132 256 257 88 240
146 71 72 32 33 35
154 120 121 122 123
155 156 157 164
158 159 143 153
160 49 77
161 149 150
162 170 171
165 166 167
172 173 229
174 98 99 100 144
176 177 211 106
181 42 43 44 45 46 47
182 183
187 103 202 203
188 250 84 185
191 27 28 9 34
192 233 234 235 258
196 22 18 19 20 63 64
197 198 212
201 104 59
204 205 231
207 208 209 210 216 58 110
214 215 217
218 102 168 68 69 70 184
219 220 255 180 95
225 194 195
226 193 189 78
232 222 223 40 41
236 237 238 239
242 254 53 54
245 246 247 29 145
249 227 228 127 128
251 30 31 133 129 152 260
252 108 109 116 259
253 243 244 206
261 262
