32
4 1 231 195 196 252 22 34 76
18 8 209 175 136 119 133 122 216 296
25 13 5 6 64 67 228 285
77 19 14 9 10 11 21 65 284
96 26 20 288 268 269 103 104 186 299
108 63 38 274 264 261 88 153
134 69 255 222 192 173 178 165 225 17 24 126
135 70 60 260 251 99 95 224 73 89 167
140 68 41 244 294 283 240 298
162 110 66 61 295 115 36 43 53 146
169 109 242 183 143 121 265 105 200
174 117 79 290 271 28 37 40 48 127
181 130 94 71 164 156 151 12 92 112 201 307
188 129 58 27 270 245 246 282 247 113 218
202 163 118 137 120 116 107 199
207 154 97 59 35 30 31 51 74 125
208 172 132 72 80 219 278 158 287
212 170 131 179 159 150 144 230
220 237 191 171 256 276 145 235
236 182 142 98 273 39 42 46 29 44 84 168
241 141 78 55 50 2 3 293 81 101 257 52 93 248
249 194 155 301 281 180 197 206 123 83 124 258
250 210 211 56 57 114 193 306
253 203 176 267 239 233 234 166 289
254 214 205 7 305 16 23 75
259 221 184 160 157 185 106 161 286
262 226 190 45 304 291 302
263 232 215 223 82 86 152 280
266 189 148 102 91 87 85 32 47 54 147
272 213 177 149 138 139 229 33 49 128
300 238 227 111 100 62 90 187
303 243 204 15 292 275 297 198 277 279 217
