52
8 131 61 62 63 64 68
15 16 17 34 78
18 19 20 21 25
26 27 28 254 89 90 91
30 31 32 33 76
36 37 10 11 12 169 217 35 74
40 41 42 168
79 147 160 198
82 66 67 136
88 152 153 179 180
94 22 96 97 116
102 70 55 56 57 199
112 85 86 87 222
117 104 141 148 73 161 193
129 44 45 213
130 1 2 3 23 24 122
138 9 95 80 100 101
139 132 125 126 127 206
143 65 159 200 255
146 261 262 263
151 108 110 155 228
157 133 134 142 192
166 109 246 178 201
170 107 158 167 210 92 98
171 185 196 197
176 140 191 29 53
184 174 51 163 264
188 47 48 49 50 54
189 182 149 150 181
190 173 4 7
202 114 115 128 135
207 84 220 195 226 105 156 93 164
208 103 239 5 99
209 253 232 240 175
211 183 233
218 83 71 72 258 81 75 214
219 144 215 216 186 77 52 165
223 203 124 123
224 225 229 237
230 46 38 39 59 60 58
231 257 252
234 113 111 221 227
235 236 145 162 241
238 177 172
242 243 137
244 204 205 187
245 194
247 248 249
250 259
251 106 120
256 212 154 13 14 69
260 118 119 43 6 121
