41
11 193 105 121 155
21 12 216 210 71 109
46 3 175 227 221 237
61 13 14 115 194 144
66 34 59 5 205 9 91
73 224 199 56 57 86
92 43 36 37 65
99 42 230 245 228 24 25 33
117 247 253 236 248
127 54 240 241 45 76 145
128 88 7 232 77 138
139 55 119 250 173
146 78 68 69 80 187
147 87 231 251 134 195
153 118 124 53 203
160 50 171 172 40 213
161 120 26 27 58
167 10 4 220 217 252
168 93 94 95 19 20 28
169 198 190 191 90 136
174 97 48 44 141 200 229
178 104 83 255 156 233
179 113 209 204 150 159 81 212
182 100 51 49 135 122 85 196
183 162 154 186 60 125 126
188 67 38 225 226 15 41
197 170 149 70 1 6
207 47 189 185 79 108 192
215 130 106 107 142 157
218 22 30 31 89 102 16 201
219 208 123 143 177
222 112 74 75 84 151 103
223 148 17 18 35 32 72
234 129 101 98 202 254
235 176 158 132 133 249
238 62 63 64 96 152
239 140 110 111 137 211
242 29 23 52 39 2 8 82
243 180 181 214
244 184 164 165 206
246 163 131 114 116 166
