44
32 15 12 9 10 61 69 125
40 18 6 7 59 224 85 174
46 119 41 42 43 23 24 92 118
65 33 8 1 249 250 251 190
77 48 49 13 14 181 112
95 126 70 34 35 36 44 20 194
105 53 54 55 64 200
113 66 221 196 102 99 100
114 128 116 87 189 203 132
133 151 142 63 58 191
138 21 16 62 57 81
147 47 22 264 265 50 73 74
148 254 233 171 177
150 71 72 104
152 175 140 86 131 234
161 90 232 218 219 3 4 5
166 96 78 79 80 123
167 120 101 91 141 229
168 227 135 136 252
179 153 145 146
185 26 67 245 237 242 56 272
186 106 19 2 103 124 184
201 180 248
208 129 108 17 173 25 192
212 170 222 117 88 89
216 139 258 246 259 157 211
220 205 130 121 122 109 137
225 107 263 260 261 262
226 169 149 270
230 134 27 28 247
231 209 210 271
235 160 154 37 51 159
236 213 143 144 165
238 52 187 240 68 60 76 82
239 182 269 156 45 93 31
241 98 183 39 158
243 115 217 206 228 155
244 223 215 266
253 178 163 164 172
255 127 75 83 84 204
256 162 97 193 176 111 195
257 214 197 198 38 110
267 188 11 29 30 94
268 202 207 199
