52
12 4 65 66 115 25 74
17 8 9 10 11 28 53
30 15 16 197 244 185
31 13 14 48 232 245
32 22 23 195 86 171
46 193 33 291 225 24 73 223
70 49 41 42 98
76 18 19 20 79 80 136
81 7 242 205 222 29 97 279
82 83 64 236 268 288
94 47 275 276 176
100 55 56 57 188 67
110 111 196 68 120 158 278
116 71 265 267 287
121 95 96 154
130 102 87 88 126
137 127 128 43 213
148 6 200 138 139 292 5 26 224
149 131 113 114 170
159 50 51 52 106 172
160 107 108 109 141 142
163 89 290 252 254 220
164 78 75 153
177 132 133 134 135 251
192 143 144 145 146 262
199 60 61 62 58 59
208 150 151 183 203
209 168 169 218
210 258 248 249 250
214 90 92 125 212
228 44 45 63
229 77 54 122 259 194 217 36
230 178 179 206
233 37 38 39 40 119 157 261
234 235 211 226
238 202 118 147
239 221 243 198
241 165 155 140 175 227
246 112 161 162 152 180
247 182 237 277
256 189 190 21 271
257 117 123 124 181
263 215 173 174 91 93 186
264 266 104 166 167 253 284
270 240 105 69 207
272 101 84 85 34 35 99
273 201 187 191
274 216 219 129
280 103 204 156 72 184 255
281 282 283
285 286 260
289 269 231 1 2 3 27
