55
4 5 1 2 3 82 153 242
34 6 7 8 13
41 42 193 222
60 10 11 149 179
76 78 264 258 227 228 16 17 104
83 24 25 26 283 110 273
106 64 244 221 236 12 50 243
112 21 22 70 120
113 35 89 90 211
116 141 127 128 129 198
126 252 18 19 20 105
134 27 282 265 292
135 14 15 188 189 190 183 154
139 170 101 102 169
144 140 23 68
155 79 214 229
160 157 158 250
164 107 65 66 67 103
174 46 36 296 43 208
175 163 276 118 168 279
180 166 210
184 121 122 216 217 218
185 28 162 196 40 200
192 171 195 270
201 85 29 30 69
202 156 38 39 150 159
212 131 132 133 9 91
213 44 92 93 199
220 161 239 96 97 98 99
223 77 47 48 182 290
224 100 73 148 294
225 226 62 63 87
231 72 54 37 45 88
232 255 256 272
234 194 230
237 61 51 55 111
238 203 176 80 81 56 75
245 86 167
246 145 146 147 187
247 248 249 74
251 95 57 233 123 173
253 136 108 115 119 219
254 137 138 240 49 130
257 151 152 178 271 172 291
260 165 142 143 207
261 262 288 209
263 84 235 197 289 191
274 125 52 53 58 206 293
275 177 109 259 181 241
277 278
281 114 117 31 32 33 71 124
284 94 266 267 268 297
285 286 215 59 280
287 298
295 204 205 186 269
