58
27 112 105 22 23 45
49 109 110 111 163
70 140 131 184
75 76 32 7 8 9 10 11
82 83 63 64 65 43 68 185
90 50 72 95 211
94 189 232 233
98 77 78 79 126
100 60 61 74
104 227 228 12 13
107 54 38 58
108 55 56 44 234
120 223 47 62 127
134 46 35 36 37
138 40 207 208
139 59 101 102
141 142 143 193
153 89 31 2 3
164 5 155 106 88 188
165 124 125 194
167 160 161
171 86 81 103
172 99 247 248 41
174 168 169 186
179 53 24 25 26
180 181 182 229
195 39 236 215 216 260
196 128 129 130
198 156 157 159
199 136 145 146
200 69 28 29 30 191
201 173 231 217
202 175 176 177
212 92 93 150
213 113 114 243 123
214 258 259 42 57 115
218 116 117 137
219 135 132 158
221 144 151
224 119 87 85 133
225 187 262
226 197 122 268
235 84 14 15 16 18
239 20 21 263 206
240 162 170
241 192 204 205
244 91 71 51 52 147
245 166 148 149
246 242 1 66 230
249 154 6 33 34 255
250 220 264
251 252 209 183
253 222 48 97
256 118 80 67 152 178
257 237 210 96
261 238 4 17
265 203 254 19
266 267 121 73 190
