68
1 2 3 4 118
18 141 142 164
33 34 35 79 81
36 9 10 11 12 13
40 244 245
45 46 47 48 139
50 31 32
51 52 53 86 153
56 57 78 156
59 60 41 42 175
66 67 68 111 163
70 61 62 103 226
83 24 25 26 27 147
87 112
88 89 179
90 43 44 39 247
95 28 29 63
96 76 58 94
100 84 64 65 104
101 102 162
110 71 117
113 105 106 132
114 122 206
119 37 38 80
120 121 82
127 128 129 130 16 17
134 187
136 108 109
148 131 152
157 158
160 161 191
165 166 168
172 173
176 92 170
177 159
180 21 22 23 49 171
181 149 150 151
184 185
186 135 125 197
188 189 190
193 74 75 140
194 195 196 30
198 178 146
199 200 227
202 77 99
203 204 205 241
207 91 85 93 192
208 137 167
209 210
211 5 6 7 8
212 54 55
213 214 138 174
215 216 217 218
220 221
222 223 236
224
228 133 72 73 201
229 20 154 155
230 231 169
232 97 98
233 123 124 126
234 235 14 15 143
237 19 144 145 225
238 182 219 246
239 240 242
243 115 116 183
248 249 250
251 252 69 107
