32
1 2 122 104 92 176 188 230
14 121 82 71 72 73 134
33 26 198 199 194
38 5 6 7 8 9 101 114 204
58 15 16 17 235 24 25 45 89
90 40 215 166 4 216 225 162 179 10 52
95 54 130 3 211 124 93 113 62 94 197
127 78 60 61 84 69 126 227
128 103 234 207 208 238 19 43 87 64
129 39 20 21 22 23 159 201
135 59 47 193 132 44 41 76 221
136 111 48 49 150 170 220
137 70 55 56 57 30 50 115
138 98 79 67 68 27 66 102 160
140 91 65 147 172 205
145 228 239 187 229 169 200 88 213
155 53 34 141 108 97 178 112 153 168
156 96 116 99 100 163 217
175 142 117 118 144 196
177 146 131 105 106 174
181 46 35 11 210 237 42 77 180
182 107 85 244 164 173
183 157 152 240 12 125 191
206 149 143 195 13 37 74
209 151 139 184 167 203
214 110 224 243 165
222 123 28 29 36 119 219
223 158 83 75 133
231 171 236 242 190 212 81 192
232 202 218 226 185 245
233 186 109 80 148 32 63 120
241 189 31 18 86 154 51 161
