24
20 12 244 174 124 162 6 7 8 109 136 173 230 310
145 52 36 260 98 112 164 191 197 69 212 250 80 143
152 60 48 28 22 57 50 261 40 121 150 240 288 272 44 108 278
153 83 259 317 292 248 221 222 255 27 43 70 138 19 82
178 76 21 13 5 23 24 25 26 91 99 287 11 16 73 256
184 96 49 296 239 215 232 56 75 314 59 39 51 120 306
185 97 53 253 201 105 113 118 86 38 206 277
199 100 252 196 78 170 156 189 216 301 65 128 311
225 147 1 286 254 106 257 233 276 158 229 309
237 146 77 312 247 187 205 192 102 33 34 119 142 209 305
238 161 101 54 302 2 171 262 267 94 126 207 159 139
242 110 66 231 181 14 9 10 275 144 177 235
243 154 89 61 62 298 245 211 149 188 135 165 223 304
251 180 132 58 41 79 107 134 224
258 179 131 87 285 271 183 163 208 241 140 190 268
269 204 90 299 313 293 249 246 283 114 137 273
279 167 104 85 318 15 30 31 194 46 115 210
280 214 169 226 297 55 45 88 303 172 213 289 265
290 186 155 67 37 32 141 227 263 64 127 307
291 270 219 29 176 157 193 234 308 4 18 81 160
294 195 130 84 71 68 63 72 93 123 133 166 236
295 200 148 281 220 182 282 3 228 264 17 47 116
315 217 168 111 74 266 92 202 300 42 203 35 95 274
316 218 175 129 117 125 103 122 151 198 284
