31
45 10 1 166 37 2 80 20 116 188 64 190
57 17 165 126 108 97 49 16 56 130
74 11 144 96 85 104 72 98 134 221
105 27 18 15 269 36 43 50 93 184
124 39 210 253 254 232 241 90 133 193
143 46 28 29 30 109 140 174 249
148 65 35 205 155 186 208 200
149 68 40 32 274 275 62 100 189
152 75 268 234 61 23 34 63 118
153 82 71 67 225 236 42 86 135
162 102 41 5 258 265 99 141 187 262
164 26 12 227 198 24 25 191 242 8 52 119
170 76 59 240 216 235 260 266
175 81 47 38 13 69 259 4 7 9 53
176 107 77 231 197 185 84 276 113 157 209
177 131 182 160 6 181 250
195 70 31 204 151 14 207 248 44 88
196 150 121 122 128 167 237
213 154 127 158 192 87 218
222 101 66 48 246 247 270 73 117 194
223 171 137 132 161 217
226 125 78 79 54 55 277
229 106 58 60 202 212 255 110 180
230 163 120 114 112 139 173 238
251 252 211 21 264 199 244
257 224 206 156 138 168 243
263 228 214 233 256 91 142 239
267 178 146 172 203 92 169
271 136 95 83 89 19 33 129 183 261
272 145 111 103 123 159 245
273 215 201 22 115 147 179 220 3 51 94 219
