60
1 2 3 4 138 148 192
18 19 20 26 233
29 30 31 81 82
39 116 150 147 219
44 160 161 5 8 9
51 35 95 96 97
52 53 22 23 34
62 43 119
64 65 241
73 40 41 66
83 125 126 127 248
87 15 247 245
91 46 47 48
93 56 57 58 59 60
94 238 49
98 68 69 70 71 72
103 67 141 142
113 77 78 79 101 168
114 115
124 27 28 32 153
129 88 85 246
130 131 222
133 134 135 121
137 111 112 227
139 37 107
145 36 16 228
146 136 156 120
149 117 118
154 157 224
159 151 231 25 50
162 89 90 92
163 155 236
164 165
166 167 184
169 108 109 206
172 42 38 176
173 144 158 220
177 175 132 235
182 183 198
185 45 6 7
186 170 86 123
187 174 179 180
188 189 190 191
194 63 21 10 11 12 13 24
195 178 199
196 197 211 212 213
200 84 75 102
201 202 203 229
204 61 80 181
207 104 100 106 221
208 209
214 215 216 244
217 99 105 128
218 226 152
223 210 205
225 74 76 143
234 17 14 110
237 122 140 171 33 230
239 240 54 55 193
242 243 232
