54
10 11 12 13 40 204
22 7 8 9 14 60 265
23 16 234 263
29 30 162 163 164 165 92
47 24 233 244 255 70 71 72
73 74 75 76 132
78 48 206 207
87 50 51 154 148 108
102 25 26 28 53 264
104 105 89 90 91 120
109 42 262 160 228 218 107 149
115 261
122 41 5 19 214 249
123 84 125 208
127 153 246 62 272
129 176 117 118 230
134 54 45 46 170
136 137 21 27 157
143 1 2 64 65 66 142
144 80 81 6 33 273
158 34 35 36 126 252
159 96 258 259 247 20 141
161 97 98
166 130 131 52 203
167 145 147 271
177 151 82 119 101
179 139 174 175
182 111 112 69
185 180 181 215
189 63 55 56 57 58 133
190 110 106 85 140
191 192 225
193 79 138 103 99 100 178
194 128 31 150 219
199 124 121 209
205 202
221 146 155 156
222 168 169 173
223 224 37 38 39 83
226 113 114 245 67 68 231
227 196 197 198
236 116 61 253 254 212
237 44 210 211 229 235
238 171 3 4 59 220
239 240 241
242 88 195 183 184 216
243 186 187 152
248 250 251
256 93 94 95
257 217 266 17 18 86
260 213 43 172 201
267 135 15 32 232
268 200 49 77 188
269 270
