52
18 165 71 72 265 144 145 211
26 191 178 179 262 61 236
41 19 28 29 30 60 88
42 23 24 25 32 174
64 33 34 205 162
65 66 8 9 63
70 4 159 247 248 81 82
79 47 127 73 189
90 91 44 45 154 181 240
100 43 119 93 94 105 131 291
101 102 103 104 114 182
111 57 58 59 87 268
117 75 76 274 275
118 92 54 55 200 69 171
125 126 204 289 130 201
137 112 272 250 106 142
138 139 140 141 107
147 261 226 229 230
175 113 128 188
176 50 51 52 53 74
177 136 249 14 17 133
183 199 210 3 40
190 108 251 252 96 97
192 77 78 202 287
193 148 99 234 266
196 197 254 255 256
198 290 31 89
203 151 152 122 170
206 237 215 195 235
212 120 121 172 187 286
213 160 169 95 146
222 21 22 10 11 12 62
223 224 5 6 244 161 227
231 135 279 243 67 129
232 233 48 49 116
241 80 280 150 209
242 216 217 267
246 186 214
257 156 157 109 110 132
258 153 158 245
260 123 124 184 56 155
263 194 149 166 167 168 7 39
264 225 20 115 164
269 46 1 2 284 285 173
270 84 85 86 239
271 185 36 37 38
276 134 98 238 253
277 220 13 259 35 83
278 221 163 228
281 27 288 15 16 68 143
282 207 208
283 273 180 218 219
