46
1 2 3 4 66 235
6 7 8 9 28 94
10 11 12 13 26 111 146 246
22 23 24 25 203 50 93
54 36 31 222 223 71
64 171 97 245 129 255
77 238 242 98 135 143 100
88 48 49 107 243
103 55 56 134 164
108 45 57 122 136
109 59 198 199 208
139 65 186 187 188
140 72 73 74 14 42 226
147 51 229 230
148 81 82 83 174
152 89 70 99 205
153 189 166 173
167 30 137 195 190 259
168 105 253 240
169 119 102 207 29 62 63
181 90 91 92 41 85
182 101 78 79 165
183 130 39 40 84 225
184 257 258 128
192 16 17 18 19 249 60 114 115
193 133 112 58 123
194 151 163 27 61 124
196 43 37 46 158
197 144 145 244 20 21 213
206 150 106 154 254
209 210 211 212 179 80 214
215 87 44 32 33 35 69
216 110 234 231 232 67 117
217 162 125 126 127 204
218 159 131 155 156 86 175
220 141 138 38 95 157
221 247 248 241 5 15 68
227 47 34 219 202 191
228 170 120 121 177
233 161 52 53 116
236 104 75 76 132
237 172 142 201
250 149 118 113 224
251 176 200
252 239 96 178
256 185 160 180
