66
6 7 8 9 10 11 12 13 199
26 190 191 192 186
45 46 65 66
50 51 19 20 21 33
52 53 54 55 67
62 63 223 117 1 42
68 69 70 71 141 246
75 209 210 211
80 81 82 83 84
86 87 100
88 23 24 56
89 58 72 161
97 163
99 183 185 225
101 14 15 32 143
105 34 35 36 37 57
106 107 108 237
109 112 148
110 91 77 79
121 94 203
122 28 197 254
130 27 39 41
135 90 76 49 2 3 4
136 137 95 96 22 74
149 43 78 156
151 221 226 227
157 158 263 25 73
167 168 40 258
170 138 139 140 142 235
171 146 147 159 212
172 173 177
174 30 31 16 17
178 145 218 198
180 124 125 252 253 165 166
181 182 184 266
187 188
193 194 195 267
204 205
206 29 175 176 196 219
207 102 103 104 155
208 153 154 118 213
214 115 111 144 265
216 179
220 152 116
222 64 5 18
228 229 200 201 202
233 169
234 230 44 85
238 239 240
241 123 126 127
242 131 132 133 250
243 217 257
244 245 224 247
248 249
251 59 60 119
255 256 264
259 128 129 134
260 98 92 113 114
261 231 232
262 120
268 47 48 189
269 150 38 61 93 236
270 164 160 275
271 215 162
272 273 274
276 277
