57
22 261 117 118
26 27 28 236 217 12 21
45 219 220
53 113 226 102 103
58 59 157 158
69 15 16 17 63 133
73 18 19 20 204
74 75 76 77 142
109 246 247 248 4 5
112 54 55 56 57
114 68 202 185
120 172 24 25 31 92 211
125 60 61 14
134 148 98 99 100 104 152
137 110 259 242 243
143 144 145 251
147 8 9 10 11 38 239
153 105 106
161 64 65 66 67 90 91
162 122 78 79 203
164 136 62 80
165 139 6 7 231
167 71 72 88 119
168 169 166 215
171 155 156
176 126 201 196 197 151 256
177 178 179 198
180 86 87 108 244
181 81 82 83 84 85 93
182 183 184 230
186 187 188 189 190 146
191 115 95 96 101
192 193 175
194 195 140
199 70 13 121 36 34 35
200 127 128 129 130 131
205 163 255
206 213 214 1 2 3
212 111 225 94 124
216 42 43 51
218 149 150 107 37 132
221 33
222 116 170 123
223 224 89 268
227 135 154 141 44
228 229 252
235 29 30 32 207
240 97 46 47 48 49 50 52
241 237 238
245 232 233 234 253
249 250
254
257 138 39 40 41
258 208 209 210
260 23 173 174 159 160
262 263
264 265 266 267
