56
1 2 3 4 143 252
5 6 7 192 193 13 41
23 228 222 197
29 27 28 36 37 98 209
46 152 153 8 9 11
51 59 24 25 85 86 206
67 18 19 78 132
68 32 33 34 96
80 14 15 16 17 45
81 62 63 39 40 79 145
82 83 84 174
87 60 163 164
101 42 43 44 198
102 70 71 72 170
103 212 213 162 263
111 73 74 75 251 109
115 88 89 90 26 38 128
116 91 92 93 121 242
123 271 100 144
140 117 47 48 49 50 10 171
146 141 20 35 166
155 53 54 55 56 57 237
156 113 114 274
160 161 205
172 173 168 108 142
175 52 12 250
176 135 136 137 138
182 255 240 21 22 58
189 147 148 180 122
190 177 223
191 118 219
199 124 125 126 165
200 248 246 273
210 211 178 179 66 133
220 129 119 120 169
224 107 94 95 110
225 186 187 188
227 167 249 151 149 150
230 183 184 185 154
233 30 31 76 134
234 235 241
238 112 157 158 159 269
239 232
244 221 217 226
245 229 194
247 201 202 203 204
253 77 267 268
254 231 216 215 236
256 260
258 69 64 65 97 207
259 61 99
264 139 104 105 106 127
265 195 196 208
266 261 262 257 218
270 243 130 131 181
272 214
