46
1 2 3 4 64 183
23 24 25 246 225
30 10 11 22
35 105 81 236 214
41 42 43 71 173 5 6 66
51 36 37 48 49 50 79
58 17 18 19 20 29 124
61 13 245 190 120 143 219
62 207 208 209 195
73 52 104 126 182
95 60 7 8 9 85 157
108 86 87 164
113 63 200 171 172 240
116 117 127 215
119 91 92 93 166 163
121 186 187 221
130 70 77 211
136 31 32 33 56
137 75 76 83 134
144 98 99 100 167
145 146 198
148 149 150 151 160 161 218
158 147 44 45 88
168 16 138 109 242
169 74 59 152 153 201
170 84 238 118 128
174 102 224 28 82 111
175 141 142 156 227
184 101 67 165 53 54 206 90 180 181
185 103 139 133 226
188 69 241 110 202
189 176 177 203 243
196 132 123 248 38 40 80
199 122 231 179 194 162 72 125
204 140 212 197 89 232
205 14 15 21 112
216 191 192 193 220
222 154 155 213 239
223 159 229 12 210
228 27 237 34 129
230 250
233 96 97 26 47 78
234 114 57 107 65
235 217 68 135 178
244 131 106 115 55 94
247 249 39 46
