45
29 252 167 168 170 7 12 81
33 1 214 215 216
34 14 175 253 240 161 21 60
44 111 108 179 199
49 4 244 10 118 185
53 30 31 32 80 155
65 15 25 209 192 201
75 62 92 254
76 212 235
88 156 173 19 224
102 250 72 119 9
104 222 219 258 186 193
106 23 24 63 73 195
110 91 246 135 79 97 221
120 94 95 64 194 28 71
121 83 182 232
126 123 183 259
128 103 45 245 43 125 217
134 105 189 190 191 229 8 74
137 22 207 208 11 13
138 178 176 116 154 200
143 114 77 78 84 142
144 115 112 124 141 206
151 18 263 251 26 27 59
157 35 36 37 264 46 47 48
158 122 226 234 238 96 93
171 20 237 86 58 101
172 159 160 169 236
174 107 50 51 164 165 166
177 61 54 55 56 57 87 184 52 163
181 5 6 223 82
202 117 130 109 220 241
210 129 127 99 132 100 205
211 197 198 38 39 188
218 146 147 148 149 239
225 150 140 228
233 247 68 69 70 85 187
242 66 196 152 153 213
243 139 131 136 204 255
248 89 230 227 98 180
249 67 90 113 256
257 16 17 40
260 41 42 2 3 133
261 145 162
262 203 231
