59
1 2 190 177 218
8 9 10 179
12 13 135 102 7 54
23 121 233 215
25 26 27 28 29 118
30 31 171 181
39 40 41 230
42 43 44 45 46 128
55 38 36 37
56 32 22
72 73 175
74 60 138
82 33 93 108
88 83 224 229
97 98 99
103 18 147 148 166
114 115 116 137 223
120 58 59 77 96
124 50 100
129 111 112 134
139 19 20 21
142 143 6 210 211
146 66 67 68
149 150 151 34 35
153 69 70 212 226
154 144 113 47
155 156 167 168
160 161 76 180
162 136 48
163 164 172
170 193 194
173 174
182 24 110 95
183 78 79 101
184 207 239
186 89 90 91 92 169
187 57 185
188 126 119
191 130 53 107 94
192 85 87
196 197 3 4 5 195
199 200 201
202 61 62 63 64 65
203 133
204 205 206 49 71 165 225
208 131 132 238
209 176 157 158 11 117
213 84 52 217
214 51
216 198
219 125 75 86 159
220 145 152 80
221 222
227 228 16
231 17 104 105 106 14 15
232 122 123 178
235 140 141
236 189 127
237 234 109 81
