40
21 9 10 25 72 112
58 24 201 183 228
69 29 30 155 147 193
98 43 40 41 62 141
113 48 23 14 123 130 194
114 70 52 50 87 88 135 199
116 90 56 75 167
124 42 22 18 19 239
125 28 158 109 110 145 238
131 38 8 1 2 244 246
132 81 55 51 74 104
142 95 60 97 16 45
149 106 77 73 86
157 47 17 4 217 180 216 34 57
168 100 233 139 165 211
169 154 174 224
172 146 210 61 78 178
179 156 197 26 94
184 99 54 175 176 218 15 37
185 108 49 33 44 65 80 191
186 115 164 160 206
187 117 91 118 177 20 36 207
188 119 96 243 227 85 107
189 170 11 12 27
200 133 101 213 6 13
202 105 220 159 152 171 3 7 195
203 143 230 192 214 215
208 151 134 120 31 32 46
212 128 71 64 79 136
221 121 204 190 140 219
222 150 138 137 182
225 59 39 209 196 237
226 173 82 83 205 92 111 166
229 198 66 89
231 126 76 53 68 93
232 223 5 67 84 148
234 163 144 181 240
235 236 245 35 63
241 127 102 103 162
242 153 122 129 161
