38
61 35 252 7 8 15
63 22 4 251 241 258 100 191 26 102
64 38 262 82 224 185 9 20
69 42 202 203 135 165 267
74 47 23 237 246 5 25 40 178
93 77 88 114
111 59 46 167 44 54 95 177
119 48 31 32 67 128
120 71 55 223 233 105 198
122 80 66 249 68 145 214
129 33 140 86 87 98 250 217
130 83 72 134 197 248
150 90 24 13 238
151 112 109 94 118 173 259
157 65 53 43 144 181 1 2 27
158 115 103 216 254
169 92 49 34 179 28 155 187 247
170 141 147 110 199
174 116 220 138 11 14 97
194 121 253 221 264 6 10 21
200 3 108 76 60 126 156 213 146 239
201 123 81 175 211 19 37 101
204 152 153 154 266
209 164 171 243
215 180 84 78 104 193
218 52 166 17 113 29 91 182
219 124 117 183 184 234
222 148 149 142 168 229
225 75 57 58 127 212
226 131 132 133 137 139 176 263
231 136 257 16 12 39 106 230
232 195 196 265 208
235 41 70 45 244 161 162 172 228 30 96
236 159 160 245 50 51 89 192
240 188 189 190 242
255 163 125 18 99 85 143
260 79 62 256 205 206 207 36 73 186
261 227 210 56 107
