43
36 11 2 130 85 70 73 204 242
59 27 24 25 32 43 65 135
76 13 247 248 222
82 19 16 17 44 200
89 23 179 187 258
94 51 216 147 170
104 12 3 4 5 45 67 224
129 60 213 7 14 15 22
141 71 210 171 40 41 49 81 178
146 127 140 192
148 84 47 42 1 9 98
154 83 38 39 26 86 109 181
160 31 201 20 55 80 108 158
161 101 96 110 193
167 37 28 29 30 46 75
173 69 33 34 48 68 123
174 91 92 93 114
175 149 256 102 133 164
182 124 52 257 177
195 77 6 168 143 166 97 194
196 100 72 241 74 153 10 159
202 105 78 79 209
205 106 246 111 107 113 134
206 118 95 151 172 88
207 253 254 35 66
212 198 217 56 103 185
219 90 57 58 62 115
220 119 120 121 132 218
225 126 116 117 128 157 260
226 197 150 169 184
229 142 131 144 223
230 165 180 112 122 191
231 203 208 245 199 53 186
232 99 61 63 64 87 145
233 162 138 152 237
234 221 255
238 136 215 211 214
239 155 156 250 188
240 227 21 54
243 137 125 139 189
249 228 183 190 236
251 176 163 8 18 50
252 244 235 259
