60
2 155 157
32 100 93 95
39 22 23 106 122
47 48 49 50 51 52 69
58 202 203 204
62 219 220 221 45 46
74 118 119 120 35 158
83 84 85 86 123
96 209 222
98 63 190 24 89
99 33 34 19 114 115
103 26 31 55 73
104 25 11 166 167
110 76 77 78 126
111 75 37 109
131 207 208
133 43 44 160
134 65 66 72 249
141 81 243 10 13 159
142 28 29 30 88
146 5 6 7 8 9
147 101 102
156 136
161 162 112 90 173 79
163 124 125 174
164 127 107 108 237
165 214 239
168 169 170 171 172 241
176 92 91 251
177 178 179 180 211
181 182 183
184 132 194 199 121
187 82 3 4 67 68
188 189 128 129 130
191 21 193 143 244
192 36 16 152
195 196 70 71 87 186
197 198 200
201 59 60 12 53
205 139 149 227
206 185
215 105 80 229 17 18
216 217 94
218 64 40 41 42 250
223 135 113 116 117 61
224 225
228 226 151
230 140 242
231 144 145 150 1
232 97
233 20 213
234 138 137
235 148 175
236 246
238 14 15 212
240 38
245
247 248
252 153 154 210 27 56
253 254 54 57
