40
31 104 105 160 248
42 103 95 5 41 145 3 184 98 199
50 243 259 159 87 40 85
66 191 152 120 268 237 20 117
70 135 206 9 10 11 47 233
102 33 34 35 37
118 258 214 212 16 17 90
125 77 49 38 114 115 239
134 92 93 94 130 153 232
140 79 80 7 89 217
141 86 192 242
148 48 28 12 213 210 207 24 180 161
158 100 101 109 116 8 181
165 32 18 271 223 231 21 65
166 136 23 73 245
170 107 108 187 168 193 25 26
175 6 13 14 15 169 211 238
177 22 267 244 247 131 36 203
189 67 44 45 240 112
190 142 51 75 106 163
195 126 235 255 83 84 122
204 58 265 266 236 246 62
205 149 251 252 253 261
208 81 54 55 56 57 69 227
209 155 156 167 215 76 194
218 230 39 46 133
220 27 196 171 164 172 241
221 74 60 88 132
222 119 127 137 138 188
228 71 43 29 123 124 128 139 224
229 197 174 201 202 4
234 178 179 30 61 147
250 91 59 200 157 216
254 111 150 151 183 162 121 225
256 82 68 19 52 53 99
257 182 176 260 198 226
263 1 2 219 249
264 144 78 63 64 129
269 110 72 96 97 185 186
270 113 154 143 146 173 262
