45
22 93 84 85 161
41 5 171 172 89
55 226 169 87 96 195
78 31 109 179
79 43 44 233 132
82 42 12 223 256 240
83 175 47 54 104
91 14 15 215 194 211 199
92 52 239 244 77 118
111 50 33 34 66 186
121 60 56 57 114 218
125 76 255 99 3 4 213
128 157 145 148 187
133 63 64 16 17 40 58 119
138 181 182 108 178
143 11 153 141 142 251
144 69 140 190 13 36
151 37 38 184 245
152 107 127 110 224
156 112 113 160
180 123 101 100 159 234
183 168 170 177
188 75 227 176 202 35 117
189 6 120 131 1 2 29
191 73 24 242 7 8 28
192 23 139 105 102 103 173
200 134 106 150 208
203 126 222 216 243 18 97
204 163 164 165 45 67
209 80 32 48 198 155 46 21
210 174 197 212
214 154 30 72 86 219
220 122 70 65 49 228 90
221 136 53 71 88 166
225 135 94 95 207 137 62
229 74 25 51 250
230 205 206 61 115 116
235 39 124 246
237 193 98 158 185
238 201 249 217
241 9 10 167 196
247 129 130 162
252 81 248 236 19 20 68
253 146 147 149
254 231 232 26 27 59
