58
5 84 41 58 44 96
8 112 68 52
39 15 16 17 21 22
49 50 93 78 152
71 56 43 59
79 35 36
81 9 10 11 12 13 37
88 155 102 103 104
91 32 85 86 42
97 64 113 114 208
98 229 201 218
105 226 184
115 116 7 20
118 132 133 134 160 232
130 131 99 100 30 53
139 54 186 187 188 214 63
140 108 109 110
154 80 62 124 196
156 141 120 121 69
162 161 159
165 89 61 243 244
166 260 261
172 55 221 222
173 82 33 31 87
174 167 217 231 117
179 168 163 164
180 181 178
185 169 170 249
192 119 90 94 95 45
197 27 157 158 195
198 149 150 151
200 23 24 25 26
202 70 28 29 137 138
203 122 257 255
211 83 123 65 66 135 136
212 213 51 48 101
215 92 77 57 263
216 145 34 206 207 189
219 1 2 3 4 18 19
220 72 73 74 106 267
223 224 225
227 126 193 182 183
228 142 143 144 256
233 234 14
235 60 40 153 171
236 194 47 67
239 199
240 237 230 6
241 242 38 111
245 205 238
250 46 75 107 148
251 175 176 177
252 209 210 259
253 254 127 128 129
258 191 125
262 146 147 190
264 204 246 247 248
265 266 76
