48
54 1 2 3 64 65 98 270
57 44 37 38 39 40 62
73 47 219 69 136 166 217
74 206 199 208 256
82 28 8 9 223 249 101 179
83 55 187 220 255
102 231 261 26 41 122
110 7 145 138 182 269
113 23 20 16 17 52 66 178
119 105 84 85 91 99 209
125 202 194 232 6 36
127 58 103 104 121 18
128 108 75 76 87
133 78 70 253 264
134 109 90 95 266
139 112 118 22 27 68
142 29 137 135 164 229
143 89 267 10 14 43
144 115 80 92 168
147 148 174 224 167
152 93 94 123 4 5 222
157 49 24 21 59 60 72 124
158 146 56 61 88
162 153 155 188 196
169 30 31 32 33 34 67
173 203 250
185 107 46 186 159 184 131 160 161
189 77 15 214 215 247
190 129 130 154 172 221
191 176 233
193 170 117 149 183
197 111 79 50 51 263
198 181 228
201 192 238
204 48 25 45 237 53 86 165
205 171 216 265
207 212 239 240
210 211 227 258
213 175 163 195 245
218 140 141 257
225 114 96 97 132
226 180 156 200 248
235 236 254 63 100
241 116 106 71 81 151
242 230 11 12 13 42
243 244 262 177 259
251 120 126 150 246
252 234 268 19 35 260
