55
18 1 2 3 77 78
19 15 16 17 40
24 12 7 142 51 144 145 170
29 20 21 22 23 38 42 122
33 25 195 268 95 249
54 55 56 198 248
59 49 245 76 82 83 182
73 147 97 121
88 48 284 32 111 191
89 90 222 93
98 50 219 202
99 74 210 211 212 213 253
127 128 85 86 87 168
129 118 119 120 160
132 141 235 236 64 68 181
135 94 233 256
138 105 177
139 125 126 199
140 133 134 230
146 100 91 44 280
156 47 30 31 231 232 273 103 240
157 101 102 216 285
158 148 149 96
161 123 124 143
163 34 11 218 197 174 275
164 107 108 109 110 250
171 112 113 114 115 155 269
172 104 70 71
185 117 130 84 167 276
186 36 37 243 244 214
187 178 179 4 5 6
193 75 43 62 69
196 159 57 58
200 173 166 184 9 10
203 183 251 252
209 35 26 27 28 229
215 287 41 46
220 194 192 52
221 65 66 67 180
223 188 189 190 274
224 225
226 162 13 14 53
241 204 205 206 281
242 175 176 246 261
254 255 169 282
257 152 259 260
258 207 208 247
262 136 137 267
263 264 265 266 39 79
270 201 238 239
271 272 150 151 286
277 106 60 61 63 72
278 234 227 228 237 131
279 80 81 92 8 45 116
283 165 153 154 217
