55
2 1 6 8
24 208 209 35 116
28 9 12 138
29 14 223
30 31 10 197 192 48 173
46 106 107 54 98 218
60 18 233 234 13 36 251
62 22 38 150 166
67 32 131 132 20 21
70 228 242 102 219
81 47 69 203 108
84 3 4 157 74 214
85 55 232 229 225
93 83 120 253
96 90 127 7
100 41 42 49 109
105 68 86 87 121
117 78 79 99 239
122 123 139 73 213
124 71 80 250
129 56 65 115
130 97 221 180
134 163 164 177 88 133
140 91 92 126 204
141 142 25 26 27 205
144 155 137
148 61 112 191
149 143
152 94 95 212
153 113 114 252
156 111 135 5 15 37
158 118 119 136 201
159 160
161 226
162 110 43 44 52 206
168 33 224 171 172 185
169 101 238
170 125 145 151
174 175 176 190 75
178 34 19 40 167
181 182 183
188 184 249
195 76 77 57 58 147 45 187
196 82 51 59 186
198 199 200
207 189 193 222
210 146 17 11 165 247
215 154 248 23 50 202
220 246 16 104
227 63 64 72 128
231 211 235
240 216 217 103 236
241 230
243 89 53 245 179 194
244 237 39 66
