52
17 213 182 107 129
19 10 4 5 183 99
26 101 63 64 65 98 180 181
38 18 109 110
47 9 190 265 169 81
52 49 21 22 210 211
73 39 12 13 14 233
87 50 256 217 243 247
88 57 58 60 136
89 69 175
100 27 28 251 252
116 46 59 160 161
120 244 214 179 138 200
130 62 53 54 55 42 43 170
132 90 91 194
133 135 261 1 2 3 113
134 192 209 235
139 75 78 79 92 225
140 131 34 84
141 142 152
154 126 127 128 264
155 104 37 86 144
157 227 95 105 193
162 32 30 68 250
163 164 165 201 215
166 121 61 72 237
176 45 239 245
178 156 111 35 36
188 77 71 266 106 219
189 115 118 220
195 16 6 7 8 236
196 171 94 25 51 76 112
197 198 199
204 96 97 108 259
205 114 246 145 267
206 167 168 44
221 48 20 232 11 56 216
222 125 82 66 67 137
223 147 148 24 212
224 234 103 153
226 158 159 203
230 122 41 102 83 143
231 191 185 186 187
238 172 248 249
240 74 40 29 15 31 184
241 149 117 151
242 173 174 33 85
253 119 263
254 123 207 208 146 23 70 93
255 177 124 228 229 80 262
257 258
260 202 150 218
