52
6 148 88 72 80 137
39 31 38 108 146
40 13 14 141 136 186 23 93
51 8 21 22 24 164
70 36 26 27 28 34 106 225
86 37 281 264 270 260
94 12 3 4 35
115 60 61 62 99 250
127 41 272 244 253 211
130 107 89 98 187
138 252 227 228 288
147 57 58 9 10 11 56
152 134 97 310
155 104 306 1 5 78
159 129 96 277 256 105 163
165 29 240 290 287 198 33 82
166 120 83 92
170 116 282 59 77 206
174 67 68 32 49 55 193
175 71 65 297 291 292 50 81 179
181 237 194 195 75 124
182 19 7 245 222 223 275
183 95 44 255 229 236
199 87 47 263 246 235 293
200 110 52 53 54 114 249
207 171 218 219 46 100
212 119 73 74 303 153 191 125 126
213 149 132 133 299
220 143 121 79 102 231
239 128 85 66 45 42 113 305
242 209 178 295
243 221 196 197
251 215 188 69 123 294
254 156 284 278 15 16 17 103
257 184 140 135 285 43 91
258 208 177 157 150 224
261 201 167 273 247 172 276
262 233 286
266 111 76 90 173
267 160 144 48 169
268 189 161 145 154 304
271 176 131 259 241 84 180
279 139 122 204 109 248
280 202 168 158
283 226 112 118 192
289 269 238 117 101 2 25
296 217 190 151
300 64 30 20 18 142 205
301 232 203 210 230
302 274 298
307 214 185 162 265
308 309 63 216 234
