66
25 26 27 122
33 34 35 36
45 19 20 21 22 23
55 56 57 58 75 101
59 60 61 62 63 64
69 13 14 15 16 17 18
70 46 41 42 43 44
71 72 73 74
76 49 29 231
84 85 148 149 200
86 247
91 68
95 96 48 103
97 3 4 190
98 10 208
99 100 147
104 37 188 143
105 184 248
106 30 155 162 157
119 52 53 54
120 121 167
126 92 24 195 207 245
127 128 129 38 39 40
130 77 78 79 50 51
144 47 198 199
145 132 216 163
151 111 90
152 153 154
159 82 83 175
164 108 133
168 93 94
172 173 174 187
176 177 178 179
183 160 161
192 112 113 135
193 141 142 150
194 87 140 251
203 6 7 8 9
204 136 137 138 139 181
205 206 102 125
209 210 211 212
213 253
217 67 236 244
218 89 65 66 110 123
219 189 250
221 169 246 201
222 170 196
223 134 28
224 88 2 1 31 32
225 226
227 165 166
228 185 215
232 156 186 197
233 180 182
237 229 257
238 146
239 131 80 81 114 115 116
240 214 109 202
241 107 117 158
242 171 11 12 191
243 118
249 5 124
252 234 235
254 220
255
256 230
