57
15 16 71 72 125 126 238
23 24 25 26 27 28 146
32 33 1 2 3 13 14
42 43 139 140 141
54 55 56
64 63 118
69 57 58 59 60 160
70 65 66 206
73 48 39 231
74 75 76 77 210
85 224 216 217
101 234 235 236 93
107 99 95 96 112 199
108 170 171 182
120 53 50 51 67
121 49 225 226
122 228
123 124 103 44
133 134 167 4
136 45 46 90 218
137 88 144 145
142 100 188
147 17 18 19 20 222 131
148 149 230 113 114 115 116
150 151 61 177
152 34 9 10 11 12 52 106
153 109 110 111 7 8
163 97 98 94 78 21 41 183
164 165 143 184
168 80 81 127 128 92 229
169 138 135
173 161 162
174 172 22 79 189
179 158 159
180 166 155
181 175 176 237
185 186 187
190 191 192 193
194 82 91 132
195 196 89 129
200 104 105 117 47
201 209
207 208 221
213 154 68 197
214 203 202
219 215 204 205
223 178 212
227 83 156 157
232 35 36 37 38
233 102 87 198
240 130 119
241 211 29 30 31
242 239
243 244 62 86 40 84
245 246
247 220 5 6
248
