30
19 2 229 209 246 111 134 272 162 55 205
30 15 260 241 10 11 12 258 35 50 198
58 14 193 137 225 115 104 275 196 231 274
72 38 194 140 39 283 288 34 49 243
84 51 270 213 48 53 54 69 121 152
102 59 31 282 98 70 118 119 173 184
107 20 16 130 142 127 143 204
122 65 221 201 287 4 91 120 128 248
136 73 42 21 22 40 80 101 178
146 89 66 278 7 90 202 199 1 6 26
147 236 186 27 28 182 81 93 157 273
179 145 126 110 253 263 264 41 56
192 124 103 224 252 262 286 138 203 290
206 108 60 239 216 195 32 33 160 218 24 45 190
207 251 170 171 174 87 68 95 227
211 165 114 61 62 217 177 215 268
220 37 244 200 109 280 276 18 29 183 233
228 169 141 214 82 63 83 151 64
234 129 85 52 43 92 132 189
235 164 125 86 78 187 188 5 285 223
237 123 74 117 99 266 267 23 57 77 135
238 139 97 75 167 100 96 156 219
249 153 265 240 230 222 242 8 13 25 46 47
250 175 154 131 113 158 226 197
254 144 168 3 245 17 67 210 247
255 185 166 159 150 155 172 269
259 208 181 176 76 88 163
277 148 212 180 149 133 116 71 79 106
279 256 257 284 105 232 9 36 191
281 261 112 271 289 44 94 161
