28
21 67 28 177 164 24 139 151 185
36 22 158 149 132 133 134 18 72 11 102
49 32 174 161 70 71 83 115
79 46 39 5 89 101 19 84
97 160 212 190 202 220 55 90
125 74 53 91 184 172 214
128 80 224 152 66 45 203 208 64
147 81 75 76 77 155
157 93 201 150 142 154
162 98 182 170 175 193 92 186
166 50 33 29 221 236 78
167 58 38 51 52 40 47 62 140 131
168 126 138 100 217 232 135 13 14 116
180 65 42 69 88 34 30 25 26
181 105 4 197 199 159 187 223
188 106 107 213 222 41 176
189 86 87 9 10 196
200 68 37 23 225 153 207 227 119 3 12
205 141 120 231 112 54 61 109
209 85 163 103 219 60 95 122 204
210 129 216 194 198 43 48 63 136
211 145 183 178 191 195 1 2 110
215 144 206 111 94 104 113 114 143
228 73 44 27 15 6 7 16 17 57 156
229 148 99 169 130 121 124 173 8 20 117
230 165 82 171 192 56 96
233 218 59 127 146 179 35 31 137
234 235 226 123 108 118
