59
17 239 240 47 276
24 3 4 5 64
25 26 99 193 79 90
28 29 83 55 56 57 109
36 101 31 32 33 177
42 39 51 133 134 53
43 44 12 13 74
58 10 11 6 7 91
68 34 228
69 65 66 244
82 30 102 103 80 81 157
95 59 60 167 87 158
96 75 76 237
121 149 213
122 45 38 50 52 135
123 84 263 77 247
126 15 262 248
127 128 125 217
138 117 27 35 191
139 105 106 107 108 210
142 111 112 113 114 9 154
143 144 145 164 209
150 85 86 241 281
151 152 198 199
159 160 161 202 275 78
165 61 62 63 266
166 219 147
171 49 155 156 249
172 141 148 188
173 174 137 48
178 129 130 131 132 162
179 140 8 21 23
180 181 182
184 185 186 187 40
195 189 190
203 118 119 153 229
211 163 183 227 14 115
212 1 2 41
214 215 216 258 22 136
218 37 222 223
224 54 18 19 269 270 271
225 196 197 104 200
226 71 72 73 250
230 175 176 243
235 236 264
238 88 89 194 233
251 110 234
254 116 94 168 169
255 192 170 20 252
256 205 206 207
259 97 98 46 120
260 146 220 221
261 201 257 245 246
267 242 93
268 265 16 92
272 204 124 279 280
273 274 100 67
277 70 231 232
278 208 253
