63
2 1 159 28 40
10 8 9 63 179
20 128 121 125 234
48 30 31 81
55 205 206 207 244
66 33 182 215
67 157 71 178
72 73 74 75 76 103
77 78 79 80
82 38 242 59 203
91 69 147 102
104 41 34 35 36 37
105 106 107 118
108 109 110 111 119
114 46 47 58 132
120 268 239 191 192 184
126 21 22 280
127 60 57 173
129 130 166 53 161
140 134 135 136 254
148 195 229 230 231
162 32 138 172
163 49 50 51 52 133
164 150
169 93 94 95 212
175 45 87 88
180 3 4 5 6 54
181 123 124 160
189 144 145 146
193 43 23 24 25 26 27
194 149 90 208
199 170 233
204 56 42 255 39 112 216
210 156 176 219
213 214 98 223 137
217 113 167 29 89
218 183 177
222 253
224 115 116 61 62 236 131
225 260 245 7 64
228 165 16 17 152
237 11 12 13 14 15 256
238 190 117 139
240 153 143 158 196
241 198 18 19 235
246 92 200 201 202
247 272 273
248 154
249
250 232 122 155
257 83 44 185 186 187 188
258 84 85 86 168
259 226 211 252
261 251
262 263 264 243
265 68 197 171 276 70 174
266 99 100 101 151
267 227 65 96
269
270 97 141 142 209
271 221 220
277 275 274
278 279
