57
18 165 166 167
21 12 249 9 10 46
26 27 28 29 30 31 32 33
35 36 258 259 190 191
38 19 20 68
51 22 23 24 25 34
63 37 77 121
69 184 78 52 53 54 104 255
83 96 139 189
87 185 155 136 171
108 109 100 211 212 213 280
113 89 75 81 183
122 99 80 244
133 55 56 47 93
134 101 220 221 92 202
135 110 111 112 124 251
137 138 206
142 64 65 66
143 144 145 146 214
151 114 274 2 3 4 5 6
162 128 129 158
163 140 141 229
168 95 118
173 76 217 218 219
177 161 84 85 198
194 79 60 61 91 215
195 196 102 207
203 88 70 71 72 73 120
204 123 186 197
208 105 106 107 130
209 234 200
222 156 157 187 188
223 159 256 257
224 210
227 228 243 250
230 235 8 67
231 152 153 7 90 147
232 175 176 82
237 225 226 236
240 39 40 41 42 43
241 180 181 182
242 115 116 117 14 119
245 74 57 58 59
246 179 178 170 192 193
247 216 126 127 261
248 233 239
262 94 86 13 103 172
263 11 169 199 201
264 131 132 154 45
265 160 44 62
266 267 125
270 97 98 1 238 253 254
271 174 252 15 16 17
272 205 268 269
273 48 49 50 260
275 164 148 149 150
276 277 278 279
