60
1 2 3 4 5 55 148
6 7 8 9 10 11 12 88
26 17 18 211
35 113 114 115 116
51 19 145 140 141 44 77
56 49 50 87
65 13 14 15 16 110 111 112
69 32 33 34 63
70 71 72 84 147
73 74 67 68
78 75 76
89 90 91 92 94
95 79 80 81 31 234
99 263 158 83
102 103 104 105
109 82 182
117 27 22 175 176 202
118 100 101 137
129 119 120 121 122 123 152
130 196 197 189
131 60 36 37
132 224 46 221
138 28 29 30 45 136
139 48 42 208
142 240 241 242 243
143 43 146 188 93 265
149 124 125 126 127 128 194
159 85 57 58 59
160 47 38 39 40 41
161 162 163 164
165 61 62
166 106 107 108
167 133 157 264
178 179 180 181 203
184 183
185
186 187 97 98 177
190 52 53 54 134 172 173
191 96 86 230
192 193 210
198 199 200 201
204 23 207
209 246 205 206
212 213 238
214 215 216 217
222 223 225
227 150 151
235 66 24 25 64
236 168 169 170 171 232
237 231
239 144 218 219 220
245 244
247 228 229 233
248 249 250
251 174 155 156 20 21 195
252 261 135
253 153 154 226
254 255 256
257 258
259 260 262
