46
9 4 65 79 162 234
25 17 249 191 242 102 209
46 47 201 175 168 169 243
58 1 220 211 87 111 138
68 26 20 21 22 3 7 82
69 34 86 254
71 53 144 145 192 130
84 52 48 62 174 251
90 63 101 109 142 198
106 39 27 28 29 55 97
115 85 210 18 43
131 40 41 42 89 143
147 70 60 12 13 19 57
148 216 208
155 16 14 35 36 67 135
156 75 61 110 103 153 226
157 133 134 171 105
172 91 72 5 54 80 177
181 10 11 248 244 51 98
182 92 257 260 73 96 163
183 108 93 83 120
190 152 161 180
193 59 32 33 38 81
199 30 167 158 6 8
200 116 117 118 119 259
202 99 2 224 225
203 121 122 123 124 137 212
204 127 128 129 178 252
205 100 217 49 50 95
206 149 218 74
214 107 184 136 146 15 37 186
215 160 125 213
222 112 113 258
223 159 165 185
227 195 189 221
230 173 44 150 151
235 132 78 239 45 126
236 231 179 176
237 238 23 24 56
240 139 88 170 245
241 232 233 166
246 140 141 164 261
247 263 228 64 114 219
255 194 31 250 66 94
256 207 188 229 77 154
262 187 253 76 196 197 104
