64
15 16 17 223 224
27 28 22 23 109
36 37 38 39 40 41 42 43 158
44 45 46 74
47 48 49 88 89
57 6 221 174 143
58 2 3 4 5 159
61 20 232 199 18 19 164
62 63 64 65 66 169
69 7 201 202 172
77 10 11 12 86
78 147 108 130
90 32 33 106 107
101 50 51 53 127
115 34 35 196
128 54 55 56
131 80 81
136 59 60 72 187
137 84 85 247
138 257
145 95 96 97 98 100
146 79 183 184 246
150 112 113 114 123
154 255 175
160 161 228
165 70 71 94
181 118 87 263
182 132 68 110 111 229
188 208
189 129 139 140
200 178 148 134
203 102 103 104 133
204 119 120 121
205 171 67
211 179 180
215 216 217 233 76 105 176
218 167 168
220 116 117
222 52 21 31 210
225 234 73 75
230 212 213 227
231 155 156 157
235 153 163
236 237 238 239
240 173 162 209
241 13 14 192
242 24 25 26 82
243 151 152 226
248 219 193 194
249 250 251
252 29 30 195
253 190 191 1 83
254
256 8 9 99
258 185 186
259
260 197 124 125 126
261 244 245
262 206 207 149
264 170 141 142 144
265 177 91 92 93
266 267 268
269 166 198 122 135
270 271 272 214
