51
1 2 3 4 103 39 173
14 11 12 54 55 167
15 16 17 18 19 181
25 242 196 211
31 157 150 151 128 188
45 23 201 264 265 275
46 162 163 192 71 72 248
77 35 26 164 177 178
83 41 29 40 100
84 62 95 59 172
86 136 101 102 5 284 134 217
107 48 274 63 64 193
111 230 180 38 75
112 57 58 176 198
116 87 79 80 183
135 94 24 13 27 232
139 140 141 202 286
153 68 256 252 255
160 47 254 285
161 78 76 90 189
169 10 32 33 208
174 117 21 22 65 209
179 146 238 143 199
190 53 287 262 42 104
191 184 225 226 187
194 147 148 152 91 200
213 81 49 50 106
214 113 85 89 124
219 93 110 129 250
222 8 9 145 137 138 216 6 168
223 108 109 186 185 240
224 268 269 270 51 218
227 220 207 60 96 233
229 170 73 74 277
234 235 236 28 105
237 121 122 156 52 241
243 92 69 70 119 159
244 131 132 133 149 7
253 154 155 247
257 114 115 118 142 204
260 125 206 182 197 249 203 20
261 195 231 43 44 98 130
263 82 123 205
266 56 36 37 127 171 276
267 258 259 282
271 126 88 66 67 99 212
272 215 228 239 144 251
273 221 34 97
278 175 165 166 158 120
279 280 281 30 61 210
283 245 246
