50
23 80 38 123 124 125 27 208
44 8 140 141 142 248
45 46 47 48 49 50 64
56 189 176 5 67
59 1 217 218 169
68 7 81 261 229 223
69 18 19 20
79 10 11 12 114 205
86 74 253 76 85 214
97 28 26 195
98 25 256 120 136 207
102 36 35 2 3 206
111 70 9 262
121 60 61 62 187
126 24 181 162 163 13 138
127 37 31 32 65 66 221
128 129 96 75 90 34
133 103 100 101
134 135 137
139 71 182 226 204 93 94
143 252 232 233
151 99 222 190 185
158 14 15 156 157
159 130 131 132
161 172 33 196
165 112 113 53 54 235
166 148 149 249
170 144 145 146 164 78
174 167 168 193 203
188 116 117 150 234
198 104 105 106 254
199 160 243
200 39 40 58 247 77 91
209 87 88 89 219
210 171 42 55 236
216 191 192 6 197
224 152 153 154
225 183 184 41
227 118 119 4 179 180
230 107 108 109 110 147
231 177 155 29 30 51
237 178 242 63
238 194 201 202 220
239 115 73 57 258 21 22 52
240 241 175 72 16 17 173
244 122 82 83 84 186
245 246 257
250 228 211 212 43 95
255 251 213 92 215
259 260
