54
2 3 4 5 6 19
11 12 13 226 74
32 21 22 55 171
36 231 63 69
46 40 41 42
52 39 24 79 161
62 43 23 10 25 117
64 65 54 44 45 170
70 34 31 38 177
71 68
97 72 73 204 233
98 95 96 142 187
102 66 119 165
103 92 93 121
109 20 87 88
110 111 112 128
125 67 127
130 113 129
133 14 15 16 17 18
134 114 115
139 140 141 232
143 122 123 160
144 145 146 147
148 82 83 84 85 86 28 118
149 150 151 152 153 154
155 57 47 48 49 50 51 75
156 157 158 215 30 29
167 135 136 227
168 169 59 78
172 81 58 178
173 104 105 124
175 176
179 61 26 35 80
180 225 220 195 221
182 203 37 60
183 76 77
184 185 186
191 192 193 194
196 197 198
199 200 126
207 131 132 166
208 137 138
209 210 211
212 7 8 9 1 120
213 174 202 205 206
217 53 27 116
218 214 216
222 91 219 106 107 108
223 162 163 164
224 181 188 201
228 56 33 99 100 101
229 90 159
230 189 190
234 89 94
