38
18 155 71 273 242 286 25 45 67 282
36 13 14 260 122 131 140 268
63 40 199 153 142 21 34 62
96 12 186 157 93 94 10 16 46 68
102 64 189 177 124 105 115
116 138 110 29 52 74 203
120 57 241 205 111 226 250 95
145 97 194 48 100 125 133
154 53 41 33 39 172 3 4 24
165 26 27 246 254 263 60 87
166 141 113 197 201 183 6 7
169 19 156 204 171 187 178 267
179 83 265 230 119 196 134 244
184 82 47 38 266 256 235 280
185 121 55 151 69 80 161
188 76 239 174 248 249 66 70 130 237
193 88 77 31 272 279 50 176
210 99 98 148 223 132 219
211 147 58 158 17 22 35 75
214 91 252 229 231 108 236
215 162 9 5 15 23
220 152 150 136 137 173
227 200 49 190 198 164 281
233 216 217 218 255
238 103 221 234 139 181 191 269
245 149 92 85 213 232
251 117 104 89 28 42 51 81
253 222 224 247 129
258 146 127 195 208 209 257
259 212 43 32 275 109 56 144
261 8 1 2 44 159 207
264 228 182 175 163 202 61 107
271 278 240 225 59 86 106
276 37 30 20 262 274 114 126
277 170 118 72 73 101 112
283 90 54 84 78 206 168 243
284 180 167 65 128 160 192
285 135 11 79 123 143 270
