54
53 17 12 1 31 32
54 55 56 57 74 67 221
76 45 46 40 23 24 128
77 78 37 38 19 58 73 137
79 69 93 94
85 86 126 223 237 29 30 198
95 7 8 9 10 129 244
96 49 5 6 111
97 71 13 33 34
108 99 27 21 22 75 202
113 114 115 72 170 201
120 217
124 70 20 18 220
130 131 112 91 197 105 160
133 125 50 44 60 117 11 62
138 98 66 39 28 59 15 84
149 100 80 81 89 247
150 140 123 107 213
154 155 205 82 83
162 51 52 61
163 161
165 68 64 92 106
166 42 43 104
168 101 102 143 118
173 144 145
176 171 172
177 218 199 229
182 134 179 180 175 35 36
184 204
185 63 26 141 119 14 25
186 243
191 16 174 158 248
192 183 110 219
194 151 167
195 116 122 159
203 193 178 41 239
206 164 212 181
209 189 190 224
210 142 156 238
214 135 136 188 200
215 169 246 146 147 222
216 152 153
225 48 47 65
226 90 87 211
227 207 148 234
228 196
230 139 121 132 157
231 208
232 233
235 187
236
240 109 88 103 127
241 242 2 3 4
245
