63
15 5 6 7 14 63
32 33 34 35 36 37 105
49 50 58 59 54 125
65 22 23 24 25 26 48 64
78 75 76 88 89 114
82 51 52 53 43 44 45
83 79 80 137 192
86 84 85 60 61 62 129
98 11 12 13 81 259
102 266 267
106 38 39 40 20 21 74
107 152 153 154 165 166 251
110 111 97 223
115 116 104 189
130 209 210 265
136 148 255
140 141 69 108 109 182
142 143 144
149 150 29 30 193
151 161 162 163 164 188
156 157 123 216
160 179 222 243 118
167 122 124
168 135 133 134
173 1 2 3 219 220
174 175 176
177 138
184 99 16 17 18 19 10 225
194 70 71 72 73 155
196
197 198 66 67 68 31
199 185 186 272
200 178 187 224
201 202
204 195 55 56 77 95 203
205 190 191
208 57 230 158 159
221 238 258
226 257
227 27 28 47 211 41 42
231 131 8 9 228 212
232 214 215
233 180 181 170 183
234 229
237 235 236 117 172
240 169 207
241 92 93 94 248
242
244 87 103 139
245 132 112 113 250
246 247
249
252 218 213
253 254
256 4 119
260 217 206 239
261 262 145 146 147 171
263 264
268 100 101 96 120 121 46 91
269 90 126 127 128
270 271
273
274 275
