69
1 2 3 4 202 203
21 17 18 19 20 33 34
22 23 12 13 14 147 278
28 29 30 258 248
37 38 39 246
44 35 36 184
46 47 48 80 233
49 50 51 52 219
59 8 9 10 11
78 79 114 179
85 86 87 88 150
97 98 99
104 105 96 217
109 110 111 92 93 94
116 117 136 76
122 123
126 40 15 16 178
131 81 213 214
140 141 166 187
142 143 144 145
149 66 250
152 24 25 26 27
157 158 223
160 101 102 103 89 90 91
161 162 197
163 138 283
164 165
169 170 118 119 120 121
171 106 107
172 173 180
174 175 56 57 58 167 168
183
188
189 60 61 62 63 151
190 148 112 135 159
196 45 237 249
198 199 200 181 182 146
201
204 205 266 267 82 252
207 134 231 232
208 209 186
210 211 212 216
215 275
220 221 222
224 243
225 70 153 41 42 43 64 65
226 227 228 229 230 272 124 125
234 235 176 133 154 155 156
236
238 239 71 72 73 74
240 241 206
244
247 218
251
253 245
255 191 127 128 129 130 185
256 67 68 69 83 95
257 254
259 260
261 132 108 139
262 263 264 265 75 137
268 77 5 6 7
269 192 193 194 195
270 271
273 274 242
276
279 115 100 53 54 55 31 32 84
280 281 177 113 277
282
