67
8 9 10 11
12 13 16 17 68 125
27 28 6 41
33 14 15 63 272
43 44 45 50 51
46 47 48 49 92 268
53 19 20 21 22 95
61 62 197
64 65 55 253
69 54 39 40
77 78 79 224
81 82 24 166
83 84 271 262
98 29 30 80
104 105 266 267
107 108 115 129
112 58 181
121 122 5 1 2 3 4 198
130 100 101 102 103 148
136 119 89 90 7 75 76
140 141
142 59 60 200 201
143 144 145 210
146 147
149 150 151 152 106
155 156 157 158 159
160 123 255 263
170 116 117 118 230
171 70 56 109 110
178 93 94 128 177
182 137 138 139 174 180
183 172 99 169
185 133 134
190 196 126
192 23 18 111
193 194 195 235
203 191 187 188 189 229
204 216 71 72 73 74
207 208 206
209 250
211
213 66 67 165
220 32 42 127 264 247
221 222 91
223 236
225 226 227 228
231 232 173
233 239 257
234 31 135
237 85 52 199
238
240 184 87 88
241 113 114 179 214 215
242 97 25 26
244
245
248 249
251 131 132 120 246 168
252 217 218 219
254 256 57
258 176
259
260 34 35 36 37 38 96
261 167 175 186 212
265 205 161 162 163 164
269 243 86 202
270 153 154 124
