56
45 41 279 282
46 47 48 209 210 88 177
49 13 14 15 270 260 142 207
70 71 72 73 90 91
75 5 6 7 240 287
76 77 3 109 228
95 96 100
97 98 99 136 94 173 212
101 69 114 183 54 122
106 1 60 220
110 107 108 243
118 23 24 201 269 257
124 27 28 33 34 68
125 92 93 227 78 81 82 89
138 19 20 127
143 221 185 186 205 148
152 200 25 10 11 12
158 103 115
159 160 126 140 157 206
165 22 2 276
166 120 42 262
171 111 123 112
178 113 266 267 268
184 145 146 147 137 258
199 153 129 121
202 40 225 161 224
203 204 211
208 134 135 168
213 119 65 66 263
217 179 180 181 87 128
229 57 58 59 64 4 80
230 61 246 222 195 196
232 133 102 241 215 216
233 154 156 197 187
235 50 51 52 104 105
236 172 139 130 259
239 219 53 67 198 256
242 223 162 174
244 182 149 150 151
245 248 249 250 251
247 17 18 63 117 272
252 234
253 254 255
264 29 30 31 32 74 131 35
265 214 155 62 8 9 188
271
273 83 36 37 38 39 43 44 132
274 190 167 192 193 194
275 231 175 16 116 170
277 226 163 164 261
278 218 141 176 79
280 191 238
281 26 283
284 189 144 84 85 86
285 237
286 21 55 56 169
