62
3 4 5 6 7 8 9 140 141
10 11 12 13 194
30 31 238 239 110 111
42 43 217
46 47 22 23 24
50 51 52 41
62 63 45 55 56 57
65 66 64 90 91
71 67 53 77 168
74 218 219 220 221 137
78 79 48 14 15 44
86 87 199 200
92 93 233 49 29 201
113 69 16 209
114 108 177 1 2
118 116 117 147
119 135 17 124 125 152
130 131 132
133 134 211 244 26 27 28
138 72 18
142 94 178 249
144 115 99
145 146 160 169
149 88 68
153 32 33 76 252 226 227
155 106 102 103 104 105
156 81 82 83
161 70 37 38 39 40
162 163 164 165 166 167
170 98 95 150 258
175 176 235
183 80 60 61 96 97
184 19 20 21 126
185 84 85 112
186 122 123
187 196
188
195 237 89 109 148
197 181
198 75 157 158 159 120 151 182
202 203 143 189 100 101
204 253
205 107 73
206 207
210 34 35 36 54
213 214
215 172 173 174
222 171 212
224 25 127 128 129 136
225 246
228 229 230 216 234
231
232 154 208
236 245 58 59 121
240 179 180
241 139
247 190 191 192 193
248
250 242 243
251
254 255 223
256 257
