52
44 195 166 140 146 203
51 21 2 3 1 39
52 30 11 12 20
64 206 53 87 88 106
66 15 36 37 38 119
67 31 32 33 83
72 200 188 189
90 84 10 5 6 7 99
91 211 212 213 25 102
113 92 93 82 141 142
120 22 23 268 261
121 122 85 81 41 42 179
127 68 59 89 135
128 61 78 174 236 271
137 207 208 209 257
143 129 130
153 9 171 77 49 50 107
154 109 110 95 96 97
155 156 124 71 80 218
159 94 178 210
160 131 132
165 144 148 157
172 173 158
184 133 134 202
186 185 40 24 27 79 86
191 192 267
193 55 56 57 58 63 112 238
194 45 46 47 48 108
199 73 74 75 255 136 150 34 35
204 187 152 62 170 231
205 65 26 16 229 253 126
214 190 151 145 149
215 216
219
220 181 8 18 19 98
222 54 60 118
225 176 104 69 76 272
226 227 228 230
233 114 115 100 101 224
234 116 117 198
239 168 269 270 28 43 103
243 29 123 240 221 169 256
244 235 251 247 175 70 180
245 246 241 259
249 161 162 163 164 183 248 217
250 17 223
254 252 105 4 13 14
260 258 263
262 139 111 125 237
264 201 138 167
265 177 232 242 147
266 182 196 197
