64
7 8 221 103 104 164 269 194
26 183 219
34 140
41 42 11 258 240
53 23 24 25
54 55 233 234 107 108
63 37 38 125 210
64 65 66 67 92
81 27 28 29 20 21 40
86 30 31 32 33 16 13 14 15
97 218 12 19 100 186 187
117 118 119 35 36 171
120 121 122 79 80
126 94 116 131 132 172
127 128 88 89 90 267
130 185
138 95 150 151 152
139 9 10 137
146 47 49 50 51
147 268
148 149 228 229
157 22 1 2 3 77 78 143
165 109 58 59 99 141 142
166 288 213
168 153 114 287
173 184 247
174 175 93 75 76 284 285
176 158 154 85 124
181 129 115 251 252
182 101 102
188 87 60 61 73 212
189 190 191 241
196 74 167 159 160 192
197 110 111 112 62 180
198 57 250 144 254
199 200 201 265 91 242
202 193 244
204 39 46
205 203
217 162 4 5 6 18
220 133 82 83 84 70
222 215 216
223 145
225 226 227 98 161
230 231 232
235 255
239 43 44 45 68 69
245 206 123 156 262
246
248 266
253 163 243 52 179
256 236 237 238
257 214 211 96
259 260 261 17
263 264 71 72 113
270 134 135 136 249
271 208 209
272 273 56 105 106
274 275
276 177 178
277 169 170 224
278 279
280 281 282 283
286 195 48 207 155
