72
5 6 7 65 112 220
22 23 24 25
28 29 30 69
32 246 170 198
35 36 149 171
40 41 42 43 44
52 48 109 230
53 104
54 55 47 11 212
61 62 63 142
66 105 106
75 50 51 110
76 218
78 79 80 203 204 89
81 59 26 74
82 70 49 167 195
83 34 72
90 1 2 88 211
92 93 243
97 73 196
98 12 13 10 37 113
99 19 39 94 58
100 14 27
107 91
114 115 116 111
122 148
129 178
136 9 190 191
137 117 118
140 141 135
145 146 244
152 38 67 68
158 108
159 127
160
164 84 85 125
165 3 60 223
166
174 151 222
175 176
177 130 131 20 21
179 153 154 101 102 133
180 138 139 168
184
186 31 15 16 17 18
187 161 128 144
188 189 33 126
192 123 124 86 143
193 194 217
197
199 45 46 8 134
200 201 209 210
206
207 205 239 120 121 185
208
213 155 156 157 147
214 162 163
215 216 228
219
221
224
225 103 172
226 227 240
231 64 56 57 95 96
232 181 182 183 87 119
235 169 150 71 77 173
236 132 229
237 238
241 202 4
242
247 233 234 245
248
