61
3 4 5 6 35
7 8 9 61
21 22 23 24 25 159
45 12 13 14 15 16 38 39
50 51 52 53 54 156
57 49 1 139 231
68 167 168 31 32 33 34 147
79 26 27 28 55 56
88 75 76 67 133
92 90 107
99 100 101 102 165
104 105 106 174
117 184 163 164 212
124 46 47 60 111
125 126 127 128 91 95
131 132 177 178
135 176 233
137 138 122 123 237
148 157
149 108 109 110 97 98
153 154 142 239
160 43 44 64 65 66
161 58 59 140 114
166 29 30 172 173
179 48 40 41 42
180 181 186
182
189 170 171 129
192 10 150 151 152 187
193 89 71 72 130
194 175 197 245
195 196 216 252
198 62 63 116 158
199 93 94 188
200 206 19 20
201 69 70 169 77 78
202 115 136 191
203 121 86 208 2 37 96
204 112 113 249
205 234
209 241 185 73 145 250
213 162 120 80 215 230
214 210 211
218 219 220 224 225
221 74 36 103 207
222 223
226
227 155 183
228
229
232
235 236
238 143 144 240
242
243 244 251
246 190 119
247 248
253 141 83 84 85 217
254 118 17 18 134
255 11 81 82 87 146
256 257
