62
28 29 25 26 27
49 21 6 277 63 225
50 51 52 53 54 41 42
65 81 22 23 24 1 2 266
74 59 60 61 62 107
80 66 67 77 78
86 87 16 17 18 19 20
113 71
123 124 75 76 130 131 273
125 106 116
126 89 90 121
135 136 137 138 99
139 88 33 34 35 36 37 190
143 72 73
144 165 166 167
145 146 163
156 157 274
160 95 96 132 286 271 272 15 289
168 11 12 224
169 170 117 133 217
171 172 91 98
173 104 101 102 103 232
175 97 154
179 43 44 45
184 100 85 140 141 142
185 203 204 7 8 9 10
191 192 92 93 258
193 194 249 238 239
199 161 162 223
200 82 83 84
201 114 115 182 183
206 108 109 110 111 112
207 174 57 58
209 180 181 205
211 178 283
213 150 151 152 148 149 68
214 215 216
218 55 40 30 94 189
219 177 155 46 47
226 227 118 119 120
228 229 230 270 288
235 231 292 13 48 264
241 293
242 202 240
243 263
244 234 220 221 222 147 122 265
245 246
247 248 195 196 197
252 253 56 64 79
256 255
257 186 187 188
259 69 70 233
267 262
268 269 128 134
275 236 237 250 251
276 158 159 129
278 279 210 127 208 261
280 254 212
284 285 281 282 31 32 38 39
287 153 164
290 105 3 4 5 14 198
291 260 176
