59
28 29 101 280
36 71 60 16 5 6 122
43 189 113 48 26 27 65 195
53 54 55 56 154 157 196
76 59 31 14 15
77 67 49 50 51 52 182
81 44 45 46 100 164 155 39 244
87 19 20 17 47
91 40 12 13 7 4 57 58 254
102 103 98 99 216
108 94 72 117
131 132 25 21 22 23 166
133 134 135 136 137 18
139 88 89 163 171 95 127 221
144 145 162 151
152 123 124 125 217 253
159 112 73 74 148
160 97 282
161 30 237
173 37 38 104 118 178
174 83 84 90 85 86
184 140 259
190 110 218 207 255
191 283
199 200 273
202 203 149 150 287
212 82 32 33 34 172
213 179 180 181 226
214 192 186
222 115 116 238 239
228 229
230 138 93 78 79 68 69 70 211
231 232 233 288
234 187 188 165
235 183 61 62 126 143 209
236 111 142 158
240 114 41 42 146 147
246 175 258
247 227
248 80 210
249 241 242 278 224
250 169 215 243
251 176 177 262
252 284
256 257
260 92 63 64 66 267
261
263 264 265 266 225 206
268 35 8 9 10 11 96
269 153 223 204 205 1 2 3 24
270 245 194 193
271 272 129 130
274 128 219 220
275 109 75 141 168
276 277 197 198 201
279
281 170 156 119 120 121 105 106 107
285 185 167 208
286
