42
34 119 98 79 86 184
47 26 1 2 3 243 248 4 14 33 113
48 8 9 5 6 7 238
76 61 56 85 265
81 68 57 55 39 74 170
89 63 44 45 231 16 109 158 268
96 66 35 19 15 263 37 32 197 25 54 239
120 82 78 65 59 94
149 111 191 30 31 21 40 107
160 161 103 104 105 126 22 60 130
165 114 91 83 84 106 203
166 121 127 136
172 67 43 215 174 223 169 13 17 95
175 27 28 208 152 138 183
176 117 99 100 145
179 77 200 201 182 232 71 62 146
180 131 133 143 258
185 97 87 88 92 155 214
186 173 122 69 58 53 102 198
189 139 108 20 18 41
190 247 230 228
192 195 147 193 237 221 264
199 132 142 154 220
204 110 64 23 24 46 38 73 171
205 187 156 151 124 115 128 148 194
217 206 207 257
226 150 90 70 80 144 213
227 218 219 259
229 162 163 164 222
234 178 137 125 129 159 242
235 224 216
246 49 36 251 241
249 181 167 211 267
250 51 52 42 93 135
252 240 225 271
255 209 210 266
260 50 29 10 11 12 244 245
261 188 140 118 123 134 112 116 75
262 256 253 254
269 177 141 157 153 168 233
270 236 196 202 72 101 212
272
