56
22 23 9 258 183 172
49 41 42 10 11 12
54 247 208 209 17 111
81 82 47 48 189 195
94 40 32 85 86
95 70 89 90 215
97 55 56 57 58
106 39 24 162 163 157 212
115 6 5 63 126
116 117 45 46 132 251
122 35 36 37 120
127 59 50 51 52 53 75 121
134 87 88 102 152 153
138 83 84 131 193 194
139 100 101 140 278 279
149 112 113 114 141 142
159 128 60 61 62 8 38 16 79
160 91 92 93 210
161 25 26 27 28 29 244
170 171 137
173 242 222 270
177 178 130 182
184 123 73 74 148
185 186 166 167 221 77 31
190 191 174 213 196 260
197 65 33 68 125 64
203 204 69 7 272 202 164
205 188 234
216 3 4 2 78
217 108 199 200 201
223 98 99 124 103
226 283 179 180 214
229 150 151 158
230 143 165
235 206 207
240 107 76 13 1 273
241 192 80 265
243 248 249 250
245 129 66 67 71 72 133
246 231 232 237 238
253 254 255 144 145
257 135 136 119 239
259
261 175
263 264 30 104 105
266 218 187 169 176
267 225 43 44 252
268 269
271 236 274
275 224 96 154 155 156 211
276 198 168 118 109 110
277 228 233
280 262 219 220 256
281 14 15 181
282 227 146 147
284 18 19 20 21 34
