66
1 2 3 165
18 19 20 12
30 21 22 23 24 25
31 32 252 253
36 37 96 65 227 228
45 46 13 14 15
47 41 42 79
50 48 147 176
58 59 16 17 139 111
72 53 54
73 74 75 116
81 82 159 160
89 60 61 161
90 91 92 93
94 26 27 28 29
95 63 64 69
99 100 57 86
107 108 175
109 68
112 66 67 194
113 114 115 127
120 49 7 8 9 10 11
123 118 151
124 51 52 235
125 126 80 119
132 83 84 207
134 135
140 141 142 143 187 188
145 146
149 110 173 229
154 155 156 4 5 6
157 121 122 38 174
158 87 88 166 148
163 164 254 71
167 101 102 103
168 169 201
180 181 152 153
182 62 55 56 39 40 70 85
183 184 185 186 33 34 35 138
189 144 97 98
190 191 192 193 226
195 177 150 171
199 43 44 136 137
202 203 178 179
204
205 104 105 106
206 233 234
212 213 214 215
217 218
220
221 196 197 198
223 224 225
230 231 128 129 76 77 78 162
232 211
236 209 251
237 130 117
238 239 240 241
242 133 222
243 244
245 246 247 248
249 170 219
250
255 172 216 210 200 208
256 131
257 258
259
