65
5 6
8 9 10 11 12 13 37
39 32 33 34 76
49 50 51 48 125
79 64 163 184
81 82 83 73 74 124 196
88 89 90 110
97 71 72 43 44 45
98 99 35 36
105 226
115 183
118 119 108 84 195
126 127 128
130 131 132 68 52 53
139 54 55 56 57 31 87
143 144
154 91 92 77 78 152
156 141 120 109 207 189
162 161
165 155 121 135 136
166 175 153 171
172 140 137 138
173 112 145 85 86 42
179 167 177
180 123 65 66 69
181 100 101 111
185 186 187 188 263
192 157 158 255
197 27 15 16 17 21 22
198 133 134 160 232
200 23 24 25 26
202 70 28 7 106 267
203 122 169 170 146 147 148
210 191 249
211 174 260
212 176 238
213 93 94 95 96
215 216 217 218
219 1 2 3 4 18 19 20
220 221 222
223 193 178
227 80 224 113 114 208
229 29 30 129
233 234 14
235 60 40 41 58 67
236 102 103 104
237 230 231
239 149 150 151
240 182
241 214
242 38 159 256
243 244
245 228 142 61 62 63
246 199
247 261
250 46 47 59
251 168 201 225
252 209 107 164 190
253 254 75 116 117
257
258 259
262
264 204 205 206 248
265 194
266
