57
2 3 4 157 192 193 194
24 25 39 66
28 29 210 211 235 13 36 104
30 31 32 9 12 138
33 34 19 40 167
46 47 58 102 103 236
60 53 54 98 218
62 55 56 5 15 16 37
63 64 65 115
70 61 112 223
81 82 38 48 87 88 121
84 67 68 164 177 204
93 94 74 252
96 51 59 186
100 41 42 49 73 213
105 106 107 69 143
117 57 99 206
118 119 139
124 83 120 191 75 251
129 113 114 133
130 95 173
131 132 20
134 163 18 14 21
140 91 92 155
141 142 221
144 145 151
148 89 71 72 128
152 153 146 17 11 26 27 205
156 43 44 52 219
158 78 79 80 250
159 160
161 239
162 110 111 135 238
168 76 77 1 6 7 8
169 10 197 217
170 97 90 127 137 253
171 165 247
174 175 176 190
178 179 222
181 182 183
188 184 185
195 154 248 23 50 202
196 122 123 147 45 187
198 199 200
203 108 109
207 189 172 212
208 209 35 116 214
215 216 225
220 245 237
227 85 22 101 136 201
228 229 230
231 224 125 180
240 232 233 234
241 242
243 149 150 166
244 86 126 226
246 249
