59
19 203 176 230
42 9 10 11 258
79 47 18 31
85 63 20 21 40
95 55 56 38 212 236
99 5 6 7 8
105 27 28 39 83
117 118 119 120 128 210
125 22 23 228
129 177 29 49 69
131 110 213 218
140 54 51 204 123 144 145
141 115 116 185
146 97 98 139
156 74 168
157 65 45 46 150
161 66 67 68
162 163
164 96 71 48 245 148
165 92 93 94
171 34 35 36 73 155
173 64 196 166 167 249
175 81 70 76
178 61 62 87 88 89 90
179 142 107 127 151 50
186 126 194 12 13 84
190 102 77 78 226
191 187 59 32 33 170
192 75 149 255
193
197 198 181
199
200 14 15 147 82 154
201
202 174 132 133 134 135
211 103 104 214
215 143 225
216 217 172 259
219 244
221 106 248 44 57 183
222 80 52 53 169
223 16 37
224
227 254
231 114 189 184
232 233 205 208 220
234 235 17 26 109
237 130 43 253
238 158 159 160
239 188 209
240 136 137 138
241 100 124 256
242 180 72 101 121
243 2 3 58
246 152 111 112 113 122
247 257 206 207 41 91
250 4 1 24 25 60 30
251 86 108 182
252 195 153 229
