56
1 2 182 183
3 4 5 6 7 8 57
13 14 206 207 159
22 23 24 25 26 33
30 31 32 91 52 145
35 70 124
36 34 131 198 199
43 9 10 11 104 232
44 45 46 66
58 17 18 19 47 48 92
69 71 72 103 158 215
78 79 164
80 63 68 41 42
95 54 55 64 114 115 229
96 81 27 62 116 230
97 82 83 84
99 100 101 102 197
105 106 75 76 77 144
107 108 163
119 120 165 166
132 133 140 141 73
136 109 121 122 135 160
146 129 53 67
147 148 149 150
155 37 38 39 74
156 157 167 175
161 142 204 130 134 56 65
169 162 93 94
170 113 189
172 195 196
176 179 180 217 218
181 137 110 225
184 118 236 237 238
187 213
191 151 112 88 89
192 193 177 178 111 200
194
202 59 60 61 139
203 143 15 16 190
205 123 188
208 98 51 171
209 28 29 239
210 138
211 185 231
216 212 214
219 152 153
220 221 85 86 87 226
222 186
223 224
227 228
233 125 126 168 201
234 117 90 127 128
235
241 49 50 20 21 40 12
242 154 173 174 240
243 244
