43
23 26 27 15 258
31 5 6 126 187 87
45 46 47 48 134 182
72 11 3 86 59 246
75 28 34 35 36 43 228
118 84 33 64 65 57 42 148
119 18 70 74 92 93 243
122 79 102 71 159 21 63
123 120 112 83 178 2 44
136 94 73 218 219 186 234 16 103 130
137 85 53 90 108
138 111 143 97 98 244
141 96 205 166 211
145 101 88 89 184 226
149 32 12 215 210 225 20 135
150 67 199 127 121 129 222
151 139 124 158 197 133 249
161 104 68 69 91 106 188
164 95 49 50 51 52
165 117 105 99 113 229
168 110 253
169 157 146 155 193
171 170 174 1 30 208
173 198
175 204 77 19 22
189 152 131 233 209 201 221
194 252 214 220 248
203 162 128 29 61 62 114 247
213 179 180 206 207
223 177 241
224
230 190 125 80 181
231 142 147 192 4 37 38
232 196 163 217 202
235 216 66 60 156
236 115 116 81 82 78 160
237 200 183 212
238 100 240 13 14 40 41 39 54 144
239 176 56 191 242
250 76 17 172 153 132 107 140 185 58
251 195 154 167 227
254 109 55 24 25 7 8 9 10
255 256 257 245
