31
95 1 2 146 102 76 89 122 261
117 49 24 5 6 10 40 41 84 178
133 97 62 262 69 4 7 8 12 216
149 100 71 50 44 33 30 34 35 52 144
160 119 80 114 112 140 191
163 134 101 75 66 136 176 77 93 244
168 148 157 159 185
172 54 32 258 57 9 51 121 142
181 128 55 188 162 130 135 26 27 22 31 48 105
182 219 210 249 223 265 11 20 37 85
187 161 113 42 179 92 98 225
195 86 56 165 186 243
198 96 61 189 175 194 67 126
199 164 3 264 115 180 234
207 145 78 43 16 250 131 202 253
208 99 68 205 197 224 13 15 28 53
209 169 196 184 218 193 245 19 23 110
230 200 232 212 213 141 153 242
231 174 156 124 17 18 214 46 123
236 118 72 201 190 221 74 90 138 227
237 150 91 63 59 104 139
238 147 106 88 125 137 228
239 217 192 58 47 143
246 127 79 211 206 241 45 39 65
247 154 60 29 222 220 260 132 215
248 151 111 107 82 94 226 14 21 38
255 173 129 87 73 81 83 116 167
256 155 204 170 152 120 108 103 177 229
257 235 251 233 64 70 109 254
263 240 25 259 36 252
266 183 171 158 166 203
