41
61 42 179 180 155 156 208
63 22 108 109 94 118 68 186
64 38 262 29 30 128
69 50 51 89 193
74 47 170 141 147 19 20
93 81 126 135 110 199
111 70 45 34 244 245 233 250 242
119 48 31 32 67 182 96
120 71 55 188 189 264
122 92 49 46 167 187 91 212
129 33 24 13 234 229
130 59 60 82 105 248
140 86 103 98 173 198
150 83 87 88 107
151 80 227 175 211
157 65 53 43 144 181 214
158 115 116 117 127 9 10 21
166 172 228 267
169 123 76 16 12 11 8 15
174 121 133 134 197 243
194 112 202 149 185
200 3 4 253 221 39 6 26 178
201 159 160 161 138 171 176 263
204 152 90 72 84 85 165
209 18 58 97
215 153 154
218 52 23 17 7 1 2 27
219 124 125 223 258 100 143 14 102
222 148 99 78 104 191 239
225 75 57 66 249 254
226 131 132 77 252 44 54 95 114
231 136 137 139 146
232 195 196 217 266
235 41 28 246 5 25 73 101
236 205 203 224 238
240 220 162 183 184 142 168 192
255 163 164 190 213 259
256 237 210 113 56 145 106 230
257 251 241 265 177
260 79 62 35 216 247
261 206 207 36 37 40
