43
11 12 5 7 8 129 222
21 22 182 174 143 128 116 228 30 70 158
35 1 2 3 4 16 167 210
73 36 194 152 206
82 90 80 53 72 223
89 60 24 211 147 156
94 13 14 15 19 29 68
95 96 6 186 27 31 188
99 59 155 119 153
104 76 50 51 87 154
120 65 66 67 202
130 74 58 40 54 55 157 189
131 25 136 144 191 110 230
134 105 62 63 176
139 142 84 220
140 48 49 44 34 78 145
141 146 108 101 102 196
159 106 91 163 164
162 190 69 123 207
166 37 38 88 43
171 17 32 33 26 71
172 112 113 114 187
177 148 98 85 138
179 217
180 56 18 28 41 42 52
181 151 107 221
192 135 100 225 161
193 178 118 92 93 184
195 86 229
197 64 57 83 77 103
198 165 61 160 183 231
199 185 149 201
200 20 39 169
203 124 125 126 45 46 111
204 205 97 170
208 209
212 173 121 122 9 10
213 117 81 79 115 150
214 215 75 137 47
216 109 175
218
219 127 23 133 168
224 132 226 227
