64
8 9 1 237
13 14 15 16 17
21 22 11 12
26 25
27 28 29 30 31 49
42 10 102 153
72 45 91 92 165 188
73 74 75 76 254
77 78 79 80 81
82 83
94 95 60 61 62 63
99 100 86 87 88 236
103 104 56 18 19 20
105 64 65
114 66 57 58 59
138 139 44 113
142 143 136 137
144 46 47 39
148 33 34 35 257
149 40 41 187
151 152
159 2 3 4 5 6 7
166 167 125 71 89
170 145 146 147 155 199
175 176 177 120 121 180
178 24 242
186 230
189 190 162 163 164 249
192 126
193 206
194 50 51 52 53 132 133 134 182
195 196 90 118
197 198
203 204 115 43 68 69 70
205 130 119 48 93
207 122 123 173
208 157 158
211 140 141
212 213 183 184
214
215 106 109 110
216 217 107 108 156
219 160 161 252 253
220 23 181 256 54 55
222 223 224
225 131 36 124 179
227 96 97 98
228 229 201 202 135
231 171 172 185
232 111 112 174
233 116 117
234 235
238 191 209 210
239 169
240 241
243 84 85 32
244 168 37 38 154
245 67 218
246 247 248
250 150 101
251 221 127 128 129
255 226
258 200
259 260
