56
16 17 18 72 36 37 99
25 14 10 40 42 83
32 22 181 182 127
33 34 35 71
43 44 45 245 246
48 49 6 7 8 219
50 51 52 159 179
65 66 59 164 165 166
69 53 115 98
74 75 76 15
79 47 104 140
88 67 124 198
93 90 200 201 202 86
108 56 57 58 54 55 209 210
116 117 220 230 231
122 123 23 24 87 107
129 130 125 126 192
134 101 102 163
135 136 137 213
141 60 61 62 63 64 119 120 121
146 147 148
150 113 114 19 20 21
151 142 111 160 161
152 153 178 188
154 155 227
156 112 103 41 85 149 105 106
157 80 27 28 11 12 228
158 174 77 78 187
167 26 196 170 171 172
168 100 84 96 97
169 197 70 73
176 239
180 183 184 185
189 68 29 30 31
190 191
193 46 13 216 217
194 177 251
199 91 92 223
204 205 132 133 232
206
207 208 229
211 195 81 82 218
212 252
214 173 109 110 94 95 118 162 203
215 143 144 145 240
221 131 89 128
222
224 1 2 3 4 5
225 226
233
234 9 38 39
235 236
237 175
238 138 139
241 242 243 244
247 248 249 250 186
