67
1 2 3 24 25
9 6 7 8 37 38
15 16 17
21 22 23 85
32 33 26 27 28 29
43 44 45 231
52
56 57 13 14 112
69 40 41 42 66
70 71 72 73
74 75 76 77 205
91 92 93 134 84
98 99 87 88 78 4 5
105 58 59 60
107 108 81 20 103 104
109 110 111 157
116 63 64 65
125 153 128 50
130 131 214
136 137
144
145 10 11 12 86 215
146 82 83 79 140
147 148 204 237
151 61 62 51
154 155 34 35 36
156 18 19 182
158 225 226 227 228
161 149 119 120
166 187 244
167 238
169 143 135
170 218
172
175 176 220 221
178 100 101 30 31
179 180
184 160 245
188 141 142 94 95 96 165
189 122 185 53 80
190 127 39 97
191 192 89
193 106 67 68
196 194 195 199 206
198
200 159 123 132 133 138 139
201 124 236
202 197 186 121
207 208 49
209 183
211 152 126 46 47 48
212 174 90
213
216 113 114 115 168
217
219 171
222 223 203 54 55
224
229 230 129 177
232 117 118 210
233 173 164
234 235
239 102
240 241
242 243
246 162 163
247 150 181
