68
1 23
15 16 17 18 2 46
19
24 25 108
26 27 216 203 204
33 34 35 36 82 83 84 210
37 8 130 131
44 20 21 22
47 48 49 50 51
54 55 56 225 226
58 59 65 66 67
68 69 70 71 141
73 74 75 12 13 178
78 79 80 126 57 168
85 120
87 88 89 90
95 96 97 93 121
102 45 122
103 104 9 10 11 72
109 110 111 38 253
128 129
135 136 137 116 117
138 139 114
142 143 76 191
147 148 149 251
154 155 157 158
161 192
162 163 164
166 167 232 254
171 159 160 134
173 99 100 101 214
175 14 60 118
176 169
180 124 86
181 182
183 172 195 196 92
184 40 41 42 43 237
185 150 151
186
187 188 112 113 132 133
190 153
193 194
199 198
202 231
205 206 32 39 146
211 156 201
213 219
215 106 107 165
221 200
222 170 28 29 30 31
223 144 145
224
227 52 53 81 119
228
229 230 217 218 127
233 234 64 94
235 236
238 207 208 209 220
239 255 177
240 174 115 105
241 123 98 91 140
242 125 152 77
243 252
244 245
246 3 4 5 6 7
247 61 62 63 197
248 212 189
249 250 179
