66
27 19
49 50 51 52 147
70 63 64 133
75 76 32 33 34 255
82 83 71 72 73 190
90 245 166 77 42 57 58
94 95 211
98 99 157 151
100 60 61 74
104 105 106 88 188
107 108 55 56 68 185
112 113 78 16 17 18
116 117 102
120 223 47 62
138 91 80 67 152 178
139 119 87 85 150 158
144 145
148 149
153 128 129 130
164 5 6 7 1 2 3
165 136 137
167 161
171 59 31 97
172 173 101 48 103
174 175 143 193
179 53 8 9 10 11
180 247 248
186
189 232 206
192 204 205
195 39 40 89 66 230
196 110 111 163
197
198 162 170
200 69 28 29 231 217
201 114 115
202 203 54 65 38 96
207 208
210
212 134 24 25 26
213 86 81 260
218 187 262
219 135 132
220 264
221 46 35 36 37
222 216
224 140 141 131 184
225 214 215 160 159
226 227 176 177
228 12 13
235 236 237 209 183
239 20 21 22 23 45
240 199 252 263 233
241 84 14 15 4 127
242 243 123
244 109 43 44 234
246
249 154 155 156 181 182 229
250 251
253 254 142 79 126
256 118 92 93 194
257 258 124 125 146
259
261 238 41
265 266 168 169 30 191
267 121 122 268
