65
39 37 43 127
44 45 46 289 81 82 197 163
47 225 221 260
51 52 53 54 114
59 223 248
70 71 33 38
72 62 84 215
78 79 66 67 68 69
90 103 239
94 60 20 23
95 96 40 18 19 176
100 101 93 113
102 188 189 190 191
115 61 56 57
123 87 88 75 76
129 130 124 98 83 121
132 80 288 232 164 165
133 15 16 21 22 128 154
139 105 106 107 91 160
145 5 230
146 55 24 25 26 27 28 29
155 13 14 34 35
156 36 2 3 4
161 162 108 268
168 152 153 181
169 9 10 147 148 7 8
179 97 48 218 266
180 206
194 134 178
199 200 201
209 131 219
216 213 214
222 220 217 143 136 137 138 279
226 208 31 32 6 17 63 64 280
227 172 173 198
228 149 150
229
231 170 171 144 249
233
237 195 196 235
238 11 12 278
240 151 125 74 166 167 182 183 50
241
246 247 224
251 202 203 99 193
252 243 244 245
253
254 140 116 117 118 135
255 141 142 122 41 42 92 120
256 187 242
257 258 259
261 262 174 175 184 185 186
263 264 126 211 236
265
267 49 77
269 110 111 112 207
270 271 212 204 205
272 177 192
274 104 73 58 119
275 276 277
281 157 85 86 109 234
282 158 159 89
283 273 1 30
284 285 286 250
287 210 65
