54
2 3 97 98 99 100
21 22 23 24 25 26 27 28 29
32 154 102 103 104 162 166
41 181
76 84 85 86 74 75
87 72 139 274
95 57 58 83 116 210
101 73 277 243
105 61 62 63 64 247
106 107 152 120 121 215
111 92 255 256 49
117 56 78 59 60 4 12 47
122 123 124 199
136 5 6 213 214 44 130
137 138 279 68 194
143 144 67 244 269 273
148 93 94
149 88 235 236
158 112 113 96 50 1 13
169 155 156 157 164
176 77 48 221 141 250
177 127 128 129
178 170 135
179 173 174 187 205 31 264
183 150 151 108 109 125 126
184 118 119 7 40 54 55
189 190 145 146 147
191 192
196 80 81 82 165 195 30 163
197 198 206 249 257
201 185 186 89 14 15 131
202 203 45 46
207 200
216 51 52 53 91
217 172 132 133 134 168
218 180 153 280
222 223 8 9 10 11 142
224 245 246
225 268 265 248 182 204 271
229 230 42 43 278
231 232 208 266
237 159 160 161 140 110 263
238 226 211 212
251 69 35 36 37 38 39
252 167 175 228
253 254 219 220 209
258 33 34 70 71 65 66
259 171 240 241 242
260 233 234
261 79 193
267 239 16 17 262
270 227
272 90 18 19 20
275 276 114 115 188
