51
1 2 3 4 66 113 114 117
6 7 8 9 92
10 11 12 13 26 160 180
22 23 24 25 35 61
64 51 79 100 214
77 78 98 99 205
88 89 70 57 67
101 102 207 213
103 90 91 136
108 54 36 37 46 93
109 182 104 105 96 178
139 55 56 134 135 143
140 110 75 76 84 225
147 65 83 174
148 45 154 187
152 141 138 38 74 127 204
167 30 31 32 33 94
168 228 194 195 219 202 191
171 97 126 14 80 115 116
172 212 179
181 153 162 53 86 123
183 59 161 203
184 176 200
189 81 82 240
192 16 17 18 19 20 21 129 255
193 170 133 222 223 173
196 43 39 40 158
197 144 145 254
198 186 224 71 124
199 235
206 150 106 107 243
209 210 142 201
215 87 48 49 58 246
216 217 72 73 95 132
218 229 211 244 245 208
220 125 188 164
221 34 52 29 41 85 165
227 47 44 149 159 118 128
230
233 131 155 156 157
236 137 112 122 175
237 151 163 27 28 68
238 239 166
247 248 241 5 15 42 226
249 190 50 62 63
250 169 119 130 111 146 259
251 234 231 232
252 242
253 120 121 177
256 185 60 69
257 258
