61
29 30 31 32 33 242 158 255 256
65 20 21 22 23 24 130
75 50 51 156 157
83 10 11 103
84 85 153 154 155
98 15 16 17 18 206
110 57 231 225
111 106 100 101
120 64 44 45 46 141
121 115 215
123 72 55 82 43 92 222
142 143 236
144 145 97
146 147 148 149 257
150 132 133 90 91 114
151 125 78 79 134 59
159 71 67 68 173
160 63 61 62 129 135 136
161 25 26 27 28 240
162 163 171 172
166 37 38 39 116
167 137 107
168 118 191
169 170 199 204 200
174 52 53 54 96
175 176 104 56 119 184
179 122 102
180 124 40 41 47
181 182 81 214
186 187 69 70 264
194 1 2 3 4 5 80
195 19 12 13 14
196 177 178
197 198
201 185 94 95 164
207 88 89 58 192
208 93 73 74 108
209 49 6 7 8 9
211 189 190
212 113 140
218 219 205
226 193 105 188
227 138 263
228 117 112 76 77
229 202 203 183
230 213 243 244
232
234 233
237 220 221
241 217
245 152 127 128 139 216
247 210 126 235
248 99 86 87 109
249 223 224
251 131 66 48 60
252 260 261 239
259 253 254 42 238
262
265 246 34 35 36 165 258
266 250
267 268
