53
1 2 3 4 5 6 131 150
7 8 9 10 11 12 184
18 19 20 25 26 28 61 62
23 24 213 187 41 49 196
36 34 124
51 47 48 92
55 39 40 129 130 112
70 30 31 32 42 43 44 33 81
72 73 64 103 203 256
77 71 102 165 179
78 50 160
82 57 37 38 76 123
88 29 13 14 15 16 17
96 83 84 85 86 177
104 105 106 107 232
114 115 116 108 109 166
119 56 174 175 176 219 220 101
139 120 121 117 118 241
144 133 226
145 98 91 143 233
146 147 148 199 200 45
151 113 185
152 52 53 54 134
157 158 254 242
161 110 111 94 100 204
162 127 164 248
163 138
167 66 67 68 132
168 169 170 171 251
172 173 245 246
181 136 137 128 122 149
189 206 97 65 58 59 60 135
191 192 183 99 211 212
201 63 46 93 180
202 21 22 69
205 190 125 27 140 141 142 243
207 155 153 247
208 156 228
214 215
217 182 178 188 239 240
218 209 210
221 126 79 80 229
222 223 224 225
227 75 159 260
234 194 74 261 250
235 197 198
236 259
244 89 90 237 238 230
249 193 231
252 253 216
255 154
257 195 35 87 95 186
258
