64
9 10 11 38 39 107 177
32 33 34 49 96 97 135
36 37 12 13 14 15 16
45 22 5 6 7
46 19 87
51 42 57 58 99
52 53 54 55 102 242
56 43 44 178
61 17 18 40 41
65 26 27 120
68 69 70 8 20 21
91 92 29 30 35 189 190
93 94 95
112 240
113 114 115 116 78
122 62 63 144 257
123 74 75 76 104 266
127 249 250
129 130 106 258
131 132 243 179
136 137 138 23 24 109
139 140
141 84 90 163
142 143 1 2
149 150 71 64
151 152 153 72 134
156 157 145
158 223 256 215 121
160 161 88 82
165 159 193
167 124 117 203
172 173 174 175 154 155
181 182 47 128 108
183 199 200 201 164
186 100 101 80 28 210
191 192
195 79 133 239
196 197 198 162
204 220 202
205 103
206 207 208
211 245 110 111 3 4 50
213 214 180
217 233 234
221 83 118 119
222 85 86 235
225 226
227 105 77 209
228 66 67
229 230 231
232
236 48
237 238 25 241 148
244 168 169 98 194
246 73 31 59 60 216
247 125 126 184 185
248 212 176
251 252 253 267
254 255
259 146 147 218 219 81 89
260 166 187 188
261 224 170 171
262
263 264 265
