57
7 8 9 10 11 12
42 43 221
48 38 22 13 14 15 16 214
58 59 2 135
61 36 160 225
65 66 67 76
81 50 51 105
90 52 53 54 55 107
91 26 32
108 73 40 78 136
111 100 68 150
119 62 45 30 27 28
120 109 3 4 5
122 186
123 124 125 206
139 39 6 95 118
140 184 133 134 213
143 103 104
148 31 34 115
149 193
151 169
155 49 201 202 44 72
156 153 75 163
158 159 121 79 198
162 173 101 147
165 69 226
167 1 63 64 89 194
168 191 166
172 157 178 37 47 132
180 137 138
181 161 126 152
182 84 85 41 83 176
183 141 142
185
189 98 99 33 88 187
190 94 71 130
195 112 127 128
196 197
199 144 145 110 171
200 82 113 114 70
207 208 117 131
209 215
210 29 23 17
211 106 46 96 97 174 175
216 74 170 116 146
218 219
220 164 24 25
222 92 93 86 87 188
223 60 154
224
227
228 35 18 19 20 21 80
229 192 77 129
230 231 179
232 177 56 57 102
233 217 203 212
234 235 204 205
