37
1 2 3 4 244 66 120
14 15 16 11 210 230
33 136 111 189 190 212
38 5 6 7 8 9 27 62 102 134
58 34 17 235 208
95 20 21 22 23 69 126 227
121 122 109 75 133 197
123 85 176 150 226 81 192
127 78 206 149 143 164 173 201
128 105 114 204
129 39 40 26 236 242 93 113 154
130 108 97 100 163 217
135 59 47 186 187 188 185 245
137 54 35 31 57 94 43 160
138 98 79 67 68 36 42 32 76 161
140 96 92 101 153 168
141 142 193 216 218
145 228 239 198 195 194
155 90 53 116 55 56 18 243
156 70 65 178 169 238 200
175 166 147 159 119 219
177 146 117 118 144 196
181 46 28 29 24 25 30 19 63 74 115
182 107 103 61 73 77
183 157 104 99 106 174
209 151 139 240 12 86 88 213
211 124 125 191
214 110 60 48 49 45 180
215 202 199 13 37 52
222 91 82 83 84 148 50 51 64
223 131 132 44 41 89
224 225
231 171 71 72 80 162 179 205
232 229 237
233 152 184 167 203 10 87 221
234 207 112 165
241 158 172 170 220
