70
1 2 3 35 36 37
15 16 17 55 56 145
18 19 20 21 22 124
23 24 25 26 27 28 29 30
38 39 40 41 59
44 45 46 47 128 176
52 31 238 239
53 54 91
63 48 49 50 270
64 65 96 164
72 8 9 10 208
93 94 32 33 34 110
105 86 89 90 102
111 80 51 68
122 123 224
126 169
129 130 131 185
137 138 88 134
139 140 67 237
146 147 95
148 135 136 183
151
152 153 99 109 231
154
155 256 257
156 157 70 71 170
158 79 66 100
159 160 60
161
162 4 5 6 7
168 222
171 101 166
173 119 226
174 175 187
178 179 180 245
189 247
191 81 82 83 84 85
198
199 200 150 120 121
201 141
202 132 104 177
203 204 69 165
205 193 194 195
207 172
210 206 75 76 97 98 236
211 77 78 142
212 149 223
213 214
217 218
219 251 252
220 216 116 117 118
221 248 249
225
227 228 12 13 14
229 186
230
232 234 235
233 163
241 242 243 244
246 190 196 197
250 262 184 103 181 182
254 255
258 167 112 113 114 115
259 188 143 144 11
260 192 106 107 108 240
261 253 125 61 62 92
263 133 215
266 73 74 57 87 127 209
267 42 43 58
268 269 264 265
