63
1 2 3 4 5 80 181
18 19 20 97
29 30 31 210 81 82
39 37 171
44 45 36 16 17 141 142
52 53 22 23 24
62 63 21 10 11 12 13 153
64 38 176
68 6 7 8 9
69 70 71 72
83 84 65 241
85
87 15 151 231 244 148 192
89 90
91 46 47 48
93 74 76 143
94 95 96
98 61 101 168
103 104 105 206
113 77 40 41 152
114 67 14 110
116 117 118
124 73 56 57 58 59 60 230
125 126 127
129 88 75 102
130 131 226
133 196 197 211 212 213
137 111 112 248
139 140 236
145 146 78 79 106 221
149 122 123
150 136 156
154 155 138 184
162 200 201 202 174 179 180
164 165
166 167 198 199
169 190 144 158 220 107
172 42 43 119
173 215 191
175 132 235
177 134 135 121 246
182 183
185 51 35 92
186 27 28 32 33 34
187 188 189 108 109 227
194 159 160 161
195 178
204 243 25 26 233
207 163 157 224
208 147 219
209
214 203 229
216 232
217 99 100 128
218 237 238 49 50
223
225 222
228
234 115 66
239 170 86 120
240 54 55 193
242 205
247 245
