36
22 16 9 10 11 36 144 164 201 247
23 103 65 51 252 166 206 237 238
44 28 7 8 135 194 241 263
92 27 24 224 179 265 19 50
109 34 29 30 31 167 136 211 192
118 97 111 15 75 102 191 220
124 133 58 54 55 53 40 208
132 110 193 163 190 202 33 42
147 61 46 47 4 269 275 276 21 32 39 221
148 104 95 98 26 38 117
177 85 74 253 245 266 49 141
182 96 197 137 138 139 114 115 41 70
183 73 62 282 283 258 121 207 88 89
184 35 83 150 152 180 216
196 93 45 189 59 60 107 156 159 212
217 160 155 87 200 227 142 168 140
222 71 72 78 56 68 77 213
223 149 178 161 162 188 229
231 67 6 12 158 242 13 14
235 225 173 174 187 270
243 17 18 84 43 90 79 80 91
248 1 2 3 100 279 48 99 5 20 170
249 127 154 134 123 25 112 113 108 228
250 82 257 236 198 199 215 210
255 205 151 244 232 233 76 81 176 169
256 122 143 264 218 246 284
259 125 126 120 105 195 203 131
260 94 66 261 185 186 239
267 226 157 204
268 240 262 52 37 57 69 234
271 230 165 171 219 274
272 106 101 175
277 153 119 86 209 63 64 116
278 172 128 129 130 181
281 251 214 280 145 146 285
286 273 254
