51
21 1 2 3 4 5 6 7 77 78 79
32 33 251 136 34 35
40 8 9 10 233
41 42 43 44 66 179
48 38 39 185
51 37 133 129 135
84 17 18 103 104 222
90 28 29 30 105 201
91 92 241
96 86 87 122 169
98 216 217
108 234 67 68 26 137 138 218
110 106 75 61 53 204
113 22 23 24 25 45 200
114 52 49 50 63 15
141 134 163
145 115 107 76 71 120
147 142 143 144
152 153 154 93 94 95 123
159 127 128 69 70 27 189
160 117 118 119 223
164 165 161 162 182 88 158
166 167 101 131
174 175 176 177 214
183 184 173 197
186 155 221
187 181 257
191 36 180 149 150 188 262
192 198 178 31 64 140
202 124 193 80 81 168 11 12
205 190 109 102 65 100 156 157 89
207 194 196
209 74 54 55 46 47 72 244
210 203 195 19 20 121
211 212 199
215 99 261 208 82 83
220 227
224 225 226 231
228 172 151 171
229 230
235 236 116 130 232
237 16 85 111 112 126
238 239 240 256
242 243 97 13 14
245 246 213 263
247 248 249
253 254 255
258 206 58 59 60 56 57 132 139
259 146 62 73
260 252 170 125 148 250
264 219
