67
3 4 5 6 7 8 180
21 22 23 24 14 139
30 31 32 33 92 69
34 35 214 215
53 54 55
62 47 46
74 75 76 9 125
86 82
88 59 60 61
93 15 16 119 126
94 95 96
98 99 12 13 254
102 205 206
108 100 101
115 116 65 66
120 121 241 114
122 71 72 73 67 68
124 158 159 222 223
129 111 112 113
130 123 57 58
135 89 90 216 217
136 51 52
140 141 142 174 175
144 145
146 147 91
150 134 107
151 63 64 48 49 29 181
152 77 78 56 127
157 247 244
160 161 162 163 164
165 128
166 167 168
172 97 81 50 171
182 40 41 42 43 44 45 83
183 184 185
189 154 2 179
190 191 192
193
195 87 17 18 19 20
196 36 37 38 26 27 28 70
198
199 200 201 202 143
203 204
207 80 1 117 118
209 148 149
210 153 132 133 155 156
211 245
212 213
218
219 103 104 105 106 85
220 131 39 25
221
224 225 226 227 169 170
228 229 230
232 208 84 79
234 197 173 10 11
235 236
237 238 233
239
240 249
242
243 176 177 178
246 186 187 188 194
248
250 109 110 137 138
251 252 231
253
