63
19 20 21 15 16 8 1 86 125
37 38 2 3 4 5 253
50 46 26 27 64 65
51 52 14 6 7 12 13
60 54 47 39 146 214
61 180 258 259 260
76 77 106 188 124 164
81 70 94 205
82 83 84 85 66
88 22 23 34 171 172
92 93 107
99 100 55 56 57 79 80
104 33 112 168 216
109 17 9 213 95
110 111 206 123 174 233
115 101 102 103 204
116 117 108
126 67 63 158 222
127 42 43 44 45
135 29 30 31 69
136 137 138 139 140
151 262 263 264 265 145
156 157 203
159 160 147 105 113 114 149 150
165 166 167 78 154
169 170 251
184 152 148 234 24 25
189 10 250 175 193
190 144 87
191 252
194 118 119 120 121 122
195 196 161 162 163
197 89 187 246
198 257
200 201 36
209 90 133 134
210 183 242 243
211
215 96 97 98
217 178 179 62 40 41 155
218 128 129 130
219 226
220 221
223
224 225
227 131 132
228 229
230 231 232
236 68 91
237 11 72 73
239 71 75 143 235
240
241 141 142 238 35
244 58 59 18 28
245 48 49
247 53 74
248 207 208
249 153 176 177 32
254 173 182
255 256
261 185 186 192 212
266 181 199 202
267 268 269
