65
10 11 12 13 14 15 16
30 31 32 33
34 35 36 37 38 39 113
40 41 85
42 1 2 3 4 9 190
50 24 25 18 19 20
56 46 47 48 49 254
57 58 59 84
62 6 7 8 65
63 64 91
71 72 73 21 22 23
75 76 77 78 79
81 82 66 67 138 139
88 89 17 5 55
93 94 92 210
100 101 68
104 105 106 148 149
119 95 96 168 197
120 121 122 102 74 156 157
126 117 141 224
129 130 114 115 116
131 132 133
142 143 144
150 151 80 107 125
152 153 118
154 155 164 264
161 112
165
166 167 234
171 172 134 135 136
175 51 52 53 54 137
176 177 110 111 195 196
179 180 181 182 183
184 185 186 97 98 99 213 214
191 69 70 60 61
192 147 160
194 140 259 260
199 145 146 188 189
200 201
202 203 204
205 206 127 128
207 43 44 45 174
208 209 242
215 216 86 87
217 218 109 83 90 108
219 162 163
225 178 245
226 26 27 28 29
227 228
229 169
232 220 221
233 243
235 222 223
236 237 244
238 239
246 211 212 173
247 193 123 124 158 159
248 198
249 230 231
250 103 170
251 252
253
255 256 187 240 241 263
257 258
261 262
