68
15 16 26 27 177
23 24 25 42 34 35
46 8 9 10 11 130
47 58 59 92 241 98 108
52 53 36 37 38 60
54 81
57 40 41 206 207
62 63 257 258
66 154 80 55 87 165
69 70 71 72 111 112
79 5 6 7 201
90 91 123 124 191
93 136 137
104 45 73 74
113 109 64 51 188
119 120 121 43 29 30
125 20 21 22 198 199
126 85 86 147 262
127
129 168 212 239
131 132 222
141 142 143 218
145 163 164
150 151
152 84 1 122 134 135 200
153 67 68 88 235
160 138 105 106
161 162
166 139 140
169 128 107
172 170 12 13 14 77 78
178 179 180
181 17 18 19 39 219
182 183 184 230 269
185 186 187
189 190 240
195 144 94 192 193
196 82 83
202 203 204
208 95 96 97 32 33
209 173 174 148
213 114 102 103
214 197
215 216
220 176
221 268
223 171 217
224 75 76 194 205
225
226 227 228
231 110
232 233
236
237 28 115 175
243 261
244 99 65 229 44 158 159
245 210 211 2 3 4
246 167 238 100 101
247 133 146
248 155 156 157
249 250 251 252
253 116 117 118
254 255 31 61 242
256 267
259
260
263 48 49 50 149
264 265 266 56 234 89
