44
24 8 163 81 88 89 90 91
33 34 198 160 204
95 55 62 154 186
109 80 44 45 263 264 238
119 38 237 113 175
127 53 166 178 3 16
132 111 64 54 22 23 47 118
137 79 73 35 36 58 142
138 56 48 49 46 72 249
150 100 78 50 51 131 148 179 15
151 114 115 116 174 212 248
162 42 26 12 13 14 41 240
165 208 134 135 184 106 170
171 60 27 28 29 30 31
172 107 128 125 144 205
176 133 61 70 86 87 228
187 69 258 253 4 32
188 182 164 192 214
193 84 112 75 82 83
196 102 5 6 236 217 254
197 96 97 98 149 265
199 200 195 227
206 76 9 10 7 18 191
207 270 221 213 122
215 59 57 68 145
216 173 247 40 99
218 110 104 251 252 189 190 19 52 242
219 120 67 123 93 140 129 147 223
220 201 39 17 37 211
224 124 267 71 167
229 77 43 20 21 262
230 177 146 169
234 103 180 158 183 117 126 156 250
235 139 231 203 233
243 108 25 11 1 2 232 255 92 168
244 152 74 85 94
245 153 136 159 202
246 225 222
256 194 121 130
257 226 65 66
261 143 161 63 155 241
266 209 210 239
268 181 157 105 141 185
269 101 259 260
