62
2 3 4 183
26 70 31 27 242
39 22 23 106 128 129 130
47 48 49 1
58 202 203 204
62 219 220 221 222
74 75 37 109 251
76 77 78 126
82 71 72 249
83 84 85 86 87
92 91 123
96 209 210
98 99 100 93 94 95
103 32 33 34 19 226 114 115
104 65 35 158
110 111 112 63 182
118 119 120 121
124 66 67 68
131 132 247 248
133 134 105 40 41 42 250
141 142 25 11 155 157
144 145 150 122
146 5 6 7 8 136
147 101 102
156 254 54 55 56 57
160
161 162 163 164 50 10 13 159
165 152
166 167
168 138 139 137
169 170 125
176 116 117 61
177 178 179 180 211
181
184 185
187 28 29 186 53 69
188 189 190 24 89
191 21 80 81 243
192 36 16 17 18
193 143 244
195 196 197 198 172 241
199 200
201 59 60 12 88
205 194 151
214 239 73
215 135 113 90 173 174
218 64 43 44 45 46
223 216 217 51 52 79
224 225
228 229
230 206 207 208
231 140 30 38
232 97
233 20
234 171 127 107 108 237
235 148 175
236 246
238 14 15 212 213
240 9
245
252 153 154 149 227
253
