59
1 2 3 4 5 49 50 51 74
6 7 8 59 118
12 13 14 15 16 17 157
19 207 208
22 23 24 25 52 104 136
31 28 29 81
35 226 247 248
40 41 42 43 60 61
55 56 44 45 66 67 146
69 70 71 72 20 93
75 76 32 33 34 64 224
100 101 102 103
109 233
119 120 82 83 158
121 106 135
123 27 21 26
124 125 91 163
132 133 92 171
137 105 88 89 90
138 9 10 11 18 222
142 126 127 114 195 73 111
143 144 221
148 149 122 196
151 130 77 63 145 223
152 107 57 58 94 95 96 214
153 154 155 156
164 84 80
166 167
169 117 147
172 173 113 85
174
175 176 131 237
177 178 197
181 108 87 110
184 36 37 38 39
187 188 129 165 234
191 65 97 98
192 193 182 185 186
198 128 62 54
199 200 201 53 47 48
203 212
204 205 162 213
206 194
209 112 78 79
210 211
217 159 68 229
219 215 216
225 115 116 170 46 30 168
228
230 202 189 190
231 86 150
235 236
238 134 249
239 99 183
240 218 227
241 242 179 180
243 139 140 141
244 245 220 232
246 160 161
