45
36 11 2 3 4 5 250
76 60 42 79 128 153 44 66
82 51 244
89 72 80 108 192
94 23 106 33 34 46 97 186
99 63 73 133 164
104 12 69 47 32 55 68 103 185 22
129 126 95 151 190 236 258
141 71 155 156 121 132 218
148 100 78 112 122 260
154 83 13 198 217
160 59 27 28 29 30 48 53 159
161 19 38 39 26 41 49 67 135
167 31 24 25 16 17 18 87 145
173 37 249 211 235 242
174 105 85 62 75
176 131 96 140 189
179 221 222
195 77 6 171 40 248 35 123
196 119 120 45 259
201 20 1 93 144 223
202 136 137 216 147 188 237
205 142 138 184
206 84 61 52 56 65 115 224
207 149 256
210 163 8 21 50 200
212 124 246 111 187
213 7 14 15 9 10 98
219 146 116 86 139 134
220 215 150 117 152 157
225 130 91 92 74 170
229 175 162 125 199
230 165 180 214
231 203 228 183 245
232 90 57 58 64 81 178
233 168 127 166 191
234 241 255
238 182 101 102 158 194
239 118 70 107 113 110 193 54
240 254 177
243 197 143 204 109 181 114
247 208 257 172
251 226 169 209
252 227 43 88
253
