61
15 16 136 45 46 90 218
23 24 5 6
32 33 34 1 2 3 4
35 36 37 38
42 43 212
49 50 51 67 206
57 58 59 60 160
64 65 63 210
69 48 22 79
73 70 71 72 83 156 157
74 75 76 77 229
85 151
101 234 235 236
107 108 109 68 189
120 53 54 55 13 14
121 25 26 27 28 146
122 61 93
123 124 119
133 134 112
135
137 138 139 126
140 141 118
142 99 100 132
147 17 18 19 20 21 41 183
148 149 143 184
150 178 95 222
152 153 154 10 11 12 52 106
163 97 98 94 78 96 89 92
164 165 166 155
168 169 170 171 182
173 66 238
174 172 125 91 129
179 180 181 175 87 198 199
185 186 158 159
194 82 114 115 116
195 196 197
200 104 105 117 47
201 228
204 176 177
205
207 80 81 127 128
208 39 231
209
213 190 191 192 193
214 215 202
216 217
219 220 88 144 145
221 8
223 224 203 187 188
225 226
227 237
230 113
232 9 110 111 7 167 56
233 102 161 162
240 130 131
241 211 29 30 31
242 239
243 244 62 86 40 84
245 103 44
246
247 248
