60
1 2 3 68 69 80 81
10 11 12 13 96
15 16 228 247 253
25 26 27 28 31 59 170
39 17 18 43 44 45
51 48 49 50
60 61 62 84 85 86 87
63 64
66 67 239 240
72 73 159 185
78 30 181
82 83 108 8 9 32
88 89 90 91 169
97 98 34 131
102 103 19 256 257 258
111 55 56 135 136 180
112 113 114 115 20 230 29 177
118 104 105 76 210
123 124 57 58 184
126 127 125 146 65 167 168
133 46 47 74 52 53 54 130 143
134 215 216 217 218
137 70 71 77 101
138 139 140 164 37 38
144 145 242 243 237
150 151 152 153
154 21 22 23 24 35
155 156 157 158 229
160 109 149 199
161 162 163 93 94
165 174
171 99 100
172 173
175 176
188 92 75 179
192 193 79 186
194 147
196 132 187
197
203 107 116 117
204 40 41 42 33 166
207 208 195
219 148 234
220 182 201 202
223 4 5 6 7 36
224
226
227 205 206 14 110
231 178 95 225 106
235 119 120 121 122 259
236 128 129 183
238 211 212 209 214
241
244 189 190 191 198
245 246
248 232 233 200 141 142 260
249
250 251 213 221 222
252
254 255
