65
4 5 8 69 158
6 7 16 17 18
9 10 60 62 63
22 23 24 25 26
27 19 94 218
30 31 252 253 160 161
38 12 13 14 52 53
45 46 47 49 195
58 59 179
74 75 65 66 67 270 98 219
77 196 197 198 199 262 263
81 78 68 36 37
82 56 57 101 107 108 236
83 79 80 125 181
119 120 121 71 72
127 73 110 111 112 113
136 137 138 42 11 20 126
142 193 278
147 134 122
153 154 84 85 51 143 144
155 109 140
159 54 102
162 163 139 145
166 93 151 152
169 170 216 217
171 1 2 3 70
172 64 35 55 180
173 118 76 91
174 167 168 246
176 165 148 149
186 235
189 132 133 114 115 249
190 92 21 97 135
201 89 90 226
202 245
203 182 141 48 61
204 205 123 124
206 207 208 209 237
211 212 213
214 87 88 188
215 232 43 44 95
220 221
222 104 105 106 210
223 224 225 250
227 277
229 116 117 15 103
230 231 178 228 156 238
233
239 240 241 242
244
248
251 146 50 32 33 34 243
254 255
256 257 175 200
258 259 39 40 41 157 234
260 28 29 86 150
261 183
264 99 100 184 185
265 177 96 187 247
266 267 268
269
271 128 129 130 131
272 191 192 164 194
273 274
275 276
