45
1 2 3 95 236 32 49 50
25 147 87 190 191 223 253 58 175 246
33 98 99 12 62 83 102 205
45 46 47 48 212 251
64 10 11 5 6 7 68 220 210
80 51 52 282 178 216
110 35 149 112 105 61 59 192
125 26 27 22 276 145 196 63 181
128 70 71 186 195 260
129 127 123 254
141 177 144 132 179 261
143 81 75 270 271
170 34 160 92 93 168 204 247
171 126 88 268 23 24 57 108 229
182 65 30 31 265 274
183 139 100 101 189 107 255
185 153 41 42 43
194 237
197 151 103 104 227 272
198 121 122 114 106 91
199 173 154 155 209 39 40
201 138 130 72 120 133 180
206 66 67 53 131 166 225
207 162 188 136 226
211 161 135 28 76 77 176
214 158 159 213 29 84 109
215 224 259 13 14
217 200 174 238 266
221 86 19 20 21 119 208 241
222 218 202 203 273 69 169
231 111 82 277 281 15 55 137 275
232 172 36 37 38 116
234 152 283 78 89 90
239 163 150 140
242 167 228
243 240 269
248 249 244 245 4 16 17 74
256 148 117 258 56 73
257 118 113 96 146
262 142 18 8 9 44 97 193
263 164 165 124 156
264 235 219 60 134
278 157 94 267 250
279 184 187 230
280 252 233 54 115 79 85
