69
1 2 3 168
11 9 10 23 24
17 18 19 20 182
29 30 31 32 33 74
45 46 47 48 49 51 14
53 12 13 118
69 73 22
70 71 72 130 159
76 42 43 44 172
77 78 50 97 98
79 80
84 85 86 87
99 100 56 57 58 119
103 88 89 90 91
104 105 4 196
116 113 34 35
121 122 123 37 38 39
128 95 207 257
132 101 102
133 134 135 92 93 162
137 106 107 108 264
139 140 138 136 158 131
141 142 178 170 171
143 55 6 7 75
144 145 146
147 127 40 5 15 16 226
148 149 150 120
151 152 181
153 62 63 109
154 61 59 60 115
155 64 65 200 201
163 111 112 81 94
164 165 166 167 66
173 174 175
176 124 125 126 230
177 242
179 180 258
183 184 185 110
186 160 161
187 188 189 225
192 67 68 191
193 194 195
197 41 8 21
198 199 249
202 203 129 190
204
208 117 205 206 239
209 210
212 25 26 27 28
213 262 263
216 217
219 220 221
222 223 224 218 234
227
228 229
231 232 233 243
235 82 83 157 211
236 54 36 96 169
240 237 238
241 245
244
246 114
247 248 52
250 251 252
253 254 255 256
259 260
261 214 215
265 156
266
