47
10 11 12 13 7 8 174 126
16 14 15 64 179 223
42 187 33 34 37 38 181
45 2 3 4 5 235
52 53 123 124 103 75
65 62 63 99 1 231
70 24 88 180
73 46 17 18 19 20 30
81 86 87 198 168 151 172 178 51
96 66 48 185 203
111 97 98 109 35 85
112 74 82 83 49 50 162
113 23 9 31
132 117 118 119 120
137 54 55 56
138 108 154 155 40 41
142 125 77 104
146 147 43 208 177 191
150 148 80
152 127 107 110
156 32 200 67 175
157 134 170 171 94 79 78
167 128
173 129 130 131
182 105 47 25 26 27 28
183 100 101 29 149
184 135 136
186 153 164
192 90 91 72 216
193 57 58 59 229 230 234 95 6 161
194 158 159 233 44 71 121 122 69 225
196 61 195 21 22 169
197 114 115 116 221
204 133 163
206 160
209 92 93 188 39 89
210 139 140
212 205 76 68 84
213 176 218 207 36
214 143 144
215 201 199 166
220 219 60 145
222
226 189 190 224
227 106 202
228 165 102
232 211 141 217
