57
6 7 8 9 10 46 139
22 33 31 47 212
28 29 30 11 12
48 49 50 51 66
57 32 255 157
70 71 108 109
72 13 3 213 175 180 233
85 58 59 56 181
90 89 215 216
102 103 234
110 111 112 122 221
127 2 1 118 125
128 25 26 27 192
143 14 15 16 17 18 19 224
145 133 210 223
153 41 42 135
154 68 60 94
156 96 222
161 81 82 83 84 142
166 120 121 152
167 146 147 148 149
169 35 36 194 195 196
170 162 140 160
172 91 155 63 64 65
173 171 237 203
176 43 44 45 67
177 151 104 105 106
179
184 129 107 101 95 123 197 198
186 52 53 54 55 124
187 238
189 115 92 93 126
190 117
193 86 87 88 183
200 201 202 76 114 119
206 80 37 38 240
207 73 74 75 97 98
208 130 99 100 39 40
209
217 132 131 163 34 199
219 220 227 214 251
225 178 150 211
226 159
229 230 231 228
235 218 205 164
236 241
239 232
242 174 168
243 254 182
244 20 21 23 4 5
245 144 116 113 141
246 204 191
247 185 69 134
248 77 78 79 165
249 250 24 61 62
252 158 136 137 138 188
253
