51
32 1 2 3 4 200 284
54 55 39 40 6 256 226 278
60 9 10 11 12 118
81 160 219 150 151 182 183 209
99 100 260
114 74 98
119 17 18 19 20 21 22 23 24 217
120 94 53 282 263
122 116 117 164
125 126 110 154 107 184
133 70 71 28 29 30 31 194
140 129 105 124 202
143 220 207 188
149 75 56 245
157 139 197 244
159 61 62 25 26 167 228
169 153 121 186
173 137 63 64 59 280
180 84 41 91 131
181 241 199 103 106 156
190 33 165 88 89 90 128 201
191 221 227 52 86 230
204 82 83 50 57 58 96 97 264
212 95 16 42 43 44 203
213 196 258 123 193
218 13 14 15 144 145 179 5 80 195
223 135 136 115 112 262 211 85 113
224 174 238 7 8 66
225 166 222 148 215 216
239 108 109 163 235
240 34 35 36 51 37 27 189 38
246 142 76 77 78 69 198
247 175 176 277
248 252 168 231
249 134 162 259 210 243 104
250 161 141 67 68 65 130
251 146 147 268
253 93 45 46 261
254 152 138 127 177 279
255 158 170 171 172 269
265 206 192 232
266 267 214 47 48 49 87
270 205 185 229
271 257 208
272 233 234 79 132 155
273 111 101 102
274 242
275
276 187 72 73 92 178
281 236 237
283
