65
7 8 9 40 41
15 16 17 29 145
21 22 1 2 3 4 186
26 5 6 230
36 37 115
55 12 13 14 50 221
56 51 200
73 74 75 76 163
79 105 106
82 83
85 57 58 110
89 38 39 117
101 18 19 20 63 64
102 103 78
107 90 91 92 93 84
111 112 113 114
119 60 61 62 248
124 125 126 138 139 140
130 131 80 81
136 137 178 142 53 54
141 132 65 66 67
146 71 72 59
154 120 121 122 123
155 151
156 157 164
158 159 143 152 213
160 49 77
161 149 150
162 170 171
165 166 148
172 173 229
174 175 190
176 177 211 212 153 260
181 42 43 44 45 46 47
182 52 87
187 168 68 69 70 184 185
188 183
191 96 97 98 99 100 144
192 233 198 199
196 179 180
197 27 28 240
201 104 32 33 34 35
202 203
204 205 206 231
207 208 209 86 134 135 224
210 216 217
218 23 24 25
219 220 255
225 214 215 239
226 193 194 189 94 95
232 227 228 127 128
234 235 258
236 237 169 48
238
241
242 254 167
245 246 247
249 195
250 147 88
251 30 31 133 129 223
252 118 108 109 116 259
253 243 244
256 222 10 11
257
261 262
