65
1 2 33 34 35
3 4 36 37 135
21 22 23 24 25 26 27 28 29
51 183 184 185 218
55 56 57 227
61 52 53 54 93 228
72 6 7 12 13 157
73 5 44 45 46
75 58 59 60 173
83 84 85 86
88 89 90 68
95 81 47 48 91 92 140 141 142
100 62 63 64 65 66 67
110 111 112 113 114
122 123 250
124 76 77 78 79 80
125 126 230 281
130 131 132 118 156 187
136 137 138 139
143 144
145 146 178
147 148 149 133 134
158 128 229 202 242
164 30 31 32 211 171 290
165 94 233 266 267
166 167 168 169 170
174 102 103 104
175 96 97 98 99
176 177 186
181 182 106 107 108 289
188 189 190 191 192
195 162 121
196 41 42 43 179
197 159 160 38 10 11 14 87
198 199 200 201 151 150
203 204 105 119 120
205 206 207 208
209 210 282 283
212 213 214 49 50
215 216 217 193 194
219 244 245 292
222 39 40 249
223 224 225 259 260
231 232 247
237 238 241
243 220 221 291
248 270 271
251 163 115 116 117
252 253
254 234 235 236 273
255 153 154 155
256 257 258
261 246 264
262 263 280
268 101 69 70 71
269 295 296 297
272 172
274 129 17 18 19 20
275 226 239 240
276 277
278 161 109 180
279 265 74 8 9
284 285 286 287 288 152
293 82 15 16 127
294
