60
8 4 5 99
15 16 177 178 201 52 53
18 146 118 17 34 78
26 27 28 254 89 90 91
30 31 32 58
36 37 151 133 134 142 192
40 44 45 213
79 80 81 75 214
82 83 84 51 163 264
88 55 56 137
102 70 71 72 73 198
112 113 85 86 87
117 109 104 191 29 122
129 41 42 43 155 180
130 1 2 3 23 24 25
131 61 62 63 64 68
138 9 10 11 12 169
139 132 229 237
140 141 148 100 101 121
143 65 66 67 161 193
157 152 153 179 228
158 147 160
166 159 200 255
170 107 108 119 226 105 156 187
171 172
182 154 13 14 69
184 185 126 127 120
188 94 47 48 49 50 54
189 103 239
190 173 174 222
196 197
202 22 124 125 92 77
207 95 96 97 93 164
208 176 19 20 21 33 76
209 257 186 206
211 194
212 183 233
217 35 74 165
218 219 114 115 116
220 128 135
223 203 111 110 6 7
224 225 243
230 46 38 39 59 60 57 199
231 210
234 235 204 205 98
236 145 162 241
238 195 168
242 259
244 245 221 227
246
247 144 215 216 181
248 149 150 123
249
250
251 106 136
253 252
256 232 240
258
260 167 175
261 262 263
