56
12 13 196 221 205
17 8 202 240 29 97 98
30 31 9 10 11 28 53
32 33 34 35 106 181
46 193 194 195 255
54 55 56 57 67 99
70 137 114 218
81 76 18 19 20 79 80 147
83 49 189 134 135 136
94 95 96 172
100 101 64 52 142 279
110 111 247 248 249 271
116 61 62 58 213
143 144 145 146
148 6 7 4 27
149 132 242 85 86 171
150 151 286 260
159 60 22 23 24 73 207
160 113 84 88
163 103 41 42 125 126
164 71 266 225 217
177 131 102 65 66 115
192 45 59
199 82 50 123 124 222 226
200 133 104 105
201 127 128 129
208 138 139 267 219
209 190 21 250 203
210 168 169 227
214 130 87 283
216 166 167 185
228 179 232 277
229 77 15 16 197 244
230 178 44 14 48 93 186
233 37 38 39 40 68 69 74
234 215 90 92 180
238 204 156 72 141
239 51 43 254
241 165 155 140 175 188 36
246 112 107 108 109 154
256 47 275 276 245
257 89 78 75 170 63
258 252 253 284
263 235 236 268 251
269 231 1 2 3 262
270 119 120 157 158 261 278
272 121 122 264 259 211 212
273 117 118
274 265 187 191
280 161 162 152 206
281 182 237 288
282 243 198
285 183 184 220
287
289 173 174 91 153 25 26 224
290 291 292 5 176 223
