65
27 146 147 128 97 98 99
50 7 8 86
51 52 53 89 172
71 48 49 80
83 28 29 102 221 222
87 88 91
101 84 40 41 42
105 46 47 44 30 31 32 33
106 11 103 104
107 100
112 113 114 229
118 63 233 241
129 6 1 2 3 4 5
130 131 122
135 115 232
136 137 17 18 38 68 173
141 223 138 139 140 149 249
151 152 116 184
156 153 16 39
157 34 35 36 179
158 75 76 77 250
160 108 58 96
161 162 92 93 94 64 45 57 110 198
167 111 85 81 82 212
168 119 72 73 74
174 175 43 23 24 25 26
176 132 133
185 59 60 61 219
186 144 196 213
188 189
190 218
191 54 55 56 90
192 193 164 21 22
194 195 242
199 177
205 210 267 13 14 15
206 187 261
207 180 181 165
208 124 211 145
209 37 231 159 12
214 182 183
216 200 201 202
217 228
220 154 155 134 203
224 120 121 109 197
225 226
230 269 126
234 235 236
237 238 239
243 95 125
244 245
246 247
248
251 142 143 117 78 79 123
252 204 178 240
253 227
254 255
256
257 169 170 171
258 259 260
263 65 66 67 69 70 127
264 163 62 9 10 148 166
265 215 262
266
268 19 20 150
