62
19 20 21 67 88
27 28 29 249
31 13 14 194
39 40 41 42 43
51 32 33 152 196
55 56 57 44 45 89
59 60 61 211 212
65 48 49 50 246
72 73 80 96
74 47 197 259
83 84 85 187
90 63 64 71 195
97 35 36 37 38
107 22 23 24 25 26 68
108 87 98 251
113 66 93 136 137 198
114 82 123
115 154 155
128 129 234 250
138 139 130 91 92 226
147 118 119 120 245
148 149 150
153 116 117
157 248 30 16 17 102
160 161 103 104 1 2
162 163 164 165
166 12 3 4 5 6 46
167 52 53 54 112
170 140 105 233
172 173 174 175
177 77 135 156
181 244 86
183 34 218
184 75 76 62 214
185 186 258
188 189 171 109 110
191 81 69 70 213
192 193 241
200 182
201 202 222 141 142
203 158 159 255
205 235 236
215 78 79 99 100 111 143
216 190 7 8 9 10 11 260
217 133 131 58 95 199
219 178 179 207
220 208 209 210
221 144 145 146
223 232
224 176
225
227 106 94
228 229 168 169 206 266 267 268
237 204 121 134 101 132
240 265
247 238 239 15 18
252 151 180 124 125 126 127
253 242 243 122
254
261 262 230 231 257
263 256
264
